PHPUnit/Framework/Warning.php,2,15,5,0.65,0,0,0,1,0
PHPUnit/Framework/TestResult.php,4,20,132.75,1.025,0,0,8.25,2.75,0
PHPUnit/TextUI/TestRunner.php,8,24.13,985,6.025,0,0,14.75,72,0
PHPUnit/Framework/TestSuite.php,3,6.67,195.33,1.267,0,0,15.67,3,0
PHPUnit/Util/Fileloader.php,1,3,49,3.4,0,0,4,1,0
PHPUnit/Util/Filter.php,3,4.33,9,0.5,0,0,1.33,1,0
PHPUnit/Util/PHP.php,4,18,20.5,0.475,0,0,3.25,1,0
PHPUnit/Framework/Assert.php,5,32.6,570.2,1.6,0,0,157.2,4.4,0
PHPUnit/Framework/ComparisonFailure/Array.php,1,6,5,0.3,0,0,0,1,0
PHPUnit/Framework/TestCase.php,17,11.88,256.41,0.965,0,1,8.65,3.41,0
PHPUnit/Util/Printer.php,2,6.5,19,0.8,0,0,1,2,0
PHPUnit/Util/ErrorHandler.php,2,7,29,2.25,0,0,3,1,0
PHPUnit/TextUI/Command.php,10,21.1,364.3,1.89,0,0.5,10.4,14.8,0
PHPUnit/Util/XML.php,4,15.75,447,2.775,0,0,39.75,16,0
PHPUnit/Util/Configuration.php,8,14.75,450,2.775,0,0,7.75,44.75,0
Tests/Util/ConfigurationTest.php,3,2.33,110.33,1.4,0,0,0,12,0
Tests/Framework/TestCaseTest.php,2,16,116,1.4,0,0,6.5,4,0
PHPUnit/Util/Class.php,2,24.5,57,0.85,0,0,7.5,4,0
PHPUnit/Framework/Assert/Functions.php,4,12,100,0.65,0,0,3,0,0
PHPUnit/Util/Type.php,4,5.75,56.75,1.5,0,0,10,1,0
PHPUnit/Util/Test.php,5,6,228,2.4,0,0,30.8,8.6,0
Tests/Util/TestTest.php,3,11.67,113.67,3,0,0,0,8,0
Tests/Framework/AssertTest.php,9,25.22,949.33,1.289,0,0,4.78,49.89,3.56
PHPUnit/Util/Log/JSON.php,3,12.67,29,1,0,0,0,4,0
PHPUnit/TextUI/ResultPrinter.php,4,48.25,103,0.95,0,0,3,4,0
PHPUnit/Framework/Constraint/IsIdentical.php,1,3,7,0.4,0,0,1,1,0
PHPUnit/Framework/Constraint.php,1,23,5,0.4,0,0,0,1,0
PHPUnit/Framework/Constraint/StringMatches.php,2,30.5,5,0.4,0,0,0,1,0
Tests/_files/FailureTest.php,1,7,26,1.6,0,0,0,1,0
PHPUnit/Framework/TestFailure.php,2,5,7,0.4,0,0,1,1,0
PHPUnit/Extensions/OutputTestCase.php,1,2,5,1.3,0,0,0,1,0
PHPUnit/Util/Diff.php,1,11,43,1.0,0,0,5,1,1
PHPUnit/Framework/ComparisonFailure.php,1,2,5,0.4,0,0,0,1,0
PHPUnit/Util/GlobalState.php,3,38,148.33,1.633,0,0,56.67,2,0
PHPUnit/Util/Log/TAP.php,2,4,5,0.2,0,0,0,1,0
PHPUnit/Framework/Constraint/JsonMatches.php,2,11,5,0.5,0,0,0,1,0
PHPUnit/Framework/Constraint/TraversableContains.php,1,26,25,1.6,0,0,1,1,0
Tests/Framework/ConstraintTest.php,2,15.5,443,0.6,0,0,10,17,0
PHPUnit/Framework/Comparator/Numeric.php,2,5.5,7.5,0.8,0,0,0.5,1,0
PHPUnit/Autoload.php,4,8,20,0.4,0,0,1,0,0
Tests/Util/TypeTest.php,1,46,19,0.3,0,0,2,2,0
Tests/Util/XMLTest.php,2,9.5,205,3.2,0,0,3,7,0
Tests/_files/RequirementsClassDocBlockTest.php,1,2,0,0.0,0,0,0,0,0
Tests/_files/RequirementsTest.php,2,14.5,0,0,0,0,0,0,0
PHPUnit/Framework/ComparatorFactory.php,1,1,11,0.7,0,0,3,1,0
Tests/Framework/ComparatorTest.php,2,1.5,75,3,0,0,0,5,0
PHPUnit/Runner/BaseTestRunner.php,1,2,37,1.5,0,0,3,1,0
PHPUnit/Framework/Constraint/JsonMatches/ErrorMessageProvider.php,1,16,25,2.3,0,0,1,1,0
Tests/Framework/Constraint/JsonMatches/ErrorMessageProviderTest.php,1,14,5,0.3,0,0,0,1,0
PHPUnit/Framework/Comparator/Object.php,1,16,5,0.3,0,0,0,1,0
src/TextUI/Command.php,15,14.73,338.6,1.587,0,0,7.93,12.53,0
src/Framework/Constraint/IsEqual.php,2,2,5,0.2,0,0,0,1,0
tests/Framework/SuiteTest.php,2,9,37,0.85,0,0,2,2,0
src/Util/Configuration.php,10,20.5,574.1,2.8,0,0,8.8,49.3,0
tests/Util/ConfigurationTest.php,6,16.5,148.33,1.45,0,0,0,13.17,0
src/Util/Log/JUnit.php,3,68.33,30,0.4,0,0,3,2,0
src/Util/Getopt.php,1,3,19,0.5,0,0,4,1,0
src/Framework/TestFailure.php,2,15.5,7,0.35,0,0,1,1,0
src/Framework/TestCase.php,15,19.73,321.27,1.007,0,1,11.2,3.87,0.27
src/Util/XML.php,2,8,485.5,2.8,0,0,40.5,17,6
src/Framework/TestSuite.php,4,9,243.5,1.5,0,0,17.75,3,0.75
src/TextUI/TestRunner.php,13,15.31,1306.85,5.954,0,0.15,10.15,88.69,0
src/Extensions/PhptTestCase.php,3,33.33,21,0.5,0,0,0,3,0
src/Framework/Constraint/IsType.php,2,2,111,4.1,0,0,3,10,0
tests/Framework/AssertTest.php,2,15,842.5,1.15,0,0,6.5,39.5,4
tests/Framework/ConstraintTest.php,1,25,422,0.6,0,0,8,14,0
src/Framework/TestResult.php,7,31.57,212.86,1.243,0,0,5.57,3,0.14
src/TextUI/ResultPrinter.php,6,38.67,102.83,0.933,0,0,8.17,2.83,0
src/Util/Blacklist.php,2,3.5,19,0.95,0,0,7,1,0
tests/Util/TestTest.php,3,73.33,291,2.133,0,0,1,18,5
src/Extensions/RepeatedTest.php,1,15,5,0.4,0,0,0,1,0
src/Util/Log/TAP.php,2,19,5,0.2,0,0,0,1,0
src/Framework/Assert.php,4,98.75,724,1.7,0,0,191,10,2
src/Framework/Assert/Functions.php,1,243,725,2.4,0,0,128,0,0
src/Util/TestDox/ResultPrinter/Text.php,1,19,5,0.8,0,0,0,1,0
src/Util/Test.php,4,10.75,482.5,2.475,0,0,63.25,11.75,0
src/Extensions/TicketListener.php,1,4,5,0.2,0,0,0,1,0
src/Framework/BaseTestListener.php,1,4,5,0.6,0,0,0,1,0
src/Framework/TestListener.php,1,10,10,2.8,0,0,0,1,0
src/Framework/Warning.php,1,62,5,0.7,0,0,0,1,0
src/Runner/BaseTestRunner.php,1,1,27,1.2,0,0,2,1,0
src/Util/Log/JSON.php,1,21,31,0.8,0,0,0,4,0
src/Util/TestDox/ResultPrinter.php,2,39.5,28,0.6,0,0,0,3.5,0
tests/Framework/TestListenerTest.php,1,6,5,0.2,0,0,0,1,0
src/Runner/Version.php,2,6,21,2.3,0,0,8,1,0
tests/Framework/TestCaseTest.php,1,12,146,1.2,0,0,11,4,1
tests/_files/RequirementsTest.php,1,189,2,0.1,0,0,0,1,0
src/Util/TestDox/NamePrettifier.php,1,18,5,0.2,0,0,0,1,0
tests/Util/TestDox/NamePrettifierTest.php,1,2,21,1.6,0,0,0,3,0
src/Util/Printer.php,1,2,27,1.0,0,0,1,3,0
src/Util/PHP.php,1,8,25,0.4,0,0,1,1,0
#####
