phpunit,340,131129,b8a285a4f6d4f622b405bde44d22706ae566e232,2010-08-16 23:27:46,2013-04-19 20:01:58,84400452,1,PHPUnit/Framework/Warning.php,25,5,0.7,0,0,0,1,0
phpunit,350,131075,dbeafd561a858d9874849ba5f801c0efc917e310,2010-11-05 00:29:14,2013-04-19 20:01:59,77484765,2,PHPUnit/Framework/TestResult.php,12,93,0.8,0,0,6,2,0
phpunit,350,131069,492466125f09c74ec49d8bc8fc8318e925486d0b,2010-11-12 11:49:21,2011-11-16 10:48:56,31877975,1,PHPUnit/TextUI/TestRunner.php,43,935,5.9,0,0,14,72,0
phpunit,350,131067,439611b3497e1419e06e8ffa50052e56d87a0a42,2010-11-15 05:13:48,2013-04-19 20:01:59,76603691,2,PHPUnit/Framework/TestSuite.php,10,201,1.3,0,0,16,3,0
phpunit,350,131067,439611b3497e1419e06e8ffa50052e56d87a0a42,2010-11-15 05:13:48,2013-04-19 20:01:59,76603691,2,PHPUnit/Util/Fileloader.php,3,49,3.4,0,0,4,1,0
phpunit,350,131064,07982e02b09638950f481f1f6dd4a8c1abe56cfe,2010-11-16 17:35:23,2011-05-23 06:08:04,16201961,5,PHPUnit/Util/Filter.php,8,7,0.4,0,0,1,1,0
phpunit,350,131064,07982e02b09638950f481f1f6dd4a8c1abe56cfe,2010-11-16 17:35:23,2011-05-23 06:08:04,16201961,5,PHPUnit/Util/PHP.php,41,27,0.8,0,0,11,1,0
phpunit,350,131062,c28cfe8311785f0996b22579dbfcd9299ad240ce,2010-11-23 13:10:15,2013-04-19 20:01:59,75883904,1,PHPUnit/Framework/Assert.php,4,551,1.6,0,0,150,4,0
phpunit,350,131038,c309664e0b28e0d947195996a3fe37e6a646d39f,2011-01-04 12:03:17,2013-04-19 20:01:59,72259122,2,PHPUnit/Framework/ComparisonFailure/Array.php,6,5,0.3,0,0,0,1,0
phpunit,350,131023,31e7c5bf5df3faa78a3def33bf17d26714f6241a,2011-01-13 20:13:39,2013-04-19 20:01:59,71452100,2,PHPUnit/Framework/TestCase.php,44,194,0.9,0,1,6,2,0
phpunit,350,131018,9fdd7919af59e73008d75a21ef4e713dec6f880c,2011-01-17 12:04:06,2013-04-19 20:01:59,71135873,2,PHPUnit/Util/Printer.php,9,19,0.8,0,0,1,2,0
phpunit,350,131013,bc26aeda66267ca9346bf3afaf3b49992f316773,2011-01-19 13:40:08,2013-04-19 20:01:59,70957311,2,PHPUnit/Util/ErrorHandler.php,6,29,2.5,0,0,3,1,0
phpunit,350,131011,a7c83080e07941e42a36302211f8c03c84101306,2011-01-19 21:54:27,2013-04-19 20:01:59,70927652,2,PHPUnit/TextUI/Command.php,13,391,2.1,0,1,13,14,0
phpunit,350,131011,a7c83080e07941e42a36302211f8c03c84101306,2011-01-19 21:54:27,2013-04-19 20:01:59,70927652,2,PHPUnit/Util/XML.php,11,456,2.7,0,0,42,16,0
phpunit,350,130993,594b96b3c6b0061284938942470cacc4633e7f9a,2011-02-03 07:39:37,2013-04-19 20:01:59,69682942,5,PHPUnit/TextUI/TestRunner.php,12,935,5.9,0,0,14,72,0
phpunit,350,130993,594b96b3c6b0061284938942470cacc4633e7f9a,2011-02-03 07:39:37,2013-04-19 20:01:59,69682942,5,PHPUnit/Util/Configuration.php,7,391,2.7,0,0,7,41,0
phpunit,350,130993,594b96b3c6b0061284938942470cacc4633e7f9a,2011-02-03 07:39:37,2013-04-19 20:01:59,69682942,5,Tests/Util/ConfigurationTest.php,1,99,1.4,0,0,0,11,0
phpunit,350,130964,fc8f882850dd23c17bdc2dbcc7751d026f42270e,2011-02-16 11:10:27,2013-04-19 20:01:59,68547092,1,PHPUnit/TextUI/Command.php,33,391,2.1,0,1,13,14,0
phpunit,350,130934,750b9384de14ef811c0ea899b078fd0f486bfb85,2011-03-16 21:44:40,2011-11-26 15:59:00,22011260,1,PHPUnit/TextUI/Command.php,16,391,2.1,0,1,13,14,0
phpunit,350,130931,81af17c3fff39fb12f27fb349fc33cb9b10b5f69,2011-03-17 10:50:58,2011-11-11 11:33:30,20652152,4,PHPUnit/Framework/TestCase.php,8,194,0.9,0,1,6,2,0
phpunit,350,130931,81af17c3fff39fb12f27fb349fc33cb9b10b5f69,2011-03-17 10:50:58,2011-11-11 11:33:30,20652152,4,Tests/Framework/TestCaseTest.php,12,78,1.2,0,0,5,4,0
phpunit,350,130916,13c4663fa28656672e5693c60b585fbe5892b7f1,2011-04-06 13:06:00,2013-04-19 20:01:59,64306559,1,PHPUnit/Util/Class.php,40,52,0.8,0,0,7,4,0
phpunit,350,130899,f622ca4f27b168f20076cc1a002eff0553ec7b4b,2011-05-03 14:14:29,2011-05-18 06:30:38,1268169,2,PHPUnit/Framework/Assert/Functions.php,4,100,0.7,0,0,3,0,0
phpunit,350,130894,bcf5245550c07cc8404deddf382a59c581f037a7,2011-05-08 01:36:50,2011-11-10 18:58:26,16132896,2,PHPUnit/Framework/TestCase.php,3,194,0.9,0,1,6,2,0
phpunit,350,130878,0b5632f9e374d21dc3508eba08d95fe0cfb6d003,2011-05-30 18:59:55,2011-06-09 07:43:05,823390,2,PHPUnit/Framework/Assert.php,42,551,1.6,0,0,150,4,0
phpunit,350,130878,0b5632f9e374d21dc3508eba08d95fe0cfb6d003,2011-05-30 18:59:55,2011-06-09 07:43:05,823390,2,PHPUnit/Framework/Assert/Functions.php,10,100,0.7,0,0,3,0,0
phpunit,350,130874,d04fc279db4dc87c9e004abdee43dab566c634e7,2011-06-08 16:15:21,2011-11-11 16:25:18,13478997,1,PHPUnit/Util/Configuration.php,10,391,2.7,0,0,7,41,0
phpunit,350,130861,94e57e6da1abc8433e19d689efa1a66f8d58c4d2,2011-06-20 12:32:53,2013-05-17 03:50:22,60189449,2,PHPUnit/Util/Configuration.php,25,391,2.7,0,0,7,41,0
phpunit,350,130832,22f1695ed274bed0fc35c2765078c366c049294f,2011-07-26 21:39:07,2011-11-10 17:25:58,9229611,3,PHPUnit/Util/Type.php,3,61,1.8,0,0,10,1,0
phpunit,350,130818,cbc9fd76ee5011a1bdf7eca0be2909d2c8908c97,2011-08-17 03:45:09,2012-07-27 13:25:50,29842841,1,PHPUnit/TextUI/TestRunner.php,7,935,5.9,0,0,14,72,0
phpunit,350,130810,2562895aafb3f8a114af0485c47fb00ab1946de0,2011-08-24 14:49:18,2011-11-10 14:18:47,6737369,2,PHPUnit/Util/Test.php,2,175,2.3,0,0,22,8,0
phpunit,350,130810,2562895aafb3f8a114af0485c47fb00ab1946de0,2011-08-24 14:49:18,2011-11-10 14:18:47,6737369,2,Tests/Util/TestTest.php,11,47,2.7,0,0,0,4,0
phpunit,350,130797,4a08b936e5b54e4e512b35df95d2202078f87de8,2011-09-14 15:31:02,2011-11-11 17:40:06,5018944,1,PHPUnit/Util/Printer.php,4,19,0.8,0,0,1,2,0
phpunit,350,130788,0173089f648e8e9c83176b1afe2e11c8c8a44877,2011-09-23 21:51:58,2011-09-26 08:03:15,209477,2,Tests/Framework/AssertTest.php,2,957,1.2,0,0,3,51,0
phpunit,350,130767,88066816241215668267dc0d4a379f11a5154236,2011-10-07 06:07:36,2011-10-07 06:48:08,2432,1,PHPUnit/Framework/TestCase.php,4,194,0.9,0,1,6,2,0
phpunit,350,130762,107f36c49e204be01798b8341f4b3a10e58d87ae,2011-10-13 08:54:53,2012-04-01 11:56:02,14785269,1,PHPUnit/Framework/TestSuite.php,4,201,1.3,0,0,16,3,0
phpunit,350,130761,66e70c5a12227f3af11afa0eb37b2bfb5d200d02,2011-10-15 12:18:19,2011-11-10 10:51:48,2241209,2,PHPUnit/Util/Log/JSON.php,14,29,1.0,0,0,0,4,0
phpunit,350,130752,e50646af2ca88cc5894ecf158dce6fcab49088d0,2011-10-27 14:09:22,2011-11-08 09:27:08,1019866,2,PHPUnit/Util/Configuration.php,4,391,2.7,0,0,7,41,0
phpunit,350,130752,e50646af2ca88cc5894ecf158dce6fcab49088d0,2011-10-27 14:09:22,2011-11-08 09:27:08,1019866,2,Tests/Util/ConfigurationTest.php,1,99,1.4,0,0,0,11,0
phpunit,360,130747,0fda9ebe2947561a5b9688701c0a971ed95b68af,2011-11-02 09:51:26,2013-04-19 20:02:00,46174234,2,PHPUnit/TextUI/TestRunner.php,53,990,6.0,0,0,14,71,0
phpunit,360,130743,75abcc6407d58b244ee0eb04fba30193b07663c3,2011-11-03 08:19:32,2011-11-03 08:49:46,1814,2,PHPUnit/TextUI/ResultPrinter.php,4,94,0.9,0,0,2,4,0
phpunit,360,130735,7fb91fa2747b470fbffa48c9112dd5b526673e55,2011-11-11 10:00:25,2011-11-11 10:18:09,1064,1,PHPUnit/Framework/Constraint/IsIdentical.php,3,7,0.4,0,0,1,1,0
phpunit,360,130732,1d7f69e75a85fbdfc20f9fff34b3e3aebe269430,2011-11-12 08:41:20,2011-12-15 18:22:23,2886063,6,PHPUnit/Framework/Constraint.php,23,5,0.4,0,0,0,1,0
phpunit,360,130732,1d7f69e75a85fbdfc20f9fff34b3e3aebe269430,2011-11-12 08:41:20,2011-12-15 18:22:23,2886063,6,PHPUnit/Framework/Constraint/StringMatches.php,12,5,0.4,0,0,0,1,0
phpunit,360,130732,1d7f69e75a85fbdfc20f9fff34b3e3aebe269430,2011-11-12 08:41:20,2011-12-15 18:22:23,2886063,6,Tests/_files/FailureTest.php,7,26,1.6,0,0,0,1,0
phpunit,360,130730,8121679ed1ff11c651e42d8199a8cec534e12507,2011-11-13 14:57:52,2011-11-15 13:09:40,166308,1,PHPUnit/TextUI/Command.php,3,368,1.8,0,1,10,13,0
phpunit,360,130727,b4f383784d16c2ec3ad54d523bee03ec1a5f1d39,2011-11-17 07:58:56,2011-11-17 08:26:06,1630,2,PHPUnit/TextUI/ResultPrinter.php,2,94,0.9,0,0,2,4,0
phpunit,360,130725,236cf22320ea2deadd4d12dcc9c12a1d5900e4a4,2011-11-17 15:09:52,2011-11-25 13:48:42,686330,2,PHPUnit/Framework/TestFailure.php,8,7,0.4,0,0,1,1,0
phpunit,360,130718,7a2e6e470b2f8011e59d6ef80f4cf9063d9fa789,2011-11-26 09:06:45,2011-12-15 09:35:52,1643347,1,PHPUnit/Framework/TestCase.php,14,203,0.8,0,1,7,2,0
phpunit,360,130716,9245e3a3db595cdcf5d79e89b947b58368539d52,2011-11-26 22:40:08,2013-04-19 20:02:01,44054513,1,PHPUnit/Util/Test.php,4,227,2.5,0,0,30,8,0
phpunit,360,130708,0ad8b02a389c24ad99fd7594b2372a90fc29e7f6,2011-12-01 23:34:12,2011-12-09 12:53:53,652781,2,PHPUnit/Extensions/OutputTestCase.php,2,5,1.3,0,0,0,1,0
phpunit,360,130706,67a243cc22083cd8223fa1e334670142b4d7f608,2011-12-05 03:38:54,2011-12-12 11:24:21,632727,2,PHPUnit/Util/PHP.php,23,5,0.1,0,0,0,1,0
phpunit,360,130705,11b91532bc68a9c39d862f212141854f7232357a,2011-12-06 15:58:49,2011-12-13 12:12:08,591199,3,PHPUnit/Framework/TestCase.php,4,203,0.8,0,1,7,2,0
phpunit,360,130696,ebdcfc40fb85963f5209be66e1918c80541b9648,2011-12-16 09:25:21,2011-12-16 10:04:21,2340,3,PHPUnit/TextUI/Command.php,1,368,1.8,0,1,10,13,0
phpunit,360,130695,cb05fe5fb859c76f0926dedbe891f6702638c1cd,2011-12-17 01:50:32,2011-12-20 12:11:19,296447,2,PHPUnit/Util/Log/JSON.php,21,29,1.1,0,0,0,4,0
phpunit,360,130693,af0bdd624557fe15f7731ec1101daff0b1214771,2011-12-20 09:03:47,2011-12-20 13:33:22,16175,4,PHPUnit/Framework/TestCase.php,3,203,0.8,0,1,7,2,0
phpunit,360,130675,64788f353546cab933bfe04f8981f8a0ebbe9f50,2012-01-19 17:39:24,2012-01-19 22:06:09,16005,2,PHPUnit/Framework/TestCase.php,4,203,0.8,0,1,7,2,0
phpunit,360,130640,4005051099d04f4d76d75edbee74d846909f6baf,2012-02-13 21:18:48,2013-01-07 08:49:58,28380670,3,PHPUnit/Framework/TestSuite.php,6,184,1.2,0,0,15,3,0
phpunit,360,130635,351eae18deae20751d615114cbef5ea48e57ed6c,2012-02-15 17:20:52,2012-03-26 18:23:41,3459769,4,PHPUnit/Util/Diff.php,11,43,1.0,0,0,5,1,1
phpunit,360,130628,03d70027893637b91f4e73cd9a1705ad586fb66f,2012-02-26 21:40:55,2012-02-27 01:07:01,12366,2,PHPUnit/Util/Class.php,9,62,0.9,0,0,8,4,0
phpunit,360,130624,963ece1073d4133ade3a33c5b132cf1939f55f52,2012-02-28 14:28:55,2012-04-14 14:26:15,3974240,3,PHPUnit/Framework/Constraint/StringMatches.php,49,5,0.4,0,0,0,1,0
phpunit,360,130624,963ece1073d4133ade3a33c5b132cf1939f55f52,2012-02-28 14:28:55,2012-04-14 14:26:15,3974240,3,Tests/Framework/AssertTest.php,17,915,1.3,0,0,5,48,4
phpunit,360,130617,15f9f0325bf31dfddbb6347fd8bb856b3668de10,2012-03-09 18:12:49,2012-03-24 12:01:40,1273731,1,PHPUnit/Framework/ComparisonFailure.php,2,5,0.4,0,0,0,1,0
phpunit,360,130589,5cf9e8fc701b9de6a4a57f9c33ae2b56c8a58f8d,2012-04-18 12:39:13,2012-04-18 12:44:57,344,1,PHPUnit/Framework/Assert.php,12,555,1.6,0,0,152,4,0
phpunit,360,130586,9740a586a143be686aeab316168dfc02c5fb4a9c,2012-04-20 21:09:21,2013-05-30 02:54:39,34926318,3,PHPUnit/Util/Configuration.php,16,475,2.7,0,0,8,48,0
phpunit,360,130557,6f60604d73cd6bf95408aed857fec4069b43575b,2012-06-03 18:25:05,2012-09-06 14:52:26,8195241,4,PHPUnit/Util/Type.php,2,54,1.4,0,0,10,1,0
phpunit,360,130556,9740a586a143be686aeab316168dfc02c5fb4a9c,2012-06-04 19:28:19,2013-05-30 02:54:39,31044380,3,PHPUnit/Util/Configuration.php,16,475,2.7,0,0,8,48,0
phpunit,360,130524,7ad180900e2eff0cf0cf841600f6b5150b728d91,2012-08-01 07:55:08,2012-08-03 09:27:11,178323,1,PHPUnit/Framework/TestCase.php,2,203,0.8,0,1,7,2,0
phpunit,360,130516,81622f231580b5a95bd610027fe4e1ba76a69696,2012-08-18 13:16:09,2013-09-01 13:20:57,32745888,11,PHPUnit/TextUI/TestRunner.php,9,990,6.0,0,0,14,71,0
phpunit,370,130483,cd92dd4ab9d8e231edac9b32e8f7003fcbf02077,2012-09-19 10:19:09,2012-09-24 15:38:30,451161,2,PHPUnit/TextUI/Command.php,8,347,1.8,0,0,9,16,0
phpunit,370,130482,e46f1f1c6c432deb6b66a4c6dc77ad7211209402,2012-09-19 21:53:59,2012-09-20 06:38:26,31467,2,PHPUnit/Framework/TestCase.php,5,321,1.1,0,1,11,5,0
phpunit,370,130474,8941060710132ea51d6bf6f7eb4705fd6cd19290,2012-09-24 05:13:39,2012-10-03 07:00:41,784022,2,PHPUnit/Util/GlobalState.php,93,157,1.7,0,0,61,2,0
phpunit,370,130456,ba8bc0a119a706ac083650062bc6b48935f795ec,2012-10-05 22:57:52,2012-10-06 07:08:00,29408,2,PHPUnit/Util/Filter.php,3,7,0.4,0,0,1,1,0
phpunit,370,130450,4814287c57d8ef92dec83cbe175ac03ad3c52e13,2012-10-13 23:52:17,2012-10-14 07:39:53,28056,2,PHPUnit/Util/Log/TAP.php,3,5,0.2,0,0,0,1,0
phpunit,370,130429,2129696fe6d06eeaeab8b8a0fa6682a009a18b18,2012-11-07 02:36:17,2012-11-10 16:30:52,309275,2,PHPUnit/Framework/Constraint/JsonMatches.php,6,5,0.5,0,0,0,1,0
phpunit,370,130419,302b46519ad1c1de761d2bb846968201d6b9d61c,2012-11-15 01:13:36,2012-11-24 13:25:11,821495,2,PHPUnit/TextUI/Command.php,15,347,1.8,0,0,9,16,0
phpunit,370,130393,255f5ccc26d548a9f9ffc67445be37cc46270afe,2012-12-11 16:34:21,2013-03-16 04:03:24,8162943,4,PHPUnit/Framework/Assert.php,15,597,1.6,0,0,167,5,0
phpunit,370,130393,255f5ccc26d548a9f9ffc67445be37cc46270afe,2012-12-11 16:34:21,2013-03-16 04:03:24,8162943,4,PHPUnit/Framework/Assert/Functions.php,5,100,0.6,0,0,3,0,0
phpunit,370,130393,255f5ccc26d548a9f9ffc67445be37cc46270afe,2012-12-11 16:34:21,2013-03-16 04:03:24,8162943,4,PHPUnit/Framework/Constraint/TraversableContains.php,26,25,1.6,0,0,1,1,0
phpunit,370,130393,255f5ccc26d548a9f9ffc67445be37cc46270afe,2012-12-11 16:34:21,2013-03-16 04:03:24,8162943,4,Tests/Framework/ConstraintTest.php,18,443,0.6,0,0,10,17,0
phpunit,370,130388,f82644b196b1cda116c8f77a6f9455305595f619,2012-12-13 18:20:37,2013-02-06 06:42:46,4710129,2,PHPUnit/Framework/Comparator/Numeric.php,6,5,0.5,0,0,0,1,0
phpunit,370,130388,f82644b196b1cda116c8f77a6f9455305595f619,2012-12-13 18:20:37,2013-02-06 06:42:46,4710129,2,Tests/Framework/AssertTest.php,2,952,1.3,0,0,5,50,4
phpunit,370,130376,911a4f1d5dff3e08be90133e984c8a39e510c348,2012-12-27 11:07:17,2012-12-27 11:30:50,1413,2,PHPUnit/Framework/TestResult.php,2,146,1.1,0,0,9,3,0
phpunit,370,130376,911a4f1d5dff3e08be90133e984c8a39e510c348,2012-12-27 11:07:17,2012-12-27 11:30:50,1413,2,PHPUnit/TextUI/ResultPrinter.php,4,112,1.0,0,0,4,4,0
phpunit,370,130375,2c67e52445416bb7c14046b432acd7eb79e4e612,2012-12-31 00:16:49,2013-03-11 07:10:35,6072826,3,PHPUnit/Util/XML.php,3,444,2.8,0,0,39,16,0
phpunit,370,130375,2c67e52445416bb7c14046b432acd7eb79e4e612,2012-12-31 00:16:49,2013-03-11 07:10:35,6072826,3,Tests/Framework/AssertTest.php,23,952,1.3,0,0,5,50,4
phpunit,370,130373,6567f5f453de1f830fcc1a7eeea164b093c4e837,2013-01-04 20:41:55,2013-01-07 05:32:51,204656,3,PHPUnit/Framework/TestCase.php,2,321,1.1,0,1,11,5,0
phpunit,370,130353,8247ef2a3bae23a3e36f5a2d28ea0dab327bd313,2013-01-18 21:41:41,2013-02-08 07:34:02,1763541,3,PHPUnit/Autoload.php,4,20,0.4,0,0,1,0,0
phpunit,370,130353,8247ef2a3bae23a3e36f5a2d28ea0dab327bd313,2013-01-18 21:41:41,2013-02-08 07:34:02,1763541,3,PHPUnit/Util/Log/TAP.php,5,5,0.2,0,0,0,1,0
phpunit,370,130349,21f620f8c9c83033c9413f38de5b3e174657436b,2013-01-22 03:52:01,2013-01-26 03:44:15,345134,5,PHPUnit/Framework/TestCase.php,3,321,1.1,0,1,11,5,0
phpunit,370,130349,21f620f8c9c83033c9413f38de5b3e174657436b,2013-01-22 03:52:01,2013-01-26 03:44:15,345134,5,PHPUnit/Util/GlobalState.php,16,157,1.7,0,0,61,2,0
phpunit,370,130342,9ddc6236e0cecdc73e9ee9def247ac64f987ebdf,2013-01-29 20:13:31,2013-02-06 06:42:46,642555,1,PHPUnit/Util/Type.php,14,56,1.4,0,0,10,1,0
phpunit,370,130332,426da8bfce63d1af5cde3b2b8f4a9791b8b14c4b,2013-02-05 01:06:22,2013-02-05 06:34:26,19684,2,PHPUnit/Util/Type.php,4,56,1.4,0,0,10,1,0
phpunit,370,130332,426da8bfce63d1af5cde3b2b8f4a9791b8b14c4b,2013-02-05 01:06:22,2013-02-05 06:34:26,19684,2,Tests/Util/TypeTest.php,46,19,0.3,0,0,2,2,0
phpunit,370,130315,7e6ea4342f0638d4e23f84124333a07a8b6170a3,2013-02-17 13:36:29,2013-02-18 05:30:50,57261,1,PHPUnit/Util/PHP.php,2,25,0.5,0,0,1,1,0
phpunit,370,130308,b4c98493a57bea3cff4fad61ba89700d331daf14,2013-02-19 10:15:39,2013-02-19 22:07:45,42726,2,PHPUnit/Util/XML.php,4,444,2.8,0,0,39,16,0
phpunit,370,130308,b4c98493a57bea3cff4fad61ba89700d331daf14,2013-02-19 10:15:39,2013-02-19 22:07:45,42726,2,Tests/Util/XMLTest.php,5,205,3.2,0,0,3,7,0
phpunit,370,130304,2d5f2a16869a54a0781fc2e3546b63c471fcc817,2013-02-20 09:19:23,2013-02-21 06:01:47,74544,7,PHPUnit/Framework/TestCase.php,13,321,1.1,0,1,11,5,0
phpunit,370,130304,2d5f2a16869a54a0781fc2e3546b63c471fcc817,2013-02-20 09:19:23,2013-02-21 06:01:47,74544,7,PHPUnit/Util/Test.php,7,246,2.4,0,0,34,9,0
phpunit,370,130304,2d5f2a16869a54a0781fc2e3546b63c471fcc817,2013-02-20 09:19:23,2013-02-21 06:01:47,74544,7,Tests/Framework/TestCaseTest.php,20,154,1.6,0,0,8,4,0
phpunit,370,130304,2d5f2a16869a54a0781fc2e3546b63c471fcc817,2013-02-20 09:19:23,2013-02-21 06:01:47,74544,7,Tests/Util/TestTest.php,23,143,3.1,0,0,0,10,0
phpunit,370,130304,2d5f2a16869a54a0781fc2e3546b63c471fcc817,2013-02-20 09:19:23,2013-02-21 06:01:47,74544,7,Tests/_files/RequirementsClassDocBlockTest.php,2,0,0.0,0,0,0,0,0
phpunit,370,130304,2d5f2a16869a54a0781fc2e3546b63c471fcc817,2013-02-20 09:19:23,2013-02-21 06:01:47,74544,7,Tests/_files/RequirementsTest.php,22,0,0.0,0,0,0,0,0
phpunit,370,130303,3900fc85b2d598115947c7fa625f377c9f134792,2013-02-21 01:18:36,2013-02-24 21:03:08,330272,7,PHPUnit/TextUI/Command.php,13,347,1.8,0,0,9,16,0
phpunit,370,130303,3900fc85b2d598115947c7fa625f377c9f134792,2013-02-21 01:18:36,2013-02-24 21:03:08,330272,7,PHPUnit/TextUI/TestRunner.php,15,1025,6.2,0,0,16,72,0
phpunit,370,130291,6496520c4ec2bf7955051e4f46935ded37683a9e,2013-03-04 12:28:22,2013-08-26 11:54:44,15117982,4,PHPUnit/TextUI/Command.php,73,347,1.8,0,0,9,16,0
phpunit,370,130278,50d64e4021b8dee9b6ca67674a0ba70553872e36,2013-03-13 22:11:42,2013-03-19 08:14:44,468182,4,PHPUnit/Autoload.php,26,20,0.4,0,0,1,0,0
phpunit,370,130275,407fa090c3da397ae56188750684124ec843f1bf,2013-03-17 15:31:34,2013-03-18 01:30:10,35916,3,PHPUnit/TextUI/TestRunner.php,5,1025,6.2,0,0,16,72,0
phpunit,370,130269,c88d4316320cc10a014549c069f1420963089d1d,2013-04-01 07:27:34,2013-04-01 10:04:07,9393,4,PHPUnit/Util/XML.php,45,444,2.8,0,0,39,16,0
phpunit,370,130269,c88d4316320cc10a014549c069f1420963089d1d,2013-04-01 07:27:34,2013-04-01 10:04:07,9393,4,Tests/Framework/AssertTest.php,70,952,1.3,0,0,5,50,4
phpunit,370,130269,c88d4316320cc10a014549c069f1420963089d1d,2013-04-01 07:27:34,2013-04-01 10:04:07,9393,4,Tests/Util/XMLTest.php,14,205,3.2,0,0,3,7,0
phpunit,370,130267,41b75ee9eded115594aa210175a2c93a07c95a8a,2013-03-28 14:11:28,2013-03-29 08:56:13,67485,8,PHPUnit/Autoload.php,1,20,0.4,0,0,1,0,0
phpunit,370,130267,41b75ee9eded115594aa210175a2c93a07c95a8a,2013-03-28 14:11:28,2013-03-29 08:56:13,67485,8,PHPUnit/Framework/ComparatorFactory.php,1,11,0.7,0,0,3,1,0
phpunit,370,130267,41b75ee9eded115594aa210175a2c93a07c95a8a,2013-03-28 14:11:28,2013-03-29 08:56:13,67485,8,Tests/Framework/AssertTest.php,62,952,1.3,0,0,5,50,4
phpunit,370,130267,41b75ee9eded115594aa210175a2c93a07c95a8a,2013-03-28 14:11:28,2013-03-29 08:56:13,67485,8,Tests/Framework/ComparatorTest.php,1,75,3.0,0,0,0,5,0
phpunit,370,130267,41b75ee9eded115594aa210175a2c93a07c95a8a,2013-03-28 14:11:28,2013-03-29 08:56:13,67485,8,Tests/Framework/ConstraintTest.php,13,443,0.6,0,0,10,17,0
phpunit,370,130265,9a1266978c4065eba7fe00c72932d1dd45b566e4,2013-03-28 17:57:20,2013-03-29 07:02:54,47134,4,PHPUnit/Runner/BaseTestRunner.php,2,37,1.5,0,0,3,1,0
phpunit,370,130247,aa917f13818245b0492ca5e0bb026081a2104dca,2013-04-17 05:15:47,2013-05-04 11:24:04,1490897,10,PHPUnit/Autoload.php,1,20,0.4,0,0,1,0,0
phpunit,370,130247,aa917f13818245b0492ca5e0bb026081a2104dca,2013-04-17 05:15:47,2013-05-04 11:24:04,1490897,10,PHPUnit/Framework/Assert.php,90,597,1.6,0,0,167,5,0
phpunit,370,130247,aa917f13818245b0492ca5e0bb026081a2104dca,2013-04-17 05:15:47,2013-05-04 11:24:04,1490897,10,PHPUnit/Framework/Assert/Functions.php,29,100,0.6,0,0,3,0,0
phpunit,370,130247,aa917f13818245b0492ca5e0bb026081a2104dca,2013-04-17 05:15:47,2013-05-04 11:24:04,1490897,10,PHPUnit/Framework/Constraint/JsonMatches.php,16,5,0.5,0,0,0,1,0
phpunit,370,130247,aa917f13818245b0492ca5e0bb026081a2104dca,2013-04-17 05:15:47,2013-05-04 11:24:04,1490897,10,PHPUnit/Framework/Constraint/JsonMatches/ErrorMessageProvider.php,16,25,2.3,0,0,1,1,0
phpunit,370,130247,aa917f13818245b0492ca5e0bb026081a2104dca,2013-04-17 05:15:47,2013-05-04 11:24:04,1490897,10,Tests/Framework/AssertTest.php,9,952,1.3,0,0,5,50,4
phpunit,370,130247,aa917f13818245b0492ca5e0bb026081a2104dca,2013-04-17 05:15:47,2013-05-04 11:24:04,1490897,10,Tests/Framework/Constraint/JsonMatches/ErrorMessageProviderTest.php,14,5,0.3,0,0,0,1,0
phpunit,370,130242,47b0d674f9739b171c05f3095487518ba6aaacec,2013-04-23 09:44:37,2013-04-23 21:21:23,41806,3,PHPUnit/Framework/TestFailure.php,2,7,0.4,0,0,1,1,0
phpunit,370,130234,883152d0984c4b8cb85ee2dbc54674f60ad124c5,2013-05-03 15:35:25,2013-05-03 15:53:53,1108,1,PHPUnit/Framework/TestResult.php,6,146,1.1,0,0,9,3,0
phpunit,370,130230,a3dcfcb1347be04957d38bdb292b0ffb0e3c6cb6,2013-05-08 11:32:43,2013-05-12 06:33:49,327666,2,PHPUnit/Util/ErrorHandler.php,8,29,2.0,0,0,3,1,0
phpunit,3720,130228,40624c789206a7b60b10ff7e697be4c87a6d8073,2013-05-13 05:47:25,2013-05-15 05:54:32,173227,1,PHPUnit/Framework/Comparator/Object.php,16,5,0.3,0,0,0,1,0
phpunit,3720,130224,9101f51cad93f97bea7b277007127635653eadbf,2013-05-19 07:43:07,2014-01-05 11:04:05,19970458,11,PHPUnit/Framework/TestCase.php,46,321,1.1,0,1,11,5,0
phpunit,3720,130224,9101f51cad93f97bea7b277007127635653eadbf,2013-05-19 07:43:07,2014-01-05 11:04:05,19970458,11,PHPUnit/Framework/TestResult.php,60,146,1.1,0,0,9,3,0
phpunit,3720,130224,9101f51cad93f97bea7b277007127635653eadbf,2013-05-19 07:43:07,2014-01-05 11:04:05,19970458,11,PHPUnit/TextUI/Command.php,36,346,1.8,0,0,9,16,0
phpunit,3720,130224,9101f51cad93f97bea7b277007127635653eadbf,2013-05-19 07:43:07,2014-01-05 11:04:05,19970458,11,PHPUnit/TextUI/TestRunner.php,49,1045,6.1,0,0,16,74,0
phpunit,3720,130224,9101f51cad93f97bea7b277007127635653eadbf,2013-05-19 07:43:07,2014-01-05 11:04:05,19970458,11,PHPUnit/Util/Configuration.php,38,543,3.0,0,0,9,49,0
phpunit,3720,130224,9101f51cad93f97bea7b277007127635653eadbf,2013-05-19 07:43:07,2014-01-05 11:04:05,19970458,11,Tests/Util/ConfigurationTest.php,5,133,1.4,0,0,0,14,0
phpunit,3720,130192,8885b2a107ff3224c7c6bb78cea5db228e1b249a,2013-06-26 05:46:22,2013-07-31 12:40:59,3048877,1,PHPUnit/Util/Configuration.php,2,543,3.0,0,0,9,49,0
phpunit,3720,130189,26999e577866feba0753e7f186c6b927f1d86b11,2013-06-27 16:24:55,2013-07-02 08:35:14,403819,1,PHPUnit/TextUI/ResultPrinter.php,183,112,1.0,0,0,4,4,0
phpunit,3720,130181,be88aa01b68015c158b49972c63c5d7642a5476f,2013-07-05 07:04:19,2013-07-06 15:31:39,116840,2,Tests/Framework/AssertTest.php,40,956,1.3,0,0,5,50,4
phpunit,3720,130156,fbd4d588cd29eaa5b4013ec83704352c6bf616b2,2013-08-08 17:34:49,2013-08-09 06:55:22,48033,4,PHPUnit/Framework/TestCase.php,7,321,1.1,0,1,11,5,0
phpunit,3720,130156,fbd4d588cd29eaa5b4013ec83704352c6bf616b2,2013-08-08 17:34:49,2013-08-09 06:55:22,48033,4,PHPUnit/Util/PHP.php,6,25,0.5,0,0,1,1,0
phpunit,3720,130147,c07b181876b6bb688cd49956a79d83857179cba2,2013-08-31 05:50:32,2013-09-04 04:38:25,341273,3,PHPUnit/Framework/TestCase.php,34,321,1.1,0,1,11,5,0
phpunit,3720,130147,c07b181876b6bb688cd49956a79d83857179cba2,2013-08-31 05:50:32,2013-09-04 04:38:25,341273,3,PHPUnit/Framework/Warning.php,5,5,0.6,0,0,0,1,0
phpunit,3720,130147,c07b181876b6bb688cd49956a79d83857179cba2,2013-08-31 05:50:32,2013-09-04 04:38:25,341273,3,PHPUnit/Util/Test.php,15,246,2.4,0,0,34,9,0
phpunit,3720,130134,18c69c099184e917d392c56152f71d639bb7a9dc,2013-09-17 15:43:56,2013-10-13 07:06:00,2215324,2,PHPUnit/Util/GlobalState.php,5,131,1.5,0,0,48,2,0
phpunit,3720,130115,f5df97cda0b25f2b7368395344da095ac529de62,2013-10-11 07:30:56,2013-10-12 06:00:55,80999,3,PHPUnit/Framework/Comparator/Numeric.php,5,10,1.1,0,0,1,1,0
phpunit,3720,130115,f5df97cda0b25f2b7368395344da095ac529de62,2013-10-11 07:30:56,2013-10-12 06:00:55,80999,3,Tests/Framework/AssertTest.php,2,956,1.3,0,0,5,50,4
phpunit,3720,130115,f5df97cda0b25f2b7368395344da095ac529de62,2013-10-11 07:30:56,2013-10-12 06:00:55,80999,3,Tests/Framework/ComparatorTest.php,2,75,3.0,0,0,0,5,0
phpunit,3720,130107,598a467a7d234dd78788cd72d5fd58105a1dfd0e,2013-10-17 21:11:05,2013-10-17 23:34:03,8578,1,PHPUnit/Util/Filter.php,2,13,0.7,0,0,2,1,0
phpunit,3720,130096,1a3f5741a6ef86ca933aab8faa1a8dc17b41c60c,2013-10-30 09:46:38,2013-11-05 08:11:41,512703,1,PHPUnit/Util/Log/JSON.php,3,29,0.9,0,0,0,4,0
phpunit,3720,130081,dcc0e78052ca7ed9548fbc9808a4bfdc55462664,2013-11-19 11:55:53,2013-11-22 07:07:04,241871,2,PHPUnit/Framework/TestCase.php,6,321,1.1,0,1,11,5,0
phpunit,3720,129979,a0a0c59adf63f5ca24cdded0d6235db432a61c2a,2014-02-28 21:03:57,2014-03-05 12:42:49,401932,3,PHPUnit/Util/Test.php,2,246,2.4,0,0,34,9,0
phpunit,3720,129979,a0a0c59adf63f5ca24cdded0d6235db432a61c2a,2014-02-28 21:03:57,2014-03-05 12:42:49,401932,3,Tests/Util/TestTest.php,1,151,3.2,0,0,0,10,0
phpunit,3720,129979,a0a0c59adf63f5ca24cdded0d6235db432a61c2a,2014-02-28 21:03:57,2014-03-05 12:42:49,401932,3,Tests/_files/RequirementsTest.php,7,0,0.0,0,0,0,0,0
phpunit,409,129922,91b7b16c5683c187679e9bf5f6ad1c5ef5d7053f,2014-04-07 16:25:31,2014-06-16 04:50:04,6006273,5,src/TextUI/Command.php,18,292,1.4,0,0,8,11,0
phpunit,409,129920,5797b06d1797dc1061b34545404723af61242ffb,2014-04-09 09:45:29,2014-04-21 08:26:23,1032054,1,src/TextUI/Command.php,2,292,1.4,0,0,8,11,0
phpunit,409,129903,fb86fa5c327fb805b7bdf036ea11911496975d44,2014-04-29 02:32:09,2014-05-17 08:34:55,1576966,1,src/Framework/Constraint/IsEqual.php,2,5,0.2,0,0,0,1,0
phpunit,409,129896,e16678d1756fafcb4870dca688b46a24803d43cb,2014-04-30 12:45:21,2014-04-30 13:01:21,960,1,src/TextUI/Command.php,24,292,1.4,0,0,8,11,0
phpunit,410,129874,9edd5181cbaf27544bcf0ea70ca920b1fc2853b1,2014-05-20 14:40:12,2014-07-06 15:44:39,4064667,4,src/TextUI/Command.php,4,321,1.6,0,0,8,15,0
phpunit,410,129844,d2d33b307ae3cf6bce004f55fd8743e3d7f89ee9,2014-06-16 19:00:46,2015-06-04 19:31:00,30501014,2,tests/Framework/SuiteTest.php,15,33,0.9,0,0,2,2,0
phpunit,410,129828,53e3c2884c0bb53afec70af8e3a66a4978f7599e,2014-06-30 22:49:53,2014-07-06 06:16:18,458785,3,src/Util/Configuration.php,42,542,2.8,0,0,8,47,0
phpunit,410,129828,53e3c2884c0bb53afec70af8e3a66a4978f7599e,2014-06-30 22:49:53,2014-07-06 06:16:18,458785,3,tests/Util/ConfigurationTest.php,40,133,1.4,0,0,0,14,0
phpunit,410,129822,821427232dd4028f8a13832219c4d73c73b3d879,2014-07-03 00:36:15,2015-06-10 08:17:20,29576465,2,src/Util/Log/JUnit.php,110,30,0.4,0,0,3,2,0
phpunit,410,129809,8150734394983ad9c7e46aa6863ece14f39f5c8b,2014-07-14 13:56:24,2014-07-20 17:14:55,530311,4,src/Util/Getopt.php,3,19,0.5,0,0,4,1,0
phpunit,410,129789,a320de5a2e3f3b01a3cb400d6629f20c4e077595,2014-07-24 21:40:10,2014-07-27 18:24:18,247448,1,src/Framework/TestFailure.php,23,7,0.4,0,0,1,1,0
phpunit,410,129768,427eb1fea0e3d8e723fec847446a902d7afdc059,2014-07-31 16:56:13,2014-08-01 23:00:22,108249,3,src/Framework/TestCase.php,16,379,1.3,0,1,14,6,0
phpunit,410,129762,fb7caed88f488d0c696c8eeaca9bc14877900f0b,2014-08-07 11:15:42,2014-08-13 15:29:20,533618,2,src/Util/Configuration.php,2,542,2.8,0,0,8,47,0
phpunit,410,129762,fb7caed88f488d0c696c8eeaca9bc14877900f0b,2014-08-07 11:15:42,2014-08-13 15:29:20,533618,2,src/Util/XML.php,10,485,2.8,0,0,41,17,0
phpunit,420,129753,1a551f6d6e5c601463add8cb050c51e8f85fe626,2014-08-12 05:12:19,2014-08-13 14:28:03,119744,1,src/Framework/TestSuite.php,2,160,1.1,0,0,14,3,0
phpunit,420,129743,680b4e5eba3912317b2de53358127d8c79fd9a77,2014-08-17 21:30:59,2014-08-17 23:13:58,6179,1,src/TextUI/TestRunner.php,6,1188,5.9,0,0,9,85,0
phpunit,420,129739,7c44e353712dd9a3cc2574c55a3745b2cc44c89c,2014-08-18 18:44:02,2014-08-19 04:57:22,36800,1,src/TextUI/Command.php,4,383,1.8,0,0,9,15,0
phpunit,420,129715,1807fae555eb2af9e8f16ffe7c7bb1dfacdf7840,2014-09-17 05:29:11,2014-09-17 05:30:13,62,3,src/Framework/TestCase.php,55,361,1.2,0,1,13,6,0
phpunit,420,129706,291ac8359e0add2ddb5577978d233bff5c95bf16,2014-09-15 19:24:28,2015-08-24 02:23:35,29573947,1,src/Extensions/PhptTestCase.php,89,21,0.5,0,0,0,3,0
phpunit,420,129705,9cde063824730fe6f74651520877096af1e1010f,2014-09-17 02:58:34,2014-09-17 03:39:23,2449,3,src/Framework/TestCase.php,8,361,1.2,0,1,13,6,0
phpunit,420,129703,5ee7af96d62a3fe9cf466fab1b505ac8dc1796c6,2014-09-19 08:21:03,2014-09-19 08:45:24,1461,2,src/Framework/Constraint/IsType.php,2,111,4.1,0,0,3,10,0
phpunit,420,129703,5ee7af96d62a3fe9cf466fab1b505ac8dc1796c6,2014-09-19 08:21:03,2014-09-19 08:45:24,1461,2,tests/Framework/AssertTest.php,20,825,1.1,0,0,6,38,4
phpunit,420,129695,69b137b402cd6cc53ac8c8bd6df35adb787685b8,2014-09-26 17:26:35,2014-10-22 07:18:18,2209903,1,src/Extensions/PhptTestCase.php,9,21,0.5,0,0,0,3,0
phpunit,420,129691,8431d94e9b1fcf94d72da5aae58897b5fb55b221,2014-09-30 22:02:26,2014-10-25 02:14:37,2088731,2,src/Framework/Constraint/IsType.php,2,111,4.1,0,0,3,10,0
phpunit,420,129691,8431d94e9b1fcf94d72da5aae58897b5fb55b221,2014-09-30 22:02:26,2014-10-25 02:14:37,2088731,2,tests/Framework/ConstraintTest.php,25,422,0.6,0,0,8,14,0
phpunit,430,129674,b24747f5d059ea775364f3338931461bc3bb7d38,2014-10-15 12:40:26,2014-10-15 17:10:27,16201,3,src/Framework/TestResult.php,26,207,1.2,0,0,5,3,0
phpunit,430,129671,d3f38b295d2927ea30776cd9a9c0199c42b14f18,2014-10-16 16:00:00,2014-10-16 16:33:41,2021,4,src/Framework/TestCase.php,25,349,1.2,0,1,14,3,0
phpunit,430,129671,d3f38b295d2927ea30776cd9a9c0199c42b14f18,2014-10-16 16:00:00,2014-10-16 16:33:41,2021,4,src/TextUI/ResultPrinter.php,2,95,0.9,0,0,4,3,0
phpunit,430,129668,3fd4dadd04e789b7a0e6b632d1ec1d241d0d4671,2014-10-17 18:07:54,2014-10-21 10:07:45,316791,2,src/Framework/Constraint/IsEqual.php,2,5,0.2,0,0,0,1,0
phpunit,430,129645,279268b6b0462e852e265219d4d0199d946a6c7a,2014-11-07 14:21:08,2014-12-10 09:41:11,2834403,1,src/Util/Blacklist.php,4,19,1.0,0,0,7,1,0
phpunit,440,129620,827d10a1638bd573dbd5fb1bed9ddc397855c850,2014-12-10 23:54:41,2014-12-17 06:19:53,541512,1,tests/Util/TestTest.php,2,291,2.4,0,0,1,18,5
phpunit,440,129598,5d29e637eddfd8bfe6bf44d190c1ac3781de4493,2014-12-22 15:39:50,2014-12-28 19:00:20,530430,2,src/Framework/TestCase.php,11,289,1.0,0,1,10,3,0
phpunit,440,129590,351651ecbd080ba2c30d17d783bd3910467dcd09,2014-12-28 18:38:32,2014-12-28 19:00:20,1308,3,src/Framework/TestCase.php,25,289,1.0,0,1,10,3,0
phpunit,440,129573,aa1d6201b17081ea5305e29c9f9d7e2f2e3c62bc,2015-01-07 16:47:29,2015-01-11 09:08:21,318052,3,src/Framework/TestResult.php,3,206,1.2,0,0,5,3,0
phpunit,440,129556,b91e99489634d91b96690234f4296250b8687240,2015-01-24 12:30:59,2015-01-24 14:25:50,6891,1,src/Framework/TestCase.php,8,289,1.0,0,1,10,3,0
phpunit,450,129543,34d50b662ce5d059e4fdf8a0cc2fbf4e62a359c2,2015-02-05 14:46:05,2015-02-19 13:03:38,1203453,1,src/TextUI/Command.php,46,314,1.5,0,0,8,12,0
phpunit,450,129539,87f4040c34870535b120b2eedb4992e9e63f1405,2015-06-01 07:48:57,2015-07-19 07:22:36,4145619,3,src/Framework/TestResult.php,34,206,1.2,0,0,5,3,0
phpunit,450,129488,ebf3655720ebeebdde8e10365dca9a8a3bcbb60a,2015-03-24 16:41:36,2015-06-21 09:22:33,7663257,9,src/TextUI/Command.php,6,314,1.5,0,0,8,12,0
phpunit,450,129488,ebf3655720ebeebdde8e10365dca9a8a3bcbb60a,2015-03-24 16:41:36,2015-06-21 09:22:33,7663257,9,src/TextUI/ResultPrinter.php,17,95,0.9,0,0,4,3,0
phpunit,450,129488,ebf3655720ebeebdde8e10365dca9a8a3bcbb60a,2015-03-24 16:41:36,2015-06-21 09:22:33,7663257,9,src/TextUI/TestRunner.php,9,1214,5.9,0,0,9,87,0
phpunit,450,129488,ebf3655720ebeebdde8e10365dca9a8a3bcbb60a,2015-03-24 16:41:36,2015-06-21 09:22:33,7663257,9,src/Util/Configuration.php,10,566,2.8,0,0,9,48,0
phpunit,450,129482,38cc5597f6f5bd0e5f7d24c374b8f3d0b6fc5611,2015-03-31 09:57:17,2015-06-19 07:46:17,6904140,4,src/TextUI/TestRunner.php,8,1214,5.9,0,0,9,87,0
phpunit,450,129482,38cc5597f6f5bd0e5f7d24c374b8f3d0b6fc5611,2015-03-31 09:57:17,2015-06-19 07:46:17,6904140,4,src/Util/Configuration.php,9,566,2.8,0,0,9,48,0
phpunit,460,129468,9dc93fe882d6b8c2c693ebfd8730131fb4576958,2015-04-13 09:49:35,2015-04-29 04:43:14,1364019,3,src/TextUI/ResultPrinter.php,109,99,0.9,0,0,10,2,0
phpunit,460,129459,dcad8160d84356c81d6c6013775a17add8689101,2015-05-02 08:01:26,2015-06-05 05:25:43,2928257,9,src/TextUI/Command.php,10,316,1.5,0,0,8,12,0
phpunit,460,129459,dcad8160d84356c81d6c6013775a17add8689101,2015-05-02 08:01:26,2015-06-05 05:25:43,2928257,9,src/TextUI/TestRunner.php,4,1234,5.8,0,0,9,87,0
phpunit,460,129459,dcad8160d84356c81d6c6013775a17add8689101,2015-05-02 08:01:26,2015-06-05 05:25:43,2928257,9,src/Util/Configuration.php,58,570,2.7,0,0,9,48,0
phpunit,460,129459,dcad8160d84356c81d6c6013775a17add8689101,2015-05-02 08:01:26,2015-06-05 05:25:43,2928257,9,tests/Util/ConfigurationTest.php,25,205,1.8,0,0,0,17,0
phpunit,460,129453,5710cee4b24eee0a9b1ce01a9a452e6e4b5d3e38,2015-04-23 13:37:33,2015-06-21 08:37:16,5079583,2,src/Extensions/RepeatedTest.php,15,5,0.4,0,0,0,1,0
phpunit,460,129441,b822590dc68be7c35e619719c7f540877f396bdc,2015-04-30 13:09:22,2015-06-19 05:08:19,4291137,2,src/Util/Log/TAP.php,25,5,0.2,0,0,0,1,0
phpunit,460,129414,dc2dfacf431a82b00a1fb931a0cae8a91dd60d16,2015-05-27 08:29:30,2015-05-28 13:16:59,103649,2,src/TextUI/ResultPrinter.php,2,99,0.9,0,0,10,2,0
phpunit,460,129411,144c4a31c6ebf078fbb64195afe471eda679174a,2015-06-01 07:48:46,2015-06-05 05:25:43,337017,3,src/Framework/Assert.php,308,722,1.7,0,0,191,10,2
phpunit,460,129411,144c4a31c6ebf078fbb64195afe471eda679174a,2015-06-01 07:48:46,2015-06-05 05:25:43,337017,3,src/Framework/Assert/Functions.php,243,725,2.4,0,0,128,0,0
phpunit,460,129408,00b9b5d1ac14e3883a849b0dbd46a36c5ed1c07d,2015-06-03 00:11:54,2015-06-03 05:01:08,17354,2,src/Util/TestDox/ResultPrinter/Text.php,19,5,0.8,0,0,0,1,0
phpunit,470,129403,763e16948e52723f78945c39d9074099aa1196c6,2015-06-10 08:27:13,2015-06-16 14:25:42,539909,1,src/Util/Log/JUnit.php,81,30,0.4,0,0,3,2,0
phpunit,470,129397,16b5b198d4b73e6713eae5ffbd6da2f66b0e2ea2,2015-06-14 10:32:19,2015-06-18 07:12:14,333595,5,src/Extensions/PhptTestCase.php,2,21,0.5,0,0,0,3,0
phpunit,470,129397,16b5b198d4b73e6713eae5ffbd6da2f66b0e2ea2,2015-06-14 10:32:19,2015-06-18 07:12:14,333595,5,src/Framework/TestCase.php,24,291,0.9,0,1,10,3,0
phpunit,470,129397,16b5b198d4b73e6713eae5ffbd6da2f66b0e2ea2,2015-06-14 10:32:19,2015-06-18 07:12:14,333595,5,src/Framework/TestResult.php,5,213,1.3,0,0,6,3,0
phpunit,470,129397,16b5b198d4b73e6713eae5ffbd6da2f66b0e2ea2,2015-06-14 10:32:19,2015-06-18 07:12:14,333595,5,src/Framework/TestSuite.php,20,280,1.7,0,0,20,3,1
phpunit,470,129397,16b5b198d4b73e6713eae5ffbd6da2f66b0e2ea2,2015-06-14 10:32:19,2015-06-18 07:12:14,333595,5,src/TextUI/Command.php,11,311,1.5,0,0,7,12,0
phpunit,470,129396,4313935ad8f5d53ac43fb8e1b6877560a6c88b35,2015-06-15 07:36:42,2015-06-15 07:51:36,894,2,src/TextUI/TestRunner.php,20,1299,5.9,0,0,10,87,0
phpunit,470,129383,9629b5b6e1fe4192d9d9e9059f99be7e5d74783c,2015-06-23 11:46:01,2015-06-23 14:44:19,10698,1,src/Util/Test.php,4,441,2.4,0,0,61,11,0
phpunit,470,129375,31408350e77f95362de96233f4669c7c871d7938,2015-06-29 09:12:09,2015-06-30 23:13:14,136865,9,src/TextUI/TestRunner.php,3,1299,5.9,0,0,10,87,0
phpunit,470,129366,aefd452e8b9233cb152f753c47aa946b472c176f,2015-07-04 08:31:28,2015-07-04 08:32:38,70,5,src/Framework/TestCase.php,20,291,0.9,0,1,10,3,0
phpunit,470,129366,aefd452e8b9233cb152f753c47aa946b472c176f,2015-07-04 08:31:28,2015-07-04 08:32:38,70,5,src/Util/Blacklist.php,3,19,0.9,0,0,7,1,0
phpunit,470,129345,a36c9ddcb11798c55de6108773cc9e435cfbf29b,2015-07-24 08:11:21,2015-08-30 14:42:47,3220286,35,src/Extensions/TicketListener.php,4,5,0.2,0,0,0,1,0
phpunit,470,129345,a36c9ddcb11798c55de6108773cc9e435cfbf29b,2015-07-24 08:11:21,2015-08-30 14:42:47,3220286,35,src/Framework/BaseTestListener.php,4,5,0.6,0,0,0,1,0
phpunit,470,129345,a36c9ddcb11798c55de6108773cc9e435cfbf29b,2015-07-24 08:11:21,2015-08-30 14:42:47,3220286,35,src/Framework/TestCase.php,7,291,0.9,0,1,10,3,0
phpunit,470,129345,a36c9ddcb11798c55de6108773cc9e435cfbf29b,2015-07-24 08:11:21,2015-08-30 14:42:47,3220286,35,src/Framework/TestListener.php,10,10,2.8,0,0,0,1,0
phpunit,470,129345,a36c9ddcb11798c55de6108773cc9e435cfbf29b,2015-07-24 08:11:21,2015-08-30 14:42:47,3220286,35,src/Framework/TestResult.php,85,213,1.3,0,0,6,3,0
phpunit,470,129345,a36c9ddcb11798c55de6108773cc9e435cfbf29b,2015-07-24 08:11:21,2015-08-30 14:42:47,3220286,35,src/Framework/TestSuite.php,10,280,1.7,0,0,20,3,1
phpunit,470,129345,a36c9ddcb11798c55de6108773cc9e435cfbf29b,2015-07-24 08:11:21,2015-08-30 14:42:47,3220286,35,src/Framework/Warning.php,62,5,0.7,0,0,0,1,0
phpunit,470,129345,a36c9ddcb11798c55de6108773cc9e435cfbf29b,2015-07-24 08:11:21,2015-08-30 14:42:47,3220286,35,src/Runner/BaseTestRunner.php,1,27,1.2,0,0,2,1,0
phpunit,470,129345,a36c9ddcb11798c55de6108773cc9e435cfbf29b,2015-07-24 08:11:21,2015-08-30 14:42:47,3220286,35,src/TextUI/Command.php,6,311,1.5,0,0,7,12,0
phpunit,470,129345,a36c9ddcb11798c55de6108773cc9e435cfbf29b,2015-07-24 08:11:21,2015-08-30 14:42:47,3220286,35,src/TextUI/ResultPrinter.php,54,99,0.9,0,0,10,2,0
phpunit,470,129345,a36c9ddcb11798c55de6108773cc9e435cfbf29b,2015-07-24 08:11:21,2015-08-30 14:42:47,3220286,35,src/TextUI/TestRunner.php,10,1299,5.9,0,0,10,87,0
phpunit,470,129345,a36c9ddcb11798c55de6108773cc9e435cfbf29b,2015-07-24 08:11:21,2015-08-30 14:42:47,3220286,35,src/Util/Configuration.php,8,570,2.7,0,0,9,48,0
phpunit,470,129345,a36c9ddcb11798c55de6108773cc9e435cfbf29b,2015-07-24 08:11:21,2015-08-30 14:42:47,3220286,35,src/Util/Log/JSON.php,21,31,0.8,0,0,0,4,0
phpunit,470,129345,a36c9ddcb11798c55de6108773cc9e435cfbf29b,2015-07-24 08:11:21,2015-08-30 14:42:47,3220286,35,src/Util/Log/JUnit.php,14,30,0.4,0,0,3,2,0
phpunit,470,129345,a36c9ddcb11798c55de6108773cc9e435cfbf29b,2015-07-24 08:11:21,2015-08-30 14:42:47,3220286,35,src/Util/Log/TAP.php,13,5,0.2,0,0,0,1,0
phpunit,470,129345,a36c9ddcb11798c55de6108773cc9e435cfbf29b,2015-07-24 08:11:21,2015-08-30 14:42:47,3220286,35,src/Util/TestDox/ResultPrinter.php,25,23,0.5,0,0,0,3,0
phpunit,470,129345,a36c9ddcb11798c55de6108773cc9e435cfbf29b,2015-07-24 08:11:21,2015-08-30 14:42:47,3220286,35,tests/Framework/SuiteTest.php,3,41,0.8,0,0,2,2,0
phpunit,470,129345,a36c9ddcb11798c55de6108773cc9e435cfbf29b,2015-07-24 08:11:21,2015-08-30 14:42:47,3220286,35,tests/Framework/TestListenerTest.php,6,5,0.2,0,0,0,1,0
phpunit,470,129345,a36c9ddcb11798c55de6108773cc9e435cfbf29b,2015-07-24 08:11:21,2015-08-30 14:42:47,3220286,35,tests/Util/ConfigurationTest.php,1,205,1.8,0,0,0,17,0
phpunit,470,129340,0fe5ed323f0017624a65746153ae3fd69c308c1b,2015-07-31 15:23:54,2015-08-02 08:24:39,147645,2,src/Framework/Assert.php,14,722,1.7,0,0,191,10,2
phpunit,480,129333,25468d02f8224d6b5ee62407bedbd4cea1f5dd2e,2015-08-07 09:30:57,2015-08-07 09:45:27,870,2,src/TextUI/Command.php,2,314,1.5,0,0,7,12,0
phpunit,480,129332,748c6963c0a8c983fa69ee8884c885d0e98209bf,2015-08-07 12:55:53,2015-08-07 12:59:34,221,2,src/Runner/Version.php,2,21,2.3,0,0,8,1,0
phpunit,480,129327,5ade8fc4cdfca44de26ee202a354064895e156a9,2015-08-12 08:27:39,2015-08-12 18:30:42,36183,2,src/Framework/TestCase.php,50,297,0.9,0,1,10,3,0
phpunit,480,129296,032a3ded5c5ad0d52caf541b393979a5e9c3af4c,2015-09-08 21:33:29,2015-09-15 15:03:30,581401,3,src/Util/Configuration.php,18,570,2.6,0,0,9,48,0
phpunit,480,129296,032a3ded5c5ad0d52caf541b393979a5e9c3af4c,2015-09-08 21:33:29,2015-09-15 15:03:30,581401,3,src/Util/XML.php,6,486,2.8,0,0,40,17,12
phpunit,480,129291,475a73de2fff9feb9ea09b135009ad2c03d78575,2015-09-16 19:52:40,2015-10-05 09:53:05,1605625,1,src/Util/Test.php,2,501,2.5,0,0,65,12,0
phpunit,480,129288,a15d638bc9b390f27ac9104cb002de575947b973,2015-09-18 19:57:44,2015-09-19 05:45:33,35269,3,src/Framework/Assert.php,64,726,1.7,0,0,191,10,2
phpunit,480,129288,a15d638bc9b390f27ac9104cb002de575947b973,2015-09-18 19:57:44,2015-09-19 05:45:33,35269,3,tests/Framework/AssertTest.php,10,860,1.2,0,0,7,41,4
phpunit,480,129272,4ecd63c4e88c8eb77d8a93e76e3c5936ec5c3a04,2015-09-28 14:54:14,2015-10-02 08:20:48,321994,2,src/Framework/Assert.php,9,726,1.7,0,0,191,10,2
phpunit,500,129258,43f0f64a10e76b7c49b1f1ad5676f60b081b11f1,2015-10-05 22:15:27,2015-10-06 11:12:25,46618,5,src/Util/Test.php,4,496,2.5,0,0,64,12,0
phpunit,500,129258,43f0f64a10e76b7c49b1f1ad5676f60b081b11f1,2015-10-05 22:15:27,2015-10-06 11:12:25,46618,5,tests/Util/TestTest.php,20,291,2.0,0,0,1,18,5
phpunit,500,129257,1120df3f6d74a91c429a11d3d92a787d3d725655,2015-10-06 20:18:01,2016-02-08 12:21:28,10771407,2,src/TextUI/TestRunner.php,4,1276,5.9,0,0,8,87,0
phpunit,500,129256,34e6d36f06a49b3f82c06430fdf78a8d9d4bd38d,2015-10-06 23:29:41,2015-10-07 10:44:01,40460,2,src/TextUI/Command.php,9,399,1.8,0,0,8,13,0
phpunit,500,129255,0c822fd9ba0f285bd17873013085988b93c9ed53,2015-10-07 11:38:43,2015-10-14 12:52:13,609210,3,src/Runner/Version.php,10,21,2.3,0,0,8,1,0
phpunit,500,129255,0c822fd9ba0f285bd17873013085988b93c9ed53,2015-10-07 11:38:43,2015-10-14 12:52:13,609210,3,src/TextUI/Command.php,35,399,1.8,0,0,8,13,0
phpunit,500,129253,7e06a82806be004cbfd30a02d92162e9ed4abc7c,2015-10-07 21:05:09,2015-10-08 11:30:01,51892,9,src/TextUI/Command.php,26,399,1.8,0,0,8,13,0
phpunit,500,129253,7e06a82806be004cbfd30a02d92162e9ed4abc7c,2015-10-07 21:05:09,2015-10-08 11:30:01,51892,9,src/TextUI/TestRunner.php,37,1276,5.9,0,0,8,87,0
phpunit,500,129253,7e06a82806be004cbfd30a02d92162e9ed4abc7c,2015-10-07 21:05:09,2015-10-08 11:30:01,51892,9,src/Util/Configuration.php,16,587,2.9,0,0,9,51,0
phpunit,500,129253,7e06a82806be004cbfd30a02d92162e9ed4abc7c,2015-10-07 21:05:09,2015-10-08 11:30:01,51892,9,tests/Util/ConfigurationTest.php,4,113,1.2,0,0,0,10,0
phpunit,500,129227,3772ec28e6b61568ae69a6976e8147b45e01ba5e,2015-11-04 13:47:44,2015-11-04 14:39:46,3122,2,src/TextUI/TestRunner.php,84,1276,5.9,0,0,8,87,0
phpunit,500,129211,ac2e32c1d87cd8d2689a25e344a87de93858608c,2015-11-16 14:11:04,2015-11-20 13:51:02,344398,3,src/Framework/TestFailure.php,8,7,0.3,0,0,1,1,0
phpunit,500,129211,ac2e32c1d87cd8d2689a25e344a87de93858608c,2015-11-16 14:11:04,2015-11-20 13:51:02,344398,3,src/Framework/TestResult.php,25,221,1.3,0,0,6,3,0
phpunit,510,129190,fb73a86dcecd1eeca5b959d2fa409043a4f8ed1e,2015-12-05 07:16:15,2015-12-06 07:09:51,86016,4,src/Util/Test.php,33,492,2.5,0,0,63,12,0
phpunit,510,129190,fb73a86dcecd1eeca5b959d2fa409043a4f8ed1e,2015-12-05 07:16:15,2015-12-06 07:09:51,86016,4,tests/Framework/TestCaseTest.php,12,146,1.2,0,0,11,4,1
phpunit,510,129190,fb73a86dcecd1eeca5b959d2fa409043a4f8ed1e,2015-12-05 07:16:15,2015-12-06 07:09:51,86016,4,tests/Util/TestTest.php,198,291,2.0,0,0,1,18,5
phpunit,510,129190,fb73a86dcecd1eeca5b959d2fa409043a4f8ed1e,2015-12-05 07:16:15,2015-12-06 07:09:51,86016,4,tests/_files/RequirementsTest.php,189,2,0.1,0,0,0,1,0
phpunit,510,129151,7467a57b055985529d356746fc03c8ed3c3be520,2016-01-17 20:20:44,2016-02-22 20:55:09,3112465,3,src/Util/TestDox/NamePrettifier.php,18,5,0.2,0,0,0,1,0
phpunit,510,129151,7467a57b055985529d356746fc03c8ed3c3be520,2016-01-17 20:20:44,2016-02-22 20:55:09,3112465,3,tests/Util/TestDox/NamePrettifierTest.php,2,21,1.6,0,0,0,3,0
phpunit,520,129125,4b3272ea3b73b34fe229bb09073fa7cdcc460894,2016-02-11 14:18:11,2016-02-11 14:53:23,2112,4,src/Util/Configuration.php,3,614,3.0,0,0,9,54,0
phpunit,520,129125,4b3272ea3b73b34fe229bb09073fa7cdcc460894,2016-02-11 14:18:11,2016-02-11 14:53:23,2112,4,tests/Util/ConfigurationTest.php,1,113,1.2,0,0,0,10,0
phpunit,520,129121,047e68872c4d23fc33643443a0b08b6376d3d928,2016-02-12 21:03:17,2016-02-13 07:00:23,35826,3,src/Framework/TestResult.php,43,224,1.2,0,0,6,3,1
phpunit,520,129109,5760330537b130d84d42c666a584deb230b37e57,2016-02-24 21:07:34,2016-03-09 08:19:04,1163490,2,src/TextUI/TestRunner.php,2,1478,6.2,0,1,14,95,0
phpunit,520,129097,1a1b63266c046e1856fd03812a4e0ac2b51aa2d5,2016-03-12 16:45:06,2016-03-14 15:12:16,167230,3,src/TextUI/TestRunner.php,2,1478,6.2,0,1,14,95,0
phpunit,520,129097,1a1b63266c046e1856fd03812a4e0ac2b51aa2d5,2016-03-12 16:45:06,2016-03-14 15:12:16,167230,3,src/Util/Printer.php,2,27,1.0,0,0,1,3,0
phpunit,530,129083,ea6ed959cad22829ca0dcfa13dfb6e6fff014ef6,2016-04-02 16:02:57,2016-04-07 07:03:38,399641,2,src/Framework/TestCase.php,10,331,0.9,0,1,11,4,1
phpunit,530,129077,c5c4d4e4b0ae0d769560c8b76bcee0e34f6cfed3,2016-04-12 15:07:09,2016-04-12 16:22:27,4518,2,src/TextUI/ResultPrinter.php,48,130,1.1,0,0,11,5,0
phpunit,530,129070,82a3aafd187033fd5572ad28dfff7c1989cbf68d,2016-05-05 06:17:54,2016-05-05 07:36:29,4715,15,src/Framework/TestCase.php,27,331,0.9,0,1,11,4,1
phpunit,530,129070,82a3aafd187033fd5572ad28dfff7c1989cbf68d,2016-05-05 06:17:54,2016-05-05 07:36:29,4715,15,src/Framework/TestSuite.php,4,254,1.5,0,0,17,3,1
phpunit,530,129070,82a3aafd187033fd5572ad28dfff7c1989cbf68d,2016-05-05 06:17:54,2016-05-05 07:36:29,4715,15,src/TextUI/Command.php,18,422,1.8,0,0,9,14,0
phpunit,530,129070,82a3aafd187033fd5572ad28dfff7c1989cbf68d,2016-05-05 06:17:54,2016-05-05 07:36:29,4715,15,src/TextUI/TestRunner.php,10,1458,6.1,0,0,14,95,0
phpunit,530,129070,82a3aafd187033fd5572ad28dfff7c1989cbf68d,2016-05-05 06:17:54,2016-05-05 07:36:29,4715,15,src/Util/Configuration.php,39,614,2.9,0,0,9,54,0
phpunit,530,129070,82a3aafd187033fd5572ad28dfff7c1989cbf68d,2016-05-05 06:17:54,2016-05-05 07:36:29,4715,15,src/Util/TestDox/ResultPrinter.php,54,33,0.7,0,0,0,4,0
phpunit,530,129070,82a3aafd187033fd5572ad28dfff7c1989cbf68d,2016-05-05 06:17:54,2016-05-05 07:36:29,4715,15,tests/Util/ConfigurationTest.php,28,121,1.3,0,0,0,11,0
phpunit,540,129047,76e6c958446b4892682f97eb34fae235baa06917,2016-06-03 07:28:41,2016-06-03 07:35:09,388,2,src/Framework/TestCase.php,2,335,0.9,0,1,11,4,1
phpunit,540,129042,f459f6c8d9fddd626af6a876eab1721fe3c18011,2016-06-06 10:44:15,2016-07-13 17:40:36,3221781,1,src/Util/PHP.php,8,25,0.4,0,0,1,1,0
phpunit,540,129023,0a9df0905cda19a27dd547a601f55b579539ef3f,2016-06-17 10:08:05,2016-06-17 10:30:33,1348,2,src/Framework/TestCase.php,8,335,0.9,0,1,11,4,1
#####
