src/Guzzle/Http/Message/AbstractMessage.php,3,5,0.133,0,0,0.33,0.67,0
tests/Guzzle/Tests/Http/Message/AbstractMessageTest.php,1,24,1.1,0,0,0,2,0
src/Guzzle/Guzzle.php,1,24,1.4,0,0,12,0,0
autoload.php,1,18,3.2,0,0,0,1,0
src/Guzzle/Http/Message/EntityEnclosingRequest.php,8,33,0.825,0,0,1.25,3.25,0
tests/Guzzle/Tests/Http/Message/EntityEnclosingRequestTest.php,8,119.63,1.763,0,0,2.25,8.5,0
src/Guzzle/Http/Url.php,4,159.25,1.9,0,0,6.25,3.5,0
tests/Guzzle/Tests/Http/UrlTest.php,3,90.67,1.6,0,0,0.33,6,0
src/Guzzle/Http/Curl/CurlHandle.php,15,66.8,0.9,0,0,4.8,1.67,2.67
tests/Guzzle/Tests/Http/Curl/CurlHandleTest.php,13,437.38,2.323,0,0.08,5.38,21.38,0
src/Guzzle/Http/Message/Response.php,5,119.2,1.02,0,0,5.4,1.6,0
src/Guzzle/Http/QueryString.php,4,5.5,0.15,0,0,1.75,0,0
tests/Guzzle/Tests/Http/QueryStringTest.php,3,26.67,0.733,0,0,0,3,0
src/Guzzle/Http/Client.php,11,59.27,0.709,0,0,5.64,0.27,0
src/Guzzle/Http/ClientInterface.php,3,20,2.1,0,0,0.33,0,0
src/Guzzle/Http/Message/RequestFactory.php,4,18.5,0.6,0,0,2.5,1.5,0
src/Guzzle/Http/Message/RequestInterface.php,5,60,3.34,0,0,1,0,0
tests/Guzzle/Tests/Http/ClientTest.php,8,188,1.575,0,0,2,10.63,0
src/Guzzle/Service/ServiceBuilder.php,3,108,3.6,0,0,4,3,0
tests/Guzzle/Tests/Service/ServiceBuilderTest.php,2,232,3.2,0,0,0,14,0
src/Guzzle/Common/Version.php,2,0,0,0,0,0,0,0
src/Guzzle/Http/Message/EntityEnclosingRequestInterface.php,4,0,0,0,0,0,0,0
tests/Guzzle/Tests/Http/Message/RequestFactoryTest.php,2,166,2.3,0,0,0,14,0
src/Guzzle/Http/Plugin/ExponentialBackoffPlugin.php,3,25,0.7,0,0,11,0,0
tests/Guzzle/Tests/Http/Message/ResponseTest.php,3,190.33,1.233,0,0,4.67,11,0
src/Guzzle/Http/Message/Request.php,9,143.11,1.122,0,0,6.89,6.33,0
src/Guzzle/Service/Command/DynamicCommand.php,1,5,0.3,0,0,1,0,0
tests/Guzzle/Tests/Service/Command/DynamicCommandTest.php,1,73,1.4,0,0,1,7,0
tests/Guzzle/Tests/Service/Command/CommandTest.php,2,91,1.3,0,0,2,3,0
src/Guzzle/Http/Plugin/LogPlugin.php,2,76,1.8,0,0,14,3,0
tests/Guzzle/Tests/Http/Plugin/LogPluginTest.php,1,20,0.4,0,0,2,1,0
src/Guzzle/Http/Parser/UriTemplate/UriTemplate.php,1,116,2.7,0,0,9,3,0
tests/Guzzle/Tests/Http/Parser/UriTemplate/UriTemplateTest.php,1,71,1.6,0,0,1,5,0
src/Guzzle/Http/Plugin/CachePlugin.php,1,119,1.8,0,0,9,5,0
tests/Guzzle/Tests/Http/Plugin/CachePluginTest.php,1,86,1.1,0,0,0,10,0
tests/Guzzle/Tests/Http/Curl/CurlMultiTest.php,1,209,1.8,0,0,6,9,0
src/Guzzle/Common/Batch/Batch.php,1,5,0.3,0,0,1,0,0
src/Guzzle/Common/Batch/BatchDivisorInterface.php,1,0,0.0,0,0,0,0,0
src/Guzzle/Common/Batch/BatchInterface.php,1,0,0.0,0,0,0,0,0
src/Guzzle/Common/Batch/BatchTransferInterface.php,1,0,0.0,0,0,0,0,0
src/Guzzle/Common/Cache/CacheAdapterInterface.php,1,0,0.0,0,0,0,0,0
src/Guzzle/Common/Cache/Zf1CacheAdapter.php,1,0,0.0,0,0,0,0,0
src/Guzzle/Common/Collection.php,1,60,1.2,0,0,1,0,0
src/Guzzle/Common/Exception/ExceptionCollection.php,2,0,0,0,0,0,0,0
src/Guzzle/Common/FromConfigInterface.php,1,0,0.0,0,0,0,0,0
src/Guzzle/Common/HasDispatcherInterface.php,1,0,0.0,0,0,0,0,0
src/Guzzle/Common/Inflection/InflectorInterface.php,1,0,0.0,0,0,0,0,0
src/Guzzle/Common/Log/LogAdapterInterface.php,1,0,0.0,0,0,0,0,0
src/Guzzle/Common/Stream.php,1,64,1.5,0,0,21,2,0
src/Guzzle/Common/Validation/AnyMatch.php,1,18,2.1,0,0,0,2,0
src/Guzzle/Common/Validation/ConstraintInterface.php,1,0,0.0,0,0,0,0,0
src/Guzzle/Http/Cookie.php,2,140,2.7,0,0,1,10,0
src/Guzzle/Http/CookieJar/ArrayCookieJar.php,1,22,0.5,0,0,2,1,0
src/Guzzle/Http/CookieJar/CookieJarInterface.php,1,0,0.0,0,0,0,0,0
src/Guzzle/Http/Curl/CurlMulti.php,3,116,1.2,0,0,21,2,0
src/Guzzle/Http/Curl/CurlMultiInterface.php,1,0,0.0,0,0,0,0,0
src/Guzzle/Http/Curl/CurlVersion.php,1,8,1.0,0,0,3,1,0
src/Guzzle/Http/Curl/RequestMediator.php,1,23,1.3,0,0,3,1,0
src/Guzzle/Http/Message/Header.php,2,10,0.3,0,0,1,0,0
src/Guzzle/Http/Message/HeaderComparison.php,1,4,0.2,0,0,0,2,0
src/Guzzle/Http/Message/MessageInterface.php,1,0,0.0,0,0,0,0,0
src/Guzzle/Http/Message/PostFileInterface.php,3,0,0,0,0,0,0,0
src/Guzzle/Http/Plugin/HistoryPlugin.php,1,0,0.0,0,0,0,0,0
src/Guzzle/Parser/Cookie/CookieParserInterface.php,1,0,0.0,0,0,0,0,0
src/Guzzle/Parser/Message/MessageParserInterface.php,1,0,0.0,0,0,0,0,0
src/Guzzle/Parser/Url/UrlParserInterface.php,1,0,0.0,0,0,0,0,0
src/Guzzle/Service/AbstractFactory.php,1,0,0.0,0,0,0,0,0
src/Guzzle/Service/Builder/ServiceBuilder.php,2,6.5,0.3,0,0,2.5,0,0
src/Guzzle/Service/Builder/ServiceBuilderFactoryInterface.php,1,0,0.0,0,0,0,0,0
src/Guzzle/Service/Builder/ServiceBuilderInterface.php,2,0,0,0,0,0,0,0
src/Guzzle/Service/Client.php,2,13.5,0.3,0,0,2,1,0
src/Guzzle/Service/ClientInterface.php,1,0,0.0,0,0,0,0,0
src/Guzzle/Service/Command/AbstractCommand.php,2,86.5,1.45,0,0,10,0.5,0
src/Guzzle/Service/Command/ClosureCommand.php,1,0,0.0,0,0,0,0,0
src/Guzzle/Service/Command/CommandInterface.php,1,0,0.0,0,0,0,0,0
src/Guzzle/Service/Command/Factory/FactoryInterface.php,1,0,0.0,0,0,0,0,0
src/Guzzle/Service/Command/Factory/MapFactory.php,1,0,0.0,0,0,0,0,0
src/Guzzle/Service/Description/DescriptionBuilderInterface.php,1,0,0.0,0,0,0,0,0
src/Guzzle/Service/Description/ServiceDescriptionFactoryInterface.php,1,0,0.0,0,0,0,0,0
src/Guzzle/Service/Inspector.php,1,24,0.8,0,0,3,2,0
src/Guzzle/Service/Resource/ResourceIteratorFactoryInterface.php,1,0,0.0,0,0,0,0,0
src/Guzzle/Service/Resource/ResourceIteratorInterface.php,1,0,0.0,0,0,0,0,0
tests/Guzzle/Tests/Http/Plugin/ExponentialBackoffTest.php,1,68,1.2,0,0,2,5,0
src/Guzzle/Http/Plugin/OauthPlugin.php,2,62,2.2,0,0,0,7,0
tests/Guzzle/Tests/Http/Plugin/OauthPluginTest.php,2,34,0.9,0,0,9,2,0
tests/Guzzle/Tests/Http/CookieTest.php,1,22,0.5,0,0,0,2,0
tests/Guzzle/Tests/Http/Message/RequestTest.php,4,247.25,1.575,0,0,5.25,17,0
phing/tasks/GuzzlePearPharPackageTask.php,2,117,1.4,0,0,5,9,0
tests/Guzzle/Tests/Common/Exception/ExceptionCollectionTest.php,1,0,0.0,0,0,0,0,0
tests/Guzzle/Tests/Service/ClientTest.php,2,114,1.5,0,0,1,6,0
src/Guzzle/Service/Command/LocationVisitor/Request/JsonVisitor.php,1,0,0.0,0,0,0,0,0
src/Guzzle/Plugin/Cache/AbstractCallbackStrategy.php,1,0,0.0,0,0,0,0,0
src/Guzzle/Plugin/Cache/CachePlugin.php,3,94,2.2,0,0,4,6,0
src/Guzzle/Plugin/Cache/CallbackCacheKeyProvider.php,2,0,0,0,0,0,0,0
src/Guzzle/Plugin/Cache/CallbackCanCacheStrategy.php,1,0,0.0,0,0,0,0,0
src/Guzzle/Plugin/Cache/CanCacheStrategyInterface.php,1,0,0.0,0,0,0,0,0
src/Guzzle/Plugin/Cache/DefaultCanCacheStrategy.php,1,0,0.0,0,0,0,0,0
tests/Guzzle/Tests/Plugin/Cache/CallbackCanCacheStrategyTest.php,2,10,2.2,0,0,2,0,0
tests/Guzzle/Tests/Plugin/Cache/CachePluginTest.php,2,146,2.9,0,0,2,11,0
src/Guzzle/Service/Command/DefaultRequestSerializer.php,1,6,0.3,0,0,3,0,0
src/Guzzle/Service/Command/DefaultResponseParser.php,1,11,0.8,0,0,4,0,0
src/Guzzle/Service/Command/LocationVisitor/Response/AbstractResponseVisitor.php,1,0,0.0,0,0,0,0,0
src/Guzzle/Service/Command/LocationVisitor/Response/JsonVisitor.php,3,16.67,1.133,0,0,1.67,0,0
src/Guzzle/Service/Command/LocationVisitor/Response/ResponseVisitorInterface.php,1,0,0.0,0,0,0,0,0
src/Guzzle/Service/Command/LocationVisitor/Response/XmlVisitor.php,3,23,0.933,0,0,0.67,1.67,0
src/Guzzle/Service/Command/NoTranslationOperationResponseParser.php,1,0,0.0,0,0,0,0,0
src/Guzzle/Service/Command/OperationCommand.php,1,8,0.7,0,0,4,0,0
src/Guzzle/Service/Command/OperationResponseParser.php,6,30,1,0,0,3.33,0,0
tests/Guzzle/Tests/Service/Command/DefaultRequestSerializerTest.php,1,0,0.0,0,0,0,0,0
tests/Guzzle/Tests/Service/Command/LocationVisitor/Response/JsonVisitorTest.php,2,8,0.45,0,0,0,1,0
tests/Guzzle/Tests/Service/Command/LocationVisitor/Response/XmlVisitorTest.php,3,179.33,2,0,0,0,10.67,0
tests/Guzzle/Tests/Service/Command/OperationCommandTest.php,2,0,0,0,0,0,0,0
tests/Guzzle/Tests/Service/Command/OperationResponseParserTest.php,7,100,1.714,0,0,0,8.43,0
src/Guzzle/Service/Command/LocationVisitor/Request/XmlVisitor.php,1,43,1.3,0,0,2,3,0
tests/Guzzle/Tests/Service/Command/LocationVisitor/Request/XmlVisitorTest.php,1,352,2.6,0,0,1,18,0
src/Guzzle/Stream/Stream.php,1,124,2.8,0,0,22,2,0
src/Guzzle/Cache/CacheAdapterFactory.php,1,36,2.3,0,0,2,2,0
src/Guzzle/Plugin/Cache/CacheKeyProviderInterface.php,1,0,0.0,0,0,0,0,0
src/Guzzle/Plugin/Cache/CacheStorageInterface.php,1,0,0.0,0,0,0,0,0
src/Guzzle/Plugin/Cache/DefaultCacheKeyProvider.php,1,18,1.9,0,0,5,0,0
src/Guzzle/Plugin/Cache/DefaultCacheStorage.php,1,0,0.0,0,0,0,0,0
src/Guzzle/Plugin/Cache/DefaultRevalidation.php,2,2.5,0.1,0,0,0.5,0,0
tests/Guzzle/Tests/Cache/CacheAdapterFactoryTest.php,1,44,2.1,0,0,0,4,0
tests/Guzzle/Tests/Plugin/Cache/CallbackCacheKeyProviderTest.php,1,10,2.2,0,0,2,0,0
tests/Guzzle/Tests/Plugin/Cache/DefaultCacheKeyProviderTest.php,1,0,0.0,0,0,0,0,0
tests/Guzzle/Tests/Plugin/Cache/DefaultCacheStorageTest.php,1,5,0.3,0,0,1,0,0
tests/Guzzle/Tests/Plugin/Cache/DefaultRevalidationTest.php,1,46,1.3,0,0,0,5,0
src/Guzzle/Service/AbstractConfigLoader.php,2,0,0,0,0,0,0,0
tests/Guzzle/Tests/Service/AbstractConfigLoaderTest.php,2,54,2,0,0,0,5,0
src/Guzzle/Service/Description/SchemaValidator.php,1,201,3.5,0,0,12,5,0
tests/Guzzle/Tests/Service/Description/SchemaValidatorTest.php,1,184,2.2,0,0,0,10,0
src/Guzzle/Plugin/Oauth/OauthPlugin.php,1,54,1.5,0,0,0,6,0
src/Guzzle/Http/Message/PostFile.php,2,0,0,0,0,0,0,0
tests/Guzzle/Tests/Http/Message/PostFileTest.php,2,5,0.3,0,0,1,0,0
src/Guzzle/Plugin/Mock/MockPlugin.php,1,17,0.5,0,0,2,2,0
tests/Guzzle/Tests/Plugin/Mock/MockPluginTest.php,1,40,1.0,0,0,0,4,0
src/Guzzle/Plugin/Async/AsyncPlugin.php,1,18,1.3,0,0,0,2,0
tests/Guzzle/Tests/Plugin/Async/AsyncPluginTest.php,1,16,0.7,0,0,0,2,0
src/Guzzle/Log/MessageFormatter.php,1,28,0.8,0,0,3,0,0
tests/Guzzle/Tests/Log/MessageFormatterTest.php,1,10,0.3,0,0,0,1,0
tests/Guzzle/Tests/Service/Builder/ServiceBuilderTest.php,1,303,4.1,0,0,1,18,0
src/Guzzle/Common/AbstractHasDispatcher.php,1,0,0.0,0,0,0,0,0
src/Guzzle/Parser/UriTemplate/UriTemplate.php,1,131,2.7,0,0,10,3,0
tests/Guzzle/Tests/Service/Command/LocationVisitor/Response/HeaderVisitorTest.php,1,0,0.0,0,0,0,0,0
src/Guzzle/Service/Resource/Model.php,1,0,0.0,0,0,0,0,0
tests/Guzzle/Tests/Service/Resource/ModelTest.php,1,10,0.8,0,0,2,0,0
src/Guzzle/Service/Description/Parameter.php,1,105,0.8,0,0,4,1,0
tests/Guzzle/Tests/Service/Description/ParameterTest.php,1,291,2.7,0,0,2,17,0
src/Guzzle/Plugin/Cookie/Cookie.php,1,168,2.7,0,0,6,10,0
tests/Guzzle/Tests/Plugin/Cookie/CookiePluginTest.php,1,16,0.5,0,0,0,2,0
src/Guzzle/Http/RedirectPlugin.php,1,40,0.9,0,0,11,2,0
phar-stub.php,1,0,0.0,0,0,0,0,0
src/Subscriber/Redirect.php,2,13,0.5,0,0,1,1,0
tests/Subscriber/RedirectTest.php,2,106,1.8,0,0,0,8,0
src/Exception/RequestException.php,3,13.33,0.667,0,0.67,0,0,0
tests/Exception/RequestExceptionTest.php,2,0,0,0,0,0,0,0
src/Message/MessageFactory.php,6,91,1.2,0,0,9,5,1
tests/Message/MessageFactoryTest.php,7,241.43,2.014,0,0,2.14,13,0
src/Adapter/StreamAdapter.php,5,115,1.5,0,0,15,1,0
tests/Adapter/StreamAdapterTest.php,4,230,2.4,0,0,1,12,0
src/Message/MessageFactoryInterface.php,2,0,0,0,0,0,0,0
src/functions.php,3,46.67,1.3,0,0,2.33,0,0
src/Message/Request.php,2,40.5,0.95,0,0,1,1,0
src/Message/RequestInterface.php,1,0,0.0,0,0,0,0,0
tests/Message/RequestTest.php,2,22,0.7,0,0,0,2.5,0
src/Post/PostBody.php,4,81.5,1.4,0,0,2,0.75,0
src/Adapter/Curl/BatchContext.php,2,0,0,0,0,0,0,0
src/Adapter/Curl/MultiAdapter.php,4,24,0.4,0,0,5,2,0
tests/Adapter/Curl/BatchContextTest.php,2,21,0.9,0,0,1,2,0
tests/Adapter/Curl/MultiAdapterTest.php,3,48,0.9,0,0,0,4,0
src/Url.php,1,156,1.6,0,0,8,3,0
tests/UrlTest.php,1,238,3.2,0,0,40,9,0
src/Adapter/Curl/CurlFactory.php,3,110,1.5,0,0,16,3,0
tests/Adapter/Curl/CurlAdapterTest.php,2,15,0.5,0,0,1,1,0
src/Query.php,2,18,0.5,0,0,9,0,0
tests/Post/MultipartBodyTest.php,3,31,0.9,0,1,0,3,0
tests/QueryTest.php,2,107,1.9,0,0,2,4,0
src/Adapter/FakeParallelAdapter.php,1,0,0.0,0,0,0,0,0
src/Event/ErrorEvent.php,1,0,0.0,0,0,0,0,0
tests/Adapter/FakeParallelAdapterTest.php,1,0,0.0,0,0,0,0,0
src/Client.php,8,175.5,2.45,0,0,3.5,11.13,0.63
tests/Adapter/Curl/CurlFactoryTest.php,2,74,1,0,0,0,5,0
tests/Server.php,1,89,2.8,0,0,25,0,0
tests/ClientTest.php,2,398,3,0,0,7.5,19,0
src/Post/PostFile.php,1,20,0.8,0,0,0,2,0
tests/Post/PostFileTest.php,1,10,0.6,0,0,0,1,0
src/Event/AbstractTransferEvent.php,2,0,0,0,0,0,0,0
src/Adapter/Curl/CurlAdapter.php,2,8,0.3,0,0,0,1,0
src/Adapter/MockAdapter.php,1,20,2.0,0,0,1,0,0
tests/Adapter/MockAdapterTest.php,1,19,0.8,0,0,1,1,0
src/Cookie/CookieJar.php,1,33,0.7,0,0,4,0,0
src/RingBridge.php,1,66,2.1,0,0,2,7,0
tests/Event/AbstractTransferEventTest.php,1,8,0.7,0,0,0,1,0
src/Pool.php,2,8,0.2,0,0,0,1,0
tests/PoolTest.php,2,103,1.9,0,1,6,4,0
tests/Post/PostBodyTest.php,1,66,1.0,0,0,0,6,0
src/Message/Response.php,1,8,0.2,0,0,2,2,0
src/Message/ResponseInterface.php,1,0,0.0,0,0,0,0,0
src/Event/Emitter.php,1,15,0.5,0,0,3,0,0
src/Event/AbstractRequestEvent.php,1,0,0.0,0,0,0,0,0
src/HandlerStack.php,2,0,0,0,0,0,0,0
src/MessageFormatter.php,1,36,1.0,0,0,4,0,0
src/Cookie/SetCookie.php,2,152,2.8,0,0,5,8,0
src/Handler/CurlFactory.php,1,154,1.3,0,0,11,8,0
src/Handler/StreamHandler.php,1,219,2.0,0,0,21,7,2
#####
