guzzle,100,100692,88bcaa839032d9730611cf7605ee4c6268f9e2a1,2011-04-20 21:05:47,2011-04-21 01:35:41,16194,2,src/Guzzle/Http/Message/AbstractMessage.php,3,10,0.3,0,0,0,2,0
guzzle,100,100692,88bcaa839032d9730611cf7605ee4c6268f9e2a1,2011-04-20 21:05:47,2011-04-21 01:35:41,16194,2,tests/Guzzle/Tests/Http/Message/AbstractMessageTest.php,10,24,1.1,0,0,0,2,0
guzzle,100,100685,bc8dca93af9b0ce9e174ae81ccaa0cbb6dacc66e,2011-11-12 22:22:55,2011-11-12 23:37:51,4496,1,src/Guzzle/Guzzle.php,7,24,1.4,0,0,12,0,0
guzzle,205,100675,1112aef6786613fb80a7e9628411916bca586ab5,2012-02-10 23:16:10,2012-02-17 05:13:05,539815,1,autoload.php,25,18,3.2,0,0,0,1,0
guzzle,205,100674,6edccc2db838dd9185315e3f9e4bf225b4ac86b9,2012-02-12 23:10:45,2012-02-14 02:27:49,98224,2,src/Guzzle/Http/Message/EntityEnclosingRequest.php,2,28,0.8,0,0,2,2,0
guzzle,205,100674,6edccc2db838dd9185315e3f9e4bf225b4ac86b9,2012-02-12 23:10:45,2012-02-14 02:27:49,98224,2,tests/Guzzle/Tests/Http/Message/EntityEnclosingRequestTest.php,14,78,1.3,0,0,2,5,0
guzzle,205,100673,41246dfd29a833795329171d33c36e22a82152b5,2012-02-13 12:34:02,2012-02-14 01:57:08,48186,2,src/Guzzle/Http/Url.php,27,174,2.2,0,0,6,4,0
guzzle,205,100673,41246dfd29a833795329171d33c36e22a82152b5,2012-02-13 12:34:02,2012-02-14 01:57:08,48186,2,tests/Guzzle/Tests/Http/UrlTest.php,39,62,1.5,0,0,0,5,0
guzzle,205,100671,c669aa0c7a7082d16b93ee22dbdfd33c81a60538,2012-02-16 17:04:55,2012-07-16 06:35:54,13008659,2,src/Guzzle/Http/Curl/CurlHandle.php,6,34,0.7,0,0,4,2,4
guzzle,205,100671,c669aa0c7a7082d16b93ee22dbdfd33c81a60538,2012-02-16 17:04:55,2012-07-16 06:35:54,13008659,2,tests/Guzzle/Tests/Http/Curl/CurlHandleTest.php,39,201,1.8,0,0,4,10,0
guzzle,205,100669,84e2d78e584c97042793071222e5a5e7cbf15665,2012-02-17 17:49:02,2012-02-17 18:13:40,1478,1,src/Guzzle/Http/Message/Response.php,1,106,0.9,0,0,6,0,0
guzzle,205,100667,bc3acaf817e7cfd9610a7c5e49f8a2b482aa4a1f,2012-02-18 12:27:41,2012-03-24 22:13:06,3059125,2,src/Guzzle/Http/QueryString.php,64,10,0.3,0,0,1,0,0
guzzle,205,100667,bc3acaf817e7cfd9610a7c5e49f8a2b482aa4a1f,2012-02-18 12:27:41,2012-03-24 22:13:06,3059125,2,tests/Guzzle/Tests/Http/QueryStringTest.php,40,28,1.0,0,0,0,3,0
guzzle,205,100660,4a0cb15350515b7a10e1fc2559e88eb12609c89c,2012-03-14 22:35:00,2012-03-20 03:02:54,448074,7,src/Guzzle/Http/Client.php,31,0,0.0,0,0,0,0,0
guzzle,205,100660,4a0cb15350515b7a10e1fc2559e88eb12609c89c,2012-03-14 22:35:00,2012-03-20 03:02:54,448074,7,src/Guzzle/Http/ClientInterface.php,16,0,0.0,0,0,0,0,0
guzzle,205,100660,4a0cb15350515b7a10e1fc2559e88eb12609c89c,2012-03-14 22:35:00,2012-03-20 03:02:54,448074,7,src/Guzzle/Http/Curl/CurlHandle.php,18,34,0.7,0,0,4,2,4
guzzle,205,100660,4a0cb15350515b7a10e1fc2559e88eb12609c89c,2012-03-14 22:35:00,2012-03-20 03:02:54,448074,7,src/Guzzle/Http/Message/RequestFactory.php,4,29,0.8,0,0,5,2,0
guzzle,205,100660,4a0cb15350515b7a10e1fc2559e88eb12609c89c,2012-03-14 22:35:00,2012-03-20 03:02:54,448074,7,src/Guzzle/Http/Message/RequestInterface.php,1,60,3.3,0,0,1,0,0
guzzle,205,100660,4a0cb15350515b7a10e1fc2559e88eb12609c89c,2012-03-14 22:35:00,2012-03-20 03:02:54,448074,7,tests/Guzzle/Tests/Http/ClientTest.php,2,123,1.5,0,0,2,5,0
guzzle,205,100660,4a0cb15350515b7a10e1fc2559e88eb12609c89c,2012-03-14 22:35:00,2012-03-20 03:02:54,448074,7,tests/Guzzle/Tests/Http/Curl/CurlHandleTest.php,58,201,1.8,0,0,4,10,0
guzzle,205,100659,5ad66ff4d1cc80c072c5ef5c431c8bee1900c025,2012-03-25 22:43:51,2012-04-02 22:26:59,690188,5,src/Guzzle/Http/Curl/CurlHandle.php,71,34,0.7,0,0,4,2,4
guzzle,205,100659,5ad66ff4d1cc80c072c5ef5c431c8bee1900c025,2012-03-25 22:43:51,2012-04-02 22:26:59,690188,5,src/Guzzle/Http/Message/EntityEnclosingRequest.php,4,28,0.8,0,0,2,2,0
guzzle,205,100659,5ad66ff4d1cc80c072c5ef5c431c8bee1900c025,2012-03-25 22:43:51,2012-04-02 22:26:59,690188,5,src/Guzzle/Http/Message/RequestFactory.php,21,29,0.8,0,0,5,2,0
guzzle,205,100659,5ad66ff4d1cc80c072c5ef5c431c8bee1900c025,2012-03-25 22:43:51,2012-04-02 22:26:59,690188,5,tests/Guzzle/Tests/Http/Curl/CurlHandleTest.php,33,201,1.8,0,0,4,10,0
guzzle,205,100659,5ad66ff4d1cc80c072c5ef5c431c8bee1900c025,2012-03-25 22:43:51,2012-04-02 22:26:59,690188,5,tests/Guzzle/Tests/Http/Message/EntityEnclosingRequestTest.php,3,78,1.3,0,0,2,5,0
guzzle,205,100657,85803bdd05ab33d311299e2317f1dbc8fccf206c,2012-03-26 00:09:21,2012-03-26 03:22:44,11603,3,src/Guzzle/Http/Client.php,55,0,0.0,0,0,0,0,0
guzzle,205,100657,85803bdd05ab33d311299e2317f1dbc8fccf206c,2012-03-26 00:09:21,2012-03-26 03:22:44,11603,3,src/Guzzle/Http/ClientInterface.php,16,0,0.0,0,0,0,0,0
guzzle,205,100657,85803bdd05ab33d311299e2317f1dbc8fccf206c,2012-03-26 00:09:21,2012-03-26 03:22:44,11603,3,tests/Guzzle/Tests/Http/ClientTest.php,42,123,1.5,0,0,2,5,0
guzzle,230,100654,e9fa0907bb8a7d2b8970fccea18cabf91e640cc4,2012-04-18 00:19:42,2012-04-18 00:23:25,223,1,src/Guzzle/Service/ServiceBuilder.php,2,108,3.6,0,0,4,3,0
guzzle,230,100653,cbf125fd0f67fe0bd2f8e25d3bc9f1fbe57a32ae,2012-04-19 15:46:40,2012-04-21 04:47:07,133227,2,src/Guzzle/Service/ServiceBuilder.php,18,108,3.6,0,0,4,3,0
guzzle,230,100653,cbf125fd0f67fe0bd2f8e25d3bc9f1fbe57a32ae,2012-04-19 15:46:40,2012-04-21 04:47:07,133227,2,tests/Guzzle/Tests/Service/ServiceBuilderTest.php,3,232,3.2,0,0,0,14,0
guzzle,230,100650,7d72896e6cd47cca3a5fbf6d64a0bf5ef9457366,2012-04-27 10:28:29,2012-05-02 05:17:34,413345,2,src/Guzzle/Service/ServiceBuilder.php,16,108,3.6,0,0,4,3,0
guzzle,230,100650,7d72896e6cd47cca3a5fbf6d64a0bf5ef9457366,2012-04-27 10:28:29,2012-05-02 05:17:34,413345,2,tests/Guzzle/Tests/Service/ServiceBuilderTest.php,38,232,3.2,0,0,0,14,0
guzzle,260,100642,e77e1e19784a799f0aab0914dd4f4b813dd7546d,2012-05-15 08:09:10,2012-05-15 15:31:19,26529,2,src/Guzzle/Common/Version.php,2,0,0.0,0,0,0,0,0
guzzle,260,100641,5dfee7b2eac6629e25a164b813f57216b6e6a441,2012-05-16 09:46:07,2012-05-16 17:00:02,26035,2,src/Guzzle/Http/Message/EntityEnclosingRequest.php,21,24,0.7,0,0,0,3,0
guzzle,260,100641,5dfee7b2eac6629e25a164b813f57216b6e6a441,2012-05-16 09:46:07,2012-05-16 17:00:02,26035,2,tests/Guzzle/Tests/Http/Message/EntityEnclosingRequestTest.php,40,110,1.8,0,0,2,9,0
guzzle,260,100639,d25fc74fa0768eefabca6518d5a8e896b9509446,2012-05-21 03:06:08,2012-05-23 06:30:48,185080,8,src/Guzzle/Http/Client.php,7,60,0.9,0,0,1,0,0
guzzle,260,100639,d25fc74fa0768eefabca6518d5a8e896b9509446,2012-05-21 03:06:08,2012-05-23 06:30:48,185080,8,src/Guzzle/Http/Curl/CurlHandle.php,23,69,1.0,0,0,5,1,4
guzzle,260,100639,d25fc74fa0768eefabca6518d5a8e896b9509446,2012-05-21 03:06:08,2012-05-23 06:30:48,185080,8,src/Guzzle/Http/Message/EntityEnclosingRequest.php,186,24,0.7,0,0,0,3,0
guzzle,260,100639,d25fc74fa0768eefabca6518d5a8e896b9509446,2012-05-21 03:06:08,2012-05-23 06:30:48,185080,8,src/Guzzle/Http/Message/EntityEnclosingRequestInterface.php,86,0,0.0,0,0,0,0,0
guzzle,260,100639,d25fc74fa0768eefabca6518d5a8e896b9509446,2012-05-21 03:06:08,2012-05-23 06:30:48,185080,8,src/Guzzle/Http/Message/RequestFactory.php,21,8,0.4,0,0,0,1,0
guzzle,260,100639,d25fc74fa0768eefabca6518d5a8e896b9509446,2012-05-21 03:06:08,2012-05-23 06:30:48,185080,8,tests/Guzzle/Tests/Http/Curl/CurlHandleTest.php,26,484,2.6,0,0,6,25,0
guzzle,260,100639,d25fc74fa0768eefabca6518d5a8e896b9509446,2012-05-21 03:06:08,2012-05-23 06:30:48,185080,8,tests/Guzzle/Tests/Http/Message/EntityEnclosingRequestTest.php,161,110,1.8,0,0,2,9,0
guzzle,260,100639,d25fc74fa0768eefabca6518d5a8e896b9509446,2012-05-21 03:06:08,2012-05-23 06:30:48,185080,8,tests/Guzzle/Tests/Http/Message/RequestFactoryTest.php,8,166,2.3,0,0,0,14,0
guzzle,260,100638,d25fc74fa0768eefabca6518d5a8e896b9509446,2012-05-22 17:00:56,2012-05-23 06:30:48,48592,8,src/Guzzle/Http/Client.php,7,60,0.9,0,0,1,0,0
guzzle,260,100638,d25fc74fa0768eefabca6518d5a8e896b9509446,2012-05-22 17:00:56,2012-05-23 06:30:48,48592,8,src/Guzzle/Http/Curl/CurlHandle.php,23,69,1.0,0,0,5,1,4
guzzle,260,100638,d25fc74fa0768eefabca6518d5a8e896b9509446,2012-05-22 17:00:56,2012-05-23 06:30:48,48592,8,src/Guzzle/Http/Message/EntityEnclosingRequest.php,186,24,0.7,0,0,0,3,0
guzzle,260,100638,d25fc74fa0768eefabca6518d5a8e896b9509446,2012-05-22 17:00:56,2012-05-23 06:30:48,48592,8,src/Guzzle/Http/Message/EntityEnclosingRequestInterface.php,86,0,0.0,0,0,0,0,0
guzzle,260,100638,d25fc74fa0768eefabca6518d5a8e896b9509446,2012-05-22 17:00:56,2012-05-23 06:30:48,48592,8,src/Guzzle/Http/Message/RequestFactory.php,21,8,0.4,0,0,0,1,0
guzzle,260,100638,d25fc74fa0768eefabca6518d5a8e896b9509446,2012-05-22 17:00:56,2012-05-23 06:30:48,48592,8,tests/Guzzle/Tests/Http/Curl/CurlHandleTest.php,26,484,2.6,0,0,6,25,0
guzzle,260,100638,d25fc74fa0768eefabca6518d5a8e896b9509446,2012-05-22 17:00:56,2012-05-23 06:30:48,48592,8,tests/Guzzle/Tests/Http/Message/EntityEnclosingRequestTest.php,161,110,1.8,0,0,2,9,0
guzzle,260,100638,d25fc74fa0768eefabca6518d5a8e896b9509446,2012-05-22 17:00:56,2012-05-23 06:30:48,48592,8,tests/Guzzle/Tests/Http/Message/RequestFactoryTest.php,8,166,2.3,0,0,0,14,0
guzzle,260,100631,699c27bca6c425bbdd6338e9a8dba35269028a00,2012-05-25 21:50:57,2012-05-28 19:54:32,252215,1,src/Guzzle/Http/Plugin/ExponentialBackoffPlugin.php,2,25,0.7,0,0,11,0,0
guzzle,260,100630,2470715f9ba222b06150bf445d4c67b64a655eda,2012-05-29 23:24:06,2012-05-29 23:34:03,597,2,src/Guzzle/Http/Message/Response.php,17,124,1.1,0,0,6,2,0
guzzle,260,100630,2470715f9ba222b06150bf445d4c67b64a655eda,2012-05-29 23:24:06,2012-05-29 23:34:03,597,2,tests/Guzzle/Tests/Http/Message/ResponseTest.php,22,197,1.3,0,0,6,11,0
guzzle,260,100624,dc0c0bd032c2b874f4723c5bad5de2c666332e0d,2012-06-07 21:06:40,2012-06-07 22:11:29,3889,1,src/Guzzle/Http/Message/Request.php,10,149,1.2,0,0,7,7,0
guzzle,260,100618,3c4543868a282401935c066ac6eca80a23524e13,2012-06-13 17:27:06,2012-06-24 19:16:08,956942,2,src/Guzzle/Service/Command/DynamicCommand.php,11,5,0.3,0,0,1,0,0
guzzle,260,100618,3c4543868a282401935c066ac6eca80a23524e13,2012-06-13 17:27:06,2012-06-24 19:16:08,956942,2,tests/Guzzle/Tests/Service/Command/DynamicCommandTest.php,46,73,1.4,0,0,1,7,0
guzzle,260,100614,f22d8a849a9424fa5a9cf9876efab780c562f810,2012-06-15 06:56:44,2012-06-15 07:04:16,452,3,tests/Guzzle/Tests/Service/Command/CommandTest.php,2,91,1.3,0,0,2,3,0
guzzle,260,100613,f22d8a849a9424fa5a9cf9876efab780c562f810,2012-06-15 06:56:53,2012-06-15 07:04:16,443,3,tests/Guzzle/Tests/Service/Command/CommandTest.php,2,91,1.3,0,0,2,3,0
guzzle,260,100611,e914e7a4e7e1b66c68c06bed2bba228a03a076c4,2012-06-15 12:56:42,2012-06-24 18:56:39,799197,6,src/Guzzle/Http/Curl/CurlHandle.php,2,69,1.0,0,0,5,1,4
guzzle,260,100611,e914e7a4e7e1b66c68c06bed2bba228a03a076c4,2012-06-15 12:56:42,2012-06-24 18:56:39,799197,6,src/Guzzle/Http/Plugin/LogPlugin.php,1,76,1.8,0,0,14,3,0
guzzle,260,100611,e914e7a4e7e1b66c68c06bed2bba228a03a076c4,2012-06-15 12:56:42,2012-06-24 18:56:39,799197,6,tests/Guzzle/Tests/Http/ClientTest.php,4,191,1.6,0,0,2,11,0
guzzle,260,100611,e914e7a4e7e1b66c68c06bed2bba228a03a076c4,2012-06-15 12:56:42,2012-06-24 18:56:39,799197,6,tests/Guzzle/Tests/Http/Curl/CurlHandleTest.php,16,484,2.6,0,0,6,25,0
guzzle,260,100611,e914e7a4e7e1b66c68c06bed2bba228a03a076c4,2012-06-15 12:56:42,2012-06-24 18:56:39,799197,6,tests/Guzzle/Tests/Http/Message/EntityEnclosingRequestTest.php,2,110,1.8,0,0,2,9,0
guzzle,260,100611,e914e7a4e7e1b66c68c06bed2bba228a03a076c4,2012-06-15 12:56:42,2012-06-24 18:56:39,799197,6,tests/Guzzle/Tests/Http/Plugin/LogPluginTest.php,3,20,0.4,0,0,2,1,0
guzzle,260,100604,ce60434f549ffcee66609fa0dbd7a85246f149fe,2012-06-28 17:52:58,2012-06-29 01:32:15,27557,2,src/Guzzle/Http/Parser/UriTemplate/UriTemplate.php,25,116,2.7,0,0,9,3,0
guzzle,260,100604,ce60434f549ffcee66609fa0dbd7a85246f149fe,2012-06-28 17:52:58,2012-06-29 01:32:15,27557,2,tests/Guzzle/Tests/Http/Parser/UriTemplate/UriTemplateTest.php,26,71,1.6,0,0,1,5,0
guzzle,260,100603,569cdb1c371c57c4046a14b61395d01e5cdf6ab0,2012-06-28 23:28:03,2012-06-29 19:55:11,73628,4,src/Guzzle/Http/Message/Request.php,2,149,1.2,0,0,7,7,0
guzzle,260,100603,569cdb1c371c57c4046a14b61395d01e5cdf6ab0,2012-06-28 23:28:03,2012-06-29 19:55:11,73628,4,src/Guzzle/Http/Message/RequestInterface.php,2,60,3.3,0,0,1,0,0
guzzle,260,100603,569cdb1c371c57c4046a14b61395d01e5cdf6ab0,2012-06-28 23:28:03,2012-06-29 19:55:11,73628,4,src/Guzzle/Http/Plugin/CachePlugin.php,124,119,1.8,0,0,9,5,0
guzzle,260,100603,569cdb1c371c57c4046a14b61395d01e5cdf6ab0,2012-06-28 23:28:03,2012-06-29 19:55:11,73628,4,tests/Guzzle/Tests/Http/Plugin/CachePluginTest.php,63,86,1.1,0,0,0,10,0
guzzle,260,100599,c8b3c4c3d07c3469dd7bfc758e1e631a723e3bb7,2012-07-06 08:05:45,2012-07-09 05:39:11,250406,8,src/Guzzle/Http/Curl/CurlHandle.php,44,69,1.0,0,0,5,1,4
guzzle,260,100599,c8b3c4c3d07c3469dd7bfc758e1e631a723e3bb7,2012-07-06 08:05:45,2012-07-09 05:39:11,250406,8,src/Guzzle/Http/Message/AbstractMessage.php,18,5,0.1,0,0,1,0,0
guzzle,260,100599,c8b3c4c3d07c3469dd7bfc758e1e631a723e3bb7,2012-07-06 08:05:45,2012-07-09 05:39:11,250406,8,src/Guzzle/Http/Message/EntityEnclosingRequest.php,34,24,0.7,0,0,0,3,0
guzzle,260,100599,c8b3c4c3d07c3469dd7bfc758e1e631a723e3bb7,2012-07-06 08:05:45,2012-07-09 05:39:11,250406,8,src/Guzzle/Http/Message/EntityEnclosingRequestInterface.php,8,0,0.0,0,0,0,0,0
guzzle,260,100599,c8b3c4c3d07c3469dd7bfc758e1e631a723e3bb7,2012-07-06 08:05:45,2012-07-09 05:39:11,250406,8,src/Guzzle/Http/Message/Request.php,4,149,1.2,0,0,7,7,0
guzzle,260,100599,c8b3c4c3d07c3469dd7bfc758e1e631a723e3bb7,2012-07-06 08:05:45,2012-07-09 05:39:11,250406,8,tests/Guzzle/Tests/Http/Curl/CurlHandleTest.php,75,484,2.6,0,0,6,25,0
guzzle,260,100599,c8b3c4c3d07c3469dd7bfc758e1e631a723e3bb7,2012-07-06 08:05:45,2012-07-09 05:39:11,250406,8,tests/Guzzle/Tests/Http/Curl/CurlMultiTest.php,16,209,1.8,0,0,6,9,0
guzzle,260,100599,c8b3c4c3d07c3469dd7bfc758e1e631a723e3bb7,2012-07-06 08:05:45,2012-07-09 05:39:11,250406,8,tests/Guzzle/Tests/Http/Message/EntityEnclosingRequestTest.php,10,110,1.8,0,0,2,9,0
guzzle,280,100590,9effe2fb8280ec68b99e96ca04531be639147728,2012-07-18 12:44:35,2012-08-04 21:03:08,1498713,60,src/Guzzle/Common/Batch/Batch.php,1,5,0.3,0,0,1,0,0
guzzle,280,100590,9effe2fb8280ec68b99e96ca04531be639147728,2012-07-18 12:44:35,2012-08-04 21:03:08,1498713,60,src/Guzzle/Common/Batch/BatchDivisorInterface.php,2,0,0.0,0,0,0,0,0
guzzle,280,100590,9effe2fb8280ec68b99e96ca04531be639147728,2012-07-18 12:44:35,2012-08-04 21:03:08,1498713,60,src/Guzzle/Common/Batch/BatchInterface.php,8,0,0.0,0,0,0,0,0
guzzle,280,100590,9effe2fb8280ec68b99e96ca04531be639147728,2012-07-18 12:44:35,2012-08-04 21:03:08,1498713,60,src/Guzzle/Common/Batch/BatchTransferInterface.php,2,0,0.0,0,0,0,0,0
guzzle,280,100590,9effe2fb8280ec68b99e96ca04531be639147728,2012-07-18 12:44:35,2012-08-04 21:03:08,1498713,60,src/Guzzle/Common/Cache/CacheAdapterInterface.php,25,0,0.0,0,0,0,0,0
guzzle,280,100590,9effe2fb8280ec68b99e96ca04531be639147728,2012-07-18 12:44:35,2012-08-04 21:03:08,1498713,60,src/Guzzle/Common/Cache/Zf1CacheAdapter.php,2,0,0.0,0,0,0,0,0
guzzle,280,100590,9effe2fb8280ec68b99e96ca04531be639147728,2012-07-18 12:44:35,2012-08-04 21:03:08,1498713,60,src/Guzzle/Common/Collection.php,20,60,1.2,0,0,1,0,0
guzzle,280,100590,9effe2fb8280ec68b99e96ca04531be639147728,2012-07-18 12:44:35,2012-08-04 21:03:08,1498713,60,src/Guzzle/Common/Exception/ExceptionCollection.php,4,0,0.0,0,0,0,0,0
guzzle,280,100590,9effe2fb8280ec68b99e96ca04531be639147728,2012-07-18 12:44:35,2012-08-04 21:03:08,1498713,60,src/Guzzle/Common/FromConfigInterface.php,2,0,0.0,0,0,0,0,0
guzzle,280,100590,9effe2fb8280ec68b99e96ca04531be639147728,2012-07-18 12:44:35,2012-08-04 21:03:08,1498713,60,src/Guzzle/Common/HasDispatcherInterface.php,10,0,0.0,0,0,0,0,0
guzzle,280,100590,9effe2fb8280ec68b99e96ca04531be639147728,2012-07-18 12:44:35,2012-08-04 21:03:08,1498713,60,src/Guzzle/Common/Inflection/InflectorInterface.php,4,0,0.0,0,0,0,0,0
guzzle,280,100590,9effe2fb8280ec68b99e96ca04531be639147728,2012-07-18 12:44:35,2012-08-04 21:03:08,1498713,60,src/Guzzle/Common/Log/LogAdapterInterface.php,2,0,0.0,0,0,0,0,0
guzzle,280,100590,9effe2fb8280ec68b99e96ca04531be639147728,2012-07-18 12:44:35,2012-08-04 21:03:08,1498713,60,src/Guzzle/Common/Stream.php,12,64,1.5,0,0,21,2,0
guzzle,280,100590,9effe2fb8280ec68b99e96ca04531be639147728,2012-07-18 12:44:35,2012-08-04 21:03:08,1498713,60,src/Guzzle/Common/Validation/AnyMatch.php,1,18,2.1,0,0,0,2,0
guzzle,280,100590,9effe2fb8280ec68b99e96ca04531be639147728,2012-07-18 12:44:35,2012-08-04 21:03:08,1498713,60,src/Guzzle/Common/Validation/ConstraintInterface.php,5,0,0.0,0,0,0,0,0
guzzle,280,100590,9effe2fb8280ec68b99e96ca04531be639147728,2012-07-18 12:44:35,2012-08-04 21:03:08,1498713,60,src/Guzzle/Http/Client.php,5,60,0.9,0,0,1,0,0
guzzle,280,100590,9effe2fb8280ec68b99e96ca04531be639147728,2012-07-18 12:44:35,2012-08-04 21:03:08,1498713,60,src/Guzzle/Http/ClientInterface.php,47,60,6.3,0,0,1,0,0
guzzle,280,100590,9effe2fb8280ec68b99e96ca04531be639147728,2012-07-18 12:44:35,2012-08-04 21:03:08,1498713,60,src/Guzzle/Http/Cookie.php,2,140,2.7,0,0,1,10,0
guzzle,280,100590,9effe2fb8280ec68b99e96ca04531be639147728,2012-07-18 12:44:35,2012-08-04 21:03:08,1498713,60,src/Guzzle/Http/CookieJar/ArrayCookieJar.php,2,22,0.5,0,0,2,1,0
guzzle,280,100590,9effe2fb8280ec68b99e96ca04531be639147728,2012-07-18 12:44:35,2012-08-04 21:03:08,1498713,60,src/Guzzle/Http/CookieJar/CookieJarInterface.php,14,0,0.0,0,0,0,0,0
guzzle,280,100590,9effe2fb8280ec68b99e96ca04531be639147728,2012-07-18 12:44:35,2012-08-04 21:03:08,1498713,60,src/Guzzle/Http/Curl/CurlHandle.php,2,71,0.9,0,0,5,1,4
guzzle,280,100590,9effe2fb8280ec68b99e96ca04531be639147728,2012-07-18 12:44:35,2012-08-04 21:03:08,1498713,60,src/Guzzle/Http/Curl/CurlMulti.php,7,114,1.2,0,0,21,2,0
guzzle,280,100590,9effe2fb8280ec68b99e96ca04531be639147728,2012-07-18 12:44:35,2012-08-04 21:03:08,1498713,60,src/Guzzle/Http/Curl/CurlMultiInterface.php,12,0,0.0,0,0,0,0,0
guzzle,280,100590,9effe2fb8280ec68b99e96ca04531be639147728,2012-07-18 12:44:35,2012-08-04 21:03:08,1498713,60,src/Guzzle/Http/Curl/CurlVersion.php,2,8,1.0,0,0,3,1,0
guzzle,280,100590,9effe2fb8280ec68b99e96ca04531be639147728,2012-07-18 12:44:35,2012-08-04 21:03:08,1498713,60,src/Guzzle/Http/Curl/RequestMediator.php,2,23,1.3,0,0,3,1,0
guzzle,280,100590,9effe2fb8280ec68b99e96ca04531be639147728,2012-07-18 12:44:35,2012-08-04 21:03:08,1498713,60,src/Guzzle/Http/Message/AbstractMessage.php,105,0,0.0,0,0,0,0,0
guzzle,280,100590,9effe2fb8280ec68b99e96ca04531be639147728,2012-07-18 12:44:35,2012-08-04 21:03:08,1498713,60,src/Guzzle/Http/Message/Header.php,8,10,0.3,0,0,1,0,0
guzzle,280,100590,9effe2fb8280ec68b99e96ca04531be639147728,2012-07-18 12:44:35,2012-08-04 21:03:08,1498713,60,src/Guzzle/Http/Message/HeaderComparison.php,4,4,0.2,0,0,0,2,0
guzzle,280,100590,9effe2fb8280ec68b99e96ca04531be639147728,2012-07-18 12:44:35,2012-08-04 21:03:08,1498713,60,src/Guzzle/Http/Message/MessageInterface.php,37,0,0.0,0,0,0,0,0
guzzle,280,100590,9effe2fb8280ec68b99e96ca04531be639147728,2012-07-18 12:44:35,2012-08-04 21:03:08,1498713,60,src/Guzzle/Http/Message/PostFileInterface.php,16,0,0.0,0,0,0,0,0
guzzle,280,100590,9effe2fb8280ec68b99e96ca04531be639147728,2012-07-18 12:44:35,2012-08-04 21:03:08,1498713,60,src/Guzzle/Http/Message/Request.php,8,139,1.1,0,0,7,6,0
guzzle,280,100590,9effe2fb8280ec68b99e96ca04531be639147728,2012-07-18 12:44:35,2012-08-04 21:03:08,1498713,60,src/Guzzle/Http/Message/RequestInterface.php,70,60,3.4,0,0,1,0,0
guzzle,280,100590,9effe2fb8280ec68b99e96ca04531be639147728,2012-07-18 12:44:35,2012-08-04 21:03:08,1498713,60,src/Guzzle/Http/Message/Response.php,2,122,1.1,0,0,5,2,0
guzzle,280,100590,9effe2fb8280ec68b99e96ca04531be639147728,2012-07-18 12:44:35,2012-08-04 21:03:08,1498713,60,src/Guzzle/Http/Plugin/ExponentialBackoffPlugin.php,2,25,0.7,0,0,11,0,0
guzzle,280,100590,9effe2fb8280ec68b99e96ca04531be639147728,2012-07-18 12:44:35,2012-08-04 21:03:08,1498713,60,src/Guzzle/Http/Plugin/HistoryPlugin.php,2,0,0.0,0,0,0,0,0
guzzle,280,100590,9effe2fb8280ec68b99e96ca04531be639147728,2012-07-18 12:44:35,2012-08-04 21:03:08,1498713,60,src/Guzzle/Http/Plugin/LogPlugin.php,2,76,1.8,0,0,14,3,0
guzzle,280,100590,9effe2fb8280ec68b99e96ca04531be639147728,2012-07-18 12:44:35,2012-08-04 21:03:08,1498713,60,src/Guzzle/Http/QueryString.php,2,4,0.1,0,0,2,0,0
guzzle,280,100590,9effe2fb8280ec68b99e96ca04531be639147728,2012-07-18 12:44:35,2012-08-04 21:03:08,1498713,60,src/Guzzle/Http/Url.php,2,163,1.9,0,0,7,4,0
guzzle,280,100590,9effe2fb8280ec68b99e96ca04531be639147728,2012-07-18 12:44:35,2012-08-04 21:03:08,1498713,60,src/Guzzle/Parser/Cookie/CookieParserInterface.php,2,0,0.0,0,0,0,0,0
guzzle,280,100590,9effe2fb8280ec68b99e96ca04531be639147728,2012-07-18 12:44:35,2012-08-04 21:03:08,1498713,60,src/Guzzle/Parser/Message/MessageParserInterface.php,4,0,0.0,0,0,0,0,0
guzzle,280,100590,9effe2fb8280ec68b99e96ca04531be639147728,2012-07-18 12:44:35,2012-08-04 21:03:08,1498713,60,src/Guzzle/Parser/Url/UrlParserInterface.php,2,0,0.0,0,0,0,0,0
guzzle,280,100590,9effe2fb8280ec68b99e96ca04531be639147728,2012-07-18 12:44:35,2012-08-04 21:03:08,1498713,60,src/Guzzle/Service/AbstractFactory.php,2,0,0.0,0,0,0,0,0
guzzle,280,100590,9effe2fb8280ec68b99e96ca04531be639147728,2012-07-18 12:44:35,2012-08-04 21:03:08,1498713,60,src/Guzzle/Service/Builder/ServiceBuilder.php,3,11,0.5,0,0,4,0,0
guzzle,280,100590,9effe2fb8280ec68b99e96ca04531be639147728,2012-07-18 12:44:35,2012-08-04 21:03:08,1498713,60,src/Guzzle/Service/Builder/ServiceBuilderFactoryInterface.php,2,0,0.0,0,0,0,0,0
guzzle,280,100590,9effe2fb8280ec68b99e96ca04531be639147728,2012-07-18 12:44:35,2012-08-04 21:03:08,1498713,60,src/Guzzle/Service/Builder/ServiceBuilderInterface.php,4,0,0.0,0,0,0,0,0
guzzle,280,100590,9effe2fb8280ec68b99e96ca04531be639147728,2012-07-18 12:44:35,2012-08-04 21:03:08,1498713,60,src/Guzzle/Service/Client.php,1,12,0.3,0,0,2,1,0
guzzle,280,100590,9effe2fb8280ec68b99e96ca04531be639147728,2012-07-18 12:44:35,2012-08-04 21:03:08,1498713,60,src/Guzzle/Service/ClientInterface.php,19,0,0.0,0,0,0,0,0
guzzle,280,100590,9effe2fb8280ec68b99e96ca04531be639147728,2012-07-18 12:44:35,2012-08-04 21:03:08,1498713,60,src/Guzzle/Service/Command/AbstractCommand.php,5,83,1.5,0,0,8,0,0
guzzle,280,100590,9effe2fb8280ec68b99e96ca04531be639147728,2012-07-18 12:44:35,2012-08-04 21:03:08,1498713,60,src/Guzzle/Service/Command/ClosureCommand.php,1,0,0.0,0,0,0,0,0
guzzle,280,100590,9effe2fb8280ec68b99e96ca04531be639147728,2012-07-18 12:44:35,2012-08-04 21:03:08,1498713,60,src/Guzzle/Service/Command/CommandInterface.php,30,0,0.0,0,0,0,0,0
guzzle,280,100590,9effe2fb8280ec68b99e96ca04531be639147728,2012-07-18 12:44:35,2012-08-04 21:03:08,1498713,60,src/Guzzle/Service/Command/Factory/FactoryInterface.php,2,0,0.0,0,0,0,0,0
guzzle,280,100590,9effe2fb8280ec68b99e96ca04531be639147728,2012-07-18 12:44:35,2012-08-04 21:03:08,1498713,60,src/Guzzle/Service/Command/Factory/MapFactory.php,5,0,0.0,0,0,0,0,0
guzzle,280,100590,9effe2fb8280ec68b99e96ca04531be639147728,2012-07-18 12:44:35,2012-08-04 21:03:08,1498713,60,src/Guzzle/Service/Description/DescriptionBuilderInterface.php,2,0,0.0,0,0,0,0,0
guzzle,280,100590,9effe2fb8280ec68b99e96ca04531be639147728,2012-07-18 12:44:35,2012-08-04 21:03:08,1498713,60,src/Guzzle/Service/Description/ServiceDescriptionFactoryInterface.php,2,0,0.0,0,0,0,0,0
guzzle,280,100590,9effe2fb8280ec68b99e96ca04531be639147728,2012-07-18 12:44:35,2012-08-04 21:03:08,1498713,60,src/Guzzle/Service/Inspector.php,3,24,0.8,0,0,3,2,0
guzzle,280,100590,9effe2fb8280ec68b99e96ca04531be639147728,2012-07-18 12:44:35,2012-08-04 21:03:08,1498713,60,src/Guzzle/Service/Resource/ResourceIteratorFactoryInterface.php,2,0,0.0,0,0,0,0,0
guzzle,280,100590,9effe2fb8280ec68b99e96ca04531be639147728,2012-07-18 12:44:35,2012-08-04 21:03:08,1498713,60,src/Guzzle/Service/Resource/ResourceIteratorInterface.php,12,0,0.0,0,0,0,0,0
guzzle,280,100589,aeeb31a4edf27d99d7cb8305c2313dd9abe28597,2012-07-19 10:24:57,2012-07-21 02:54:22,145765,2,src/Guzzle/Http/QueryString.php,11,4,0.1,0,0,2,0,0
guzzle,280,100589,aeeb31a4edf27d99d7cb8305c2313dd9abe28597,2012-07-19 10:24:57,2012-07-21 02:54:22,145765,2,tests/Guzzle/Tests/Http/QueryStringTest.php,9,26,0.6,0,0,0,3,0
guzzle,280,100587,dffa97fcb9fc381ccc6985bb975cbf690a00e939,2012-07-23 18:06:06,2012-07-24 20:56:03,96597,2,src/Guzzle/Http/Curl/CurlHandle.php,3,71,0.9,0,0,5,1,4
guzzle,280,100587,dffa97fcb9fc381ccc6985bb975cbf690a00e939,2012-07-23 18:06:06,2012-07-24 20:56:03,96597,2,tests/Guzzle/Tests/Http/Curl/CurlHandleTest.php,16,476,2.4,0,0,6,26,0
guzzle,280,100586,bc6cbc8cd371ec1a2eb77fd9bb78686eb91041b9,2012-07-24 05:27:19,2012-07-24 05:49:31,1332,2,src/Guzzle/Http/QueryString.php,2,4,0.1,0,0,2,0,0
guzzle,280,100586,bc6cbc8cd371ec1a2eb77fd9bb78686eb91041b9,2012-07-24 05:27:19,2012-07-24 05:49:31,1332,2,tests/Guzzle/Tests/Http/QueryStringTest.php,14,26,0.6,0,0,0,3,0
guzzle,280,100582,58d64327264ae582920103181033ef9862712878,2012-07-28 22:53:51,2012-07-30 19:13:48,159597,2,src/Guzzle/Http/Plugin/ExponentialBackoffPlugin.php,2,25,0.7,0,0,11,0,0
guzzle,280,100582,58d64327264ae582920103181033ef9862712878,2012-07-28 22:53:51,2012-07-30 19:13:48,159597,2,tests/Guzzle/Tests/Http/Plugin/ExponentialBackoffTest.php,34,68,1.2,0,0,2,5,0
guzzle,280,100574,5b0277b0b359c3d8f8074146bbaa35ec252d60b8,2012-08-13 16:39:38,2012-08-15 01:14:35,117297,2,src/Guzzle/Http/Curl/CurlHandle.php,54,71,0.9,0,0,5,1,4
guzzle,280,100574,5b0277b0b359c3d8f8074146bbaa35ec252d60b8,2012-08-13 16:39:38,2012-08-15 01:14:35,117297,2,tests/Guzzle/Tests/Http/Curl/CurlHandleTest.php,63,476,2.4,0,0,6,26,0
guzzle,280,100559,e6fe489fe8e557fbaf81f27378b0dd510326c506,2012-09-14 06:52:24,2012-09-30 01:26:24,1362840,2,src/Guzzle/Http/Plugin/OauthPlugin.php,17,62,2.2,0,0,0,7,0
guzzle,280,100559,e6fe489fe8e557fbaf81f27378b0dd510326c506,2012-09-14 06:52:24,2012-09-30 01:26:24,1362840,2,tests/Guzzle/Tests/Http/Plugin/OauthPluginTest.php,11,34,0.9,0,0,9,2,0
guzzle,280,100553,6bcb1460eacdab9fab0ae4ec5d54c761781c6f41,2012-09-28 12:18:48,2012-09-29 21:46:21,120453,1,src/Guzzle/Http/Curl/CurlMulti.php,8,114,1.2,0,0,21,2,0
guzzle,280,100551,d23fabc7626a44dffef83d994ffc006e40e02dfd,2012-09-30 07:52:06,2012-09-30 08:13:47,1301,2,src/Guzzle/Http/Plugin/OauthPlugin.php,6,62,2.2,0,0,0,7,0
guzzle,280,100551,d23fabc7626a44dffef83d994ffc006e40e02dfd,2012-09-30 07:52:06,2012-09-30 08:13:47,1301,2,tests/Guzzle/Tests/Http/Plugin/OauthPluginTest.php,10,34,0.9,0,0,9,2,0
guzzle,280,100549,fffc167ccec943fa1638b7542cc9131379bcf88a,2012-10-15 19:35:34,2012-10-15 23:35:21,14387,2,src/Guzzle/Http/Cookie.php,26,140,2.7,0,0,1,10,0
guzzle,280,100549,fffc167ccec943fa1638b7542cc9131379bcf88a,2012-10-15 19:35:34,2012-10-15 23:35:21,14387,2,tests/Guzzle/Tests/Http/CookieTest.php,9,22,0.5,0,0,0,2,0
guzzle,300,100539,4d873b3d305fbc9bd591e0596ba1fe9ac032b784,2012-10-30 13:49:23,2012-10-30 17:38:49,13766,2,src/Guzzle/Http/Message/Response.php,12,122,1.0,0,0,5,2,0
guzzle,300,100539,4d873b3d305fbc9bd591e0596ba1fe9ac032b784,2012-10-30 13:49:23,2012-10-30 17:38:49,13766,2,tests/Guzzle/Tests/Http/Message/ResponseTest.php,14,187,1.2,0,0,4,11,0
guzzle,300,100528,1ce92aafa7564882e1766a92153c7dd7f01baca7,2012-11-08 15:12:09,2012-11-08 16:47:08,5699,2,src/Guzzle/Http/Message/Request.php,3,134,1.0,0,0,6,6,0
guzzle,300,100528,1ce92aafa7564882e1766a92153c7dd7f01baca7,2012-11-08 15:12:09,2012-11-08 16:47:08,5699,2,tests/Guzzle/Tests/Http/Message/RequestTest.php,3,244,1.6,0,0,5,17,0
guzzle,300,100523,fe867192cf404b11e4ad9a18ae5d40556b7be83f,2012-11-13 20:30:02,2012-11-18 01:33:28,363806,2,src/Guzzle/Http/Curl/CurlHandle.php,4,79,0.9,0,0,5,2,0
guzzle,300,100523,fe867192cf404b11e4ad9a18ae5d40556b7be83f,2012-11-13 20:30:02,2012-11-18 01:33:28,363806,2,tests/Guzzle/Tests/Http/Message/RequestTest.php,14,244,1.6,0,0,5,17,0
guzzle,300,100502,2cde3a83776133ef05399c6919b71bdc679d3fd8,2012-12-08 19:11:01,2013-01-10 01:13:00,2786519,2,phing/tasks/GuzzlePearPharPackageTask.php,1,117,1.4,0,0,5,9,0
guzzle,300,100501,2cde3a83776133ef05399c6919b71bdc679d3fd8,2012-12-08 19:17:52,2013-01-10 01:13:00,2786108,2,phing/tasks/GuzzlePearPharPackageTask.php,1,117,1.4,0,0,5,9,0
guzzle,300,100497,74176d3415495ddf69e85e8e74758eeab0e458cc,2012-12-30 02:59:36,2012-12-30 22:05:12,68736,9,src/Guzzle/Common/Exception/ExceptionCollection.php,10,0,0.0,0,0,0,0,0
guzzle,300,100497,74176d3415495ddf69e85e8e74758eeab0e458cc,2012-12-30 02:59:36,2012-12-30 22:05:12,68736,9,src/Guzzle/Http/Client.php,9,74,0.9,0,0,7,1,0
guzzle,300,100497,74176d3415495ddf69e85e8e74758eeab0e458cc,2012-12-30 02:59:36,2012-12-30 22:05:12,68736,9,src/Guzzle/Http/Curl/CurlMulti.php,2,120,1.2,0,0,21,2,0
guzzle,300,100497,74176d3415495ddf69e85e8e74758eeab0e458cc,2012-12-30 02:59:36,2012-12-30 22:05:12,68736,9,src/Guzzle/Service/Client.php,42,15,0.3,0,0,2,1,0
guzzle,300,100497,74176d3415495ddf69e85e8e74758eeab0e458cc,2012-12-30 02:59:36,2012-12-30 22:05:12,68736,9,tests/Guzzle/Tests/Common/Exception/ExceptionCollectionTest.php,1,0,0.0,0,0,0,0,0
guzzle,300,100497,74176d3415495ddf69e85e8e74758eeab0e458cc,2012-12-30 02:59:36,2012-12-30 22:05:12,68736,9,tests/Guzzle/Tests/Service/ClientTest.php,37,114,1.5,0,0,1,6,0
guzzle,300,100494,8da4aabb2e08b970c55cd04bc33bcd039596593f,2013-01-07 13:50:40,2013-01-08 22:43:40,118380,1,src/Guzzle/Service/Command/LocationVisitor/Request/JsonVisitor.php,2,0,0.0,0,0,0,0,0
guzzle,300,100491,c26db3b08a5d3e772f05b59ce7ab9858b268ea5f,2013-01-09 09:45:22,2013-01-10 02:26:01,60039,7,src/Guzzle/Plugin/Cache/AbstractCallbackStrategy.php,29,0,0.0,0,0,0,0,0
guzzle,300,100491,c26db3b08a5d3e772f05b59ce7ab9858b268ea5f,2013-01-09 09:45:22,2013-01-10 02:26:01,60039,7,src/Guzzle/Plugin/Cache/CachePlugin.php,6,94,2.2,0,0,4,6,0
guzzle,300,100491,c26db3b08a5d3e772f05b59ce7ab9858b268ea5f,2013-01-09 09:45:22,2013-01-10 02:26:01,60039,7,src/Guzzle/Plugin/Cache/CallbackCacheKeyProvider.php,20,0,0.0,0,0,0,0,0
guzzle,300,100491,c26db3b08a5d3e772f05b59ce7ab9858b268ea5f,2013-01-09 09:45:22,2013-01-10 02:26:01,60039,7,src/Guzzle/Plugin/Cache/CallbackCanCacheStrategy.php,48,0,0.0,0,0,0,0,0
guzzle,300,100491,c26db3b08a5d3e772f05b59ce7ab9858b268ea5f,2013-01-09 09:45:22,2013-01-10 02:26:01,60039,7,src/Guzzle/Plugin/Cache/CanCacheStrategyInterface.php,10,0,0.0,0,0,0,0,0
guzzle,300,100491,c26db3b08a5d3e772f05b59ce7ab9858b268ea5f,2013-01-09 09:45:22,2013-01-10 02:26:01,60039,7,src/Guzzle/Plugin/Cache/DefaultCanCacheStrategy.php,9,0,0.0,0,0,0,0,0
guzzle,300,100491,c26db3b08a5d3e772f05b59ce7ab9858b268ea5f,2013-01-09 09:45:22,2013-01-10 02:26:01,60039,7,tests/Guzzle/Tests/Plugin/Cache/CallbackCanCacheStrategyTest.php,50,10,2.2,0,0,2,0,0
guzzle,300,100488,a00adad5864b3be57c0dd4ffdfd7feec8c3b3b37,2013-01-10 18:26:47,2013-06-01 22:50:07,12284600,2,src/Guzzle/Plugin/Cache/CachePlugin.php,15,94,2.2,0,0,4,6,0
guzzle,300,100488,a00adad5864b3be57c0dd4ffdfd7feec8c3b3b37,2013-01-10 18:26:47,2013-06-01 22:50:07,12284600,2,tests/Guzzle/Tests/Plugin/Cache/CachePluginTest.php,5,146,2.9,0,0,2,11,0
guzzle,300,100480,53260156a5370e238f63809325a25d2ab665282c,2013-01-22 15:11:22,2013-01-23 07:55:07,60225,18,src/Guzzle/Service/Command/AbstractCommand.php,11,90,1.4,0,0,12,1,0
guzzle,300,100480,53260156a5370e238f63809325a25d2ab665282c,2013-01-22 15:11:22,2013-01-23 07:55:07,60225,18,src/Guzzle/Service/Command/DefaultRequestSerializer.php,124,6,0.3,0,0,3,0,0
guzzle,300,100480,53260156a5370e238f63809325a25d2ab665282c,2013-01-22 15:11:22,2013-01-23 07:55:07,60225,18,src/Guzzle/Service/Command/DefaultResponseParser.php,5,11,0.8,0,0,4,0,0
guzzle,300,100480,53260156a5370e238f63809325a25d2ab665282c,2013-01-22 15:11:22,2013-01-23 07:55:07,60225,18,src/Guzzle/Service/Command/LocationVisitor/Response/AbstractResponseVisitor.php,6,0,0.0,0,0,0,0,0
guzzle,300,100480,53260156a5370e238f63809325a25d2ab665282c,2013-01-22 15:11:22,2013-01-23 07:55:07,60225,18,src/Guzzle/Service/Command/LocationVisitor/Response/JsonVisitor.php,42,10,0.8,0,0,1,0,0
guzzle,300,100480,53260156a5370e238f63809325a25d2ab665282c,2013-01-22 15:11:22,2013-01-23 07:55:07,60225,18,src/Guzzle/Service/Command/LocationVisitor/Response/ResponseVisitorInterface.php,11,0,0.0,0,0,0,0,0
guzzle,300,100480,53260156a5370e238f63809325a25d2ab665282c,2013-01-22 15:11:22,2013-01-23 07:55:07,60225,18,src/Guzzle/Service/Command/LocationVisitor/Response/XmlVisitor.php,10,25,1.2,0,0,2,1,0
guzzle,300,100480,53260156a5370e238f63809325a25d2ab665282c,2013-01-22 15:11:22,2013-01-23 07:55:07,60225,18,src/Guzzle/Service/Command/NoTranslationOperationResponseParser.php,29,0,0.0,0,0,0,0,0
guzzle,300,100480,53260156a5370e238f63809325a25d2ab665282c,2013-01-22 15:11:22,2013-01-23 07:55:07,60225,18,src/Guzzle/Service/Command/OperationCommand.php,32,8,0.7,0,0,4,0,0
guzzle,300,100480,53260156a5370e238f63809325a25d2ab665282c,2013-01-22 15:11:22,2013-01-23 07:55:07,60225,18,src/Guzzle/Service/Command/OperationResponseParser.php,104,0,0.0,0,0,0,0,0
guzzle,300,100480,53260156a5370e238f63809325a25d2ab665282c,2013-01-22 15:11:22,2013-01-23 07:55:07,60225,18,tests/Guzzle/Tests/Service/ClientTest.php,10,114,1.5,0,0,1,6,0
guzzle,300,100480,53260156a5370e238f63809325a25d2ab665282c,2013-01-22 15:11:22,2013-01-23 07:55:07,60225,18,tests/Guzzle/Tests/Service/Command/DefaultRequestSerializerTest.php,8,0,0.0,0,0,0,0,0
guzzle,300,100480,53260156a5370e238f63809325a25d2ab665282c,2013-01-22 15:11:22,2013-01-23 07:55:07,60225,18,tests/Guzzle/Tests/Service/Command/LocationVisitor/Response/JsonVisitorTest.php,14,8,0.5,0,0,0,1,0
guzzle,300,100480,53260156a5370e238f63809325a25d2ab665282c,2013-01-22 15:11:22,2013-01-23 07:55:07,60225,18,tests/Guzzle/Tests/Service/Command/LocationVisitor/Response/XmlVisitorTest.php,14,130,1.8,0,0,0,8,0
guzzle,300,100480,53260156a5370e238f63809325a25d2ab665282c,2013-01-22 15:11:22,2013-01-23 07:55:07,60225,18,tests/Guzzle/Tests/Service/Command/OperationCommandTest.php,24,0,0.0,0,0,0,0,0
guzzle,300,100480,53260156a5370e238f63809325a25d2ab665282c,2013-01-22 15:11:22,2013-01-23 07:55:07,60225,18,tests/Guzzle/Tests/Service/Command/OperationResponseParserTest.php,94,26,0.9,0,0,0,3,0
guzzle,300,100477,6c19fca9d1731d6a4e53adcaa0ee904c4f44d07e,2013-01-23 21:20:22,2013-01-24 02:50:26,19804,2,src/Guzzle/Http/Curl/CurlHandle.php,7,79,0.9,0,0,5,2,0
guzzle,300,100477,6c19fca9d1731d6a4e53adcaa0ee904c4f44d07e,2013-01-23 21:20:22,2013-01-24 02:50:26,19804,2,tests/Guzzle/Tests/Http/Curl/CurlHandleTest.php,18,650,2.7,0,1,7,27,0
guzzle,300,100466,9cd905eeb918d0e3274ce10509c6e3b18e4a499a,2013-01-31 06:08:05,2013-01-31 19:52:30,49465,3,src/Guzzle/Http/Message/Request.php,24,134,1.0,0,0,6,6,0
guzzle,300,100466,9cd905eeb918d0e3274ce10509c6e3b18e4a499a,2013-01-31 06:08:05,2013-01-31 19:52:30,49465,3,src/Guzzle/Http/Message/RequestInterface.php,11,60,3.4,0,0,1,0,0
guzzle,300,100462,88745129f13d45f2baa51f3a29f6a58f231fc3df,2013-02-05 04:04:50,2013-02-08 05:01:35,262605,2,src/Guzzle/Service/Command/LocationVisitor/Request/XmlVisitor.php,14,43,1.3,0,0,2,3,0
guzzle,300,100462,88745129f13d45f2baa51f3a29f6a58f231fc3df,2013-02-05 04:04:50,2013-02-08 05:01:35,262605,2,tests/Guzzle/Tests/Service/Command/LocationVisitor/Request/XmlVisitorTest.php,22,352,2.6,0,0,1,18,0
guzzle,300,100458,c9cada3d92e759ab3477fa3cce8ef9895981fc0b,2013-02-12 23:04:32,2013-02-13 00:31:51,5239,1,src/Guzzle/Http/Curl/CurlHandle.php,7,79,0.9,0,0,5,2,0
guzzle,300,100455,47f4942f39704596533df66ff5c90341ef6d09b7,2013-02-15 15:12:50,2013-02-16 21:14:36,108106,2,src/Guzzle/Http/Message/Request.php,2,134,1.0,0,0,6,6,0
guzzle,300,100455,47f4942f39704596533df66ff5c90341ef6d09b7,2013-02-15 15:12:50,2013-02-16 21:14:36,108106,2,tests/Guzzle/Tests/Http/Message/RequestTest.php,5,244,1.6,0,0,5,17,0
guzzle,300,100452,cb0ab036f5d54621e251e5dd2f9686c4969f2c38,2013-02-20 10:51:46,2013-02-20 19:08:52,29826,1,src/Guzzle/Stream/Stream.php,2,124,2.8,0,0,22,2,0
guzzle,300,100450,bc2a86d1b1b984ac0e1859307dfd18c78841167a,2013-02-20 18:57:01,2013-02-25 03:38:43,376902,2,src/Guzzle/Http/Message/Response.php,4,122,1.0,0,0,5,2,0
guzzle,300,100450,bc2a86d1b1b984ac0e1859307dfd18c78841167a,2013-02-20 18:57:01,2013-02-25 03:38:43,376902,2,tests/Guzzle/Tests/Http/Message/ResponseTest.php,2,187,1.2,0,0,4,11,0
guzzle,300,100446,a2ee43c18653067b0959da9e242e71ebd6e179b4,2013-02-25 23:32:45,2013-03-03 19:56:46,505441,5,src/Guzzle/Service/Command/OperationResponseParser.php,19,0,0.0,0,0,0,0,0
guzzle,300,100446,a2ee43c18653067b0959da9e242e71ebd6e179b4,2013-02-25 23:32:45,2013-03-03 19:56:46,505441,5,tests/Guzzle/Tests/Service/Command/OperationResponseParserTest.php,49,26,0.9,0,0,0,3,0
guzzle,300,100442,6b11d6159d82e568b6838ad6f69c0d57f9ed2b69,2013-03-01 08:43:55,2013-06-02 18:21:18,8069843,15,src/Guzzle/Cache/CacheAdapterFactory.php,40,36,2.3,0,0,2,2,0
guzzle,300,100442,6b11d6159d82e568b6838ad6f69c0d57f9ed2b69,2013-03-01 08:43:55,2013-06-02 18:21:18,8069843,15,src/Guzzle/Plugin/Cache/CacheKeyProviderInterface.php,20,0,0.0,0,0,0,0,0
guzzle,300,100442,6b11d6159d82e568b6838ad6f69c0d57f9ed2b69,2013-03-01 08:43:55,2013-06-02 18:21:18,8069843,15,src/Guzzle/Plugin/Cache/CachePlugin.php,191,94,2.2,0,0,4,6,0
guzzle,300,100442,6b11d6159d82e568b6838ad6f69c0d57f9ed2b69,2013-03-01 08:43:55,2013-06-02 18:21:18,8069843,15,src/Guzzle/Plugin/Cache/CacheStorageInterface.php,31,0,0.0,0,0,0,0,0
guzzle,300,100442,6b11d6159d82e568b6838ad6f69c0d57f9ed2b69,2013-03-01 08:43:55,2013-06-02 18:21:18,8069843,15,src/Guzzle/Plugin/Cache/CallbackCacheKeyProvider.php,32,0,0.0,0,0,0,0,0
guzzle,300,100442,6b11d6159d82e568b6838ad6f69c0d57f9ed2b69,2013-03-01 08:43:55,2013-06-02 18:21:18,8069843,15,src/Guzzle/Plugin/Cache/DefaultCacheKeyProvider.php,58,18,1.9,0,0,5,0,0
guzzle,300,100442,6b11d6159d82e568b6838ad6f69c0d57f9ed2b69,2013-03-01 08:43:55,2013-06-02 18:21:18,8069843,15,src/Guzzle/Plugin/Cache/DefaultCacheStorage.php,238,0,0.0,0,0,0,0,0
guzzle,300,100442,6b11d6159d82e568b6838ad6f69c0d57f9ed2b69,2013-03-01 08:43:55,2013-06-02 18:21:18,8069843,15,src/Guzzle/Plugin/Cache/DefaultRevalidation.php,29,5,0.2,0,0,1,0,0
guzzle,300,100442,6b11d6159d82e568b6838ad6f69c0d57f9ed2b69,2013-03-01 08:43:55,2013-06-02 18:21:18,8069843,15,tests/Guzzle/Tests/Cache/CacheAdapterFactoryTest.php,79,44,2.1,0,0,0,4,0
guzzle,300,100442,6b11d6159d82e568b6838ad6f69c0d57f9ed2b69,2013-03-01 08:43:55,2013-06-02 18:21:18,8069843,15,tests/Guzzle/Tests/Plugin/Cache/CachePluginTest.php,207,146,2.9,0,0,2,11,0
guzzle,300,100442,6b11d6159d82e568b6838ad6f69c0d57f9ed2b69,2013-03-01 08:43:55,2013-06-02 18:21:18,8069843,15,tests/Guzzle/Tests/Plugin/Cache/CallbackCacheKeyProviderTest.php,26,10,2.2,0,0,2,0,0
guzzle,300,100442,6b11d6159d82e568b6838ad6f69c0d57f9ed2b69,2013-03-01 08:43:55,2013-06-02 18:21:18,8069843,15,tests/Guzzle/Tests/Plugin/Cache/CallbackCanCacheStrategyTest.php,4,10,2.2,0,0,2,0,0
guzzle,300,100442,6b11d6159d82e568b6838ad6f69c0d57f9ed2b69,2013-03-01 08:43:55,2013-06-02 18:21:18,8069843,15,tests/Guzzle/Tests/Plugin/Cache/DefaultCacheKeyProviderTest.php,37,0,0.0,0,0,0,0,0
guzzle,300,100442,6b11d6159d82e568b6838ad6f69c0d57f9ed2b69,2013-03-01 08:43:55,2013-06-02 18:21:18,8069843,15,tests/Guzzle/Tests/Plugin/Cache/DefaultCacheStorageTest.php,190,5,0.3,0,0,1,0,0
guzzle,300,100442,6b11d6159d82e568b6838ad6f69c0d57f9ed2b69,2013-03-01 08:43:55,2013-06-02 18:21:18,8069843,15,tests/Guzzle/Tests/Plugin/Cache/DefaultRevalidationTest.php,88,46,1.3,0,0,0,5,0
guzzle,330,100439,624ead32fb8a9b3443e1f2d7c75bcac2f6c7ee4d,2013-03-04 22:19:08,2013-03-07 07:39:15,206407,6,src/Guzzle/Service/AbstractConfigLoader.php,17,0,0.0,0,0,0,0,0
guzzle,330,100439,624ead32fb8a9b3443e1f2d7c75bcac2f6c7ee4d,2013-03-04 22:19:08,2013-03-07 07:39:15,206407,6,tests/Guzzle/Tests/Service/AbstractConfigLoaderTest.php,13,54,2.0,0,0,0,5,0
guzzle,330,100438,11801ca88bbc10deb2710c2dd7d6052f6c78b237,2013-03-05 09:42:07,2013-03-07 07:47:14,165907,2,src/Guzzle/Http/Message/Request.php,5,150,1.2,0,0,8,6,0
guzzle,330,100438,11801ca88bbc10deb2710c2dd7d6052f6c78b237,2013-03-05 09:42:07,2013-03-07 07:47:14,165907,2,src/Guzzle/Http/Message/RequestInterface.php,5,60,3.3,0,0,1,0,0
guzzle,330,100430,f2fd4bd43bbdf0bda02f0db6458b7e93fe2d8236,2013-03-11 15:49:42,2013-03-11 22:42:34,24772,3,src/Guzzle/Http/Client.php,9,76,0.9,0,0,8,1,0
guzzle,330,100430,f2fd4bd43bbdf0bda02f0db6458b7e93fe2d8236,2013-03-11 15:49:42,2013-03-11 22:42:34,24772,3,tests/Guzzle/Tests/Http/ClientTest.php,17,207,1.6,0,0,2,12,0
guzzle,330,100430,f2fd4bd43bbdf0bda02f0db6458b7e93fe2d8236,2013-03-11 15:49:42,2013-03-11 22:42:34,24772,3,tests/Guzzle/Tests/Http/Curl/CurlHandleTest.php,24,515,2.3,0,0,5,23,0
guzzle,330,100429,feaae5dc97c07c55bb4d43932c5ba06156d102f4,2013-03-15 13:31:41,2013-03-15 20:26:11,24870,2,src/Guzzle/Service/Description/SchemaValidator.php,4,201,3.5,0,0,12,5,0
guzzle,330,100429,feaae5dc97c07c55bb4d43932c5ba06156d102f4,2013-03-15 13:31:41,2013-03-15 20:26:11,24870,2,tests/Guzzle/Tests/Service/Description/SchemaValidatorTest.php,7,184,2.2,0,0,0,10,0
guzzle,330,100407,910a36f4a47c583ced162715dc370b21d6644321,2013-04-07 15:08:53,2013-04-07 19:46:21,16648,1,src/Guzzle/Plugin/Oauth/OauthPlugin.php,2,54,1.5,0,0,0,6,0
guzzle,330,100406,cdb1da7d1a1fb2d1dcd0369f54eebc315e68e2be,2013-04-08 14:22:15,2013-04-08 20:05:32,20597,3,src/Guzzle/Http/Url.php,106,146,1.7,0,0,6,3,0
guzzle,330,100406,cdb1da7d1a1fb2d1dcd0369f54eebc315e68e2be,2013-04-08 14:22:15,2013-04-08 20:05:32,20597,3,tests/Guzzle/Tests/Http/ClientTest.php,4,207,1.6,0,0,2,12,0
guzzle,330,100406,cdb1da7d1a1fb2d1dcd0369f54eebc315e68e2be,2013-04-08 14:22:15,2013-04-08 20:05:32,20597,3,tests/Guzzle/Tests/Http/UrlTest.php,14,70,1.3,0,0,0,6,0
guzzle,330,100401,28452534ca65a66458733e06a601467e06f15da6,2013-04-11 17:31:11,2013-04-11 18:59:59,5328,1,src/Guzzle/Service/Command/OperationResponseParser.php,2,45,1.5,0,0,5,0,0
guzzle,330,100398,e64ff8e8bcad6e016ff03cf04f84870fe80030ea,2013-04-14 00:10:57,2013-04-14 02:52:41,9704,5,src/Guzzle/Http/Curl/CurlHandle.php,2,87,1.0,0,0,5,3,0
guzzle,330,100398,e64ff8e8bcad6e016ff03cf04f84870fe80030ea,2013-04-14 00:10:57,2013-04-14 02:52:41,9704,5,src/Guzzle/Http/Message/PostFile.php,26,0,0.0,0,0,0,0,0
guzzle,330,100398,e64ff8e8bcad6e016ff03cf04f84870fe80030ea,2013-04-14 00:10:57,2013-04-14 02:52:41,9704,5,src/Guzzle/Http/Message/PostFileInterface.php,4,0,0.0,0,0,0,0,0
guzzle,330,100398,e64ff8e8bcad6e016ff03cf04f84870fe80030ea,2013-04-14 00:10:57,2013-04-14 02:52:41,9704,5,tests/Guzzle/Tests/Http/Curl/CurlHandleTest.php,4,515,2.3,0,0,5,23,0
guzzle,330,100398,e64ff8e8bcad6e016ff03cf04f84870fe80030ea,2013-04-14 00:10:57,2013-04-14 02:52:41,9704,5,tests/Guzzle/Tests/Http/Message/PostFileTest.php,2,5,0.3,0,0,1,0,0
guzzle,330,100391,b4b7152102ab047c3913ac90a2cbb75a5fd34c77,2013-04-23 22:21:30,2013-04-26 19:13:39,247929,2,src/Guzzle/Plugin/Mock/MockPlugin.php,60,17,0.5,0,0,2,2,0
guzzle,330,100391,b4b7152102ab047c3913ac90a2cbb75a5fd34c77,2013-04-23 22:21:30,2013-04-26 19:13:39,247929,2,tests/Guzzle/Tests/Plugin/Mock/MockPluginTest.php,31,40,1.0,0,0,0,4,0
guzzle,330,100390,1f024e0e118193f82be5c2172502c00134c8be0c,2013-04-24 09:33:58,2013-04-25 01:04:14,55816,2,src/Guzzle/Plugin/Async/AsyncPlugin.php,11,18,1.3,0,0,0,2,0
guzzle,330,100390,1f024e0e118193f82be5c2172502c00134c8be0c,2013-04-24 09:33:58,2013-04-25 01:04:14,55816,2,tests/Guzzle/Tests/Plugin/Async/AsyncPluginTest.php,5,16,0.7,0,0,0,2,0
guzzle,330,100388,0f991407bcabedeeb4cb97ccd9ddab43500775fb,2013-04-29 13:10:50,2013-04-29 19:50:11,23961,4,src/Guzzle/Common/Version.php,2,0,0.0,0,0,0,0,0
guzzle,330,100388,0f991407bcabedeeb4cb97ccd9ddab43500775fb,2013-04-29 13:10:50,2013-04-29 19:50:11,23961,4,src/Guzzle/Service/AbstractConfigLoader.php,45,0,0.0,0,0,0,0,0
guzzle,330,100388,0f991407bcabedeeb4cb97ccd9ddab43500775fb,2013-04-29 13:10:50,2013-04-29 19:50:11,23961,4,tests/Guzzle/Tests/Service/AbstractConfigLoaderTest.php,12,54,2.0,0,0,0,5,0
guzzle,330,100382,488f24cb171827595b72f7ac2ed61acb257585c2,2013-05-03 00:44:45,2013-08-16 18:12:06,9134841,3,src/Guzzle/Service/Command/LocationVisitor/Response/XmlVisitor.php,240,22,0.8,0,0,0,2,0
guzzle,330,100382,488f24cb171827595b72f7ac2ed61acb257585c2,2013-05-03 00:44:45,2013-08-16 18:12:06,9134841,3,tests/Guzzle/Tests/Service/Command/LocationVisitor/Response/XmlVisitorTest.php,223,204,2.1,0,0,0,12,0
guzzle,330,100382,488f24cb171827595b72f7ac2ed61acb257585c2,2013-05-03 00:44:45,2013-08-16 18:12:06,9134841,3,tests/Guzzle/Tests/Service/Command/OperationResponseParserTest.php,55,118,2.0,0,0,0,10,0
guzzle,330,100378,f7ec7f788e635572679592c1897d09d41fc7a4dc,2013-05-10 09:26:53,2013-05-11 04:48:43,69710,2,src/Guzzle/Log/MessageFormatter.php,16,28,0.8,0,0,3,0,0
guzzle,330,100378,f7ec7f788e635572679592c1897d09d41fc7a4dc,2013-05-10 09:26:53,2013-05-11 04:48:43,69710,2,tests/Guzzle/Tests/Log/MessageFormatterTest.php,16,10,0.3,0,0,0,1,0
guzzle,330,100377,cf40b1acc30d8db461e3f22341f362fa3056e0e0,2013-05-10 10:19:22,2013-08-20 17:43:33,8839451,3,src/Guzzle/Service/Command/LocationVisitor/Response/JsonVisitor.php,9,20,1.3,0,0,2,0,0
guzzle,330,100377,cf40b1acc30d8db461e3f22341f362fa3056e0e0,2013-05-10 10:19:22,2013-08-20 17:43:33,8839451,3,src/Guzzle/Service/Command/OperationResponseParser.php,51,45,1.5,0,0,5,0,0
guzzle,330,100377,cf40b1acc30d8db461e3f22341f362fa3056e0e0,2013-05-10 10:19:22,2013-08-20 17:43:33,8839451,3,tests/Guzzle/Tests/Service/Command/OperationResponseParserTest.php,126,118,2.0,0,0,0,10,0
guzzle,330,100367,2822304d2e13dced789f29444abb63b3e4dc5844,2013-05-24 05:26:08,2013-05-28 03:11:10,337502,2,src/Guzzle/Http/Message/EntityEnclosingRequest.php,11,56,1.1,0,0,3,5,0
guzzle,330,100367,2822304d2e13dced789f29444abb63b3e4dc5844,2013-05-24 05:26:08,2013-05-28 03:11:10,337502,2,tests/Guzzle/Tests/Http/Message/EntityEnclosingRequestTest.php,9,251,2.5,0,0,4,13,0
guzzle,330,100356,5aefa0d6be8544504a4b8cf0541b167944845069,2013-06-04 19:28:26,2013-06-05 04:27:02,32316,3,src/Guzzle/Service/Builder/ServiceBuilder.php,68,2,0.1,0,0,1,0,0
guzzle,330,100356,5aefa0d6be8544504a4b8cf0541b167944845069,2013-06-04 19:28:26,2013-06-05 04:27:02,32316,3,src/Guzzle/Service/Builder/ServiceBuilderInterface.php,28,0,0.0,0,0,0,0,0
guzzle,330,100356,5aefa0d6be8544504a4b8cf0541b167944845069,2013-06-04 19:28:26,2013-06-05 04:27:02,32316,3,tests/Guzzle/Tests/Service/Builder/ServiceBuilderTest.php,31,303,4.1,0,0,1,18,0
guzzle,330,100349,5caa25510973e86f4b0a29e8725d35932a9d1496,2013-06-09 17:18:08,2013-06-09 17:28:27,619,1,src/Guzzle/Common/AbstractHasDispatcher.php,10,0,0.0,0,0,0,0,0
guzzle,330,100342,cae4acd96f83f1837a95ac3682cc36eef326d9b4,2013-06-19 12:16:56,2013-06-23 17:19:32,363756,2,src/Guzzle/Http/Client.php,2,76,0.9,0,0,8,1,0
guzzle,330,100342,cae4acd96f83f1837a95ac3682cc36eef326d9b4,2013-06-19 12:16:56,2013-06-23 17:19:32,363756,2,tests/Guzzle/Tests/Http/ClientTest.php,7,207,1.6,0,0,2,12,0
guzzle,330,100332,8f94fcfc4081581cecad4b742a5652da6703f78e,2013-06-26 14:18:54,2013-06-26 18:25:17,14783,2,src/Guzzle/Http/Message/Request.php,15,150,1.2,0,0,8,6,0
guzzle,330,100332,8f94fcfc4081581cecad4b742a5652da6703f78e,2013-06-26 14:18:54,2013-06-26 18:25:17,14783,2,tests/Guzzle/Tests/Http/Message/RequestTest.php,34,257,1.5,0,0,6,17,0
guzzle,330,100323,dbdc6eaff89fb01d8c5595a5188e54069c9fb004,2013-07-09 10:58:13,2013-07-10 22:09:41,126688,1,src/Guzzle/Parser/UriTemplate/UriTemplate.php,3,131,2.7,0,0,10,3,0
guzzle,330,100295,1c023cabd7d5e9011d981053153f02b5f476089a,2013-08-14 17:51:36,2013-08-15 20:53:09,97293,7,src/Guzzle/Service/Command/LocationVisitor/Response/JsonVisitor.php,7,20,1.3,0,0,2,0,0
guzzle,330,100295,1c023cabd7d5e9011d981053153f02b5f476089a,2013-08-14 17:51:36,2013-08-15 20:53:09,97293,7,src/Guzzle/Service/Command/LocationVisitor/Response/XmlVisitor.php,7,22,0.8,0,0,0,2,0
guzzle,330,100295,1c023cabd7d5e9011d981053153f02b5f476089a,2013-08-14 17:51:36,2013-08-15 20:53:09,97293,7,src/Guzzle/Service/Command/OperationResponseParser.php,8,45,1.5,0,0,5,0,0
guzzle,330,100295,1c023cabd7d5e9011d981053153f02b5f476089a,2013-08-14 17:51:36,2013-08-15 20:53:09,97293,7,tests/Guzzle/Tests/Service/Command/LocationVisitor/Response/HeaderVisitorTest.php,35,0,0.0,0,0,0,0,0
guzzle,330,100295,1c023cabd7d5e9011d981053153f02b5f476089a,2013-08-14 17:51:36,2013-08-15 20:53:09,97293,7,tests/Guzzle/Tests/Service/Command/LocationVisitor/Response/JsonVisitorTest.php,47,8,0.4,0,0,0,1,0
guzzle,330,100295,1c023cabd7d5e9011d981053153f02b5f476089a,2013-08-14 17:51:36,2013-08-15 20:53:09,97293,7,tests/Guzzle/Tests/Service/Command/LocationVisitor/Response/XmlVisitorTest.php,46,204,2.1,0,0,0,12,0
guzzle,330,100295,1c023cabd7d5e9011d981053153f02b5f476089a,2013-08-14 17:51:36,2013-08-15 20:53:09,97293,7,tests/Guzzle/Tests/Service/Command/OperationResponseParserTest.php,50,118,2.0,0,0,0,10,0
guzzle,330,100292,a909b0b464965bebe3f46bf6dcdfceb571e5771c,2013-08-14 21:44:34,2013-08-29 20:27:30,1291376,5,src/Guzzle/Service/Command/OperationResponseParser.php,14,45,1.5,0,0,5,0,0
guzzle,330,100292,a909b0b464965bebe3f46bf6dcdfceb571e5771c,2013-08-14 21:44:34,2013-08-29 20:27:30,1291376,5,src/Guzzle/Service/Resource/Model.php,23,0,0.0,0,0,0,0,0
guzzle,330,100292,a909b0b464965bebe3f46bf6dcdfceb571e5771c,2013-08-14 21:44:34,2013-08-29 20:27:30,1291376,5,tests/Guzzle/Tests/Service/Command/OperationCommandTest.php,2,0,0.0,0,0,0,0,0
guzzle,330,100292,a909b0b464965bebe3f46bf6dcdfceb571e5771c,2013-08-14 21:44:34,2013-08-29 20:27:30,1291376,5,tests/Guzzle/Tests/Service/Command/OperationResponseParserTest.php,14,118,2.0,0,0,0,10,0
guzzle,330,100292,a909b0b464965bebe3f46bf6dcdfceb571e5771c,2013-08-14 21:44:34,2013-08-29 20:27:30,1291376,5,tests/Guzzle/Tests/Service/Resource/ModelTest.php,16,10,0.8,0,0,2,0,0
guzzle,330,100283,efef3c29068b9a91953db439780007bcb46f0a29,2013-08-25 02:05:23,2013-08-25 02:14:59,576,2,src/Guzzle/Http/Message/Header.php,3,10,0.3,0,0,1,0,0
guzzle,330,100257,235a30add0f14d785983940db840b12d47a3b944,2013-10-15 22:16:32,2013-10-16 00:09:48,6796,1,src/Guzzle/Plugin/Cache/DefaultRevalidation.php,2,0,0.0,0,0,0,0,0
guzzle,330,100252,758f12dbd5b7fa1385ee14fbe8fef1e3961afc43,2013-10-20 00:05:05,2013-11-22 07:25:32,2877627,5,src/Guzzle/Http/Message/EntityEnclosingRequest.php,4,56,1.1,0,0,3,5,0
guzzle,330,100252,758f12dbd5b7fa1385ee14fbe8fef1e3961afc43,2013-10-20 00:05:05,2013-11-22 07:25:32,2877627,5,src/Guzzle/Http/Message/EntityEnclosingRequestInterface.php,3,0,0.0,0,0,0,0,0
guzzle,330,100252,758f12dbd5b7fa1385ee14fbe8fef1e3961afc43,2013-10-20 00:05:05,2013-11-22 07:25:32,2877627,5,src/Guzzle/Http/Message/PostFile.php,23,0,0.0,0,0,0,0,0
guzzle,330,100252,758f12dbd5b7fa1385ee14fbe8fef1e3961afc43,2013-10-20 00:05:05,2013-11-22 07:25:32,2877627,5,src/Guzzle/Http/Message/PostFileInterface.php,16,0,0.0,0,0,0,0,0
guzzle,330,100252,758f12dbd5b7fa1385ee14fbe8fef1e3961afc43,2013-10-20 00:05:05,2013-11-22 07:25:32,2877627,5,tests/Guzzle/Tests/Http/Message/PostFileTest.php,16,5,0.3,0,0,1,0,0
guzzle,330,100241,dce714875ea98bac87f515d3db25d7d41356502b,2013-10-29 12:26:31,2013-10-30 20:42:33,116162,2,src/Guzzle/Http/Curl/CurlHandle.php,9,87,1.0,0,0,5,3,0
guzzle,330,100241,dce714875ea98bac87f515d3db25d7d41356502b,2013-10-29 12:26:31,2013-10-30 20:42:33,116162,2,tests/Guzzle/Tests/Http/Curl/CurlHandleTest.php,18,515,2.3,0,0,5,23,0
guzzle,380,100193,697c0b676d29e39338ac012a4ff05f288610c853,2013-12-17 12:47:04,2014-01-03 04:06:34,1437570,3,src/Guzzle/Service/Description/Parameter.php,7,105,0.8,0,0,4,1,0
guzzle,380,100193,697c0b676d29e39338ac012a4ff05f288610c853,2013-12-17 12:47:04,2014-01-03 04:06:34,1437570,3,tests/Guzzle/Tests/Service/Command/OperationResponseParserTest.php,26,176,2.2,0,0,0,13,0
guzzle,380,100193,697c0b676d29e39338ac012a4ff05f288610c853,2013-12-17 12:47:04,2014-01-03 04:06:34,1437570,3,tests/Guzzle/Tests/Service/Description/ParameterTest.php,17,291,2.7,0,0,2,17,0
guzzle,380,100183,a372cac9edd6eedfe869e00950c70ce000568c11,2014-01-02 14:26:36,2014-01-03 04:44:31,51475,3,src/Guzzle/Http/Url.php,8,154,1.8,0,0,6,3,0
guzzle,380,100183,a372cac9edd6eedfe869e00950c70ce000568c11,2014-01-02 14:26:36,2014-01-03 04:44:31,51475,3,tests/Guzzle/Tests/Http/ClientTest.php,6,223,1.6,0,0,2,14,0
guzzle,380,100183,a372cac9edd6eedfe869e00950c70ce000568c11,2014-01-02 14:26:36,2014-01-03 04:44:31,51475,3,tests/Guzzle/Tests/Http/UrlTest.php,3,140,2.0,0,0,1,7,0
guzzle,380,100168,028195b32bb2e096b168baebe07c704473db81d4,2014-01-10 11:01:11,2014-01-23 18:29:10,1150079,2,src/Guzzle/Plugin/Cookie/Cookie.php,2,168,2.7,0,0,6,10,0
guzzle,380,100168,028195b32bb2e096b168baebe07c704473db81d4,2014-01-10 11:01:11,2014-01-23 18:29:10,1150079,2,tests/Guzzle/Tests/Plugin/Cookie/CookiePluginTest.php,6,16,0.5,0,0,0,2,0
guzzle,380,100164,28c2c5ee5f4b6c304bf86de3386d200813b6beaa,2014-01-14 18:38:44,2014-01-23 18:23:32,776688,1,src/Guzzle/Http/RedirectPlugin.php,0,40,0.9,0,0,11,2,0
guzzle,380,100138,4fcc52db281519028d57c88683e5853803ff2163,2014-02-09 01:25:56,2014-02-09 01:32:38,402,1,src/Guzzle/Http/Client.php,11,82,0.8,0,0,12,0,0
guzzle,380,100126,045ade85d801ce932b9e85bd94be4931110393e6,2014-02-16 16:24:23,2014-03-12 21:52:15,2093272,4,phar-stub.php,9,0,0.0,0,0,0,0,0
guzzle,380,100126,045ade85d801ce932b9e85bd94be4931110393e6,2014-02-16 16:24:23,2014-03-12 21:52:15,2093272,4,src/Guzzle/Http/Client.php,45,82,0.8,0,0,12,0,0
guzzle,380,100120,b0a3ec751755930b350f48076abdf98702913dd0,2014-02-21 11:01:40,2014-02-28 21:44:24,643364,2,src/Guzzle/Http/Client.php,2,82,0.8,0,0,12,0,0
guzzle,380,100120,b0a3ec751755930b350f48076abdf98702913dd0,2014-02-21 11:01:40,2014-02-28 21:44:24,643364,2,tests/Guzzle/Tests/Http/ClientTest.php,9,223,1.6,0,0,2,14,0
guzzle,400,100076,4f790df279d0d90bf0b0eeccbe8aae760d454cdd,2014-04-02 14:02:29,2014-04-03 05:07:36,54307,2,src/Subscriber/Redirect.php,7,13,0.5,0,0,1,1,0
guzzle,400,100076,4f790df279d0d90bf0b0eeccbe8aae760d454cdd,2014-04-02 14:02:29,2014-04-03 05:07:36,54307,2,tests/Subscriber/RedirectTest.php,16,106,1.8,0,0,0,8,0
guzzle,400,100075,576832ab7a5327b862adc17123f555f27beb4188,2014-04-02 17:36:43,2014-04-02 20:12:01,9318,2,src/Exception/RequestException.php,3,20,1.0,0,1,0,0,0
guzzle,400,100075,576832ab7a5327b862adc17123f555f27beb4188,2014-04-02 17:36:43,2014-04-02 20:12:01,9318,2,tests/Exception/RequestExceptionTest.php,5,0,0.0,0,0,0,0,0
guzzle,400,100066,5887a8b13ef3eeb81db0eedda8f66316d5fc1e53,2014-04-11 11:58:13,2014-04-12 00:42:07,45834,2,src/Message/MessageFactory.php,5,91,1.2,0,0,9,5,1
guzzle,400,100066,5887a8b13ef3eeb81db0eedda8f66316d5fc1e53,2014-04-11 11:58:13,2014-04-12 00:42:07,45834,2,tests/Message/MessageFactoryTest.php,20,229,2.0,0,0,2,12,0
guzzle,400,100062,222323bd6a2c79ea7e13bfe6b3b1435f007274fd,2014-04-13 12:20:13,2014-04-13 19:17:29,25036,2,src/Adapter/StreamAdapter.php,2,115,1.5,0,0,15,1,0
guzzle,400,100062,222323bd6a2c79ea7e13bfe6b3b1435f007274fd,2014-04-13 12:20:13,2014-04-13 19:17:29,25036,2,tests/Adapter/StreamAdapterTest.php,1,230,2.4,0,0,1,12,0
guzzle,400,100020,3db1dc3145874c476e52d082e1fc35dbb9d686df,2014-05-17 01:08:27,2014-05-18 19:48:56,153629,5,src/Message/MessageFactory.php,9,91,1.2,0,0,9,5,1
guzzle,400,100020,3db1dc3145874c476e52d082e1fc35dbb9d686df,2014-05-17 01:08:27,2014-05-18 19:48:56,153629,5,src/Message/MessageFactoryInterface.php,1,0,0.0,0,0,0,0,0
guzzle,400,100020,3db1dc3145874c476e52d082e1fc35dbb9d686df,2014-05-17 01:08:27,2014-05-18 19:48:56,153629,5,tests/Message/MessageFactoryTest.php,24,229,2.0,0,0,2,12,0
guzzle,400,100018,b909bd8befddbf9424995e0dad1c31d4be97b1fb,2014-05-20 02:59:24,2014-07-14 23:57:48,4827504,1,src/functions.php,575,20,0.5,0,0,1,0,0
guzzle,400,100014,03e9793efea93e4b5f89814ca02332ec1877cc41,2014-05-27 18:35:33,2014-05-28 04:36:25,36052,3,src/Message/Request.php,13,13,0.3,0,0,1,1,0
guzzle,400,100014,03e9793efea93e4b5f89814ca02332ec1877cc41,2014-05-27 18:35:33,2014-05-28 04:36:25,36052,3,src/Message/RequestInterface.php,58,0,0.0,0,0,0,0,0
guzzle,400,100014,03e9793efea93e4b5f89814ca02332ec1877cc41,2014-05-27 18:35:33,2014-05-28 04:36:25,36052,3,tests/Message/RequestTest.php,12,18,0.6,0,0,0,2,0
guzzle,400,100004,3195ebbe24581086e17b333c7e6371ab2104b011,2014-06-03 21:31:19,2014-06-04 21:38:19,86820,1,src/Post/PostBody.php,33,82,1.4,0,0,2,1,0
guzzle,400,99988,49a14b2bbc819c801a8eb1509de2179f718e3f0b,2014-06-12 21:51:41,2014-07-08 05:32:12,2187631,2,src/Message/MessageFactory.php,1,91,1.2,0,0,9,5,1
guzzle,400,99988,49a14b2bbc819c801a8eb1509de2179f718e3f0b,2014-06-12 21:51:41,2014-07-08 05:32:12,2187631,2,tests/Message/MessageFactoryTest.php,15,229,2.0,0,0,2,12,0
guzzle,400,99984,d68dc432837c87f36c0f688e26ea740b40665d30,2014-06-18 23:37:13,2014-08-01 04:07:18,3731405,4,src/Adapter/Curl/BatchContext.php,12,0,0.0,0,0,0,0,0
guzzle,400,99984,d68dc432837c87f36c0f688e26ea740b40665d30,2014-06-18 23:37:13,2014-08-01 04:07:18,3731405,4,src/Adapter/Curl/MultiAdapter.php,78,24,0.4,0,0,5,2,0
guzzle,400,99984,d68dc432837c87f36c0f688e26ea740b40665d30,2014-06-18 23:37:13,2014-08-01 04:07:18,3731405,4,tests/Adapter/Curl/BatchContextTest.php,2,21,0.9,0,0,1,2,0
guzzle,400,99984,d68dc432837c87f36c0f688e26ea740b40665d30,2014-06-18 23:37:13,2014-08-01 04:07:18,3731405,4,tests/Adapter/Curl/MultiAdapterTest.php,126,48,0.9,0,0,0,4,0
guzzle,400,99981,16767bf79a4430060b5111dec3a1cf041e619a44,2014-06-20 09:56:51,2014-07-07 23:07:42,1516251,2,src/Url.php,27,156,1.6,0,0,8,3,0
guzzle,400,99981,16767bf79a4430060b5111dec3a1cf041e619a44,2014-06-20 09:56:51,2014-07-07 23:07:42,1516251,2,tests/UrlTest.php,4,238,3.2,0,0,40,9,0
guzzle,400,99979,5ab8c29546e5669fc6ce8545b166c9f0ceda088b,2014-06-22 09:52:19,2014-07-19 19:17:20,2366701,3,src/Adapter/Curl/CurlFactory.php,2,110,1.5,0,0,16,3,0
guzzle,400,99979,5ab8c29546e5669fc6ce8545b166c9f0ceda088b,2014-06-22 09:52:19,2014-07-19 19:17:20,2366701,3,src/Adapter/StreamAdapter.php,2,115,1.5,0,0,15,1,0
guzzle,400,99979,5ab8c29546e5669fc6ce8545b166c9f0ceda088b,2014-06-22 09:52:19,2014-07-19 19:17:20,2366701,3,tests/Adapter/Curl/CurlAdapterTest.php,19,15,0.5,0,0,1,1,0
guzzle,400,99969,0016a005d7e8709813f57952b4dacee2352fe672,2014-07-02 17:03:45,2014-07-08 04:39:57,473772,2,src/Adapter/StreamAdapter.php,25,115,1.5,0,0,15,1,0
guzzle,400,99969,0016a005d7e8709813f57952b4dacee2352fe672,2014-07-02 17:03:45,2014-07-08 04:39:57,473772,2,tests/Adapter/StreamAdapterTest.php,18,230,2.4,0,0,1,12,0
guzzle,400,99964,c97511c0d739c2e9dfae7178de0e7adacaf94f90,2014-07-10 09:44:18,2014-07-12 00:29:51,139533,6,src/Post/PostBody.php,7,82,1.4,0,0,2,1,0
guzzle,400,99964,c97511c0d739c2e9dfae7178de0e7adacaf94f90,2014-07-10 09:44:18,2014-07-12 00:29:51,139533,6,src/Query.php,51,18,0.5,0,0,9,0,0
guzzle,400,99964,c97511c0d739c2e9dfae7178de0e7adacaf94f90,2014-07-10 09:44:18,2014-07-12 00:29:51,139533,6,tests/Post/MultipartBodyTest.php,11,31,0.9,0,1,0,3,0
guzzle,400,99964,c97511c0d739c2e9dfae7178de0e7adacaf94f90,2014-07-10 09:44:18,2014-07-12 00:29:51,139533,6,tests/QueryTest.php,109,107,1.9,0,0,2,4,0
guzzle,400,99963,c97511c0d739c2e9dfae7178de0e7adacaf94f90,2014-07-10 15:46:15,2014-07-12 00:29:51,117816,6,src/Post/PostBody.php,7,82,1.4,0,0,2,1,0
guzzle,400,99963,c97511c0d739c2e9dfae7178de0e7adacaf94f90,2014-07-10 15:46:15,2014-07-12 00:29:51,117816,6,src/Query.php,51,18,0.5,0,0,9,0,0
guzzle,400,99963,c97511c0d739c2e9dfae7178de0e7adacaf94f90,2014-07-10 15:46:15,2014-07-12 00:29:51,117816,6,tests/Post/MultipartBodyTest.php,11,31,0.9,0,1,0,3,0
guzzle,400,99963,c97511c0d739c2e9dfae7178de0e7adacaf94f90,2014-07-10 15:46:15,2014-07-12 00:29:51,117816,6,tests/QueryTest.php,109,107,1.9,0,0,2,4,0
guzzle,400,99935,a09915c8319be9420621b9822021c9a8a21a82d5,2014-08-06 17:11:58,2014-08-06 20:49:59,13081,1,src/Adapter/Curl/MultiAdapter.php,4,24,0.4,0,0,5,2,0
guzzle,400,99934,e5f0b6b84d72abeea3716969d0d0a144f78d9d55,2014-08-07 15:23:29,2014-08-17 23:25:05,892896,12,src/Adapter/Curl/BatchContext.php,14,0,0.0,0,0,0,0,0
guzzle,400,99934,e5f0b6b84d72abeea3716969d0d0a144f78d9d55,2014-08-07 15:23:29,2014-08-17 23:25:05,892896,12,src/Adapter/Curl/MultiAdapter.php,11,24,0.4,0,0,5,2,0
guzzle,400,99934,e5f0b6b84d72abeea3716969d0d0a144f78d9d55,2014-08-07 15:23:29,2014-08-17 23:25:05,892896,12,src/Adapter/FakeParallelAdapter.php,5,0,0.0,0,0,0,0,0
guzzle,400,99934,e5f0b6b84d72abeea3716969d0d0a144f78d9d55,2014-08-07 15:23:29,2014-08-17 23:25:05,892896,12,src/Event/ErrorEvent.php,15,0,0.0,0,0,0,0,0
guzzle,400,99934,e5f0b6b84d72abeea3716969d0d0a144f78d9d55,2014-08-07 15:23:29,2014-08-17 23:25:05,892896,12,src/Exception/RequestException.php,28,20,1.0,0,1,0,0,0
guzzle,400,99934,e5f0b6b84d72abeea3716969d0d0a144f78d9d55,2014-08-07 15:23:29,2014-08-17 23:25:05,892896,12,tests/Adapter/Curl/BatchContextTest.php,16,21,0.9,0,0,1,2,0
guzzle,400,99934,e5f0b6b84d72abeea3716969d0d0a144f78d9d55,2014-08-07 15:23:29,2014-08-17 23:25:05,892896,12,tests/Adapter/Curl/MultiAdapterTest.php,24,48,0.9,0,0,0,4,0
guzzle,400,99934,e5f0b6b84d72abeea3716969d0d0a144f78d9d55,2014-08-07 15:23:29,2014-08-17 23:25:05,892896,12,tests/Adapter/FakeParallelAdapterTest.php,26,0,0.0,0,0,0,0,0
guzzle,400,99934,e5f0b6b84d72abeea3716969d0d0a144f78d9d55,2014-08-07 15:23:29,2014-08-17 23:25:05,892896,12,tests/Exception/RequestExceptionTest.php,10,0,0.0,0,0,0,0,0
guzzle,400,99930,90bd509464e5f4cbabfb434e2d7952a515abafbd,2014-08-08 20:09:49,2014-08-17 23:25:05,789316,14,src/Adapter/Curl/CurlFactory.php,34,110,1.5,0,0,16,3,0
guzzle,400,99930,90bd509464e5f4cbabfb434e2d7952a515abafbd,2014-08-08 20:09:49,2014-08-17 23:25:05,789316,14,src/Adapter/StreamAdapter.php,91,115,1.5,0,0,15,1,0
guzzle,400,99930,90bd509464e5f4cbabfb434e2d7952a515abafbd,2014-08-08 20:09:49,2014-08-17 23:25:05,789316,14,src/Client.php,1,132,1.8,0,0,5,4,0
guzzle,400,99930,90bd509464e5f4cbabfb434e2d7952a515abafbd,2014-08-08 20:09:49,2014-08-17 23:25:05,789316,14,src/Message/MessageFactory.php,14,91,1.2,0,0,9,5,1
guzzle,400,99930,90bd509464e5f4cbabfb434e2d7952a515abafbd,2014-08-08 20:09:49,2014-08-17 23:25:05,789316,14,src/Message/MessageFactoryInterface.php,1,0,0.0,0,0,0,0,0
guzzle,400,99930,90bd509464e5f4cbabfb434e2d7952a515abafbd,2014-08-08 20:09:49,2014-08-17 23:25:05,789316,14,tests/Adapter/Curl/CurlFactoryTest.php,65,74,1.0,0,0,0,5,0
guzzle,400,99930,90bd509464e5f4cbabfb434e2d7952a515abafbd,2014-08-08 20:09:49,2014-08-17 23:25:05,789316,14,tests/Adapter/StreamAdapterTest.php,37,230,2.4,0,0,1,12,0
guzzle,400,99930,90bd509464e5f4cbabfb434e2d7952a515abafbd,2014-08-08 20:09:49,2014-08-17 23:25:05,789316,14,tests/Message/MessageFactoryTest.php,27,229,2.0,0,0,2,12,0
guzzle,400,99930,90bd509464e5f4cbabfb434e2d7952a515abafbd,2014-08-08 20:09:49,2014-08-17 23:25:05,789316,14,tests/Server.php,2,89,2.8,0,0,25,0,0
guzzle,400,99927,ef1b0c3075f18785fbbaa60be6b203d5490a81be,2014-08-12 16:41:09,2014-08-15 06:03:48,220959,3,src/Client.php,38,132,1.8,0,0,5,4,0
guzzle,400,99927,ef1b0c3075f18785fbbaa60be6b203d5490a81be,2014-08-12 16:41:09,2014-08-15 06:03:48,220959,3,tests/ClientTest.php,10,318,2.9,0,0,5,17,0
guzzle,400,99926,22f7e2decf9284238099eb79a5379b30cd2d06a6,2014-08-13 16:28:51,2014-08-14 20:32:07,100996,2,src/Message/MessageFactory.php,4,91,1.2,0,0,9,5,1
guzzle,400,99926,22f7e2decf9284238099eb79a5379b30cd2d06a6,2014-08-13 16:28:51,2014-08-14 20:32:07,100996,2,tests/Message/MessageFactoryTest.php,21,229,2.0,0,0,2,12,0
guzzle,400,99925,2fe5073f9d2f47c5989a8acccc7b3d1f6db8535c,2014-08-13 17:35:09,2014-08-14 20:32:07,97018,1,src/Adapter/Curl/CurlFactory.php,12,110,1.5,0,0,16,3,0
guzzle,400,99903,f36ab448d04c864f88d84db00dac35e3f8f0f144,2014-08-26 21:06:45,2014-08-30 20:56:42,344997,2,src/Adapter/StreamAdapter.php,2,115,1.5,0,0,15,1,0
guzzle,400,99903,f36ab448d04c864f88d84db00dac35e3f8f0f144,2014-08-26 21:06:45,2014-08-30 20:56:42,344997,2,tests/Adapter/StreamAdapterTest.php,1,230,2.4,0,0,1,12,0
guzzle,400,99895,64fcc4b37cd218ad99bc97b96c30f47626d85f75,2014-08-31 16:04:31,2014-09-08 20:58:35,708844,3,src/Post/PostFile.php,6,20,0.8,0,0,0,2,0
guzzle,400,99895,64fcc4b37cd218ad99bc97b96c30f47626d85f75,2014-08-31 16:04:31,2014-09-08 20:58:35,708844,3,tests/Post/MultipartBodyTest.php,2,31,0.9,0,1,0,3,0
guzzle,400,99895,64fcc4b37cd218ad99bc97b96c30f47626d85f75,2014-08-31 16:04:31,2014-09-08 20:58:35,708844,3,tests/Post/PostFileTest.php,2,10,0.6,0,0,0,1,0
guzzle,400,99882,d1f7bea451783e8f80eefd50999db7b9691c2c7c,2014-09-08 07:07:27,2014-09-08 20:55:17,49670,1,src/Event/AbstractTransferEvent.php,4,0,0.0,0,0,0,0,0
guzzle,400,99881,7eff9424693b196d1721b57b57c3f9929c91f3f2,2014-09-08 07:49:13,2014-09-08 20:53:18,47045,3,src/Adapter/Curl/CurlAdapter.php,7,8,0.3,0,0,0,1,0
guzzle,400,99881,7eff9424693b196d1721b57b57c3f9929c91f3f2,2014-09-08 07:49:13,2014-09-08 20:53:18,47045,3,tests/Adapter/Curl/CurlFactoryTest.php,6,74,1.0,0,0,0,5,0
guzzle,400,99868,514ee50a5aaa46f8006bc5dc1c9a39d55202983d,2014-09-17 17:34:57,2014-09-25 04:48:16,645199,2,src/Adapter/MockAdapter.php,10,20,2.0,0,0,1,0,0
guzzle,400,99868,514ee50a5aaa46f8006bc5dc1c9a39d55202983d,2014-09-17 17:34:57,2014-09-25 04:48:16,645199,2,tests/Adapter/MockAdapterTest.php,7,19,0.8,0,0,1,1,0
guzzle,400,99864,21f655d939098f54d2a9a73c6b75ee22bc30b473,2014-09-24 06:34:29,2014-09-25 04:35:45,79276,4,src/Adapter/Curl/CurlAdapter.php,3,8,0.3,0,0,0,1,0
guzzle,400,99864,21f655d939098f54d2a9a73c6b75ee22bc30b473,2014-09-24 06:34:29,2014-09-25 04:35:45,79276,4,src/Adapter/Curl/MultiAdapter.php,3,24,0.4,0,0,5,2,0
guzzle,400,99864,21f655d939098f54d2a9a73c6b75ee22bc30b473,2014-09-24 06:34:29,2014-09-25 04:35:45,79276,4,tests/Adapter/Curl/CurlAdapterTest.php,10,15,0.5,0,0,1,1,0
guzzle,400,99864,21f655d939098f54d2a9a73c6b75ee22bc30b473,2014-09-24 06:34:29,2014-09-25 04:35:45,79276,4,tests/Adapter/Curl/MultiAdapterTest.php,10,48,0.9,0,0,0,4,0
guzzle,400,99853,5f0c9f04cceaa2ffcc7d808fc745cb25bce30861,2014-10-02 15:06:59,2014-12-19 20:22:56,6758157,5,src/Message/MessageFactory.php,12,91,1.2,0,0,9,5,1
guzzle,400,99853,5f0c9f04cceaa2ffcc7d808fc745cb25bce30861,2014-10-02 15:06:59,2014-12-19 20:22:56,6758157,5,src/Subscriber/Redirect.php,24,13,0.5,0,0,1,1,0
guzzle,400,99853,5f0c9f04cceaa2ffcc7d808fc745cb25bce30861,2014-10-02 15:06:59,2014-12-19 20:22:56,6758157,5,tests/Message/MessageFactoryTest.php,2,229,2.0,0,0,2,12,0
guzzle,400,99853,5f0c9f04cceaa2ffcc7d808fc745cb25bce30861,2014-10-02 15:06:59,2014-12-19 20:22:56,6758157,5,tests/Subscriber/RedirectTest.php,19,106,1.8,0,0,0,8,0
guzzle,400,99843,8a0305a47efc752922203e87c5caef7b5f8d6120,2014-10-07 10:37:54,2014-10-13 03:06:02,491288,1,src/Cookie/CookieJar.php,2,33,0.7,0,0,4,0,0
guzzle,500,99828,bcdc7f3c6bc633ebbd8e01b3827e884181f7ce0e,2014-10-16 14:17:27,2014-10-16 17:54:45,13038,2,src/RingBridge.php,4,66,2.1,0,0,2,7,0
guzzle,500,99827,9fc544db12f97de491b22053f1d76466a739c909,2014-10-16 14:26:39,2014-10-16 17:45:39,11940,3,src/Event/AbstractTransferEvent.php,15,0,0.0,0,0,0,0,0
guzzle,500,99827,9fc544db12f97de491b22053f1d76466a739c909,2014-10-16 14:26:39,2014-10-16 17:45:39,11940,3,tests/Event/AbstractTransferEventTest.php,1,8,0.7,0,0,0,1,0
guzzle,500,99820,eeb136826e8fef017ed7fffe0dd7af7a5e3b24ee,2014-10-23 07:50:21,2014-10-24 23:40:00,143379,2,src/Pool.php,16,8,0.2,0,0,0,1,0
guzzle,500,99820,eeb136826e8fef017ed7fffe0dd7af7a5e3b24ee,2014-10-23 07:50:21,2014-10-24 23:40:00,143379,2,tests/PoolTest.php,12,103,1.9,0,1,6,4,0
guzzle,500,99817,bd291435233b6f28c4e800bcca1bcd350ee9eb6a,2014-10-24 14:52:40,2014-10-29 02:47:01,388461,3,src/Post/PostBody.php,7,80,1.4,0,0,2,0,0
guzzle,500,99817,bd291435233b6f28c4e800bcca1bcd350ee9eb6a,2014-10-24 14:52:40,2014-10-29 02:47:01,388461,3,tests/Message/MessageFactoryTest.php,2,316,2.1,0,0,3,19,0
guzzle,500,99817,bd291435233b6f28c4e800bcca1bcd350ee9eb6a,2014-10-24 14:52:40,2014-10-29 02:47:01,388461,3,tests/Post/PostBodyTest.php,14,66,1.0,0,0,0,6,0
guzzle,500,99813,8777b972a3113359015c9ea593f7e10d94e4bbcc,2014-10-28 14:37:21,2014-10-30 21:38:12,198051,3,src/Exception/RequestException.php,2,0,0.0,0,0,0,0,0
guzzle,500,99813,8777b972a3113359015c9ea593f7e10d94e4bbcc,2014-10-28 14:37:21,2014-10-30 21:38:12,198051,3,src/Message/Response.php,6,8,0.2,0,0,2,2,0
guzzle,500,99813,8777b972a3113359015c9ea593f7e10d94e4bbcc,2014-10-28 14:37:21,2014-10-30 21:38:12,198051,3,src/Message/ResponseInterface.php,4,0,0.0,0,0,0,0,0
guzzle,500,99789,8467cfec77b24e0285b35af94b8d639ef18fe2b2,2014-11-12 16:53:44,2014-11-17 07:45:28,399104,2,src/Pool.php,40,8,0.2,0,0,0,1,0
guzzle,500,99789,8467cfec77b24e0285b35af94b8d639ef18fe2b2,2014-11-12 16:53:44,2014-11-17 07:45:28,399104,2,tests/PoolTest.php,30,103,1.9,0,1,6,4,0
guzzle,510,99738,14f66ae8fd6eddb8d49f22f9d41a79fdd778945f,2015-01-09 22:38:25,2015-01-11 23:52:51,177266,2,src/Client.php,19,132,1.7,0,0,3,4,0
guzzle,510,99738,14f66ae8fd6eddb8d49f22f9d41a79fdd778945f,2015-01-09 22:38:25,2015-01-11 23:52:51,177266,2,tests/ClientTest.php,8,478,3.1,0,0,10,21,0
guzzle,510,99714,c024ff7c1d4ef63f640544236a6fce583a40f89b,2015-02-19 13:21:10,2015-04-25 18:55:51,5636081,2,src/Event/Emitter.php,2,15,0.5,0,0,3,0,0
guzzle,510,99660,30f1ab494af0d8a12e576704cbe1ff1cb430e23d,2015-04-23 15:16:37,2015-04-25 18:44:38,185281,1,src/Event/AbstractRequestEvent.php,2,0,0.0,0,0,0,0,0
guzzle,510,99637,15202dd4019080b109a35f424073ecae60088c4e,2015-05-15 14:49:24,2015-05-20 03:14:29,390305,2,src/Message/Request.php,2,68,1.6,0,0,1,1,0
guzzle,510,99637,15202dd4019080b109a35f424073ecae60088c4e,2015-05-15 14:49:24,2015-05-20 03:14:29,390305,2,tests/Message/RequestTest.php,12,26,0.8,0,0,0,3,0
guzzle,600,99616,2d434aefeae647505d8d8a3edeacb9960a0ad90c,2015-05-26 22:56:36,2015-05-27 03:28:54,16338,1,src/Client.php,15,196,2.9,0,0,3,15,1
guzzle,600,99605,6d2bab840c2e1fb0b6dd6ac9b72009c6b74ba36f,2015-05-28 18:28:54,2015-06-01 22:51:45,361371,3,src/HandlerStack.php,4,0,0.0,0,0,0,0,0
guzzle,600,99595,6faf6251ed69f075f17ea827d13f4d8707b2e19a,2015-05-31 21:34:56,2015-06-01 14:25:35,60639,1,src/Client.php,13,196,2.9,0,0,3,15,1
guzzle,600,99582,175f773ed1a9254626bdd4b50db2f0b17ddb2c88,2015-06-04 14:46:45,2015-06-10 00:56:35,468590,2,src/Client.php,7,196,2.9,0,0,3,15,1
guzzle,600,99573,861d2da555ebe00a036235700291793d6d554b79,2015-06-12 11:14:54,2015-06-14 00:00:33,132339,2,src/MessageFormatter.php,46,36,1.0,0,0,4,0,0
guzzle,600,99567,6692db3cda013e8357330243c33fe1838d0ea6f5,2015-06-16 14:42:10,2015-07-30 04:48:43,3765993,2,src/Cookie/SetCookie.php,47,152,2.8,0,0,5,8,0
guzzle,600,99546,829b40a8dc4637939000d9306978aa708e8460f4,2015-06-29 03:11:06,2015-06-30 17:17:45,137199,2,src/Handler/CurlFactory.php,8,154,1.3,0,0,11,8,0
guzzle,600,99533,5bb145847b9a54ae3c6b49bce79709660aeb32f4,2015-07-08 08:48:25,2015-07-28 04:28:19,1712394,1,src/functions.php,2,60,1.7,0,0,3,0,0
guzzle,600,99525,74203189513211cc9fcd835c8fba50db7a6af67a,2015-07-10 20:46:39,2015-07-28 05:23:28,1499809,2,src/Cookie/SetCookie.php,2,152,2.8,0,0,5,8,0
guzzle,600,99506,63e67ceedd61f1fc08df587eed138cdd9ccb177e,2015-07-25 23:22:41,2015-08-13 18:18:21,1623340,1,src/functions.php,2,60,1.7,0,0,3,0,0
guzzle,610,99439,f2102941331cda544745eedd97fc8fd46e1ee33e,2015-09-22 04:41:45,2015-10-05 05:49:01,1127236,1,src/HandlerStack.php,21,0,0.0,0,0,0,0,0
guzzle,610,99342,479c3baf4e56a1c3e7d2e73355e1294709d4572c,2016-01-19 11:54:15,2016-01-20 22:04:51,123036,1,src/Client.php,2,210,2.8,0,0,3,16,1
guzzle,610,99250,0d082d5714082d5c9e414e076507e883ccbf9f96,2016-05-06 16:51:57,2016-05-08 19:28:42,182205,3,src/Client.php,8,210,2.8,0,0,3,16,1
guzzle,610,99235,8abe1967180cdd03b90f897e5e071926d990b8c8,2016-06-05 09:36:44,2016-06-05 09:58:39,1315,2,src/Handler/StreamHandler.php,4,219,2.0,0,0,21,7,2
#####
