cache,Taylor Otwell,f2be8dbe7a493a7889fa6280ba08a2fdf82b76aa,0,0,0,0,0,0,0
cache,Taylor Otwell,f2be8dbe7a493a7889fa6280ba08a2fdf82b76aa,0,0,0,0,0,0,0
cache,Taylor Otwell,fcd939a2ec0f8beb26ff4628d6c60f082cafe9ce,2,0.2,0,0,0,1,0
cache,Taylor Otwell,2a42d375ee81aa39b1113d58545002f6b6392c60,4,0.1,0,0,0,0,0
cache,Taylor Otwell,9e8300666052b213d06ce9eb19d3f868dc4696a6,0,0,0,0,0,0,0
cache,Taylor Otwell,5b3a4667b22d8d7f9e1b90cd69c310bb3a1cffbc,3,0.1,0,0,1,1,0
cache,Taylor Otwell,a61b2aec898d01c49562f4fdcbfcf89f4c351d78,0,0,0,0,0,0,0
cache,Taylor Otwell,d22e706bde9fd750757d124f24bf3886f9b196b4,3,0,0,0,1,1,0
cache,Taylor Otwell,78a01b43c31a410f7bf4c36f0875770e85cee869,0,0,0,0,0,0,0
cache,Taylor Otwell,78a01b43c31a410f7bf4c36f0875770e85cee869,0,-0.2,0,0,0,0,0
cache,Taylor Otwell,78a01b43c31a410f7bf4c36f0875770e85cee869,0,0,0,0,0,0,0
cache,Taylor Otwell,78a01b43c31a410f7bf4c36f0875770e85cee869,0,0,0,0,0,0,0
cache,Taylor Otwell,78a01b43c31a410f7bf4c36f0875770e85cee869,0,0,0,0,0,0,0
cache,Taylor Otwell,78a01b43c31a410f7bf4c36f0875770e85cee869,0,-0.1,0,0,0,0,0
cache,Taylor Otwell,78a01b43c31a410f7bf4c36f0875770e85cee869,0,-0.1,0,0,0,0,0
cache,Taylor Otwell,78a01b43c31a410f7bf4c36f0875770e85cee869,0,0.1,0,0,0,0,0
cache,Taylor Otwell,78a01b43c31a410f7bf4c36f0875770e85cee869,0,0,0,0,0,0,0
cache,Taylor Otwell,d2efd17dc2a2d6411f6b1d6da916e415ab22352a,0,0,0,0,0,0,0
cache,Taylor Otwell,d2efd17dc2a2d6411f6b1d6da916e415ab22352a,0,0,0,0,0,0,0
cache,Taylor Otwell,d2efd17dc2a2d6411f6b1d6da916e415ab22352a,0,0,0,0,0,0,0
cache,Taylor Otwell,d2efd17dc2a2d6411f6b1d6da916e415ab22352a,0,0,0,0,0,0,0
cache,Taylor Otwell,04d27c66dfde6d655f186835a6f624a30b71c18c,0,0,0,0,0,0,0
cache,Taylor Otwell,04d27c66dfde6d655f186835a6f624a30b71c18c,0,0,0,0,0,0,0
cache,Taylor Otwell,04d27c66dfde6d655f186835a6f624a30b71c18c,0,-0.2,0,0,0,0,0
cache,Taylor Otwell,04d27c66dfde6d655f186835a6f624a30b71c18c,0,0,0,0,0,0,0
cache,Taylor Otwell,04d27c66dfde6d655f186835a6f624a30b71c18c,0,0,0,0,0,0,0
cache,Taylor Otwell,04d27c66dfde6d655f186835a6f624a30b71c18c,0,0,0,0,0,0,0
cache,Taylor Otwell,04d27c66dfde6d655f186835a6f624a30b71c18c,0,0,0,0,0,0,0
cache,Taylor Otwell,04d27c66dfde6d655f186835a6f624a30b71c18c,15,0.7,0,0,4,6,0
cache,Taylor Otwell,04d27c66dfde6d655f186835a6f624a30b71c18c,2,0.7,0,0,0,1,0
cache,Taylor Otwell,04d27c66dfde6d655f186835a6f624a30b71c18c,0,0,0,0,0,0,0
cache,Taylor Otwell,e5a295a445e9a4f97d202130172e7012c6ccdde4,8,0.7,0,0,0,1,0
cache,Taylor Otwell,e5a295a445e9a4f97d202130172e7012c6ccdde4,2,0.3,0,0,0,1,0
cache,Taylor Otwell,327a2e2f149b07ed415601b018240906714adad2,8,1.1,0,0,0,1,0
cache,Taylor Otwell,327a2e2f149b07ed415601b018240906714adad2,0,0,0,0,0,0,0
cache,Taylor Otwell,d6a13760ae2dad5b95b5b456ffb160f068be802e,0,0,0,0,0,0,0
cache,Taylor Otwell,63dff3fd41d0fa1495ad889d74cd896f937ee73d,0,0,0,0,0,0,0
cache,Taylor Otwell,63dff3fd41d0fa1495ad889d74cd896f937ee73d,0,0,0,0,0,0,0
cache,Taylor Otwell,63dff3fd41d0fa1495ad889d74cd896f937ee73d,0,0,0,0,0,0,0
cache,Taylor Otwell,63dff3fd41d0fa1495ad889d74cd896f937ee73d,0,0,0,0,0,0,0
cache,Taylor Otwell,63dff3fd41d0fa1495ad889d74cd896f937ee73d,0,0,0,0,0,0,0
cache,Taylor Otwell,63dff3fd41d0fa1495ad889d74cd896f937ee73d,0,0,0,0,0,0,0
cache,Taylor Otwell,63dff3fd41d0fa1495ad889d74cd896f937ee73d,0,0,0,0,0,0,0
cache,Taylor Otwell,192a35ab81b3862620e32eabef255f1df2ee6f09,0,0,0,0,0,0,0
cache,Taylor Otwell,de89ed03ce5ed24351af33c37d1168662e16fc16,0,0,0,0,0,0,0
cache,Taylor Otwell,de89ed03ce5ed24351af33c37d1168662e16fc16,0,0,0,0,0,0,0
cache,Taylor Otwell,474269f86d6e35a63db08ab92213a085b7319503,0,0,0,0,0,0,0
cache,Taylor Otwell,2f8a53e32837e0377dfc5f66e5e57654c0aed167,0,0,0,0,0,0,0
cache,Taylor Otwell,2a8ecc450a2862c67d5226f555cc43e468b6f47a,0,-0.1,0,0,0,0,0
cache,Taylor Otwell,2a8ecc450a2862c67d5226f555cc43e468b6f47a,0,0,0,0,0,0,0
cache,Taylor Otwell,2a8ecc450a2862c67d5226f555cc43e468b6f47a,0,0,0,0,0,0,0
cache,Taylor Otwell,2a8ecc450a2862c67d5226f555cc43e468b6f47a,0,0,0,0,0,0,0
cache,Taylor Otwell,2a8ecc450a2862c67d5226f555cc43e468b6f47a,-3,-0.1,0,0,-1,-1,0
cache,Taylor Otwell,2a8ecc450a2862c67d5226f555cc43e468b6f47a,2,0.1,0,0,0,1,0
cache,Taylor Otwell,2a8ecc450a2862c67d5226f555cc43e468b6f47a,0,0,0,0,0,0,0
cache,Taylor Otwell,a8143e15d6a9289814a2ccf62aa1f43ed761beee,0,0,0,0,0,0,0
cache,Taylor Otwell,475bd0bdd43fc85cc127a2c150dab23931c3d1fd,0,0,0,0,0,0,0
cache,Taylor Otwell,475bd0bdd43fc85cc127a2c150dab23931c3d1fd,0,-0.1,0,0,0,0,0
cache,Taylor Otwell,475bd0bdd43fc85cc127a2c150dab23931c3d1fd,0,0,0,0,0,0,0
cache,Taylor Otwell,475bd0bdd43fc85cc127a2c150dab23931c3d1fd,0,0,0,0,0,0,0
cache,Taylor Otwell,475bd0bdd43fc85cc127a2c150dab23931c3d1fd,0,0,0,0,0,0,0
cache,Taylor Otwell,475bd0bdd43fc85cc127a2c150dab23931c3d1fd,2,0.2,0,0,0,1,0
cache,Taylor Otwell,475bd0bdd43fc85cc127a2c150dab23931c3d1fd,0,0,0,0,0,0,0
cache,Taylor Otwell,475bd0bdd43fc85cc127a2c150dab23931c3d1fd,0,0,0,0,0,0,0
cache,Taylor Otwell,475bd0bdd43fc85cc127a2c150dab23931c3d1fd,0,-0.1,0,0,0,0,0
cache,Taylor Otwell,475bd0bdd43fc85cc127a2c150dab23931c3d1fd,0,-0.1,0,0,0,0,0
cache,Taylor Otwell,2104cceeb000d20add6e997d161d1e91217415b7,0,0,0,0,0,0,0
cache,Taylor Otwell,12546ed10ad824491965fe9521db022b6b421315,0,0,0,0,0,0,0
cache,Taylor Otwell,e5603ef3a7a6b71b2d642457fc633bd4b263a423,0,0,0,0,0,0,0
cache,Taylor Otwell,1285c612312a616d2b3c07fd6bc45aa111e5cce4,0,0,0,0,0,0,0
cache,Taylor Otwell,1f81286c94430ecd011da9b5f5d206fcf6e51513,0,0,0,0,0,0,0
cache,Taylor Otwell,7f2993115535fc4d340280e29b5b2966524cd6f7,0,0,0,0,0,0,0
cache,Taylor Otwell,7f2993115535fc4d340280e29b5b2966524cd6f7,0,0,0,0,0,0,0
cache,Taylor Otwell,7f2993115535fc4d340280e29b5b2966524cd6f7,0,0,0,0,0,0,0
cache,Taylor Otwell,7f2993115535fc4d340280e29b5b2966524cd6f7,0,0,0,0,0,0,0
cache,Taylor Otwell,7f2993115535fc4d340280e29b5b2966524cd6f7,0,0,0,0,0,0,0
cache,Taylor Otwell,7f2993115535fc4d340280e29b5b2966524cd6f7,0,0,0,0,0,0,0
cache,Taylor Otwell,7f2993115535fc4d340280e29b5b2966524cd6f7,0,0,0,0,0,0,0
cache,Taylor Otwell,7f2993115535fc4d340280e29b5b2966524cd6f7,0,0,0,0,0,0,0
cache,Taylor Otwell,7f2993115535fc4d340280e29b5b2966524cd6f7,0,0,0,0,0,0,0
cache,Taylor Otwell,7f2993115535fc4d340280e29b5b2966524cd6f7,0,0,0,0,0,0,0
cache,Taylor Otwell,7f2993115535fc4d340280e29b5b2966524cd6f7,0,0,0,0,0,0,0
cache,Taylor Otwell,7f2993115535fc4d340280e29b5b2966524cd6f7,0,0,0,0,0,0,0
cache,Taylor Otwell,7f2993115535fc4d340280e29b5b2966524cd6f7,0,0,0,0,0,0,0
cache,Taylor Otwell,7f2993115535fc4d340280e29b5b2966524cd6f7,0,0,0,0,0,0,0
cache,Taylor Otwell,7f2993115535fc4d340280e29b5b2966524cd6f7,0,0,0,0,0,0,0
cache,Taylor Otwell,62c39956a193e4210ef005be87c1102e5aea2dfc,0,-0.1,0,0,0,0,0
cache,Taylor Otwell,9a088a3db264f5bc4ebfa18e6283aefe628d52f3,-16,-1.1,0,0,0,-1,0
cache,Taylor Otwell,6804544118506ee661ca483b6aec5ae7715dbb1b,0,0,0,0,0,0,0
cache,Taylor Otwell,0d65c03b7650cf52a22358327bfe458bd26d97ce,-3,-0.2,0,0,-1,-1,0
cache,Taylor Otwell,8830444bdc2b54effc96921eb105374a9dbb6871,0,0,0,0,0,0,0
cache,Taylor Otwell,41e350e46aa9075c357f8fe50ae955582a9379ea,0,0,0,0,0,0,0
cache,Taylor Otwell,82293d3ab7450746d2f92130ad29bca0ffc4d394,0,0,0,0,0,0,0
cache,Taylor Otwell,7cb119baca8dc308c29071cb829f5f94ba23594d,0,0,0,0,0,0,0
cache,Taylor Otwell,7cb119baca8dc308c29071cb829f5f94ba23594d,0,0,0,0,0,0,0
cache,Taylor Otwell,875d483e1c7a7b2216eb495eece365b8ba21859b,0,0,0,0,0,0,0
cache,Taylor Otwell,875d483e1c7a7b2216eb495eece365b8ba21859b,0,0,0,0,0,0,0
cache,Taylor Otwell,875d483e1c7a7b2216eb495eece365b8ba21859b,0,0,0,0,0,0,0
cache,Taylor Otwell,875d483e1c7a7b2216eb495eece365b8ba21859b,0,0,0,0,0,0,0
cache,Taylor Otwell,875d483e1c7a7b2216eb495eece365b8ba21859b,0,0,0,0,0,0,0
cache,Taylor Otwell,c2492b119e55e2e410182f5fed68fd390e233454,0,0,0,0,0,0,0
cache,Taylor Otwell,b9909429677a4c34bd54dc4fc2ed4fa1e73e34d2,0,0,0,0,0,0,0
cache,Taylor Otwell,46113a45ec5902c6ca8eb0a2095713f05e204b63,0,0,0,0,0,0,0
cache,Taylor Otwell,2059a5ec41ca1d074f3ac4346d25d8f9a48e9301,0,0,0,0,0,0,0
cache,Taylor Otwell,28a851be4385512658a05b1a3dce87a61d030e18,0,0,0,0,0,0,0
cache,Taylor Otwell,d24cce46a4805fdf337a9d3e0724295e64d70540,0,0,0,0,0,0,0
cache,Taylor Otwell,8949843a8d70722ea563612ec92880fd2ec22257,0,0,0,0,0,0,0
cache,Taylor Otwell,8949843a8d70722ea563612ec92880fd2ec22257,0,0,0,0,0,0,0
cache,Taylor Otwell,339bf7ee0f5e1f35d97c576b74cb1de4fcd93170,0,0,0,0,0,0,0
cache,Taylor Otwell,339bf7ee0f5e1f35d97c576b74cb1de4fcd93170,0,0,0,0,0,0,0
cache,Taylor Otwell,33c5deb1e3084f6b3ff0c3970fa6f5bb6f598cbd,0,0,0,0,0,0,0
cache,Taylor Otwell,26596ebb02d1cab010c728eaef6d393876751506,0,0,0,0,0,0,0
cache,Taylor Otwell,9457f54ac1cef2946769214b7d92d8a7f3fcb196,0,0,0,0,0,0,0
cache,Taylor Otwell,26f0b162d9065e7016cbd172b0fbae4429f1c96b,0,0,0,0,0,0,0
cache,Taylor Otwell,26f0b162d9065e7016cbd172b0fbae4429f1c96b,2,0.1,0,0,0,1,0
cache,Taylor Otwell,4845b29cc493ca354770383c2c5d41cbf8213f8e,0,0,0,0,0,0,0
cache,Taylor Otwell,4845b29cc493ca354770383c2c5d41cbf8213f8e,0,0,0,0,0,0,0
cache,Taylor Otwell,73dbda80ec04e27b3a781bb8b2ff48bb9d348ee9,-3,-0.1,0,0,-1,-1,0
cache,Taylor Otwell,2f44ca988474f185ebb2e55ea584bd31814a4ebb,20,0.7,0,0,1,0,0
cache,Taylor Otwell,d034d36675bc31e532fae438d7aceddd0618ec18,-3,-0.1,0,0,-1,-1,0
cache,Taylor Otwell,5b5847dc5a58f9c0d55ddccfc2e692d3e4d85af8,0,0,0,0,0,0,0
cache,Taylor Otwell,5b5847dc5a58f9c0d55ddccfc2e692d3e4d85af8,0,0,0,0,0,0,0
cache,Taylor Otwell,d053f39f8fafdec866915f45406fcdb241b9a072,0,0,0,0,0,0,0
cache,Taylor Otwell,05ba06851b3bf4ac0e7f25b6a962f8d07ee7029b,0,0,0,0,0,0,0
cache,Taylor Otwell,577ae0ea5073514a4fc9260e083fda14896d2736,0,0,0,0,0,0,0
cache,Taylor Otwell,b63646b90317fdbd6376f01bd6e384100ec9dea2,0,0,0,0,0,0,0
cache,Taylor Otwell,24cf9881576efc4f31f227b9ec0a3880e157335f,0,0,0,0,0,0,0
cache,Taylor Otwell,24cf9881576efc4f31f227b9ec0a3880e157335f,0,0,0,0,0,0,0
cache,Taylor Otwell,f497ae960c8c63297ab19b63113683e8cfc3435f,0,0,0,0,0,0,0
cache,Taylor Otwell,f92b73370dca83568aefc5700ec33b50787d832d,0,0,0,0,0,0,0
cache,Taylor Otwell,c7568be5b3fb0ebaa2311776bd1ee52b759a704c,0,0,0,0,0,0,0
cache,Taylor Otwell,24bd7e66ad932b68235c3bb0ba9191ee9af3d466,0,0,0,0,0,0,0
cache,Taylor Otwell,269efad7fd662e18a53bbff566b84611faf2f384,0,0,0,0,0,0,0
cache,Taylor Otwell,9567279a24548e1319e34682cba713137c4750c2,0,0,0,0,0,0,0
cache,Taylor Otwell,add9aef411a26fb66e081d3f5b23b4ba61bffc5f,0,0,0,0,0,0,0
cache,Taylor Otwell,add9aef411a26fb66e081d3f5b23b4ba61bffc5f,0,0.1,0,0,0,0,0
cache,Taylor Otwell,add9aef411a26fb66e081d3f5b23b4ba61bffc5f,0,0,0,0,0,0,0
cache,Taylor Otwell,add9aef411a26fb66e081d3f5b23b4ba61bffc5f,0,0,0,0,0,0,0
cache,Taylor Otwell,add9aef411a26fb66e081d3f5b23b4ba61bffc5f,0,0,0,0,0,0,0
cache,Taylor Otwell,add9aef411a26fb66e081d3f5b23b4ba61bffc5f,6,0.5,0,0,2,1,0
cache,Taylor Otwell,add9aef411a26fb66e081d3f5b23b4ba61bffc5f,2,0.4,0,0,0,1,0
cache,Taylor Otwell,add9aef411a26fb66e081d3f5b23b4ba61bffc5f,8,0.4,0,0,2,3,0
cache,Taylor Otwell,add9aef411a26fb66e081d3f5b23b4ba61bffc5f,0,0.1,0,0,0,0,0
cache,Taylor Otwell,add9aef411a26fb66e081d3f5b23b4ba61bffc5f,0,0.1,0,0,0,0,0
cache,Taylor Otwell,4fee8bddb23da500592fbee1241aecd09dc01642,0,0,0,0,0,0,0
cache,Taylor Otwell,4fee8bddb23da500592fbee1241aecd09dc01642,0,0,0,0,0,0,0
cache,Taylor Otwell,4fee8bddb23da500592fbee1241aecd09dc01642,0,0,0,0,0,0,0
cache,Taylor Otwell,4fee8bddb23da500592fbee1241aecd09dc01642,0,0,0,0,0,0,0
cache,Taylor Otwell,cb456d6b3a4f5a30f59ba96a6e0097ab2766a3eb,0,0,0,0,0,0,0
cache,Taylor Otwell,cb456d6b3a4f5a30f59ba96a6e0097ab2766a3eb,2,0.6,0,0,0,1,0
cache,Taylor Otwell,cb456d6b3a4f5a30f59ba96a6e0097ab2766a3eb,-4,-0.3,0,0,-2,0,0
cache,Taylor Otwell,e9cadc72d62196795f106f404dce9e7bd90e908f,0,-0.4,0,0,0,0,0
cache,Taylor Otwell,e9cadc72d62196795f106f404dce9e7bd90e908f,0,0,0,0,0,0,0
cache,Taylor Otwell,b3b4cb4445c540d0183e729832eaced1cc972314,0,0,0,0,0,0,0
cache,Taylor Otwell,b3b4cb4445c540d0183e729832eaced1cc972314,0,0,0,0,0,0,0
cache,Taylor Otwell,b3b4cb4445c540d0183e729832eaced1cc972314,0,0,0,0,0,0,0
cache,Taylor Otwell,d1527128b8139314f920f8aa743e2c56b18b018e,0,0,0,0,0,0,0
cache,Taylor Otwell,0c2e10791bb178f8a419791c83dffc5af1949d00,0,0,0,0,0,0,0
cache,Taylor Otwell,6c61791262213b2edc5dd4f4f56f0584131f6354,-5,-0.4,0,0,-1,0,0
cache,Taylor Otwell,275e6f7207a373bdb5fd7986ac1df7694736ac72,-2,-0.1,0,0,-1,0,0
cache,Taylor Otwell,947ad35e040cd239c2208e4214a4683884ad76c0,0,0,0,0,0,0,0
cache,Taylor Otwell,21debfd5f34384da4df29c8a79f6946d30f16ea6,0,0,0,0,0,0,0
cache,Taylor Otwell,84bcc4c0b6e5176ee4b1980a32ddf602450321c7,0,0,0,0,0,0,0
cache,Taylor Otwell,d8feefade193dc66224baba07100ea2a969f96f2,0,0,0,0,0,0,0
cache,Taylor Otwell,6bb6b59af4cd5db3d3e0fe6d9247d56974be7273,0,0,0,0,0,0,0
cache,Taylor Otwell,1d33f0de90fcaea40b1c7d02c25d971ac5979dab,0,0,0,0,0,0,0
cache,Taylor Otwell,6743afb93b0d2d836be91f2796ab11bae822dc9a,0,-0.3,0,0,0,0,0
cache,Taylor Otwell,d7fef1ce3d06eddebf5bad2a0ec001977a62c27c,0,0,0,0,0,0,0
cache,Taylor Otwell,aa29bb8f91e83120070793c90ad3f34f2fb7952f,0,0,0,0,0,0,0
cache,Taylor Otwell,09d327f8181dbe91d38d38bb14cb641e8b3049e3,0,0,0,0,0,0,0
cache,Taylor Otwell,fc94d21a7ee5df1e84a370618333acea58d6df7f,1,0,0,0,0,1,0
cache,Taylor Otwell,3f503abfa1cd59457d0b53995e6d560cb2941190,0,0,0,0,0,0,0
cache,Taylor Otwell,59d4a05ad9004c319092f866ea6d29c506c4443e,0,0,0,0,0,0,0
cache,Taylor Otwell,59d4a05ad9004c319092f866ea6d29c506c4443e,0,0,0,0,0,0,0
cache,Taylor Otwell,59d4a05ad9004c319092f866ea6d29c506c4443e,0,0,0,0,0,0,0
cache,Taylor Otwell,163478cb334df27018fc75defe6edc7c6688e243,0,0,0,0,0,0,0
cache,Taylor Otwell,163478cb334df27018fc75defe6edc7c6688e243,0,0,0,0,0,0,0
cache,Taylor Otwell,23f7683e29bc44a8deae48bd41acd6243c3ebcd2,0,0,0,0,0,0,0
cache,Taylor Otwell,5b9117d572f686412e112f84e7a56c2fecd4ce86,0,0,0,0,0,0,0
cache,Taylor Otwell,5b9117d572f686412e112f84e7a56c2fecd4ce86,0,0,0,0,0,0,0
cache,Taylor Otwell,fe8364aada2854d5041a2ab121212717b2496c22,0,0,0,0,0,0,0
cache,Taylor Otwell,fe8364aada2854d5041a2ab121212717b2496c22,0,0,0,0,0,0,0
cache,Taylor Otwell,fe8364aada2854d5041a2ab121212717b2496c22,0,0,0,0,0,0,0
cache,Taylor Otwell,fe8364aada2854d5041a2ab121212717b2496c22,0,0,0,0,0,0,0
cache,Taylor Otwell,fe8364aada2854d5041a2ab121212717b2496c22,0,0,0,0,0,0,0
cache,Taylor Otwell,fe8364aada2854d5041a2ab121212717b2496c22,0,0,0,0,0,0,0
cache,Taylor Otwell,fe8364aada2854d5041a2ab121212717b2496c22,0,0,0,0,0,0,0
cache,Taylor Otwell,5107dc2d5b79849708b623504b3e20e36f962a90,0,0,0,0,0,0,0
cache,Taylor Otwell,04b20792ec05ef391fc54a308a4eac398b911add,0,0,0,0,0,0,0
cache,Taylor Otwell,a9b36569a5ff51b5efac31c9806689e9c33e79b4,0,0,0,0,0,0,0
cache,Taylor Otwell,d2d169a5fff07a2018059b2f0ab95eff415717ad,0,0,0,0,0,0,0
cache,Taylor Otwell,309d2656f9d733597f1d02cb6e2de5b7bd39e837,0,0,0,0,0,0,0
cache,Taylor Otwell,cf81c02d43e39a99825b1ae4b67a05fc00127a81,0,0,0,0,0,0,0
cache,Taylor Otwell,d5a8650de318315621a6873a1dc38d7030c2ef49,0,0,0,0,0,0,0
cache,Taylor Otwell,d545baa882b345b6841d4d0e9dded2be1e0d04ae,0,0,0,0,0,0,0
cache,Taylor Otwell,a3001fb657131cb3a5db8ba20d5afa7d8d23e82d,0,0,0,0,0,0,0
cache,Taylor Otwell,a3001fb657131cb3a5db8ba20d5afa7d8d23e82d,0,0,0,0,0,0,0
cache,Taylor Otwell,978235692974f7c53d9dd1fe4ca17b3ba926142b,0,0,0,0,0,0,0
cache,Taylor Otwell,978235692974f7c53d9dd1fe4ca17b3ba926142b,0,0,0,0,0,0,0
cache,Taylor Otwell,978235692974f7c53d9dd1fe4ca17b3ba926142b,0,0,0,0,0,0,0
cache,Taylor Otwell,978235692974f7c53d9dd1fe4ca17b3ba926142b,0,0,0,0,0,0,0
cache,Taylor Otwell,978235692974f7c53d9dd1fe4ca17b3ba926142b,0,0,0,0,0,0,0
cache,Taylor Otwell,978235692974f7c53d9dd1fe4ca17b3ba926142b,0,0,0,0,0,0,0
cache,Taylor Otwell,978235692974f7c53d9dd1fe4ca17b3ba926142b,0,0,0,0,0,0,0
cache,Taylor Otwell,978235692974f7c53d9dd1fe4ca17b3ba926142b,0,0,0,0,0,0,0
cache,Taylor Otwell,978235692974f7c53d9dd1fe4ca17b3ba926142b,0,0,0,0,0,0,0
cache,Taylor Otwell,978235692974f7c53d9dd1fe4ca17b3ba926142b,0,0,0,0,0,0,0
cache,Taylor Otwell,978235692974f7c53d9dd1fe4ca17b3ba926142b,0,0,0,0,0,0,0
cache,Taylor Otwell,978235692974f7c53d9dd1fe4ca17b3ba926142b,0,0,0,0,0,0,0
cache,Taylor Otwell,2ae37b68445c40bc54c5cee0a84115530fb50cb8,0,0,0,0,0,0,0
cache,Taylor Otwell,d555a40b4ca0eeae194ebfbc7d6dbf7b0b99b2a1,0,0,0,0,0,0,0
cache,Taylor Otwell,78b6f52d6410a55e1befc2a3c6f1e166b0c7f499,0,0,0,0,0,0,0
cache,Taylor Otwell,78b6f52d6410a55e1befc2a3c6f1e166b0c7f499,0,0.1,0,0,0,0,0
cache,Taylor Otwell,a708d4556f27127f9ce8313d4640f5173e0712c7,0,0,0,0,0,0,0
cache,Taylor Otwell,ef139d9b10b7cc4e5daada5d6b75a8086617733b,0,0,0,0,0,0,0
cache,Taylor Otwell,f8b970625aa6fea0199077bb28af3c6370ee7f31,0,0,0,0,0,0,0
cache,Taylor Otwell,f8b970625aa6fea0199077bb28af3c6370ee7f31,0,0,0,0,0,0,0
cache,Taylor Otwell,f8b970625aa6fea0199077bb28af3c6370ee7f31,0,0,0,0,0,0,0
cache,Taylor Otwell,f8b970625aa6fea0199077bb28af3c6370ee7f31,0,0,0,0,0,0,0
cache,Taylor Otwell,f8b970625aa6fea0199077bb28af3c6370ee7f31,0,0,0,0,0,0,0
cache,Taylor Otwell,f8b970625aa6fea0199077bb28af3c6370ee7f31,0,0,0,0,0,0,0
cache,Taylor Otwell,f8b970625aa6fea0199077bb28af3c6370ee7f31,0,0,0,0,0,0,0
cache,Taylor Otwell,a15e4203fce556834f26c66804aea04cd63481fc,0,0,0,0,0,0,0
cache,Taylor Otwell,6a5229a8e2ce68834645afa616f32310b33240e2,0,0,0,0,0,0,0
cache,Taylor Otwell,6a5229a8e2ce68834645afa616f32310b33240e2,0,0,0,0,0,0,0
cache,Taylor Otwell,3c8c344f425d7758aab7edb1e23f598790b95ff7,0,0,0,0,0,0,0
cache,Taylor Otwell,3c8c344f425d7758aab7edb1e23f598790b95ff7,0,0,0,0,0,0,0
cache,Taylor Otwell,3c8c344f425d7758aab7edb1e23f598790b95ff7,0,0,0,0,0,0,0
cache,Taylor Otwell,3c8c344f425d7758aab7edb1e23f598790b95ff7,0,0,0,0,0,0,0
cache,Taylor Otwell,3c8c344f425d7758aab7edb1e23f598790b95ff7,0,0,0,0,0,0,0
cache,Taylor Otwell,3c8c344f425d7758aab7edb1e23f598790b95ff7,0,0,0,0,0,0,0
cache,Taylor Otwell,3c8c344f425d7758aab7edb1e23f598790b95ff7,0,0,0,0,0,0,0
cache,Taylor Otwell,3c8c344f425d7758aab7edb1e23f598790b95ff7,0,0,0,0,0,0,0
cache,Taylor Otwell,3c8c344f425d7758aab7edb1e23f598790b95ff7,0,0,0,0,0,0,0
cache,Taylor Otwell,3c8c344f425d7758aab7edb1e23f598790b95ff7,0,0,0,0,0,0,0
cache,Taylor Otwell,6a4476fd4e8cd600e1ca348bf654164060e5a675,0,0,0,0,0,0,0
cache,Taylor Otwell,6a4476fd4e8cd600e1ca348bf654164060e5a675,0,0,0,0,0,0,0
cache,Taylor Otwell,cdc4989ce35db86cad4a962d6d4d176a985bfa58,0,0,0,0,0,0,0
cache,Taylor Otwell,6fa009fca19a8eb6f988bd5d1b6003bf810e39a6,0,0,0,0,0,0,0
cache,Taylor Otwell,8e8edd32b09edc8bce6747d285370e3acae6055b,0,0,0,0,0,0,0
cache,Taylor Otwell,fc28d5ada842635bdf00763f5b6a4c7cf6ebc35f,0,0,0,0,0,0,0
cache,Taylor Otwell,fc28d5ada842635bdf00763f5b6a4c7cf6ebc35f,0,0,0,0,0,0,0
cache,Taylor Otwell,794f6e18c9b49e4c56baa62cd85f9dea03dd7201,8,0.5,0,0,0,1,0
cache,Taylor Otwell,794f6e18c9b49e4c56baa62cd85f9dea03dd7201,2,0.3,0,0,0,1,0
cache,Taylor Otwell,6f8ca3638372af4382e0971f802a881f33741e9c,0,-0.1,0,0,0,0,0
cache,Taylor Otwell,dadd3bf3963894016dc5313134435121251f3ef6,0,0,0,0,0,0,0
cache,Taylor Otwell,dadd3bf3963894016dc5313134435121251f3ef6,0,0,0,0,0,0,0
cache,Taylor Otwell,c7332c34da92969b6e4fa6c6dabf4046b81078e3,0,-0.1,0,0,0,0,0
cache,Taylor Otwell,c7332c34da92969b6e4fa6c6dabf4046b81078e3,2,0.2,0,0,0,1,0
cache,Taylor Otwell,87e748e9a60929f375b6f279def109790f09a920,0,0,0,0,0,0,0
cache,Taylor Otwell,87e748e9a60929f375b6f279def109790f09a920,0,0,0,0,0,0,0
cache,Taylor Otwell,7ff6b3e2e40974274062a7776620d8886522e05e,0,0,0,0,0,0,0
cache,Taylor Otwell,7ff6b3e2e40974274062a7776620d8886522e05e,0,0,0,0,0,0,0
cache,Taylor Otwell,faf9b2ddc5437afa8a78a6afa32ffe4d12d13d43,0,0,0,0,0,0,0
cache,Taylor Otwell,faf9b2ddc5437afa8a78a6afa32ffe4d12d13d43,0,0,0,0,0,0,0
cache,Taylor Otwell,a2aec129e9b1a4c82a99b5c40d67629a1f4446f0,0,0,0,0,0,0,0
cache,Taylor Otwell,a2aec129e9b1a4c82a99b5c40d67629a1f4446f0,0,0,0,0,0,0,0
cache,Taylor Otwell,6263708dc21611373819614228d9763ced636f8b,0,0,0,0,0,0,0
cache,Taylor Otwell,6263708dc21611373819614228d9763ced636f8b,0,0,0,0,0,0,0
cache,Taylor Otwell,ede68a23fcfea016f78f3104c99dabffefddf4ab,0,0,0,0,0,0,0
cache,Taylor Otwell,f6080f8f55ff7d682a9b732ed07c3f174a3255f0,0,0,0,0,0,0,0
cache,Taylor Otwell,ba321b3ff8bcc03628c640f02baba441d4005697,0,0,0,0,0,0,0
cache,Taylor Otwell,ba321b3ff8bcc03628c640f02baba441d4005697,0,0,0,0,0,0,0
cache,Taylor Otwell,24e8d22daf5fd70a23e40bef950127cac841fcc9,0,0,0,0,0,0,0
cache,Taylor Otwell,f6976c618d015190461ed774da5e1546f096fd3e,0,0,0,0,0,0,0
cache,Taylor Otwell,a16e1dc934f6e42594415fc725b3c0f61df89013,0,0,0,0,0,0,0
cache,Taylor Otwell,4157a4d6d4a641209aaaf56a3cac3de5656a8064,0,0,0,0,0,0,0
cache,Taylor Otwell,4157a4d6d4a641209aaaf56a3cac3de5656a8064,0,0,0,0,0,0,0
cache,Taylor Otwell,e8089114054b485f45621a2e398289e7778de4ad,0,0,0,0,0,0,0
cache,Taylor Otwell,e8089114054b485f45621a2e398289e7778de4ad,0,0,0,0,0,0,0
cache,Taylor Otwell,1c7fee76ba05106d041e58e4f81fd3cf37cc2ea1,0,0,0,0,0,0,0
cache,Taylor Otwell,84bdde38336a04a5238f237469778171a6726cac,0,0,0,0,0,0,0
cache,Taylor Otwell,c07daa00f00fa55f6e84ec3763cac0b517879528,0,0,0,0,0,0,0
cache,Taylor Otwell,b81d020e5d603e90625054e7f8336dacdfeb94d8,0,0,0,0,0,0,0
cache,Taylor Otwell,ce05713e0e38f50a27417343ea59aca6180038f4,0,0,0,0,0,0,0
cache,Taylor Otwell,49ba8fedb8cf312b806a443ec1389d97aeb9bf8e,60,1.3,0,0,1,1,0
cache,Taylor Otwell,7999148929238cdd7047298f9d0dbedc75f0df51,0,0,0,0,0,0,0
cache,Taylor Otwell,6136e8479fd71e5787cf561df5e615022368fae8,0,0,0,0,0,0,0
cache,Taylor Otwell,1227d36cc999a869926a72585e6d9510a533e942,0,0,0,0,0,0,0
cache,Taylor Otwell,234292dbebbab2eb63ac692fe286c47464fe4ba0,0,0,0,0,0,0,0
cache,Taylor Otwell,17c1f8a9ccb6579e26855a04ab51e4ec5766ec08,60,1.2,0,0,1,1,0
cache,Taylor Otwell,8448df66d4cc64587675018181f90fd8beda9887,0,0,0,0,0,0,0
cache,Taylor Otwell,2d672a0c9c96bc2848089d674f9c7de6f9224070,0,0,0,0,0,0,0
cache,Taylor Otwell,702fb46e6303cae69131bc1d5862c17d51809dc6,0,0,0,0,0,0,0
cache,Taylor Otwell,eee8eb5095c8a5b525629e929988fba288854c3a,0,0,0,0,0,0,0
cache,Taylor Otwell,eee8eb5095c8a5b525629e929988fba288854c3a,0,0,0,0,0,0,0
cache,Taylor Otwell,eee8eb5095c8a5b525629e929988fba288854c3a,0,0,0,0,0,0,0
cache,Taylor Otwell,eee8eb5095c8a5b525629e929988fba288854c3a,0,0,0,0,0,0,0
cache,Taylor Otwell,eee8eb5095c8a5b525629e929988fba288854c3a,0,0,0,0,0,0,0
cache,Taylor Otwell,eee8eb5095c8a5b525629e929988fba288854c3a,0,0,0,0,0,0,0
cache,Taylor Otwell,eee8eb5095c8a5b525629e929988fba288854c3a,0,0,0,0,0,0,0
cache,Taylor Otwell,eee8eb5095c8a5b525629e929988fba288854c3a,0,0,0,0,0,0,0
cache,Taylor Otwell,eee8eb5095c8a5b525629e929988fba288854c3a,0,0,0,0,0,0,0
cache,Taylor Otwell,eee8eb5095c8a5b525629e929988fba288854c3a,0,0,0,0,0,0,0
cache,Taylor Otwell,eee8eb5095c8a5b525629e929988fba288854c3a,0,0,0,0,0,0,0
cache,Taylor Otwell,eee8eb5095c8a5b525629e929988fba288854c3a,0,-0.1,0,0,0,0,0
cache,Taylor Otwell,eee8eb5095c8a5b525629e929988fba288854c3a,0,-0.1,0,0,0,0,0
cache,Taylor Otwell,bef2beac907064b9df4559014d77778d317546bc,0,0,0,0,0,0,0
cache,Taylor Otwell,bef2beac907064b9df4559014d77778d317546bc,0,0,0,0,0,0,0
cache,Taylor Otwell,0e9c6164eec574a225914564f0f16900937a2403,0,0,0,0,0,0,0
cache,Taylor Otwell,0e9c6164eec574a225914564f0f16900937a2403,0,0,0,0,0,0,0
cache,Taylor Otwell,28fd8cee977bf59e447154f3e6ae810554906572,20,1.7,0,0,1,0,0
cache,Taylor Otwell,f97026746256beb0b3185cb8fd72e5ebc186e4c3,0,0,0,0,0,0,0
cache,Taylor Otwell,080428e5a90335173c912ba7cb53a70c811f3b03,-20,-0.5,0,0,-1,0,0
cache,Taylor Otwell,2a5c1b1dc6cd5db19c7d96b13961985679c74ebf,0,-0.1,0,0,0,0,0
cache,Taylor Otwell,2420b393c50f0b2136b3e432194f9b754fae36ed,0,0,0,0,0,0,0
cache,Taylor Otwell,2420b393c50f0b2136b3e432194f9b754fae36ed,0,0,0,0,0,0,0
cache,Taylor Otwell,ea30588fd77e41c6f851c3eb9fdaa41a1031dca1,0,0,0,0,0,0,0
cache,Taylor Otwell,ea30588fd77e41c6f851c3eb9fdaa41a1031dca1,0,0,0,0,0,0,0
cache,Taylor Otwell,ea30588fd77e41c6f851c3eb9fdaa41a1031dca1,0,0,0,0,0,0,0
cache,Taylor Otwell,ea30588fd77e41c6f851c3eb9fdaa41a1031dca1,0,0,0,0,0,0,0
cache,Taylor Otwell,033f0cc02f85927626f941efea7ccc186d17cec2,0,0,0,0,0,0,0
cache,Taylor Otwell,3800859bf37a9737364189deb8ebea8a30d3b26a,0,0,0,0,0,0,0
cache,Taylor Otwell,91c82c7a1c59578cd13f8d3c55d062dc32764354,0,0,0,0,0,0,0
cache,Taylor Otwell,a8a9d0026332cd7c50d856da127e6a7b41a4db31,0,0,0,0,0,0,0
cache,Taylor Otwell,7b88d9a6ff48854a295ce41a2d4278007a912e50,0,0,0,0,0,0,0
cache,Taylor Otwell,7b88d9a6ff48854a295ce41a2d4278007a912e50,0,0,0,0,0,0,0
cache,Taylor Otwell,7b88d9a6ff48854a295ce41a2d4278007a912e50,0,0,0,0,0,0,0
cache,Taylor Otwell,7b88d9a6ff48854a295ce41a2d4278007a912e50,0,0,0,0,0,0,0
cache,Taylor Otwell,7b88d9a6ff48854a295ce41a2d4278007a912e50,0,0,0,0,0,0,0
cache,Taylor Otwell,7b88d9a6ff48854a295ce41a2d4278007a912e50,0,0,0,0,0,0,0
cache,Taylor Otwell,7b88d9a6ff48854a295ce41a2d4278007a912e50,0,0,0,0,0,0,0
cache,Taylor Otwell,7b88d9a6ff48854a295ce41a2d4278007a912e50,0,0,0,0,0,0,0
cache,Taylor Otwell,e7b8bd8c3799fd2bc8565dd1b9499f18a3bc254d,10,0.4,0,0,0,1,0
cache,Taylor Otwell,41c05e5582dd5934fc38d4b5d071d7d9e0baadfb,7,0.1,0,0,1,-1,0
cache,Taylor Otwell,5d084b0764652e2e33f7d404739af795d226c2fc,-14,-0.5,0,0,-2,-1,0
cache,Taylor Otwell,5ba7254b14a502cc765e59df19d20b4c1cef18e5,0,0,0,0,0,0,0
cache,Taylor Otwell,5ba7254b14a502cc765e59df19d20b4c1cef18e5,0,0,0,0,0,0,0
cache,Taylor Otwell,5ba7254b14a502cc765e59df19d20b4c1cef18e5,0,0,0,0,0,0,0
cache,Taylor Otwell,6e21e4263f3ac40db719bf531615a45e6eae69fb,0,0,0,0,0,0,0
cache,Taylor Otwell,574796d21a7b13dc1999fe35e43ec1bb27ad7f87,0,0,0,0,0,0,0
cache,Taylor Otwell,486321bcad1909b219d5bd942836a4c6a859a0a8,12,1.1,0,0,0,2,0
cache,Taylor Otwell,180c6e9758eda10eeb52850859e53ac6e4488951,0,0,0,0,0,0,0
cache,Taylor Otwell,4d6289f70d412d5607afb0131f3afa78febe6dde,0,0,0,0,0,0,0
cache,Taylor Otwell,4d6289f70d412d5607afb0131f3afa78febe6dde,0,0,0,0,0,0,0
cache,Taylor Otwell,4d6289f70d412d5607afb0131f3afa78febe6dde,0,0,0,0,0,0,0
cache,Taylor Otwell,4d6289f70d412d5607afb0131f3afa78febe6dde,0,0,0,0,0,0,0
cache,Taylor Otwell,4d6289f70d412d5607afb0131f3afa78febe6dde,0,0,0,0,0,0,0
cache,Taylor Otwell,4d6289f70d412d5607afb0131f3afa78febe6dde,0,0,0,0,0,0,0
cache,Taylor Otwell,477690525eadd39b856a140f718a67851a0bde02,0,0,0,0,0,0,0
cache,Taylor Otwell,5758605a1a8b5e26c78b73c7397516da67b9365d,0,0,0,0,0,0,0
cache,Taylor Otwell,f2b56fcde38a099b96680de40cea738a892e2c02,0,0,0,0,0,0,0
cache,Taylor Otwell,36f8f374ec8d684d2f336f09484d8f59fb155591,0,0,0,0,0,0,0
cache,Taylor Otwell,3fd9d431765c9f4420f4b33553dbcda8c7d492b7,0,0,0,0,0,0,0
cache,Taylor Otwell,09286b2c6912cbba14b94cb14ba118f2c2b76413,0,0,0,0,0,0,0
cache,Taylor Otwell,9a869bcfb980044f49e2e3853818b117d071af85,-8,-0.5,0,0,0,-1,0
cache,Taylor Otwell,2e148c69f4fe3d6eb05e34ae1ef78658062d949f,0,0.1,0,0,0,0,0
cache,Taylor Otwell,cfb152aa785ff1edc153dfb351c8a1dda5bb1d0b,0,0,0,0,0,0,0
cache,Taylor Otwell,5f571dad5013d768922fb3b4b6e5e311f7a0a51d,0,0,0,0,0,0,0
cache,Taylor Otwell,9568e2afcb2535fa63aed5523eaf11478071c416,0,0,0,0,0,0,0
cache,Taylor Otwell,9568e2afcb2535fa63aed5523eaf11478071c416,0,0,0,0,0,0,0
cache,Taylor Otwell,9568e2afcb2535fa63aed5523eaf11478071c416,0,0,0,0,0,0,0
cache,Taylor Otwell,9568e2afcb2535fa63aed5523eaf11478071c416,0,0,0,0,0,0,0
cache,Taylor Otwell,9568e2afcb2535fa63aed5523eaf11478071c416,33,0.6,0,0,2,1,0
cache,Taylor Otwell,da1f073359a9cd33915d8ac28046ca4104d7fad8,0,0,0,0,0,0,0
cache,Taylor Otwell,0a698b923297e157a08b22ba4e7894c43cac3917,0,0,0,0,0,0,0
cache,Taylor Otwell,e95ded21c280840c339d9ecbedf7617da33d2959,0,0,0,0,0,0,0
cache,Taylor Otwell,e95ded21c280840c339d9ecbedf7617da33d2959,0,0,0,0,0,0,0
cache,Taylor Otwell,e95ded21c280840c339d9ecbedf7617da33d2959,0,0,0,0,0,0,0
cache,Taylor Otwell,e95ded21c280840c339d9ecbedf7617da33d2959,0,0,0,0,0,0,0
cache,Taylor Otwell,e95ded21c280840c339d9ecbedf7617da33d2959,-2,-0.1,0,0,0,-1,0
cache,Taylor Otwell,e95ded21c280840c339d9ecbedf7617da33d2959,0,0,0,0,0,0,0
cache,Taylor Otwell,e95ded21c280840c339d9ecbedf7617da33d2959,0,0,0,0,0,0,0
cache,Taylor Otwell,e95ded21c280840c339d9ecbedf7617da33d2959,10,-0.2,0,0,0,1,0
cache,Taylor Otwell,e95ded21c280840c339d9ecbedf7617da33d2959,0,0,0,0,0,0,0
cache,Taylor Otwell,33d9f3a6993d6da290ea242ea292d00f81bd2284,0,0,0,0,0,0,0
cache,Taylor Otwell,763c2e7d855633e4b4c3eb9a2fe383ec8b527144,0,0,0,0,0,0,0
cache,Taylor Otwell,763c2e7d855633e4b4c3eb9a2fe383ec8b527144,0,0,0,0,0,0,0
cache,Taylor Otwell,763c2e7d855633e4b4c3eb9a2fe383ec8b527144,0,0,0,0,0,0,0
cache,Taylor Otwell,763c2e7d855633e4b4c3eb9a2fe383ec8b527144,0,0,0,0,0,0,0
cache,Taylor Otwell,763c2e7d855633e4b4c3eb9a2fe383ec8b527144,0,0,0,0,0,0,0
cache,Taylor Otwell,763c2e7d855633e4b4c3eb9a2fe383ec8b527144,0,0,0,0,0,0,0
cache,Taylor Otwell,763c2e7d855633e4b4c3eb9a2fe383ec8b527144,0,0,0,0,0,0,0
cache,Taylor Otwell,763c2e7d855633e4b4c3eb9a2fe383ec8b527144,0,0,0,0,0,0,0
cache,Taylor Otwell,763c2e7d855633e4b4c3eb9a2fe383ec8b527144,0,0,0,0,0,0,0
cache,Taylor Otwell,763c2e7d855633e4b4c3eb9a2fe383ec8b527144,0,0,0,0,0,0,0
cache,Taylor Otwell,0c4a750c55c520c2b2d15d2a3c50a7eece63a1aa,-60,-1.6,0,0,-1,0,0
cache,Taylor Otwell,08ad3a7e4ec02429b73fb8dea408c350c2bdeaaa,0,0,0,0,0,0,0
cache,Taylor Otwell,3b6130c81f23f37ba19c00114fadbd668a64663d,0,0,0,0,0,0,0
cache,Taylor Otwell,58ead623b1848008bc3d0b4a20d2a7d4d7cb28b2,0,0,0,0,0,0,0
cache,Taylor Otwell,6907d6918f4873331c95699cdef4c653bcf02cd8,0,0,0,0,0,0,0
cache,Taylor Otwell,a402a4eb0bf0598ee7d254c4ba77c29c82ec8a2b,-60,-1.5,0,0,-1,0,0
cache,Taylor Otwell,a1b853be4245fd685d61e4c3eb27fc3aac46b5c0,0,0,0,0,0,0,0
cache,Taylor Otwell,a1b853be4245fd685d61e4c3eb27fc3aac46b5c0,-43,-0.6,0,0,-2,-2,0
cache,Taylor Otwell,a1b853be4245fd685d61e4c3eb27fc3aac46b5c0,0,0,0,0,0,0,0
cache,Taylor Otwell,a1b853be4245fd685d61e4c3eb27fc3aac46b5c0,0,0,0,0,0,0,0
cache,Taylor Otwell,42d37ec08c3ea1218108a681c394086b2fe24fef,0,0,0,0,0,0,0
cache,Taylor Otwell,42d37ec08c3ea1218108a681c394086b2fe24fef,0,0,0,0,0,0,0
cache,Taylor Otwell,ec77dd11697e16a5964c8314856fe9f689350079,0,0,0,0,0,0,0
cache,Taylor Otwell,7b03992214524790ba6c8e08468501fb7351e3d2,0,0,0,0,0,0,0
cache,Taylor Otwell,7b03992214524790ba6c8e08468501fb7351e3d2,43,0.4,0,0,2,2,0
cache,Taylor Otwell,7b03992214524790ba6c8e08468501fb7351e3d2,0,0,0,0,0,0,0
cache,Taylor Otwell,7b03992214524790ba6c8e08468501fb7351e3d2,0,0,0,0,0,0,0
cache,Taylor Otwell,14094b8413c75f00ca8d723f3ee4801a292c14aa,0,0,0,0,0,0,0
cache,Taylor Otwell,14094b8413c75f00ca8d723f3ee4801a292c14aa,0,0,0,0,0,0,0
cache,Taylor Otwell,14094b8413c75f00ca8d723f3ee4801a292c14aa,0,0,0,0,0,0,0
cache,Taylor Otwell,14094b8413c75f00ca8d723f3ee4801a292c14aa,0,0,0,0,0,0,0
cache,Taylor Otwell,a6d756b20192d2a6e06d63731415448d01a19c05,0,0,0,0,0,0,0
cache,Taylor Otwell,a6d756b20192d2a6e06d63731415448d01a19c05,0,0,0,0,0,0,0
cache,Taylor Otwell,a6d756b20192d2a6e06d63731415448d01a19c05,0,0,0,0,0,0,0
cache,Taylor Otwell,a6d756b20192d2a6e06d63731415448d01a19c05,0,0,0,0,0,0,0
cache,Taylor Otwell,6d16e4378aaf28986a3f87cafe97d84b4e968c35,0,0,0,0,0,0,0
cache,Taylor Otwell,6d16e4378aaf28986a3f87cafe97d84b4e968c35,0,0,0,0,0,0,0
cache,Taylor Otwell,6d16e4378aaf28986a3f87cafe97d84b4e968c35,0,0,0,0,0,0,0
cache,Taylor Otwell,6d16e4378aaf28986a3f87cafe97d84b4e968c35,0,0,0,0,0,0,0
cache,Taylor Otwell,6d16e4378aaf28986a3f87cafe97d84b4e968c35,0,0,0,0,0,0,0
cache,Taylor Otwell,1b972cd749e238ccd68504daf349a76c80cd8deb,0,0,0,0,0,0,0
cache,Taylor Otwell,efff9de23ef3962a9b0fee898258cec3f1569a6d,0,0,0,0,0,0,0
cache,Taylor Otwell,e8b5a030bed422a58e32a1928dd0a695107b3521,0,0,0,0,0,0,0
cache,Taylor Otwell,adcaf770b02a995ff3bcdc704f050ce2cd3eebbd,0,0,0,0,0,0,0
cache,Taylor Otwell,adcaf770b02a995ff3bcdc704f050ce2cd3eebbd,0,0,0,0,0,0,0
cache,Taylor Otwell,a2c92c32e966330800833e79d9b6ae22a879f235,0,0.1,0,0,0,0,0
cache,Taylor Otwell,b932101407b43b2dd33a7daaff5d7f5b34c3be22,0,0,0,0,0,0,0
cache,Taylor Otwell,a03bb30c61ff70051d2ab9180cf012fc28c7adaa,0,0,0,0,0,0,0
cache,Taylor Otwell,1e82ce979f1ca543abadb61c6bff7e60e353aa49,0,0,0,0,0,0,0
cache,Taylor Otwell,6944257fe241399b6c98dbd8f5bb80d65dbab37e,0,0,0,0,0,0,0
cache,Taylor Otwell,a03f03e76c8c33232eab085d18ed20eeadd1e2d9,0,0,0,0,0,0,0
cache,Taylor Otwell,37b681ecb2bea81b31d012464465ce49fc85fd99,0,0,0,0,0,0,0
cache,Taylor Otwell,97a2b35b22ef357e8d405dfa3f2403494b2ad586,0,0,0,0,0,0,0
cache,Taylor Otwell,8f914e14c6c764557ce77a3208cfea7353ce0a06,0,0,0,0,0,0,0
cache,Taylor Otwell,44f09a3731eef04c849c569a178b7e07fc73ec4f,0,0,0,0,0,0,0
cache,Taylor Otwell,3b425e3b8746ce50785d5ac4305a781bc3c31d01,0,0,0,0,0,0,0
cache,Taylor Otwell,c79839820e05cbc63d81db551e2fdc5cfdef0f8e,0,0,0,0,0,0,0
cache,Taylor Otwell,82b37c66bc237e461e4a0039c8c6de3d328fc32a,0,-0.1,0,0,0,0,0
cache,Taylor Otwell,8c4ceb614616d63bff1187ad714cbddf4f9a2b00,0,0,0,0,0,0,0
cache,Taylor Otwell,ed3caef50ce44036179df744ad0facc8634fe6b2,0,0,0,0,0,0,0
cache,Taylor Otwell,ed3caef50ce44036179df744ad0facc8634fe6b2,-20,-0.7,0,0,-1,0,0
cache,Taylor Otwell,b7a5ab09ce8126a1cb988a19994e78130da25802,0,-0.2,0,0,0,0,0
cache,Taylor Otwell,510d0f5209b93a7553da96f649b61a5b020869ba,0,0,0,0,0,0,0
cache,Taylor Otwell,e253e229d017f2f7545bf4aac0d17eaa223bf7af,0,0,0,0,0,0,0
cache,Taylor Otwell,64891f4c94760e517784a9d697b01397fcd365ef,0,0,0,0,0,0,0
cache,Taylor Otwell,74c58a131850ed637b859d1ab9beaa864c12e6d9,0,0,0,0,0,0,0
cache,Taylor Otwell,184da340dd0a5216564cd063e9e342e8b0c2dc22,0,0,0,0,0,0,0
cache,Taylor Otwell,0b82a9dd04671efe22e4471989c98d3aa717de00,0,0,0,0,0,0,0
cache,Taylor Otwell,ad51e34c0a158654a98448724bccb07616e13bcd,0,0,0,0,0,0,0
cache,Taylor Otwell,cf300b0e5d1b121e66b312f5c400df7f33b0d109,0,0,0,0,0,0,0
cache,Taylor Otwell,16c1a7f65e71481a68188bc0564544a212561581,0,0,0,0,0,0,0
cache,Taylor Otwell,76dd53dac8325ee26f3074219bdfb106ec8e8f04,0,0,0,0,0,0,0
cache,Taylor Otwell,97a46318e490f7f20cf2d9a588bc2b515a1f08c1,0,0,0,0,0,0,0
cache,Taylor Otwell,97a46318e490f7f20cf2d9a588bc2b515a1f08c1,0,0,0,0,0,0,0
cache,Taylor Otwell,97a46318e490f7f20cf2d9a588bc2b515a1f08c1,0,0,0,0,0,0,0
cache,Taylor Otwell,97a46318e490f7f20cf2d9a588bc2b515a1f08c1,0,0,0,0,0,0,0
cache,Taylor Otwell,97a46318e490f7f20cf2d9a588bc2b515a1f08c1,0,0,0,0,0,0,0
cache,Taylor Otwell,97a46318e490f7f20cf2d9a588bc2b515a1f08c1,0,0,0,0,0,0,0
cache,Taylor Otwell,97a46318e490f7f20cf2d9a588bc2b515a1f08c1,0,0,0,0,0,0,0
cache,Taylor Otwell,97a46318e490f7f20cf2d9a588bc2b515a1f08c1,0,0,0,0,0,0,0
cache,Taylor Otwell,97a46318e490f7f20cf2d9a588bc2b515a1f08c1,0,0,0,0,0,0,0
cache,Taylor Otwell,97a46318e490f7f20cf2d9a588bc2b515a1f08c1,0,0,0,0,0,0,0
cache,Taylor Otwell,97a46318e490f7f20cf2d9a588bc2b515a1f08c1,0,0,0,0,0,0,0
cache,Taylor Otwell,f42b13a2f5298dbda897d6957e919454b85ac24d,0,0,0,0,0,0,0
cache,Taylor Otwell,1c46143cda146053ebf9136d65627d487ddb9d20,43,0.3,0,0,2,2,0
cache,Taylor Otwell,335e97917b75933ba14a4c29e580792491b257c7,0,0,0,0,0,0,0
cache,Taylor Otwell,e2d7d0dd901d9edeacf60b7ff4ea4403d87ec132,0,0,0,0,0,0,0
cache,Taylor Otwell,871e1b38666b0c2a13a393333440ba221804fb18,0,0,0,0,0,0,0
cache,Taylor Otwell,73c63cda518d80451f13c85a6e71385b0e2db077,0,0,0,0,0,0,0
cache,Taylor Otwell,24e1ada4d55e3f7cdffa4e95b53a45a6069cb9aa,0,0,0,0,0,0,0
cache,Taylor Otwell,24e1ada4d55e3f7cdffa4e95b53a45a6069cb9aa,0,0,0,0,0,0,0
cache,Taylor Otwell,24e1ada4d55e3f7cdffa4e95b53a45a6069cb9aa,0,0,0,0,0,0,0
cache,Taylor Otwell,6f70be01fb802abdb85a7277b66bdcc6a1b04f77,0,0,0,0,0,0,0
cache,Taylor Otwell,6f70be01fb802abdb85a7277b66bdcc6a1b04f77,0,0,0,0,0,0,0
cache,Taylor Otwell,6f70be01fb802abdb85a7277b66bdcc6a1b04f77,0,0,0,0,0,0,0
cache,Taylor Otwell,6d6b5bc3ae314b536fd65f2241f90fb4f8402a67,0,0,0,0,0,0,0
cache,Taylor Otwell,6d6b5bc3ae314b536fd65f2241f90fb4f8402a67,0,0,0,0,0,0,0
cache,Taylor Otwell,6d6b5bc3ae314b536fd65f2241f90fb4f8402a67,0,0,0,0,0,0,0
cache,Taylor Otwell,d1a3f0e1d58dbc3e8a9898e4771aab88ebef06dd,8,0.6,0,0,0,1,0
cache,Taylor Otwell,176d6281cf3b43bbde72b83a296cac17ae35bb7a,-8,-0.6,0,0,0,-1,0
cache,Taylor Otwell,d3436e87aba72194b8b6ddba3241979ac8b5dcf4,0,0,0,0,0,0,0
cache,Taylor Otwell,e35ce57cfe873ba2d9ef46a75920661c0ceda18e,0,0,0,0,0,0,0
cache,Taylor Otwell,9bf88e5dc27bacb2cf19e77ed72d06de8d12d00b,0,0,0,0,0,0,0
cache,Taylor Otwell,bb31ddfada3cb39a58774ea1d1fd9d05759726a8,0,0,0,0,0,0,0
cache,Taylor Otwell,bb31ddfada3cb39a58774ea1d1fd9d05759726a8,0,0,0,0,0,0,0
cache,Taylor Otwell,e6cc9e65903b9ce291b68cad173d88ee969fadbc,0,0,0,0,0,0,0
cache,Taylor Otwell,e6cc9e65903b9ce291b68cad173d88ee969fadbc,0,0,0,0,0,0,0
cache,Taylor Otwell,249c31349015845df3fa7214d7aa9e79fb42bd78,0,0,0,0,0,0,0
cache,Taylor Otwell,249c31349015845df3fa7214d7aa9e79fb42bd78,0,0,0,0,0,0,0
cache,Taylor Otwell,8e506168a3b965b17905e0ac03949a45c488df23,0,0,0,0,0,0,0
cache,Taylor Otwell,81bb26036d721e2f57748d1897380312662ce1af,0,0,0,0,0,0,0
cache,Taylor Otwell,a322f4c5eda1fd660043e688cc524d98e3fae590,0,0,0,0,0,0,0
cache,Taylor Otwell,442d3393608ed44a5efe60e563dca6d11f0439c2,0,0,0,0,0,0,0
cache,Taylor Otwell,442d3393608ed44a5efe60e563dca6d11f0439c2,0,0,0,0,0,0,0
cache,Taylor Otwell,b0d8ea63556c97d67740a864ed6f1877978864f0,0,0,0,0,0,0,0
cache,Taylor Otwell,fff2f196ef0e8cb818b1cd0c90d646f7e9b5c10a,0,0,0,0,0,0,0
cache,Taylor Otwell,53cd6bd730f4e04357ea19ecce7c15ec93a3cadc,0,0,0,0,0,0,0
cache,Taylor Otwell,d0b869d05074ae7653156e4114873609a7aca117,0,0,0,0,0,0,0
cache,Taylor Otwell,d0b869d05074ae7653156e4114873609a7aca117,0,-0.1,0,0,0,0,0
cache,Taylor Otwell,d813a0fca833cc2107eef2b0e6d026885975fc3d,0,0,0,0,0,0,0
cache,Taylor Otwell,d813a0fca833cc2107eef2b0e6d026885975fc3d,0,0,0,0,0,0,0
cache,Taylor Otwell,d813a0fca833cc2107eef2b0e6d026885975fc3d,0,0,0,0,0,0,0
cache,Taylor Otwell,03f697becf70c8cac4d71ce18d93fcf13f40e0ae,0,0,0,0,0,0,0
cache,Taylor Otwell,03f697becf70c8cac4d71ce18d93fcf13f40e0ae,0,0,0,0,0,0,0
cache,Taylor Otwell,03f697becf70c8cac4d71ce18d93fcf13f40e0ae,0,0,0,0,0,0,0
cache,Taylor Otwell,9e53400c51977c82a4457cf4c7f594aacef2bb26,0,0,0,0,0,0,0
cache,Taylor Otwell,3506670a22c94acfd1c17d3327fba4e238510bb8,0,0,0,0,0,0,0
cache,Taylor Otwell,23318b64631128bbbadd101a06838fa88acfdc28,0,0,0,0,0,0,0
cache,Taylor Otwell,f27c28e19e45318fcf0ec2b6ecc7a2c9b777efe5,0,0,0,0,0,0,0
cache,Taylor Otwell,f27c28e19e45318fcf0ec2b6ecc7a2c9b777efe5,0,0,0,0,0,0,0
cache,Taylor Otwell,f27c28e19e45318fcf0ec2b6ecc7a2c9b777efe5,0,0,0,0,0,0,0
cache,Taylor Otwell,f27c28e19e45318fcf0ec2b6ecc7a2c9b777efe5,0,0,0,0,0,0,0
cache,Taylor Otwell,13fdcdc0042a53177ac799eb70d9dcb9b33b2167,0,0,0,0,0,0,0
cache,Taylor Otwell,95c78ef28d0f41e1602da9cf43b8161ea94d2b9c,0,0,0,0,0,0,0
cache,Taylor Otwell,c43d200c6a3ec6728405fb8e71a8ff868ed65a54,0,0,0,0,0,0,0
cache,Taylor Otwell,c43d200c6a3ec6728405fb8e71a8ff868ed65a54,0,0,0,0,0,0,0
cache,Taylor Otwell,c43d200c6a3ec6728405fb8e71a8ff868ed65a54,0,0,0,0,0,0,0
cache,Taylor Otwell,c43d200c6a3ec6728405fb8e71a8ff868ed65a54,0,0,0,0,0,0,0
cache,Taylor Otwell,c43d200c6a3ec6728405fb8e71a8ff868ed65a54,0,0,0,0,0,0,0
cache,Taylor Otwell,9290a6dd7c18b8f021adc1eab2e7a2d7780bbbd1,0,0,0,0,0,0,0
cache,Taylor Otwell,9290a6dd7c18b8f021adc1eab2e7a2d7780bbbd1,0,0,0,0,0,0,0
cache,Taylor Otwell,9290a6dd7c18b8f021adc1eab2e7a2d7780bbbd1,0,0,0,0,0,0,0
cache,Taylor Otwell,9290a6dd7c18b8f021adc1eab2e7a2d7780bbbd1,0,0,0,0,0,0,0
cache,Taylor Otwell,46a8ecaca7ccf3709500deda996c4b01ccfc5170,0,-0.1,0,0,0,0,0
cache,Taylor Otwell,46a8ecaca7ccf3709500deda996c4b01ccfc5170,0,0,0,0,0,0,0
cache,Taylor Otwell,97f0ceb6c0d00ac23b38a7b652b210a56afc775b,0,0,0,0,0,0,0
cache,Taylor Otwell,2767d0b4db82664c3ab70f20c24dd402ecc48d1e,0,0,0,0,0,0,0
cache,Taylor Otwell,2767d0b4db82664c3ab70f20c24dd402ecc48d1e,0,0,0,0,0,0,0
cache,Taylor Otwell,0cd723503e15789b0c4b2b66366a021d6c4bfed4,-20,-1.3,0,0,0,-2,0
cache,Taylor Otwell,d83894c36f5ebfe99bed604742b19314456731a1,0,0,0,0,0,0,0
cache,Taylor Otwell,a7bf8e7d864933c3c095caa6f0ac83ac4fcad396,10,0.8,0,0,0,1,0
cache,Taylor Otwell,a7bf8e7d864933c3c095caa6f0ac83ac4fcad396,0,0,0,0,0,0,0
cache,Taylor Otwell,a7bf8e7d864933c3c095caa6f0ac83ac4fcad396,0,0,0,0,0,0,0
cache,Taylor Otwell,b43e5db2d7268119219f9e7ae4de7c8ef402291d,0,0,0,0,0,0,0
cache,Taylor Otwell,b43e5db2d7268119219f9e7ae4de7c8ef402291d,0,0,0,0,0,0,0
cache,Taylor Otwell,b43e5db2d7268119219f9e7ae4de7c8ef402291d,0,0.1,0,0,0,0,0
cache,Taylor Otwell,49aca88fe8cbbbad1773ddf06f7850da7049bfdf,0,0,0,0,0,0,0
cache,Taylor Otwell,5a0da597f10d31e0dc79b46464f758919f142d62,0,0,0,0,0,0,0
cache,Taylor Otwell,89205cd338d291bfd78614bea2c94095c6d6b81f,0,0,0,0,0,0,0
cache,Taylor Otwell,24d9ce242409509009744d8c0d0603051b76fd11,0,0,0,0,0,0,0
cache,Taylor Otwell,63f871eb4f44c9b83f9962a1567ccb31572f510e,0,0,0,0,0,0,0
cache,Taylor Otwell,623e052c24b7da1b40e9d9e8ff62f49784dedac0,0,-0.1,0,0,0,0,0
cache,Taylor Otwell,55989eb8719059795a9452bb5193464472ea37c2,0,0,0,0,0,0,0
cache,Taylor Otwell,a9cc808aba8ec3de73d2c0102d53c007ecda7f12,0,0,0,0,0,0,0
cache,Taylor Otwell,1a5e7f21e9d060ee84ff6c3ca1dad03872e8b04d,0,0,0,0,0,0,0
cache,Taylor Otwell,1a5e7f21e9d060ee84ff6c3ca1dad03872e8b04d,0,0,0,0,0,0,0
cache,Taylor Otwell,1a5e7f21e9d060ee84ff6c3ca1dad03872e8b04d,0,0,0,0,0,0,0
cache,Taylor Otwell,1a5e7f21e9d060ee84ff6c3ca1dad03872e8b04d,0,0,0,0,0,0,0
cache,Taylor Otwell,1a5e7f21e9d060ee84ff6c3ca1dad03872e8b04d,0,0,0,0,0,0,0
cache,Taylor Otwell,1a5e7f21e9d060ee84ff6c3ca1dad03872e8b04d,-38,-0.4,0,0,-1,-2,0
cache,Taylor Otwell,1a5e7f21e9d060ee84ff6c3ca1dad03872e8b04d,0,0,0,0,0,0,0
cache,Taylor Otwell,7cb6694d9adcaaef087f1e1fbd483c7f1213ae71,0,0,0,0,0,0,0
cache,Taylor Otwell,dfe4312f5f032d62e5e9bb28655601a83b084d41,0,0,0,0,0,0,0
cache,Taylor Otwell,0a97eddb2ab2aa29884f8b33b7167fbf253841ee,0,0,0,0,0,0,0
cache,Taylor Otwell,8d02d1272a4ec059de271d624ad95d9be35c7bf3,0,0,0,0,0,0,0
cache,Taylor Otwell,8d02d1272a4ec059de271d624ad95d9be35c7bf3,0,0,0,0,0,0,0
cache,Taylor Otwell,8d02d1272a4ec059de271d624ad95d9be35c7bf3,0,0,0,0,0,0,0
cache,Taylor Otwell,8d02d1272a4ec059de271d624ad95d9be35c7bf3,0,0,0,0,0,0,0
cache,Taylor Otwell,8d02d1272a4ec059de271d624ad95d9be35c7bf3,0,0,0,0,0,0,0
cache,Taylor Otwell,8d02d1272a4ec059de271d624ad95d9be35c7bf3,0,0,0,0,0,0,0
cache,Taylor Otwell,8d02d1272a4ec059de271d624ad95d9be35c7bf3,0,0,0,0,0,0,0
cache,Taylor Otwell,8d02d1272a4ec059de271d624ad95d9be35c7bf3,0,0,0,0,0,0,0
cache,Taylor Otwell,8d02d1272a4ec059de271d624ad95d9be35c7bf3,0,0,0,0,0,0,0
cache,Taylor Otwell,8d02d1272a4ec059de271d624ad95d9be35c7bf3,0,0,0,0,0,0,0
cache,Taylor Otwell,8d02d1272a4ec059de271d624ad95d9be35c7bf3,0,0,0,0,0,0,0
cache,Taylor Otwell,8d02d1272a4ec059de271d624ad95d9be35c7bf3,0,0,0,0,0,0,0
cache,Taylor Otwell,8d02d1272a4ec059de271d624ad95d9be35c7bf3,0,0,0,0,0,0,0
cache,Graham Campbell,82abe0ffcb955af0785acb7171106c5e0a176fd9,4,0.1,0,0,0,0,0
cache,Graham Campbell,c33b0205ab296a56a76f52bc572f6732b740257f,1,0,0,0,0,1,0
cache,Graham Campbell,629a3b326650880bf516d5228ffd7971145b7740,0,0,0,0,0,0,0
cache,Graham Campbell,92bafdfaf1a6d8f0410f0f4ba08ff4f7d613bbac,0,0,0,0,0,0,0
cache,Graham Campbell,aefccdefaf72e58e4b81eb2e808ed999e80aa07b,0,0,0,0,0,0,0
cache,Graham Campbell,aefccdefaf72e58e4b81eb2e808ed999e80aa07b,0,0,0,0,0,0,0
cache,Graham Campbell,528b2ba1d3eca9d6f5cadaebfef1f43e26d8fad6,0,0,0,0,0,0,0
cache,Graham Campbell,27adc0efbcbd0090c0fbfe82d2d390db1ea66e6c,0,0,0,0,0,0,0
cache,Graham Campbell,27adc0efbcbd0090c0fbfe82d2d390db1ea66e6c,0,0,0,0,0,0,0
cache,Graham Campbell,27adc0efbcbd0090c0fbfe82d2d390db1ea66e6c,0,0,0,0,0,0,0
cache,Graham Campbell,27adc0efbcbd0090c0fbfe82d2d390db1ea66e6c,0,0,0,0,0,0,0
cache,Graham Campbell,27adc0efbcbd0090c0fbfe82d2d390db1ea66e6c,0,0,0,0,0,0,0
cache,Graham Campbell,27adc0efbcbd0090c0fbfe82d2d390db1ea66e6c,0,0,0,0,0,0,0
cache,Graham Campbell,27adc0efbcbd0090c0fbfe82d2d390db1ea66e6c,0,0,0,0,0,0,0
cache,Graham Campbell,bb1828051c3a84e46949b3a15e3558255966979d,0,0,0,0,0,0,0
cache,Graham Campbell,bb1828051c3a84e46949b3a15e3558255966979d,0,0,0,0,0,0,0
cache,Graham Campbell,bb1828051c3a84e46949b3a15e3558255966979d,0,0,0,0,0,0,0
cache,Graham Campbell,bb1828051c3a84e46949b3a15e3558255966979d,0,0,0,0,0,0,0
cache,Graham Campbell,bb1828051c3a84e46949b3a15e3558255966979d,0,0,0,0,0,0,0
cache,Graham Campbell,bb1828051c3a84e46949b3a15e3558255966979d,0,0,0,0,0,0,0
cache,Graham Campbell,bb1828051c3a84e46949b3a15e3558255966979d,0,0,0,0,0,0,0
cache,Graham Campbell,e3d1534dbdf7acb2248cb2e61719fea2eb598785,0,0,0,0,0,0,0
cache,Graham Campbell,f71758eb5e29379b909fd16e618b0ffee0fa1e7a,0,-0.1,0,0,0,0,0
cache,Graham Campbell,301381f12d488c7e7367a16b665e6d7603a0ab43,0,0,0,0,0,0,0
cache,Graham Campbell,301381f12d488c7e7367a16b665e6d7603a0ab43,0,0,0,0,0,0,0
cache,Graham Campbell,301381f12d488c7e7367a16b665e6d7603a0ab43,0,0,0,0,0,0,0
cache,Graham Campbell,ea074525d9dfb3c09460ab271e4d219c1c13113d,0,0,0,0,0,0,0
cache,Graham Campbell,ea074525d9dfb3c09460ab271e4d219c1c13113d,0,0,0,0,0,0,0
cache,Graham Campbell,ea074525d9dfb3c09460ab271e4d219c1c13113d,0,0,0,0,0,0,0
cache,Graham Campbell,1165e2c6a03054b67d38b793a3ee50c1cd4ac653,0,-0.1,0,0,0,0,0
cache,Graham Campbell,7071025f76ba8cb4a9c6f61bc3d58c9d16fd6518,10,0.2,0,0,2,0,0
cache,Graham Campbell,0f50a921bd70f21149685b038ad512df9941e394,0,0,0,0,0,0,0
cache,Graham Campbell,f3d23847d721ca0817a232ffe3127c069c52eb80,0,0,0,0,0,0,0
cache,Graham Campbell,f9a3e2a3772c770478963e8a0965c69f448f5128,0,0,0,0,0,0,0
cache,Graham Campbell,594bcd15d8ab53be905507fc80d5ef78da458fcb,0,0,0,0,0,0,0
cache,Graham Campbell,b2bd7e5fc5924fe549206b892ee8ca8972b48e64,0,0,0,0,0,0,0
cache,Graham Campbell,5c2565245f0d9baf2cd6e61c389f905af4fceb20,0,0,0,0,0,0,0
cache,Graham Campbell,47e81dd7d57a055d5201ca09929e008417713c35,0,0,0,0,0,0,0
cache,Graham Campbell,47e81dd7d57a055d5201ca09929e008417713c35,-1,-0.1,0,0,0,-1,0
cache,Graham Campbell,47e81dd7d57a055d5201ca09929e008417713c35,0,0,0,0,0,0,0
cache,Graham Campbell,47e81dd7d57a055d5201ca09929e008417713c35,-1,0,0,0,0,-1,0
cache,Graham Campbell,e57b56a3ee30ff7d606f054a2a2f1aeaa48d9d84,0,0,0,0,0,0,0
cache,Graham Campbell,075a10be90067fea471e016d0b2b762ebf531d09,0,0,0,0,0,0,0
cache,Graham Campbell,054590e62718d7ffc8917ea9b8facc391a7f9ff2,-2,-0.1,0,0,0,-1,0
cache,Graham Campbell,054590e62718d7ffc8917ea9b8facc391a7f9ff2,-2,-0.2,0,0,0,-1,0
cache,Graham Campbell,054590e62718d7ffc8917ea9b8facc391a7f9ff2,-2,-0.2,0,0,0,-1,0
cache,Graham Campbell,054590e62718d7ffc8917ea9b8facc391a7f9ff2,-2,-0.1,0,0,0,-1,0
cache,Graham Campbell,054590e62718d7ffc8917ea9b8facc391a7f9ff2,-2,-0.2,0,0,0,-1,0
cache,Graham Campbell,054590e62718d7ffc8917ea9b8facc391a7f9ff2,-2,-0.2,0,0,0,-1,0
cache,Graham Campbell,054590e62718d7ffc8917ea9b8facc391a7f9ff2,-2,-0.2,0,0,0,-1,0
cache,Graham Campbell,054590e62718d7ffc8917ea9b8facc391a7f9ff2,-2,-0.1,0,0,0,-1,0
cache,Graham Campbell,054590e62718d7ffc8917ea9b8facc391a7f9ff2,-2,-0.2,0,0,0,-1,0
cache,Graham Campbell,054590e62718d7ffc8917ea9b8facc391a7f9ff2,-2,-0.1,0,0,0,-1,0
cache,Graham Campbell,054590e62718d7ffc8917ea9b8facc391a7f9ff2,-2,-0.2,0,0,0,-1,0
cache,Graham Campbell,054590e62718d7ffc8917ea9b8facc391a7f9ff2,-2,-0.1,0,0,0,-1,0
cache,Graham Campbell,054590e62718d7ffc8917ea9b8facc391a7f9ff2,-2,-0.2,0,0,0,-1,0
cache,Graham Campbell,054590e62718d7ffc8917ea9b8facc391a7f9ff2,-2,0,0,0,0,-1,0
cache,Graham Campbell,054590e62718d7ffc8917ea9b8facc391a7f9ff2,-2,-0.2,0,0,0,-1,0
cache,Graham Campbell,054590e62718d7ffc8917ea9b8facc391a7f9ff2,-2,-0.6,0,0,0,-1,0
cache,Graham Campbell,054590e62718d7ffc8917ea9b8facc391a7f9ff2,-2,-0.1,0,0,0,-1,0
cache,Graham Campbell,054590e62718d7ffc8917ea9b8facc391a7f9ff2,-2,-0.1,0,0,0,-1,0
cache,Graham Campbell,054590e62718d7ffc8917ea9b8facc391a7f9ff2,-2,-0.1,0,0,0,-1,0
cache,Graham Campbell,cde1accb76234ae0a099bb86354b99e1200f0515,0,0,0,0,0,0,0
cache,Graham Campbell,cde1accb76234ae0a099bb86354b99e1200f0515,0,0,0,0,0,0,0
cache,Graham Campbell,cde1accb76234ae0a099bb86354b99e1200f0515,0,0,0,0,0,0,0
cache,Graham Campbell,cde1accb76234ae0a099bb86354b99e1200f0515,0,0.1,0,0,0,0,0
cache,Graham Campbell,cde1accb76234ae0a099bb86354b99e1200f0515,0,0.2,0,0,0,0,0
cache,Graham Campbell,cde1accb76234ae0a099bb86354b99e1200f0515,0,0,0,0,0,0,0
cache,Graham Campbell,cde1accb76234ae0a099bb86354b99e1200f0515,0,0,0,0,0,0,0
cache,Graham Campbell,cde1accb76234ae0a099bb86354b99e1200f0515,0,0,0,0,0,0,0
cache,Graham Campbell,cde1accb76234ae0a099bb86354b99e1200f0515,-3,-0.1,0,0,-1,-1,0
cache,Graham Campbell,cde1accb76234ae0a099bb86354b99e1200f0515,0,0.3,0,0,0,0,0
cache,Graham Campbell,cde1accb76234ae0a099bb86354b99e1200f0515,0,0,0,0,0,0,0
cache,Graham Campbell,cde1accb76234ae0a099bb86354b99e1200f0515,0,0,0,0,0,0,0
cache,Graham Campbell,cde1accb76234ae0a099bb86354b99e1200f0515,0,0,0,0,0,0,0
cache,Graham Campbell,cde1accb76234ae0a099bb86354b99e1200f0515,0,0,0,0,0,0,0
cache,Graham Campbell,cde1accb76234ae0a099bb86354b99e1200f0515,0,0.1,0,0,0,0,0
cache,Graham Campbell,cde1accb76234ae0a099bb86354b99e1200f0515,0,0,0,0,0,0,0
cache,Graham Campbell,cde1accb76234ae0a099bb86354b99e1200f0515,0,0,0,0,0,0,0
cache,Graham Campbell,cde1accb76234ae0a099bb86354b99e1200f0515,-6,-0.2,0,0,-2,-2,0
cache,Graham Campbell,cde1accb76234ae0a099bb86354b99e1200f0515,0,0,0,0,0,0,0
cache,Graham Campbell,cde1accb76234ae0a099bb86354b99e1200f0515,0,0,0,0,0,0,0
cache,Graham Campbell,3946e34fe22825ba1a7a5b5531c98a58036a085f,0,0,0,0,0,0,0
cache,Graham Campbell,3946e34fe22825ba1a7a5b5531c98a58036a085f,0,0,0,0,0,0,0
cache,Graham Campbell,3946e34fe22825ba1a7a5b5531c98a58036a085f,0,0,0,0,0,0,0
cache,Graham Campbell,3946e34fe22825ba1a7a5b5531c98a58036a085f,0,0,0,0,0,0,0
cache,Graham Campbell,3946e34fe22825ba1a7a5b5531c98a58036a085f,0,0,0,0,0,0,0
cache,Graham Campbell,3946e34fe22825ba1a7a5b5531c98a58036a085f,0,0,0,0,0,0,0
cache,Graham Campbell,3946e34fe22825ba1a7a5b5531c98a58036a085f,0,0,0,0,0,0,0
cache,Graham Campbell,3946e34fe22825ba1a7a5b5531c98a58036a085f,0,0,0,0,0,0,0
cache,Graham Campbell,3946e34fe22825ba1a7a5b5531c98a58036a085f,0,0,0,0,0,0,0
cache,Graham Campbell,3946e34fe22825ba1a7a5b5531c98a58036a085f,0,0,0,0,0,0,0
cache,Graham Campbell,3946e34fe22825ba1a7a5b5531c98a58036a085f,0,0,0,0,0,0,0
cache,Graham Campbell,3946e34fe22825ba1a7a5b5531c98a58036a085f,0,0,0,0,0,0,0
cache,Graham Campbell,3946e34fe22825ba1a7a5b5531c98a58036a085f,0,0,0,0,0,0,0
cache,Graham Campbell,3946e34fe22825ba1a7a5b5531c98a58036a085f,0,0,0,0,0,0,0
cache,Graham Campbell,3946e34fe22825ba1a7a5b5531c98a58036a085f,0,0,0,0,0,0,0
cache,Graham Campbell,3946e34fe22825ba1a7a5b5531c98a58036a085f,0,0,0,0,0,0,0
cache,Graham Campbell,3946e34fe22825ba1a7a5b5531c98a58036a085f,0,0,0,0,0,0,0
cache,Graham Campbell,3946e34fe22825ba1a7a5b5531c98a58036a085f,0,0,0,0,0,0,0
cache,Graham Campbell,3946e34fe22825ba1a7a5b5531c98a58036a085f,0,0,0,0,0,0,0
cache,Graham Campbell,3946e34fe22825ba1a7a5b5531c98a58036a085f,0,0,0,0,0,0,0
cache,Graham Campbell,5554a7e59ed962055e35966e833924c12af50778,0,0,0,0,0,0,0
cache,Graham Campbell,18d539dd81a2226a450cb5aeab9b12942475d774,0,0,0,0,0,0,0
cache,Graham Campbell,ee5117ab937c97293eb296b1d4b2dd579404b1c8,0,0,0,0,0,0,0
cache,Graham Campbell,4b6448778149e1cc8857566e3cb81884a55aaaa0,0,-0.1,0,0,0,0,0
cache,Graham Campbell,215de2da06a80044e63d77d29ab5457e7bfd7c36,0,0,0,0,0,0,0
cache,Graham Campbell,51dcc3a87e25b9411886016e425ba487b5109aa7,0,0,0,0,0,0,0
cache,Graham Campbell,51dcc3a87e25b9411886016e425ba487b5109aa7,0,0,0,0,0,0,0
cache,Graham Campbell,51dcc3a87e25b9411886016e425ba487b5109aa7,-2,-0.2,0,0,0,-1,0
cache,Graham Campbell,51dcc3a87e25b9411886016e425ba487b5109aa7,0,0,0,0,0,0,0
cache,Graham Campbell,51dcc3a87e25b9411886016e425ba487b5109aa7,0,0,0,0,0,0,0
cache,Graham Campbell,51dcc3a87e25b9411886016e425ba487b5109aa7,0,0,0,0,0,0,0
cache,Graham Campbell,c9fc8488287d852e86268e8a21cd9ae4ffd1009e,20,0.4,0,0,1,0,0
cache,Graham Campbell,c9fc8488287d852e86268e8a21cd9ae4ffd1009e,0,0,0,0,0,0,0
cache,Graham Campbell,915191970d720f7e7c4b9b10252e72dc73492aba,0,0,0,0,0,0,0
cache,Graham Campbell,63f0ab3c403efc4420e3b1dd5ccb5a12e9b46179,0,0,0,0,0,0,0
cache,Graham Campbell,c4f04b759fdbad76ccfd7d9af8598db27c67a3ea,0,0,0,0,0,0,0
cache,Graham Campbell,97b4c765da163e6de0305cf13443e2296ed6bb6c,0,0,0,0,0,0,0
cache,Graham Campbell,bf45ecd34a8d42d7d03da8fc50bc9d054b17482f,0,0,0,0,0,0,0
cache,Graham Campbell,cdfaf2946153635af21cdc5357a33bc1b97efdb5,0,0,0,0,0,0,0
cache,Graham Campbell,5128b7dd5a05dec39c743c79a268ca389ec0270d,0,0,0,0,0,0,0
cache,Graham Campbell,8c1898365c7c3baf5e9a2b1990681daedb541119,0,0,0,0,0,0,0
cache,Graham Campbell,747dcc4d17d74f56d6872f87af4bc370d7d1ea99,0,0,0,0,0,0,0
cache,Graham Campbell,46ca192add84365ef6a8e8a3ac0adb6a1f472625,0,0,0,0,0,0,0
cache,Graham Campbell,154af523eb6a4438b4fd23c810a2e4b82c524417,0,0,0,0,0,0,0
cache,Graham Campbell,154af523eb6a4438b4fd23c810a2e4b82c524417,0,0,0,0,0,0,0
cache,Graham Campbell,154af523eb6a4438b4fd23c810a2e4b82c524417,0,0,0,0,0,0,0
cache,Graham Campbell,154af523eb6a4438b4fd23c810a2e4b82c524417,0,0,0,0,0,0,0
cache,Graham Campbell,154af523eb6a4438b4fd23c810a2e4b82c524417,0,0,0,0,0,0,0
cache,Graham Campbell,154af523eb6a4438b4fd23c810a2e4b82c524417,0,0,0,0,0,0,0
cache,Graham Campbell,154af523eb6a4438b4fd23c810a2e4b82c524417,0,0,0,0,0,0,0
cache,Graham Campbell,154af523eb6a4438b4fd23c810a2e4b82c524417,0,0,0,0,0,0,0
cache,Graham Campbell,154af523eb6a4438b4fd23c810a2e4b82c524417,0,0,0,0,0,0,0
cache,Graham Campbell,154af523eb6a4438b4fd23c810a2e4b82c524417,0,0,0,0,0,0,0
cache,Graham Campbell,154af523eb6a4438b4fd23c810a2e4b82c524417,0,0,0,0,0,0,0
cache,Graham Campbell,257b577d042c4242d5cc74af40a544136768d856,0,0,0,0,0,0,0
cache,Graham Campbell,6a94c47e1e08a870fbccbd247b7e4fb9dd3caf36,0,0,0,0,0,0,0
cache,Graham Campbell,490ca3522fc4014f4b6249ea8195c4d494e09ba5,0,0,0,0,0,0,0
cache,Graham Campbell,490ca3522fc4014f4b6249ea8195c4d494e09ba5,0,0,0,0,0,0,0
cache,Graham Campbell,4c340e7fbb58a020fe4b68dc2f65a7a2f68be451,0,0,0,0,0,0,0
cache,Graham Campbell,e473be5a78f22b562df97870fb941dd717c4b8e5,0,0,0,0,0,0,0
cache,Graham Campbell,a0a321f401e728e89591fef6a93ebd0a1143b717,0,0,0,0,0,0,0
cache,Graham Campbell,a0a321f401e728e89591fef6a93ebd0a1143b717,0,0,0,0,0,0,0
cache,Graham Campbell,383f09e5ab9a6e3da7785dfcfb0599c09e4d4f65,0,0,0,0,0,0,0
cache,Graham Campbell,383f09e5ab9a6e3da7785dfcfb0599c09e4d4f65,0,0,0,0,0,0,0
cache,Graham Campbell,a7ca06305b030ada42b26d6a823e023df8ba12a7,0,0,0,0,0,0,0
cache,Graham Campbell,42f40721c97dde2308b4cf6d830504a271d13fa8,0,0,0,0,0,0,0
cache,Graham Campbell,997dbaa96ae14de2a1d3b7020dd3e045420d7186,0,0,0,0,0,0,0
cache,Graham Campbell,67483589f9f36ef26cf52192363adb121947d9ee,0,0,0,0,0,0,0
cache,Graham Campbell,67483589f9f36ef26cf52192363adb121947d9ee,0,0,0,0,0,0,0
cache,Graham Campbell,4b70ec25076602760810dd5a69e33f0810b74343,0,0,0,0,0,0,0
cache,Graham Campbell,e6e4a43b65bd818f80ad8d381652ef15eea12648,0,0,0,0,0,0,0
cache,Lucas Michot,f9fb07fb30b87aea1e45edee7428e9b8b0ef0f15,0,0,0,0,0,0,0
cache,Lucas Michot,10fb8eff5122b4a7b5cc2a67e57aaf41bab8a56f,0,0,0,0,0,0,0
cache,Lucas Michot,ded27e96ce22fc2a9c14c46bb46db261f41ecec6,0,0,0,0,0,0,0
cache,Lucas Michot,3d6e12690131338939cd0152a5e1f80044784db0,0,0,0,0,0,0,0
cache,Lucas Michot,844fa66ebdfa8d1076fb44a70f557b1ae2cef327,0,0,0,0,0,0,0
cache,Lucas Michot,844fa66ebdfa8d1076fb44a70f557b1ae2cef327,0,0,0,0,0,0,0
cache,Lucas Michot,844fa66ebdfa8d1076fb44a70f557b1ae2cef327,0,0,0,0,0,0,0
cache,Lucas Michot,844fa66ebdfa8d1076fb44a70f557b1ae2cef327,0,0,0,0,0,0,0
cache,Lucas Michot,844fa66ebdfa8d1076fb44a70f557b1ae2cef327,0,0,0,0,0,0,0
cache,Lucas Michot,844fa66ebdfa8d1076fb44a70f557b1ae2cef327,0,0,0,0,0,0,0
cache,Lucas Michot,844fa66ebdfa8d1076fb44a70f557b1ae2cef327,0,0,0,0,0,0,0
cache,Lucas Michot,844fa66ebdfa8d1076fb44a70f557b1ae2cef327,0,0,0,0,0,0,0
cache,Lucas Michot,844fa66ebdfa8d1076fb44a70f557b1ae2cef327,0,0,0,0,0,0,0
cache,Lucas Michot,844fa66ebdfa8d1076fb44a70f557b1ae2cef327,0,0,0,0,0,0,0
cache,Lucas Michot,844fa66ebdfa8d1076fb44a70f557b1ae2cef327,0,0,0,0,0,0,0
cache,Lucas Michot,844fa66ebdfa8d1076fb44a70f557b1ae2cef327,0,0,0,0,0,0,0
cache,Lucas Michot,5761e3536c7ccc18b45bbeaad91137d31caec3d2,0,0,0,0,0,0,0
cache,Lucas Michot,fb3bea47eadb14a93d975bd4230b95a2cf9986e9,0,0,0,0,0,0,0
cache,Lucas Michot,28f038915f2265be529e224ccb3130a4ece3226e,0,0,0,0,0,0,0
cache,Lucas Michot,28f038915f2265be529e224ccb3130a4ece3226e,0,0,0,0,0,0,0
cache,Lucas Michot,28f038915f2265be529e224ccb3130a4ece3226e,0,0,0,0,0,0,0
cache,Lucas Michot,28f038915f2265be529e224ccb3130a4ece3226e,0,0,0,0,0,0,0
cache,Lucas Michot,28f038915f2265be529e224ccb3130a4ece3226e,0,0,0,0,0,0,0
cache,Lucas Michot,28f038915f2265be529e224ccb3130a4ece3226e,0,0,0,0,0,0,0
cache,Lucas Michot,28f038915f2265be529e224ccb3130a4ece3226e,0,0,0,0,0,0,0
cache,Lucas Michot,5d2a181318d5a77884ce6377d1e08ac968db18a5,0,0,0,0,0,0,0
cache,Lucas Michot,6c917f75c612c135c6eb72711be887b32eee09a2,0,0,0,0,0,0,0
cache,Lucas Michot,6c917f75c612c135c6eb72711be887b32eee09a2,0,0,0,0,0,0,0
cache,Lucas Michot,e2aaa74ed671645a1520d568b435cba939ba8925,0,0,0,0,0,0,0
cache,Lucas Michot,762c650f44a72689a81a3d9e9aeb47ce3baad578,0,0,0,0,0,0,0
cache,Lucas Michot,3ad723f8d9998be5c706349ad127aca41e34e250,0,0,0,0,0,0,0
cache,Lucas Michot,f4195212212fb3cd1da49caf0cda667f98a47bc9,0,0,0,0,0,0,0
cache,Lucas Michot,f8aa33d2f57b14937abf88e615ca4c1e0d57da37,0,0,0,0,0,0,0
cache,Lucas Michot,72113f5bbc5f731caa0561f3bffca5ee0654ce54,0,0,0,0,0,0,0
cache,Lucas Michot,7aa1122f0b63aaab1a56aa893137652d5b31da6f,0,-0.1,0,0,0,0,0
cache,Lucas Michot,7aa1122f0b63aaab1a56aa893137652d5b31da6f,65,1.4,0,0,2,0,0
cache,Lucas Michot,102ce9f993d79f7a7480cb0629f6273ebf2f71d8,-5,-0.1,0,0,-1,0,0
cache,Lucas Michot,7cc505f4791999d00876268480335a6651604208,0,0,0,0,0,0,0
cache,Lucas Michot,7cc505f4791999d00876268480335a6651604208,0,0,0,0,0,0,0
cache,Lucas Michot,7cc505f4791999d00876268480335a6651604208,0,-0.1,0,0,0,0,0
cache,Lucas Michot,0e270d87bc195376ca44d0c34fdda68168401df3,0,0,0,0,0,0,0
cache,Lucas Michot,0e270d87bc195376ca44d0c34fdda68168401df3,0,-0.1,0,0,0,0,0
cache,Lucas Michot,094a52118d82de6bf9ee4c93399eb96a8aa0e1b2,0,0,0,0,0,0,0
cache,Lucas Michot,616b84ca2c590226568fc2d88e6e5081e838bc27,0,0,0,0,0,0,0
cache,Lucas Michot,616b84ca2c590226568fc2d88e6e5081e838bc27,0,0,0,0,0,0,0
cache,Lucas Michot,616b84ca2c590226568fc2d88e6e5081e838bc27,0,0,0,0,0,0,0
cache,Lucas Michot,616b84ca2c590226568fc2d88e6e5081e838bc27,0,0,0,0,0,0,0
cache,Lucas Michot,616b84ca2c590226568fc2d88e6e5081e838bc27,0,0,0,0,0,0,0
cache,Lucas Michot,616b84ca2c590226568fc2d88e6e5081e838bc27,0,0,0,0,0,0,0
cache,Lucas Michot,f50da0fe0365ba7bcaa7cfa605db5bf7c9d3c9b9,0,-0.1,0,0,0,0,0
cache,Lucas Michot,f899f07d726de93e9f92ff0a8a6df5b710813405,0,0,0,0,0,0,0
cache,Lucas Michot,a321d5bf8d118df3018ed741c23c119fc7b00117,0,0,0,0,0,0,0
cache,Lucas Michot,e050b47a3a764d713ceaaf29b02901e614f6bf13,0,0,0,0,0,0,0
cache,Lucas Michot,66bd075da08f8409aa0f2048291eb8eadf148a6c,0,0,0,0,0,0,0
