framework/console/controllers/CacheController.php,1,4,22,0.6,0,0,0,2,0
framework/console/controllers/FixtureController.php,1,23,30,0.4,0,0,0,3,0
extensions/bootstrap/Tabs.php,5,6.2,58,1.9,0,0,0,5,0
framework/i18n/Formatter.php,10,22.5,337.5,1.95,0,0,11.4,2.5,3
extensions/jui/DatePicker.php,2,5,0,0,0,0,0,0,0
extensions/gii/generators/extension/Generator.php,1,2,77,1.3,0,0,1,8,0
framework/captcha/CaptchaAction.php,5,6.6,12,0.2,0,0,2,0,0
framework/captcha/CaptchaValidator.php,2,2,0,0,0,0,0,0,0
framework/grid/CheckboxColumn.php,2,5.5,0,0,0,0,0,0,0
framework/helpers/BaseJson.php,3,18.67,0,0,0,0,0,0,0
framework/validators/BooleanValidator.php,1,2,7,0.5,0,0,1,0,0
framework/validators/CompareValidator.php,2,11.5,60,1.5,0,0,3,2,0
framework/validators/FileValidator.php,4,7.5,135,1.9,0,0,5,5,0
framework/validators/ImageValidator.php,2,5,50,1.6,0,0,1,2,0
framework/validators/RangeValidator.php,2,15,0,0,0,0,0,0,0
framework/validators/RequiredValidator.php,1,2,38,2.3,0,0,1,2,0
framework/validators/StringValidator.php,2,4.5,38,1.1,0,0,1,2,0
framework/web/User.php,4,5.5,79.5,0.9,0,0,5.25,1,0
framework/widgets/ListView.php,1,2,0,0.0,0,0,0,0,0
apps/advanced/requirements.php,1,37,54,2.3,0,0,0,3,0
apps/basic/requirements.php,1,37,54,2.3,0,0,0,3,0
framework/captcha/Captcha.php,2,2,2,0.1,0,0,0,1,0
extensions/debug/Module.php,2,2.5,16,0.5,0,0,0,1,0
extensions/sphinx/QueryBuilder.php,2,10,279,1.5,0,0,23,3,4
framework/db/QueryBuilder.php,8,6.88,261,1.275,0,0,16,3,3
tests/unit/framework/db/QueryBuilderTest.php,3,13.33,339.67,3.3,0,0,6,22.67,1
extensions/gii/console/GenerateController.php,2,16.5,0,0,0,0,0,0,0
extensions/gii/console/GenerateAction.php,1,2,12,0.5,0,0,1,1,0
framework/log/Target.php,4,4.5,0,0,0,0,0,0,0
extensions/apidoc/models/Context.php,2,9,83,1,0,0,3,5,3
extensions/elasticsearch/ActiveRecord.php,2,97.5,185,1.9,0,0,1,11,16
framework/rest/Serializer.php,1,2,40,1.0,0,0,2,0,0
framework/widgets/Menu.php,4,5.25,82,1.85,0,0,1,5,0
tests/unit/framework/i18n/FormatterTest.php,1,47,467,2.0,0,0,7,28,18
framework/base/Model.php,5,12.2,90.2,0.8,0,0,5.8,0,1
framework/views/messageConfig.php,3,5,5,0.8,0,0,1,0,0
framework/widgets/ActiveField.php,6,4.33,235,2.7,0,0,2,10,0
extensions/gii/Module.php,1,2,16,0.8,0,0,0,1,0
framework/base/Security.php,4,129.75,105,1.2,0,1,13,5.5,1
extensions/elasticsearch/Command.php,1,17,124,2.4,0,0,7,5,12
extensions/elasticsearch/Connection.php,1,9,126,1.6,0,0,4,11,1
framework/helpers/BaseHtml.php,12,10.92,555.33,2.392,0,0,6.75,25.5,0
framework/console/controllers/BaseMigrateController.php,6,41.17,129.67,1.133,0,0,14.17,6,2
framework/console/controllers/MessageController.php,8,47.13,144.88,1.388,0,0.63,5.75,8,0.63
framework/validators/Validator.php,8,16.25,23,0.6,0,0,1,2,0
framework/validators/DateValidator.php,7,18.71,20,0.743,0,0,1,0,0
framework/helpers/BaseArrayHelper.php,7,12.71,97,1.257,0,0,7,0,0
extensions/composer/Plugin.php,1,2,0,0.0,0,0,0,0,0
build/controllers/ReleaseController.php,1,91,0,0.0,0,0,0,0,0
extensions/bootstrap/ActiveField.php,2,53,162,2.6,0,0,2,11,0
tests/unit/framework/console/controllers/BaseMessageControllerTest.php,2,21,32,0.5,0,0,0,2,0
framework/db/BaseActiveRecord.php,8,15.63,228.5,1.063,0,0,14.63,1,2
tests/unit/extensions/elasticsearch/ActiveRecordTest.php,1,25,912,4.4,0,0,5,23,4
framework/widgets/Breadcrumbs.php,2,9.5,20,1.3,0,0,0,2,0
tests/unit/framework/widgets/BreadcrumbsTest.php,2,9,71,2.1,0,0,0,7.5,0
framework/rbac/DbManager.php,9,9,277.44,1.7,0,0,4,11,0
framework/web/DbSession.php,3,7.67,5.33,0.2,0,0,0,0.67,0
framework/db/mssql/Schema.php,4,4.75,14,0.2,0,0,1,1,2
framework/base/ErrorHandler.php,5,16.8,0,0,0,0,0,0,0
framework/log/Logger.php,2,3.5,50,1.2,0,0,10,1,1
extensions/bootstrap/Collapse.php,2,19,15,0.8,0,0,1,1,0
extensions/bootstrap/Dropdown.php,1,2,8,0.5,0,0,0,1,0
extensions/jui/Accordion.php,1,4,0,0.0,0,0,0,0,0
extensions/jui/Selectable.php,1,2,0,0.0,0,0,0,0,0
extensions/jui/Tabs.php,2,6.5,8,0.5,0,0,0,1,0
extensions/bootstrap/Nav.php,2,3,40,1.1,0,0,1,2,0
framework/db/mysql/Schema.php,3,20.67,22.67,0.333,0,0,2,1.33,0
framework/log/DbTarget.php,3,4,0,0,0,0,0,0,0
framework/widgets/Pjax.php,5,11.2,0,0,0,0,0,0,0
extensions/gii/generators/controller/Generator.php,1,7,66,1.6,0,0,0,6,0
extensions/gii/generators/crud/Generator.php,1,40,250,2.1,0,0,3,12,0
extensions/gii/generators/crud/form.php,1,2,0,0.0,0,0,0,0,0
framework/db/Command.php,5,10.2,74,0.7,0,0,1,1,0
framework/widgets/BaseListView.php,3,8,82,1.967,0,0,2,5,0
extensions/mongodb/Cache.php,1,3,12,0.4,0,0,0,1,0
extensions/mongodb/Migration.php,1,5,40,1.3,0,0,0,2,0
extensions/mongodb/Session.php,1,3,10,0.4,0,0,0,1,0
framework/caching/DbCache.php,2,11.5,0,0,0,0,0,0,0
framework/data/ActiveDataProvider.php,2,12.5,0,0,0,0,0,0,0
framework/data/SqlDataProvider.php,1,3,0,0.0,0,0,0,0,0
framework/db/Migration.php,1,11,108,1.9,0,0,1,2,0
framework/di/Instance.php,1,16,0,0.0,0,0,0,0,0
framework/filters/AccessControl.php,1,3,0,0.0,0,0,0,0,0
framework/i18n/DbMessageSource.php,2,40.5,0,0,0,0,0,0,0
framework/log/EmailTarget.php,1,3,0,0.0,0,0,0,0,0
framework/mutex/DbMutex.php,1,3,0,0.0,0,0,0,0,0
framework/test/DbFixture.php,1,3,0,0.0,0,0,0,0,0
framework/web/CacheSession.php,1,4,0,0.0,0,0,0,0,0
framework/widgets/FragmentCache.php,4,2.75,20,0.8,0,0,2,0,0
tests/unit/framework/di/InstanceTest.php,1,17,0,0.0,0,0,0,0,0
extensions/composer/Installer.php,3,4.67,56,0.9,0,0,6,3,0
apps/advanced/frontend/widgets/Alert.php,1,4,8,0.8,0,0,0,1,0
framework/web/Application.php,1,2,12,0.5,0,0,0,1,0
framework/behaviors/SluggableBehavior.php,4,10,5,0.2,0,0,0.5,0,0
framework/helpers/BaseFileHelper.php,5,4.6,205,1.8,0,0,29.2,6,0
extensions/twig/Extension.php,1,24,5,0.1,0,0,1,0,0
framework/base/Theme.php,1,31,0,0.0,0,0,0,0,0
extensions/authclient/OAuth2.php,1,5,10,0.4,0,0,0,2,0
framework/base/Action.php,1,2,0,0.0,0,0,0,0,0
extensions/redis/Connection.php,1,2,184,2.2,0,0,4,0,145
tests/unit/framework/validators/DateValidatorTest.php,1,9,132,2.9,0,0,0,9,0
framework/filters/AccessRule.php,1,4,31,1.3,0,0,2,2,0
extensions/debug/controllers/DefaultController.php,1,3,8,0.2,0,0,0,1,0
framework/requirements/views/web/index.php,1,4,0,0.0,0,0,0,0,0
tests/unit/framework/base/ModelTest.php,1,42,276,4.3,0,0,0,14,0
apps/advanced/tests/codeception/backend/acceptance/LoginCept.php,1,9,16,2.5,0,0,0,2,0
apps/advanced/tests/codeception/frontend/acceptance/ContactCept.php,1,9,22,1.9,0,0,0,1,0
apps/basic/tests/codeception/acceptance/ContactCept.php,1,6,11,0.9,0,0,0,1,1
apps/basic/tests/codeception/acceptance/LoginCept.php,1,3,10,1.4,0,0,0,1,2
framework/di/Container.php,2,27.5,54,1.1,0,0,2,1,0
tests/unit/framework/di/ContainerTest.php,1,10,5,0.2,0,0,1,0,0
framework/db/mssql/PDO.php,1,2,5,0.5,0,0,0,1,0
extensions/gii/generators/form/default/action.php,1,2,0,0.0,0,0,0,0,0
framework/console/Controller.php,8,12.75,31.5,0.388,0,0,0.13,2,0
framework/helpers/BaseUrl.php,1,2,22,0.7,0,0,1,1,0
framework/web/UrlManager.php,4,5.25,60.25,0.9,0,0,3.5,0,0
framework/web/UrlRule.php,2,2,103,1.6,0,0,8,0,1
tests/unit/framework/web/UrlManagerTest.php,1,42,378,4.8,0,0,0,21,1
apps/advanced/frontend/models/PasswordResetRequestForm.php,1,2,22,1.8,0,0,0,2,0
framework/db/pgsql/QueryBuilder.php,2,18,18,0.5,0,0,0,1,0
extensions/smarty/Extension.php,1,9,139,2.7,0,0,12,7,0
framework/console/Application.php,2,7,17.5,0.65,0,0,2.5,1,0
tests/unit/framework/web/UrlRuleTest.php,1,12,868,4.3,0,0,2,26,0
framework/rbac/migrations/m140506_102106_rbac_init.php,1,60,35,1.8,0,0,0,4,0
framework/web/Response.php,5,2.6,159.8,1.1,0,0,12.4,5,3
extensions/debug/panels/DbPanel.php,1,18,10,0.4,0,0,0,1,2
extensions/debug/views/default/panels/db/detail.php,1,1,48,2.6,0,0,0,5,0
tests/unit/framework/console/controllers/PHPMessageControllerTest.php,1,12,0,0.0,0,0,0,0,0
tests/unit/framework/console/controllers/POMessageControllerTest.php,1,9,0,0.0,0,0,0,0,0
framework/log/FileTarget.php,1,17,11,0.5,0,0,1,0,1
extensions/debug/panels/ConfigPanel.php,1,2,2,0.1,0,0,0,1,0
tests/unit/framework/helpers/ArrayHelperTest.php,1,68,80,0.8,0,0,0,9,0
extensions/codeception/TestCase.php,1,3,0,0.0,0,0,0,0,0
framework/validators/InlineValidator.php,1,6,0,0.0,0,0,0,0,0
tests/unit/framework/validators/ValidatorTest.php,1,3,217,3.5,0,0,0,11,2
apps/basic/config/console.php,1,2,0,0.0,0,0,0,0,0
extensions/apidoc/helpers/ApiMarkdown.php,1,0,14,0.7,0,0,0,3,1
extensions/apidoc/templates/html/views/constSummary.php,1,0,0,0.0,0,0,0,0,0
extensions/apidoc/templates/html/views/type.php,1,0,10,0.5,0,0,0,1,0
extensions/apidoc/templates/bootstrap/layouts/api.php,2,2,8,0.8,0,0,0,1,0
extensions/apidoc/templates/bootstrap/layouts/guide.php,2,12,0,0,0,0,0,0,0
extensions/apidoc/templates/bootstrap/layouts/main.php,2,10,10,0.2,0,0,0,1,0
extensions/apidoc/templates/html/ApiRenderer.php,2,3,11,0.2,0,0,2,0,2
extensions/apidoc/templates/html/GuideRenderer.php,2,2,22,0.7,0,0,3,2,6
framework/web/Request.php,5,19.8,261.8,1.34,0,0,8.4,9,2.6
framework/data/ArrayDataProvider.php,2,3.5,0,0,0,0,0,0,0
framework/data/Pagination.php,1,3,8,0.2,0,0,4,0,0
tests/unit/framework/helpers/JsonTest.php,1,13,8,0.6,0,0,0,1,0
tests/unit/data/i18n/messages/ru/test.php,1,1,0,0.0,0,0,0,0,0
tests/unit/framework/i18n/I18NTest.php,1,8,138,4.4,0,0,2,8,0
extensions/jui/InputWidget.php,1,3,0,0.0,0,0,0,0,0
framework/helpers/BaseFormatConverter.php,2,13,316.5,2.75,0,0,10,5,248.5
tests/unit/framework/helpers/FormatConverterTest.php,2,10.5,32,2.35,0,0,0,3.5,0
framework/validators/EmailValidator.php,1,2,10,0.5,0,0,1,0,0
tests/unit/framework/validators/EmailValidatorTest.php,1,10,84,3.1,0,0,0,8,0
framework/requirements/requirements.php,1,4,50,2.6,0,0,0,3,0
tests/unit/framework/base/SecurityTest.php,1,712,95,1.1,0,1,0,5,1
framework/widgets/ActiveForm.php,2,6.5,0,0,0,0,0,0,0
framework/db/ActiveQueryTrait.php,2,6.5,0,0,0,0,0,0,0
framework/log/SyslogTarget.php,2,4.5,5,0.45,0,0,1,0,0
tests/unit/framework/helpers/HtmlTest.php,2,13,484,2.8,0,0,1,27,0
framework/web/Link.php,1,6,0,0.0,0,0,0,0,0
extensions/sphinx/ColumnSchema.php,1,47,25,2.2,0,0,2,0,0
framework/db/ColumnSchema.php,4,13.25,31.75,2.075,0,0,2.5,0,0
framework/validators/FilterValidator.php,2,10.5,0,0,0,0,0,0,0
framework/db/ActiveRecord.php,3,28,66,0.933,0,0,4,0,0
framework/log/migrations/m141106_185632_log_init.php,1,2,5,0.3,0,0,0,1,0
framework/db/ActiveRecordInterface.php,3,18.33,60,7.4,0,0,1,0,0
framework/filters/auth/CompositeAuth.php,1,6,2,0.2,0,0,0,1,0
framework/messages/config.php,2,2.5,6,1,0,0,1,0,1
framework/validators/NumberValidator.php,2,2,28,1,0,0,1,1,0
framework/console/controllers/AssetController.php,2,6,107,0.7,0,0,6.5,5,1
framework/behaviors/TimestampBehavior.php,2,3.5,0,0,0,0,0,0,0
framework/helpers/BaseStringHelper.php,3,12.33,28.33,0.7,0,0,3.67,0,3
tests/unit/framework/helpers/StringHelperTest.php,1,9,110,2.2,0,0,0,7,0
framework/db/Query.php,8,40.13,80,0.825,0,0,1,2,0
tests/unit/framework/db/QueryTest.php,1,15,110,2.5,0,0,0,8,0
extensions/swiftmailer/Mailer.php,1,13,32,1.0,0,0,0,3,0
tests/unit/framework/web/ResponseTest.php,1,19,6,0.4,0,0,0,1,6
tests/unit/data/ar/elasticsearch/Order.php,1,8,45,1.6,0,0,1,5,0
tests/unit/framework/widgets/ActiveFieldTest.php,1,3,39,0.5,0,0,1,3,1
tests/unit/framework/widgets/ActiveFormTest.php,1,1,16,1.0,0,0,0,2,0
framework/web/Session.php,2,1.5,92,0.8,0,0,1,3,0
framework/rbac/PhpManager.php,6,17.5,145,0.983,0,0,4,4,4
extensions/bootstrap/ButtonDropdown.php,1,2,0,0.0,0,0,0,0,0
framework/db/Schema.php,3,3.33,140,1.6,0,0,2,5,0
framework/db/oci/QueryBuilder.php,2,29,29,0.85,0,0,1,3,0
framework/db/oci/Schema.php,4,34,32.5,0.425,0,0,1.75,2.75,0
tests/unit/data/ar/Customer.php,1,4,14,0.9,0,0,0,1,0
tests/unit/data/ar/CustomerQuery.php,1,2,0,0.0,0,0,0,0,0
tests/unit/framework/db/ActiveRecordTest.php,1,39,377,2.3,0,0,3,19,0
tests/unit/framework/db/CommandTest.php,1,120,138,2.0,0,0,5,10,1
tests/unit/framework/db/DatabaseTestCase.php,1,11,10,0.5,0,0,1,1,0
tests/unit/framework/db/SchemaTest.php,2,6,384,4.4,0,0,1,13,0
framework/base/Module.php,2,5,128,1.7,0,0,6,2,0
framework/widgets/MaskedInput.php,2,8,10,0.5,0,0,5,0,0
framework/db/pgsql/Schema.php,5,16.2,34,0.36,0,0,6.2,0.8,2
framework/db/sqlite/Schema.php,1,2,14,0.3,0,0,1,1,0
framework/filters/PageCache.php,1,28,52,1.7,0,0,0,6,0
framework/console/controllers/MigrateController.php,3,49,31,1.267,0,0,2,2,1
framework/i18n/GettextMessageSource.php,1,66,4,0.2,0,0,2,0,0
framework/i18n/PhpMessageSource.php,1,66,0,0.0,0,0,0,0,0
framework/rbac/BaseManager.php,1,16,0,0.0,0,0,0,0,0
tests/unit/framework/rbac/PhpManagerTest.php,1,11,0,0.0,0,0,0,0,0
tests/unit/framework/widgets/MenuTest.php,1,35,20,1.2,0,0,0,2,0
framework/caching/ApcCache.php,1,24,0,0.0,0,0,0,0,0
framework/caching/Cache.php,1,46,60,1.1,0,0,1,0,0
framework/caching/DummyCache.php,1,8,0,0.0,0,0,0,0,0
framework/caching/FileCache.php,3,19.67,16,0.5,0,0,2,0,1
framework/caching/MemCache.php,1,36,0,0.0,0,0,0,0,0
framework/caching/WinCache.php,1,24,0,0.0,0,0,0,0,0
framework/caching/XCache.php,1,12,4,0.4,0,0,0,2,0
framework/caching/ZendDataCache.php,1,12,4,0.5,0,0,0,2,0
framework/widgets/DetailView.php,2,4.5,57,1.8,0,0,2,4,0
tests/framework/helpers/ArrayHelperTest.php,2,17.5,118,0.9,0,0,0,12,0
framework/behaviors/AttributeBehavior.php,2,11.5,0,0,0,0,0,0,0
framework/behaviors/BlameableBehavior.php,1,9,0,0.0,0,0,0,0,0
tests/framework/i18n/FormatterDateTest.php,2,31.5,600,4.9,0,0,3,45,6
tests/framework/db/pgsql/PostgreSQLCommandTest.php,1,7,16,1.2,0,0,0,2,0
framework/base/Widget.php,1,5,7,0.3,0,0,2,0,0
framework/db/mysql/QueryBuilder.php,2,8,0,0,0,0,0,0,0
tests/framework/behaviors/TimestampBehaviorTest.php,1,83,0,0.0,0,0,0,0,0
tests/framework/db/CommandTest.php,3,34.33,134,1.7,0,0,5,10,1
tests/framework/validators/DateValidatorTest.php,2,20.5,709,5.6,0,0,1,24,3
framework/validators/RegularExpressionValidator.php,1,15,6,0.4,0,0,1,0,0
framework/db/ActiveQuery.php,4,25.75,23,0.2,0,0,3,1,1
framework/db/sqlite/QueryBuilder.php,4,20.5,21,0.4,0,0,1,1,1
tests/framework/db/ActiveRecordTest.php,4,38,414,2.375,0,0,3,22,0
tests/framework/db/QueryBuilderTest.php,7,21.14,386.14,3.329,0,0,5.43,27.14,1
tests/framework/db/QueryTest.php,3,113,142,2.7,0,0,0,10,0
tests/data/ar/Customer.php,1,7,14,0.9,0,0,0,1,0
tests/framework/widgets/ActiveFieldTest.php,2,15.5,39,0.5,0,0,1,3,1
framework/base/ErrorException.php,1,11,0,0.0,0,0,0,0,0
framework/web/ErrorHandler.php,1,5,19,0.2,0,0,0,3,1
framework/db/ActiveRelationTrait.php,2,8,48,0.5,0,0,4,0,0
framework/views/errorHandler/exception.php,2,1.5,23,1.7,0,0,3,2,1
framework/web/ViewAction.php,1,4,0,0.0,0,0,0,0,0
tests/framework/web/UrlManagerTest.php,1,20,432,4.8,0,0,0,24,1
framework/grid/GridView.php,2,5,31,0.4,0,0,3,4,0
tests/framework/base/SecurityTest.php,2,21.5,293.5,1,0,1,3,15,1.5
tests/framework/helpers/JsonTest.php,1,26,12,0.5,0,0,0,1,0
tests/framework/rbac/ManagerTestCase.php,2,19,170,2.5,0,0,0,15,1
framework/web/AssetManager.php,2,9,57,0.8,0,0,3,4,0
tests/framework/web/AssetBundleTest.php,3,65,139,2.1,0,0,1,10,0
framework/db/ColumnSchemaBuilder.php,3,23.67,3.33,0.1,0,0,0.33,0,0
framework/db/Transaction.php,2,8,8,0.3,0,0,0,1,0
tests/framework/db/sqlite/SqliteQueryBuilderTest.php,1,6,114,4.3,0,0,0,10,0
framework/db/oci/ColumnSchemaBuilder.php,2,3.5,0,0,0,0,0,0,0
framework/db/Connection.php,2,7.5,92,0.9,0,0,2,3,6
tests/framework/console/controllers/MigrateControllerTestTrait.php,1,371,55,1.1,0,0,1,3,0
framework/web/Controller.php,2,5.5,0,0,0,0,0,0,0
framework/rbac/ManagerInterface.php,1,7,60,5.9,0,0,1,0,0
tests/framework/ar/ActiveRecordTestTrait.php,1,21,492,2.1,0,0,2,21,2
tests/TestCase.php,1,3,10,0.6,0,2,0,0,0
framework/grid/ActionColumn.php,1,4,39,1.7,0,0,3,3,0
framework/i18n/MessageFormatter.php,2,5.5,217.5,2.75,0,0,22.5,1,0
framework/widgets/LinkPager.php,1,6,0,0.0,0,0,0,0,0
tests/framework/helpers/UrlTest.php,1,9,181,4.1,0,0,3,15,0
framework/web/JsonResponseFormatter.php,1,38,0,0.0,0,0,0,0,0
tests/framework/web/JsonResponseFormatterTest.php,2,17.5,0,0,0,0,0,0,0
tests/framework/di/ContainerTest.php,1,69,5,0.2,0,0,1,0,0
framework/web/AssetBundle.php,2,23.5,0,0,0,0,0,0,0
tests/framework/db/ConnectionTest.php,1,17,76,2.0,0,0,1,6,0
tests/framework/helpers/FormatConverterTest.php,1,4,72,4.1,0,0,0,7,0
tests/framework/helpers/StringHelperTest.php,1,1,110,2.1,0,0,0,7,0
framework/grid/DataColumn.php,2,12,40,1.5,0,0,2,0,0
framework/base/Controller.php,1,23,4,0.1,0,0,2,0,0
tests/framework/rbac/PhpManagerTest.php,1,3,8,0.3,0,0,0,1,0
framework/messages/da/yii.php,1,2,0,0.0,0,0,0,0,0
tests/framework/web/RequestTest.php,1,55,60,1.8,0,0,0,5,0
framework/db/QueryTrait.php,1,14,50,1.1,0,0,5,0,0
framework/web/XmlResponseFormatter.php,1,4,0,0.0,0,0,0,0,0
tests/framework/web/FormatterTest.php,1,14,0,0.0,0,0,0,0,0
tests/framework/web/XmlResponseFormatterTest.php,1,11,0,0.0,0,0,0,0,0
framework/web/JsonParser.php,1,2,0,0.0,0,0,0,0,0
framework/grid/Column.php,1,12,0,0.0,0,0,0,0,0
framework/db/Expression.php,1,7,0,0.0,0,0,0,0,0
tests/framework/helpers/FileHelperTest.php,1,51,335,2.5,0,0,3,18,2
tests/framework/web/DbSessionTest.php,1,18,43,2.4,0,0,1,4,0
framework/BaseYii.php,1,2,90,1.4,0,0,13,2,0
framework/web/UploadedFile.php,1,2,23,0.8,0,0,10,0,0
framework/helpers/BaseHtmlPurifier.php,1,2,5,0.8,0,0,1,0,0
framework/filters/HttpCache.php,1,11,20,0.9,0,0,1,0,0
framework/validators/EachValidator.php,1,7,3,0.1,0,0,0,0,3
framework/helpers/BaseInflector.php,1,1,56,0.6,0,0,2,2,0
framework/helpers/BaseConsole.php,1,8,512,3.2,0,0,101,9,2
framework/validators/UniqueValidator.php,1,16,0,0.0,0,0,0,0,0
framework/base/ActionFilter.php,1,25,8,0.4,0,0,0,1,0
#####
