yii2,200,88135,fce99c874ecafd170ad28808bbb54881a8635843,2014-10-12 18:47:09,2014-11-23 18:57:10,3629401,1,framework/console/controllers/CacheController.php,4,22,0.6,0,0,0,2,0
yii2,200,88131,1ad7e5f77a20c52b5f706ac4749d0609adc6f7a6,2014-10-13 11:19:42,2014-10-27 00:47:17,1171655,3,framework/console/controllers/FixtureController.php,23,30,0.4,0,0,0,3,0
yii2,200,88073,36ea0f321a01789afba867d55cc76f69fc5d5609,2014-10-15 13:05:38,2014-10-22 15:48:16,614558,3,extensions/bootstrap/Tabs.php,6,58,1.9,0,0,0,5,0
yii2,200,88066,9415c7921d61da60cd4ca87d20e226a60e48419e,2014-10-15 16:03:52,2015-01-10 17:27:58,7521846,4,framework/i18n/Formatter.php,7,328,2.0,0,0,11,3,3
yii2,200,88063,2dce741f0790e8b953605052fa46e14e771d8e4e,2014-10-16 13:08:02,2014-10-16 21:37:35,30573,2,extensions/jui/DatePicker.php,8,0,0.0,0,0,0,0,0
yii2,200,88056,48ec791e4aca792435ef1fdce80ee7f6ef365c5c,2014-10-16 08:24:28,2014-10-19 14:51:03,282395,16,extensions/gii/generators/extension/Generator.php,2,77,1.3,0,0,1,8,0
yii2,200,88056,48ec791e4aca792435ef1fdce80ee7f6ef365c5c,2014-10-16 08:24:28,2014-10-19 14:51:03,282395,16,framework/captcha/CaptchaAction.php,2,12,0.2,0,0,2,0,0
yii2,200,88056,48ec791e4aca792435ef1fdce80ee7f6ef365c5c,2014-10-16 08:24:28,2014-10-19 14:51:03,282395,16,framework/captcha/CaptchaValidator.php,2,0,0.0,0,0,0,0,0
yii2,200,88056,48ec791e4aca792435ef1fdce80ee7f6ef365c5c,2014-10-16 08:24:28,2014-10-19 14:51:03,282395,16,framework/grid/CheckboxColumn.php,4,0,0.0,0,0,0,0,0
yii2,200,88056,48ec791e4aca792435ef1fdce80ee7f6ef365c5c,2014-10-16 08:24:28,2014-10-19 14:51:03,282395,16,framework/helpers/BaseJson.php,4,0,0.0,0,0,0,0,0
yii2,200,88056,48ec791e4aca792435ef1fdce80ee7f6ef365c5c,2014-10-16 08:24:28,2014-10-19 14:51:03,282395,16,framework/validators/BooleanValidator.php,2,7,0.5,0,0,1,0,0
yii2,200,88056,48ec791e4aca792435ef1fdce80ee7f6ef365c5c,2014-10-16 08:24:28,2014-10-19 14:51:03,282395,16,framework/validators/CompareValidator.php,2,60,1.5,0,0,3,2,0
yii2,200,88056,48ec791e4aca792435ef1fdce80ee7f6ef365c5c,2014-10-16 08:24:28,2014-10-19 14:51:03,282395,16,framework/validators/FileValidator.php,2,135,1.9,0,0,5,5,0
yii2,200,88056,48ec791e4aca792435ef1fdce80ee7f6ef365c5c,2014-10-16 08:24:28,2014-10-19 14:51:03,282395,16,framework/validators/ImageValidator.php,2,50,1.6,0,0,1,2,0
yii2,200,88056,48ec791e4aca792435ef1fdce80ee7f6ef365c5c,2014-10-16 08:24:28,2014-10-19 14:51:03,282395,16,framework/validators/RangeValidator.php,2,0,0.0,0,0,0,0,0
yii2,200,88056,48ec791e4aca792435ef1fdce80ee7f6ef365c5c,2014-10-16 08:24:28,2014-10-19 14:51:03,282395,16,framework/validators/RequiredValidator.php,2,38,2.3,0,0,1,2,0
yii2,200,88056,48ec791e4aca792435ef1fdce80ee7f6ef365c5c,2014-10-16 08:24:28,2014-10-19 14:51:03,282395,16,framework/validators/StringValidator.php,2,38,1.1,0,0,1,2,0
yii2,200,88056,48ec791e4aca792435ef1fdce80ee7f6ef365c5c,2014-10-16 08:24:28,2014-10-19 14:51:03,282395,16,framework/web/User.php,2,78,0.9,0,0,5,1,0
yii2,200,88056,48ec791e4aca792435ef1fdce80ee7f6ef365c5c,2014-10-16 08:24:28,2014-10-19 14:51:03,282395,16,framework/widgets/ListView.php,2,0,0.0,0,0,0,0,0
yii2,200,88049,49760b64dd401633e00cfd73af5bb629e9c66885,2014-10-16 10:03:03,2014-10-18 20:23:52,210049,1,framework/i18n/Formatter.php,10,328,2.0,0,0,11,3,3
yii2,200,88047,9302786944db1e5fb3233fb5a6138b662336c1e0,2014-10-16 12:30:28,2014-10-18 21:24:00,204812,3,apps/advanced/requirements.php,37,54,2.3,0,0,0,3,0
yii2,200,88047,9302786944db1e5fb3233fb5a6138b662336c1e0,2014-10-16 12:30:28,2014-10-18 21:24:00,204812,3,apps/basic/requirements.php,37,54,2.3,0,0,0,3,0
yii2,200,88047,9302786944db1e5fb3233fb5a6138b662336c1e0,2014-10-16 12:30:28,2014-10-18 21:24:00,204812,3,framework/captcha/Captcha.php,2,2,0.1,0,0,0,1,0
yii2,200,88046,0909e0252aff270f4b90abedeea1f4102dbcedbe,2014-10-16 12:37:32,2014-10-16 13:30:23,3171,3,extensions/debug/Module.php,3,16,0.5,0,0,0,1,0
yii2,200,88045,292a9ff55b22e61271b07ededf9ab258f5c1711d,2014-10-17 11:26:07,2014-10-17 11:33:43,456,5,extensions/sphinx/QueryBuilder.php,5,279,1.5,0,0,23,3,4
yii2,200,88045,292a9ff55b22e61271b07ededf9ab258f5c1711d,2014-10-17 11:26:07,2014-10-17 11:33:43,456,5,framework/db/QueryBuilder.php,5,260,1.3,0,0,16,3,3
yii2,200,88045,292a9ff55b22e61271b07ededf9ab258f5c1711d,2014-10-17 11:26:07,2014-10-17 11:33:43,456,5,tests/unit/framework/db/QueryBuilderTest.php,3,327,3.4,0,0,8,21,1
yii2,200,88036,2d31f9f6fd1eab457967766c376e3e612f9dab8e,2014-10-16 23:08:16,2014-10-17 00:10:56,3760,1,extensions/gii/console/GenerateController.php,4,0,0.0,0,0,0,0,0
yii2,200,88033,8c50ee9ef3ad268513efa8decae6ad1697b2a000,2014-10-17 00:29:51,2014-10-17 00:38:08,497,4,extensions/gii/console/GenerateAction.php,2,12,0.5,0,0,1,1,0
yii2,200,88033,8c50ee9ef3ad268513efa8decae6ad1697b2a000,2014-10-17 00:29:51,2014-10-17 00:38:08,497,4,extensions/gii/console/GenerateController.php,29,0,0.0,0,0,0,0,0
yii2,200,88027,8923d20a3f6d0cd300ac55c6c6d0b882577cd15d,2014-10-18 10:20:09,2014-11-07 14:54:09,1744440,2,framework/log/Target.php,7,0,0.0,0,0,0,0,0
yii2,200,88023,acba9e5bd3d9e21be2b8950ea1806883e988e95a,2014-10-17 12:20:18,2014-10-17 13:33:46,4408,2,extensions/apidoc/models/Context.php,14,83,1.0,0,0,3,5,3
yii2,200,87989,f23ba6cbdc3b5c995a275c46eac5ffca8385c357,2014-10-20 11:31:26,2014-11-13 14:39:47,2084901,2,extensions/elasticsearch/ActiveRecord.php,3,185,1.9,0,0,1,11,16
yii2,200,87986,998076d0c81c2b116735cfbbae33f2e06f075c7b,2014-10-20 12:17:20,2014-10-20 13:47:05,5385,2,framework/rest/Serializer.php,2,40,1.0,0,0,2,0,0
yii2,200,87971,81bcd116a83dc24c9db2d8cd73f65074e09863bf,2014-10-21 15:09:37,2015-02-28 23:33:17,11262220,2,framework/widgets/Menu.php,8,82,1.9,0,0,1,5,0
yii2,200,87969,8039026ae2e409a23bdd18cfdaff975b4494d0f8,2014-10-21 18:01:38,2014-11-20 12:18:45,2571427,4,framework/i18n/Formatter.php,48,328,2.0,0,0,11,3,3
yii2,200,87969,8039026ae2e409a23bdd18cfdaff975b4494d0f8,2014-10-21 18:01:38,2014-11-20 12:18:45,2571427,4,tests/unit/framework/i18n/FormatterTest.php,47,467,2.0,0,0,7,28,18
yii2,200,87964,fe546cd22f9f93f166eb9e94385c14df52279755,2014-10-31 14:02:28,2014-11-07 15:47:47,611119,2,framework/base/Model.php,30,79,0.7,0,0,6,0,1
yii2,200,87962,174843a971d39268010ededd09f77082cb4589de,2014-10-22 12:20:53,2015-01-11 06:56:24,6978931,2,framework/views/messageConfig.php,4,5,0.8,0,0,1,0,0
yii2,200,87951,cb90f31cbe5dd17407b8ada06d33af427ff3474a,2014-10-23 10:35:57,2014-10-23 13:19:10,9793,2,framework/widgets/ActiveField.php,2,235,2.7,0,0,2,10,0
yii2,200,87945,b23126908f126489897d0972127693e7a4e676a8,2014-10-23 13:55:17,2014-10-24 11:54:52,79175,1,extensions/bootstrap/Tabs.php,12,58,1.9,0,0,0,5,0
yii2,200,87909,a153750efe000403bb055b154ef8ca38fb2b80b9,2014-10-24 11:09:09,2014-10-24 12:01:40,3151,5,extensions/debug/Module.php,2,16,0.5,0,0,0,1,0
yii2,200,87909,a153750efe000403bb055b154ef8ca38fb2b80b9,2014-10-24 11:09:09,2014-10-24 12:01:40,3151,5,extensions/gii/Module.php,2,16,0.8,0,0,0,1,0
yii2,200,87900,5bb583d388a4b293c36911c5b4cec6a1b44912f2,2014-10-24 14:53:13,2014-10-24 15:12:10,1137,1,framework/base/Security.php,11,125,1.4,0,1,25,5,1
yii2,200,87896,19224e74b5cbff166ebbfc0232e9625714389190,2014-10-31 14:02:39,2014-11-30 23:52:15,2627376,4,extensions/elasticsearch/ActiveRecord.php,192,185,1.9,0,0,1,11,16
yii2,200,87896,19224e74b5cbff166ebbfc0232e9625714389190,2014-10-31 14:02:39,2014-11-30 23:52:15,2627376,4,extensions/elasticsearch/Command.php,17,124,2.4,0,0,7,5,12
yii2,200,87896,19224e74b5cbff166ebbfc0232e9625714389190,2014-10-31 14:02:39,2014-11-30 23:52:15,2627376,4,extensions/elasticsearch/Connection.php,9,126,1.6,0,0,4,11,1
yii2,200,87886,f1812210a85b34cf8d30eb7f21be5dc01c356618,2014-10-31 01:32:06,2014-11-07 15:29:29,655043,3,framework/log/Target.php,1,0,0.0,0,0,0,0,0
yii2,200,87875,5bdf36d9c899e46cefe6cbca03b2cc4dab93d3e3,2014-10-27 00:47:49,2014-10-27 01:03:07,918,2,framework/db/QueryBuilder.php,2,260,1.3,0,0,16,3,3
yii2,200,87851,f9fba181d627fe16c73cc435d5a746da3c7ab468,2014-10-29 13:10:31,2014-10-29 14:50:10,5979,2,framework/helpers/BaseHtml.php,2,522,2.3,0,0,5,24,0
yii2,200,87842,530537e48fa53c6d8a4e49bfeb8abc221401e450,2014-10-30 09:51:23,2014-11-02 00:41:40,226217,1,framework/console/controllers/BaseMigrateController.php,4,108,1.0,0,0,14,5,2
yii2,200,87829,10cc19d0b60cea97d0b103bba852046d7529953b,2014-10-31 13:56:48,2014-10-31 14:01:28,280,2,framework/console/controllers/MessageController.php,9,152,1.5,0,1,5,8,1
yii2,200,87826,7c48837a67267438cc358281ea411ce7296e8f46,2014-10-31 18:19:03,2014-10-31 18:29:01,598,2,framework/validators/Validator.php,40,23,0.6,0,0,1,2,0
yii2,200,87809,2a23520618f24c33251455347b370bd3d0a4a1d5,2014-11-01 22:33:06,2015-03-20 15:06:29,11982803,4,framework/validators/DateValidator.php,3,20,0.8,0,0,1,0,0
yii2,200,87770,db82518d5454a6e654bc5e47eaa58292a96f2d37,2014-11-04 10:06:39,2014-11-20 11:20:08,1386809,2,extensions/apidoc/models/Context.php,4,83,1.0,0,0,3,5,3
yii2,200,87734,05263692e5cb12d959e4c3283d81929056c7b743,2014-11-06 05:36:46,2014-11-10 20:07:44,397858,1,framework/helpers/BaseArrayHelper.php,60,97,1.3,0,0,7,0,0
yii2,200,87719,4b97abacc7f056c424c619e128e561892981aac7,2014-11-06 20:13:53,2014-11-06 22:27:51,8038,2,framework/console/controllers/MessageController.php,14,152,1.5,0,1,5,8,1
yii2,200,87711,58becaceab5cf3f7896d7934de715cecfd95c210,2014-11-07 12:43:16,2014-11-30 16:56:40,2002404,2,framework/validators/DateValidator.php,5,20,0.8,0,0,1,0,0
yii2,200,87708,0c8f3f22709aa2febd55a7a70048e85f7f64aece,2014-11-07 16:14:45,2014-11-07 16:17:25,160,1,extensions/composer/Plugin.php,2,0,0.0,0,0,0,0,0
yii2,200,87699,5834256e21500c2e55de4cebe26c3ab51ace6fce,2014-11-08 09:19:58,2014-12-07 15:35:23,2528125,1,build/controllers/ReleaseController.php,91,0,0.0,0,0,0,0,0
yii2,200,87690,4c361f366b9b9f5527376da2dde5f042cb5bab52,2014-11-09 15:57:54,2015-03-08 02:44:57,10234023,2,extensions/bootstrap/ActiveField.php,3,162,2.6,0,0,2,11,0
yii2,200,87670,e88a5d9cc4d79cba8bada06ca238e962e5e51d80,2014-11-11 08:27:51,2014-11-21 23:33:10,918319,3,framework/console/controllers/MessageController.php,110,152,1.5,0,1,5,8,1
yii2,200,87670,e88a5d9cc4d79cba8bada06ca238e962e5e51d80,2014-11-11 08:27:51,2014-11-21 23:33:10,918319,3,tests/unit/framework/console/controllers/BaseMessageControllerTest.php,2,32,0.5,0,0,0,2,0
yii2,200,87657,866214e75ab5962e9f894d48ca5d2636de842a7d,2014-11-12 01:27:59,2014-11-12 02:24:12,3373,2,framework/widgets/ActiveField.php,2,235,2.7,0,0,2,10,0
yii2,200,87612,38d057084312f7d275f72ec01e7f99fd63dc6565,2014-11-15 20:35:47,2014-11-15 20:43:20,453,3,framework/db/BaseActiveRecord.php,2,216,1.0,0,0,14,1,2
yii2,200,87612,38d057084312f7d275f72ec01e7f99fd63dc6565,2014-11-15 20:35:47,2014-11-15 20:43:20,453,3,tests/unit/extensions/elasticsearch/ActiveRecordTest.php,25,912,4.4,0,0,5,23,4
yii2,200,87570,440eeea8ccd54ca316fc4731192dc6ab4bf2a2da,2014-11-19 09:58:55,2015-01-11 07:13:42,4569287,3,framework/widgets/Breadcrumbs.php,17,20,1.3,0,0,0,2,0
yii2,200,87570,440eeea8ccd54ca316fc4731192dc6ab4bf2a2da,2014-11-19 09:58:55,2015-01-11 07:13:42,4569287,3,tests/unit/framework/widgets/BreadcrumbsTest.php,15,64,2.1,0,0,0,7,0
yii2,200,87569,fb2dff85287253c558517d50133c8a80fe7637af,2014-11-19 12:54:35,2014-11-21 17:19:41,188706,2,framework/console/controllers/MessageController.php,4,152,1.5,0,1,5,8,1
yii2,200,87564,fb2dff85287253c558517d50133c8a80fe7637af,2014-11-19 15:31:58,2014-11-21 17:19:41,179263,2,framework/console/controllers/MessageController.php,4,152,1.5,0,1,5,8,1
yii2,200,87528,e6450be665545c618d5238298092bb60447f5c62,2014-11-21 09:17:41,2014-11-26 19:23:03,468322,5,extensions/bootstrap/Tabs.php,7,58,1.9,0,0,0,5,0
yii2,200,87514,d44c23bb00690a7d83ef5643911f9453d10da11a,2014-11-23 00:13:43,2014-11-23 00:55:30,2507,3,extensions/sphinx/QueryBuilder.php,15,279,1.5,0,0,23,3,4
yii2,200,87506,280dd1651d9f7a1e51695f58da72a05ed789a2ae,2014-11-22 04:42:07,2014-11-22 23:25:07,67380,2,framework/rbac/DbManager.php,4,253,1.8,0,0,3,11,0
yii2,200,87505,c478199937e0c8267477da0acd60a0fb9067a13d,2016-01-06 11:36:28,2016-02-24 22:17:44,4272076,3,framework/web/DbSession.php,10,8,0.3,0,0,0,1,0
yii2,200,87449,ec920d2881fe5a2fd657bfea5413ea69a160682d,2015-05-09 21:41:52,2015-05-09 22:31:55,3003,2,framework/db/mssql/Schema.php,8,14,0.2,0,0,1,1,2
yii2,200,87447,f509ed2448de58f8c000918a9c34e0385800d109,2014-11-25 08:08:58,2014-11-26 15:52:15,114197,2,framework/widgets/ActiveField.php,8,235,2.7,0,0,2,10,0
yii2,200,87437,ab0033542b43a6931cd196120ca80ee3e95f544f,2014-11-25 22:14:39,2014-12-16 21:40:18,1812339,3,framework/base/ErrorHandler.php,2,0,0.0,0,0,0,0,0
yii2,200,87437,ab0033542b43a6931cd196120ca80ee3e95f544f,2014-11-25 22:14:39,2014-12-16 21:40:18,1812339,3,framework/log/Logger.php,2,50,1.2,0,0,10,1,1
yii2,200,87423,ae1bd3937759fb4d17a07eb563a6d0fab4b95c08,2014-11-26 10:53:22,2014-11-28 05:30:23,153421,2,framework/i18n/Formatter.php,2,328,2.0,0,0,11,3,3
yii2,200,87384,c6b0e24a456d19092b47d9296fdd739b8899cded,2014-11-28 22:01:10,2014-11-28 22:29:29,1699,2,framework/i18n/Formatter.php,2,328,2.0,0,0,11,3,3
yii2,200,87378,83b0b3d480a3de8c549a21aaade04f7857b11e31,2014-11-29 09:29:12,2014-11-30 01:11:00,56508,2,framework/db/BaseActiveRecord.php,9,216,1.0,0,0,14,1,2
yii2,200,87372,544981a41c7b99eadce7a2ca11ab5cf2cbc92491,2014-11-29 20:54:36,2014-11-30 02:29:59,20123,8,extensions/bootstrap/Collapse.php,4,15,0.8,0,0,1,1,0
yii2,200,87372,544981a41c7b99eadce7a2ca11ab5cf2cbc92491,2014-11-29 20:54:36,2014-11-30 02:29:59,20123,8,extensions/bootstrap/Dropdown.php,2,8,0.5,0,0,0,1,0
yii2,200,87372,544981a41c7b99eadce7a2ca11ab5cf2cbc92491,2014-11-29 20:54:36,2014-11-30 02:29:59,20123,8,extensions/bootstrap/Tabs.php,4,58,1.9,0,0,0,5,0
yii2,200,87372,544981a41c7b99eadce7a2ca11ab5cf2cbc92491,2014-11-29 20:54:36,2014-11-30 02:29:59,20123,8,extensions/jui/Accordion.php,4,0,0.0,0,0,0,0,0
yii2,200,87372,544981a41c7b99eadce7a2ca11ab5cf2cbc92491,2014-11-29 20:54:36,2014-11-30 02:29:59,20123,8,extensions/jui/Selectable.php,2,0,0.0,0,0,0,0,0
yii2,200,87372,544981a41c7b99eadce7a2ca11ab5cf2cbc92491,2014-11-29 20:54:36,2014-11-30 02:29:59,20123,8,extensions/jui/Tabs.php,4,8,0.5,0,0,0,1,0
yii2,200,87372,544981a41c7b99eadce7a2ca11ab5cf2cbc92491,2014-11-29 20:54:36,2014-11-30 02:29:59,20123,8,framework/widgets/Breadcrumbs.php,2,20,1.3,0,0,0,2,0
yii2,200,87357,0497ba4c9185d7e4b085990eadf165cbc4176f7a,2014-12-01 15:58:49,2014-12-02 18:33:58,95709,1,extensions/bootstrap/Nav.php,5,40,1.1,0,0,1,2,0
yii2,200,87342,191185f5e301dbea93783870d3b650916c304719,2014-12-02 15:47:25,2015-09-29 10:47:41,25988416,2,framework/db/mysql/Schema.php,37,20,0.3,0,0,2,1,0
yii2,200,87339,543d107508c9daff8c8fccd5ead2955a10d9c991,2015-05-21 12:29:50,2015-08-02 22:48:25,6344315,1,framework/log/DbTarget.php,7,0,0.0,0,0,0,0,0
yii2,200,87330,17e2255472a2b1a30fb1ce42a8937793214bbc46,2014-12-03 18:04:29,2015-10-19 08:31:27,27613618,3,framework/widgets/Pjax.php,8,0,0.0,0,0,0,0,0
yii2,200,87326,d7c3e7815b9b00ce47f0c49df38e4c040511ee6b,2014-12-04 02:17:02,2014-12-04 20:12:04,64502,5,extensions/gii/generators/controller/Generator.php,7,66,1.6,0,0,0,6,0
yii2,200,87326,d7c3e7815b9b00ce47f0c49df38e4c040511ee6b,2014-12-04 02:17:02,2014-12-04 20:12:04,64502,5,extensions/gii/generators/crud/Generator.php,40,250,2.1,0,0,3,12,0
yii2,200,87326,d7c3e7815b9b00ce47f0c49df38e4c040511ee6b,2014-12-04 02:17:02,2014-12-04 20:12:04,64502,5,extensions/gii/generators/crud/form.php,2,0,0.0,0,0,0,0,0
yii2,200,87312,698cc000eca5714c41452ea693c062b33dfdf5a1,2014-12-05 10:15:56,2015-01-29 14:58:44,4768968,1,framework/db/Command.php,2,74,0.7,0,0,1,1,0
yii2,200,87304,b16ac9a05a6aec3869b0841c2c1c5aacb6437533,2014-12-05 23:33:02,2014-12-09 03:36:36,273814,1,framework/widgets/BaseListView.php,4,82,2.0,0,0,2,5,0
yii2,201,87298,d341bf02b4a4215e58e1315a6cbee1dca1924cbb,2014-12-07 08:55:59,2015-01-05 00:28:11,2475132,20,extensions/mongodb/Cache.php,3,12,0.4,0,0,0,1,0
yii2,201,87298,d341bf02b4a4215e58e1315a6cbee1dca1924cbb,2014-12-07 08:55:59,2015-01-05 00:28:11,2475132,20,extensions/mongodb/Migration.php,5,40,1.3,0,0,0,2,0
yii2,201,87298,d341bf02b4a4215e58e1315a6cbee1dca1924cbb,2014-12-07 08:55:59,2015-01-05 00:28:11,2475132,20,extensions/mongodb/Session.php,3,10,0.4,0,0,0,1,0
yii2,201,87298,d341bf02b4a4215e58e1315a6cbee1dca1924cbb,2014-12-07 08:55:59,2015-01-05 00:28:11,2475132,20,framework/caching/DbCache.php,3,0,0.0,0,0,0,0,0
yii2,201,87298,d341bf02b4a4215e58e1315a6cbee1dca1924cbb,2014-12-07 08:55:59,2015-01-05 00:28:11,2475132,20,framework/data/ActiveDataProvider.php,3,0,0.0,0,0,0,0,0
yii2,201,87298,d341bf02b4a4215e58e1315a6cbee1dca1924cbb,2014-12-07 08:55:59,2015-01-05 00:28:11,2475132,20,framework/data/SqlDataProvider.php,3,0,0.0,0,0,0,0,0
yii2,201,87298,d341bf02b4a4215e58e1315a6cbee1dca1924cbb,2014-12-07 08:55:59,2015-01-05 00:28:11,2475132,20,framework/db/Migration.php,11,108,1.9,0,0,1,2,0
yii2,201,87298,d341bf02b4a4215e58e1315a6cbee1dca1924cbb,2014-12-07 08:55:59,2015-01-05 00:28:11,2475132,20,framework/di/Instance.php,16,0,0.0,0,0,0,0,0
yii2,201,87298,d341bf02b4a4215e58e1315a6cbee1dca1924cbb,2014-12-07 08:55:59,2015-01-05 00:28:11,2475132,20,framework/filters/AccessControl.php,3,0,0.0,0,0,0,0,0
yii2,201,87298,d341bf02b4a4215e58e1315a6cbee1dca1924cbb,2014-12-07 08:55:59,2015-01-05 00:28:11,2475132,20,framework/i18n/DbMessageSource.php,6,0,0.0,0,0,0,0,0
yii2,201,87298,d341bf02b4a4215e58e1315a6cbee1dca1924cbb,2014-12-07 08:55:59,2015-01-05 00:28:11,2475132,20,framework/log/DbTarget.php,3,0,0.0,0,0,0,0,0
yii2,201,87298,d341bf02b4a4215e58e1315a6cbee1dca1924cbb,2014-12-07 08:55:59,2015-01-05 00:28:11,2475132,20,framework/log/EmailTarget.php,3,0,0.0,0,0,0,0,0
yii2,201,87298,d341bf02b4a4215e58e1315a6cbee1dca1924cbb,2014-12-07 08:55:59,2015-01-05 00:28:11,2475132,20,framework/mutex/DbMutex.php,3,0,0.0,0,0,0,0,0
yii2,201,87298,d341bf02b4a4215e58e1315a6cbee1dca1924cbb,2014-12-07 08:55:59,2015-01-05 00:28:11,2475132,20,framework/rbac/DbManager.php,3,253,1.8,0,0,3,11,0
yii2,201,87298,d341bf02b4a4215e58e1315a6cbee1dca1924cbb,2014-12-07 08:55:59,2015-01-05 00:28:11,2475132,20,framework/test/DbFixture.php,3,0,0.0,0,0,0,0,0
yii2,201,87298,d341bf02b4a4215e58e1315a6cbee1dca1924cbb,2014-12-07 08:55:59,2015-01-05 00:28:11,2475132,20,framework/web/CacheSession.php,4,0,0.0,0,0,0,0,0
yii2,201,87298,d341bf02b4a4215e58e1315a6cbee1dca1924cbb,2014-12-07 08:55:59,2015-01-05 00:28:11,2475132,20,framework/web/DbSession.php,3,8,0.3,0,0,0,1,0
yii2,201,87298,d341bf02b4a4215e58e1315a6cbee1dca1924cbb,2014-12-07 08:55:59,2015-01-05 00:28:11,2475132,20,framework/widgets/FragmentCache.php,3,20,0.8,0,0,2,0,0
yii2,201,87298,d341bf02b4a4215e58e1315a6cbee1dca1924cbb,2014-12-07 08:55:59,2015-01-05 00:28:11,2475132,20,tests/unit/framework/di/InstanceTest.php,17,0,0.0,0,0,0,0,0
yii2,201,87294,b493a0ab8ade81d61bcd21e6fb4127251a651290,2014-12-07 20:01:21,2014-12-08 17:50:33,78552,1,extensions/composer/Installer.php,3,56,0.9,0,0,6,3,0
yii2,201,87292,748007ce6af83b19adab21e96eb8dd6a9f83432d,2014-12-08 09:43:58,2014-12-09 21:08:32,127474,2,apps/advanced/frontend/widgets/Alert.php,4,8,0.8,0,0,0,1,0
yii2,201,87270,bf206efc66bc47b693271359e433679c1618189b,2014-12-09 09:31:00,2014-12-16 21:52:54,649314,2,framework/web/Application.php,2,12,0.5,0,0,0,1,0
yii2,201,87267,4dd15a669fec2f7b411ff99cd53c4d7d927c5faa,2014-12-09 10:16:50,2014-12-16 03:19:14,579744,1,framework/behaviors/SluggableBehavior.php,15,0,0.0,0,0,0,0,0
yii2,201,87256,14c003acab8b4a18ced0ea87039a2bf254682fd3,2014-12-14 02:20:13,2015-03-31 22:53:52,9318819,2,framework/helpers/BaseFileHelper.php,9,203,1.8,0,0,29,6,0
yii2,201,87235,90c7a9c2a28bacc562311e07783d1ba9321df18d,2014-12-11 11:45:53,2014-12-26 20:28:02,1327329,2,extensions/twig/Extension.php,24,5,0.1,0,0,1,0,0
yii2,201,87230,548e19eff0e4a0c8fd9372895afab2ecdf18516b,2014-12-11 19:41:34,2015-01-07 17:20:09,2324315,2,extensions/jui/DatePicker.php,2,0,0.0,0,0,0,0,0
yii2,201,87214,b6be7111c60a5ae3ca785a4cc0c2a91d0cf31cfc,2014-12-12 08:41:00,2014-12-17 04:29:57,416937,2,framework/base/Theme.php,31,0,0.0,0,0,0,0,0
yii2,201,87208,9e8018ae0c0a6d46ca511fabb0ba3ac637033b90,2014-12-12 15:03:22,2015-02-03 15:29:19,4580757,3,extensions/bootstrap/Collapse.php,34,15,0.8,0,0,1,1,0
yii2,201,87201,21c202d03ab9fdd8dd6e152717c6b4743be0b226,2014-12-12 20:38:13,2014-12-12 20:56:24,1091,2,extensions/authclient/OAuth2.php,5,10,0.4,0,0,0,2,0
yii2,201,87185,8956626845acc68a87d037afb21da83e9bad62a4,2014-12-14 15:32:51,2014-12-15 00:06:23,30812,1,framework/base/Action.php,2,0,0.0,0,0,0,0,0
yii2,201,87174,2a23520618f24c33251455347b370bd3d0a4a1d5,2014-12-15 21:29:39,2015-03-20 15:06:29,8185010,4,framework/validators/DateValidator.php,3,20,0.8,0,0,1,0,0
yii2,201,87160,a739e6fcd2c9ee80a368ebd5923fda2d95aa4fc1,2014-12-17 03:55:43,2014-12-17 09:01:05,18322,2,extensions/redis/Connection.php,2,184,2.2,0,0,4,0,145
yii2,201,87154,8b5e16ed565e253f496c7b6cfb0680389d405191,2014-12-17 12:55:30,2015-02-28 22:46:05,6342635,3,framework/validators/DateValidator.php,7,20,0.8,0,0,1,0,0
yii2,201,87154,8b5e16ed565e253f496c7b6cfb0680389d405191,2014-12-17 12:55:30,2015-02-28 22:46:05,6342635,3,tests/unit/framework/validators/DateValidatorTest.php,9,132,2.9,0,0,0,9,0
yii2,201,87153,c76ad1ce0c4ae48e458ea035d8864e9ead4d088e,2014-12-17 12:55:09,2014-12-26 20:33:55,805126,1,framework/filters/AccessRule.php,4,31,1.3,0,0,2,2,0
yii2,201,87150,03a9ed70b2386aeb9dca616f833b589cf7b3cf24,2014-12-17 14:40:47,2014-12-18 03:08:26,44859,2,framework/widgets/Menu.php,2,82,1.9,0,0,1,5,0
yii2,201,87135,91f43754547fa4543126865da30072a3b15d4b4c,2014-12-18 18:47:31,2014-12-22 21:00:20,353569,2,extensions/debug/controllers/DefaultController.php,3,8,0.2,0,0,0,1,0
yii2,201,87119,f66b8ba5714baf9b4eba1060f6672b34c3146a4b,2014-12-19 16:54:21,2014-12-26 21:16:10,620509,2,framework/validators/Validator.php,14,23,0.6,0,0,1,2,0
yii2,201,87104,274b92b6a3829ce96b6bc6b4f6e1387c6bc55486,2014-12-21 01:26:39,2014-12-21 21:19:33,71574,1,framework/requirements/views/web/index.php,4,0,0.0,0,0,0,0,0
yii2,201,87092,7aae667e28c64a05c0bc2559ccd344a873113497,2014-12-22 17:55:18,2014-12-26 20:06:25,353467,3,framework/base/Model.php,21,79,0.7,0,0,6,0,1
yii2,201,87092,7aae667e28c64a05c0bc2559ccd344a873113497,2014-12-22 17:55:18,2014-12-26 20:06:25,353467,3,tests/unit/framework/base/ModelTest.php,42,276,4.3,0,0,0,14,0
yii2,201,87086,ae2f4cfe9b75d545cbb5b8e2ac989a42ce3fbf08,2014-12-23 10:14:59,2014-12-26 20:19:09,295450,4,apps/advanced/tests/codeception/backend/acceptance/LoginCept.php,9,16,2.5,0,0,0,2,0
yii2,201,87086,ae2f4cfe9b75d545cbb5b8e2ac989a42ce3fbf08,2014-12-23 10:14:59,2014-12-26 20:19:09,295450,4,apps/advanced/tests/codeception/frontend/acceptance/ContactCept.php,9,22,1.9,0,0,0,1,0
yii2,201,87086,ae2f4cfe9b75d545cbb5b8e2ac989a42ce3fbf08,2014-12-23 10:14:59,2014-12-26 20:19:09,295450,4,apps/basic/tests/codeception/acceptance/ContactCept.php,6,11,0.9,0,0,0,1,1
yii2,201,87086,ae2f4cfe9b75d545cbb5b8e2ac989a42ce3fbf08,2014-12-23 10:14:59,2014-12-26 20:19:09,295450,4,apps/basic/tests/codeception/acceptance/LoginCept.php,3,10,1.4,0,0,0,1,2
yii2,201,87078,166cb99be0ee582eeda94b1eafb3fa5244f22f58,2014-12-23 15:48:10,2014-12-24 15:19:39,84689,3,framework/di/Container.php,7,54,1.1,0,0,2,1,0
yii2,201,87078,166cb99be0ee582eeda94b1eafb3fa5244f22f58,2014-12-23 15:48:10,2014-12-24 15:19:39,84689,3,tests/unit/framework/di/ContainerTest.php,10,5,0.2,0,0,1,0,0
yii2,201,87065,52aea07dcc49a4a422d189fab127121afe079d59,2014-12-25 20:33:07,2014-12-25 21:07:30,2063,2,framework/db/mssql/PDO.php,2,5,0.5,0,0,0,1,0
yii2,201,87047,4b7d855d21fba6ff1313ae9b6176080bc35166d3,2014-12-27 11:30:04,2015-03-12 01:45:17,6444913,2,extensions/gii/generators/form/default/action.php,2,0,0.0,0,0,0,0,0
yii2,201,87036,654dbbb29e7cd37851a06cd7d8ce71ab6972ad45,2014-12-28 09:10:09,2014-12-28 16:31:25,26476,2,framework/behaviors/SluggableBehavior.php,2,0,0.0,0,0,0,0,0
yii2,201,87025,119c302033020c80c4f630ee7c91e596c68ea333,2014-12-29 16:13:08,2014-12-30 16:35:00,87712,2,framework/console/Controller.php,2,24,0.3,0,0,0,2,0
yii2,201,87019,4ae7eb1819bfa0268f9f3533212bd06d8c71596c,2015-01-11 07:38:22,2015-01-14 02:28:20,240598,1,framework/helpers/BaseUrl.php,2,22,0.7,0,0,1,1,0
yii2,201,87001,792746883e30fd6783b6cced514fc2f575237362,2015-01-01 16:04:08,2015-01-01 16:06:30,142,4,framework/web/UrlManager.php,1,50,0.8,0,0,3,0,0
yii2,201,87001,792746883e30fd6783b6cced514fc2f575237362,2015-01-01 16:04:08,2015-01-01 16:06:30,142,4,framework/web/UrlRule.php,2,103,1.6,0,0,8,0,1
yii2,201,87001,792746883e30fd6783b6cced514fc2f575237362,2015-01-01 16:04:08,2015-01-01 16:06:30,142,4,tests/unit/framework/web/UrlManagerTest.php,42,378,4.8,0,0,0,21,1
yii2,201,86973,f638f429b7297cb4820fe02aaaddd601622685e3,2015-01-04 17:40:06,2015-01-10 02:45:05,464699,3,apps/advanced/frontend/models/PasswordResetRequestForm.php,2,22,1.8,0,0,0,2,0
yii2,201,86955,7af1f11b92bb8e24f551401d56804722955e2244,2015-01-06 21:36:16,2015-01-06 21:38:04,108,1,extensions/bootstrap/Nav.php,1,40,1.1,0,0,1,2,0
yii2,201,86934,f58d0969200dc5018f40c597280d90a602ca0480,2015-01-08 13:19:12,2015-02-01 03:26:58,2038066,3,framework/db/QueryBuilder.php,19,260,1.3,0,0,16,3,3
yii2,201,86934,f58d0969200dc5018f40c597280d90a602ca0480,2015-01-08 13:19:12,2015-02-01 03:26:58,2038066,3,framework/db/pgsql/QueryBuilder.php,34,18,0.5,0,0,0,1,0
yii2,201,86934,f58d0969200dc5018f40c597280d90a602ca0480,2015-01-08 13:19:12,2015-02-01 03:26:58,2038066,3,tests/unit/framework/db/QueryBuilderTest.php,36,332,3.3,0,0,5,22,1
yii2,202,86888,9f5696094fb0960b176785b7bb6f21f34a450e82,2015-01-13 03:53:34,2015-01-20 19:24:32,660658,2,extensions/smarty/Extension.php,9,139,2.7,0,0,12,7,0
yii2,202,86880,a5c92eb4cb97257c81da3c576ef1138493509d85,2015-01-14 17:52:31,2015-07-11 15:47:33,15371702,16,framework/console/Application.php,6,10,0.4,0,0,1,1,0
yii2,202,86866,72c34cda1e16ac9707be8bff8c06422af1166cab,2015-01-15 04:25:01,2015-03-28 02:52:12,6215231,3,framework/web/UrlRule.php,2,103,1.6,0,0,8,0,1
yii2,202,86866,72c34cda1e16ac9707be8bff8c06422af1166cab,2015-01-15 04:25:01,2015-03-28 02:52:12,6215231,3,tests/unit/framework/web/UrlRuleTest.php,12,868,4.3,0,0,2,26,0
yii2,202,86862,43ce4e91922e54e09071415d601bb28fab6e9487,2015-01-15 11:58:09,2015-10-20 21:07:38,24052169,3,framework/rbac/migrations/m140506_102106_rbac_init.php,60,35,1.8,0,0,0,4,0
yii2,202,86855,2ba573bfb581434d0aca1863f71e316e47947597,2015-01-16 08:49:54,2015-02-08 15:37:04,2011630,2,framework/base/ErrorHandler.php,2,0,0.0,0,0,0,0,0
yii2,202,86849,96c4ec88cac7332c9be1884c7fa3f03ca8bf8dbd,2015-01-16 11:09:03,2015-01-18 00:12:55,133432,1,framework/web/Response.php,2,159,1.1,0,0,12,5,3
yii2,202,86848,b3850a4e73cff3cf2f7d8e9fb77bbdd933eda3e6,2015-01-20 18:06:53,2015-01-20 18:08:44,111,3,extensions/debug/panels/DbPanel.php,18,10,0.4,0,0,0,1,2
yii2,202,86848,b3850a4e73cff3cf2f7d8e9fb77bbdd933eda3e6,2015-01-20 18:06:53,2015-01-20 18:08:44,111,3,extensions/debug/views/default/panels/db/detail.php,1,48,2.6,0,0,0,5,0
yii2,202,86843,b7a29e38d94dc69dec117896d4ab837d166a8d6f,2015-01-16 21:13:08,2015-03-06 18:51:59,4225131,6,framework/console/controllers/MessageController.php,14,133,1.2,0,0,7,8,0
yii2,202,86843,b7a29e38d94dc69dec117896d4ab837d166a8d6f,2015-01-16 21:13:08,2015-03-06 18:51:59,4225131,6,framework/views/messageConfig.php,6,5,0.8,0,0,1,0,0
yii2,202,86843,b7a29e38d94dc69dec117896d4ab837d166a8d6f,2015-01-16 21:13:08,2015-03-06 18:51:59,4225131,6,tests/unit/framework/console/controllers/BaseMessageControllerTest.php,40,32,0.5,0,0,0,2,0
yii2,202,86843,b7a29e38d94dc69dec117896d4ab837d166a8d6f,2015-01-16 21:13:08,2015-03-06 18:51:59,4225131,6,tests/unit/framework/console/controllers/PHPMessageControllerTest.php,12,0,0.0,0,0,0,0,0
yii2,202,86843,b7a29e38d94dc69dec117896d4ab837d166a8d6f,2015-01-16 21:13:08,2015-03-06 18:51:59,4225131,6,tests/unit/framework/console/controllers/POMessageControllerTest.php,9,0,0.0,0,0,0,0,0
yii2,202,86842,7c609ad8fb31f9e4d5425f868e7e224c6fbbd309,2015-01-16 17:29:32,2015-01-22 15:57:52,512900,2,framework/log/FileTarget.php,17,11,0.5,0,0,1,0,1
yii2,202,86837,a558216897d23d21d7dd779ebdaec4d52cdf01c8,2015-01-17 21:33:53,2015-01-18 18:39:02,75909,2,extensions/debug/panels/ConfigPanel.php,2,2,0.1,0,0,0,1,0
yii2,202,86777,fe19243da1143fe6b2e2915011593740bb1f8501,2015-01-22 08:41:58,2015-01-23 02:10:03,62885,3,framework/helpers/BaseArrayHelper.php,6,97,1.3,0,0,7,0,0
yii2,202,86777,fe19243da1143fe6b2e2915011593740bb1f8501,2015-01-22 08:41:58,2015-01-23 02:10:03,62885,3,tests/unit/framework/helpers/ArrayHelperTest.php,68,80,0.8,0,0,0,9,0
yii2,202,86768,a6dd9d37d5c5b7e5fac4edeb89c35cbc961df369,2015-01-23 11:56:16,2015-01-24 08:47:23,75067,2,extensions/codeception/TestCase.php,3,0,0.0,0,0,0,0,0
yii2,202,86755,5ab1d1a0d1ce7278d970c43e1132ecade4dc520e,2015-01-24 07:43:54,2015-01-24 13:58:00,22446,3,framework/validators/InlineValidator.php,6,0,0.0,0,0,0,0,0
yii2,202,86755,5ab1d1a0d1ce7278d970c43e1132ecade4dc520e,2015-01-24 07:43:54,2015-01-24 13:58:00,22446,3,tests/unit/framework/validators/ValidatorTest.php,3,217,3.5,0,0,0,11,2
yii2,202,86751,15905cec9d028c66c7dab82e76f1ba0330c1ea62,2015-01-24 17:06:35,2015-01-24 17:19:31,776,1,apps/basic/config/console.php,2,0,0.0,0,0,0,0,0
yii2,202,86736,36bebbfefb15c51449b68713dc159748c3eb7a15,2015-01-25 19:09:22,2015-01-25 21:14:14,7492,257,extensions/apidoc/helpers/ApiMarkdown.php,0,14,0.7,0,0,0,3,1
yii2,202,86736,36bebbfefb15c51449b68713dc159748c3eb7a15,2015-01-25 19:09:22,2015-01-25 21:14:14,7492,257,extensions/apidoc/templates/html/views/constSummary.php,0,0,0.0,0,0,0,0,0
yii2,202,86736,36bebbfefb15c51449b68713dc159748c3eb7a15,2015-01-25 19:09:22,2015-01-25 21:14:14,7492,257,extensions/apidoc/templates/html/views/type.php,0,10,0.5,0,0,0,1,0
yii2,202,86719,fca8143440431b39869260b51dacd1969eb4cf65,2015-01-26 19:51:59,2015-01-28 21:09:08,177429,5,extensions/apidoc/templates/bootstrap/layouts/api.php,2,8,0.8,0,0,0,1,0
yii2,202,86719,fca8143440431b39869260b51dacd1969eb4cf65,2015-01-26 19:51:59,2015-01-28 21:09:08,177429,5,extensions/apidoc/templates/bootstrap/layouts/guide.php,12,0,0.0,0,0,0,0,0
yii2,202,86719,fca8143440431b39869260b51dacd1969eb4cf65,2015-01-26 19:51:59,2015-01-28 21:09:08,177429,5,extensions/apidoc/templates/bootstrap/layouts/main.php,10,10,0.2,0,0,0,1,0
yii2,202,86719,fca8143440431b39869260b51dacd1969eb4cf65,2015-01-26 19:51:59,2015-01-28 21:09:08,177429,5,extensions/apidoc/templates/html/ApiRenderer.php,3,11,0.2,0,0,2,0,2
yii2,202,86719,fca8143440431b39869260b51dacd1969eb4cf65,2015-01-26 19:51:59,2015-01-28 21:09:08,177429,5,extensions/apidoc/templates/html/GuideRenderer.php,2,22,0.7,0,0,3,2,6
yii2,202,86702,0a6cd6190b851db89120572259ae8ca0ade9c2cb,2015-01-27 21:07:50,2015-01-29 03:29:44,109314,3,framework/web/Request.php,23,270,1.4,0,0,12,9,2
yii2,202,86702,0a6cd6190b851db89120572259ae8ca0ade9c2cb,2015-01-27 21:07:50,2015-01-29 03:29:44,109314,3,framework/web/Response.php,2,159,1.1,0,0,12,5,3
yii2,202,86685,fca8143440431b39869260b51dacd1969eb4cf65,2015-01-28 18:57:05,2015-01-28 21:09:08,7923,5,extensions/apidoc/templates/bootstrap/layouts/api.php,2,8,0.8,0,0,0,1,0
yii2,202,86685,fca8143440431b39869260b51dacd1969eb4cf65,2015-01-28 18:57:05,2015-01-28 21:09:08,7923,5,extensions/apidoc/templates/bootstrap/layouts/guide.php,12,0,0.0,0,0,0,0,0
yii2,202,86685,fca8143440431b39869260b51dacd1969eb4cf65,2015-01-28 18:57:05,2015-01-28 21:09:08,7923,5,extensions/apidoc/templates/bootstrap/layouts/main.php,10,10,0.2,0,0,0,1,0
yii2,202,86685,fca8143440431b39869260b51dacd1969eb4cf65,2015-01-28 18:57:05,2015-01-28 21:09:08,7923,5,extensions/apidoc/templates/html/ApiRenderer.php,3,11,0.2,0,0,2,0,2
yii2,202,86685,fca8143440431b39869260b51dacd1969eb4cf65,2015-01-28 18:57:05,2015-01-28 21:09:08,7923,5,extensions/apidoc/templates/html/GuideRenderer.php,2,22,0.7,0,0,3,2,6
yii2,202,86680,54e35baa1b6eb6c8887ef4d6c0e13137fa334cd9,2015-01-29 06:56:52,2015-01-29 18:27:59,41467,3,framework/data/ArrayDataProvider.php,5,0,0.0,0,0,0,0,0
yii2,202,86680,54e35baa1b6eb6c8887ef4d6c0e13137fa334cd9,2015-01-29 06:56:52,2015-01-29 18:27:59,41467,3,framework/data/Pagination.php,3,8,0.2,0,0,4,0,0
yii2,202,86671,e5e48cd484f468ba38571880269fdbcf1e89893d,2015-01-29 12:03:25,2015-01-29 18:53:16,24591,1,tests/unit/framework/helpers/JsonTest.php,13,8,0.6,0,0,0,1,0
yii2,202,86662,7e868555c5f177de15f8c5a751c8e8968cc78fa3,2015-01-30 12:24:02,2015-01-30 21:59:05,34503,2,tests/unit/data/i18n/messages/ru/test.php,1,0,0.0,0,0,0,0,0
yii2,202,86662,7e868555c5f177de15f8c5a751c8e8968cc78fa3,2015-01-30 12:24:02,2015-01-30 21:59:05,34503,2,tests/unit/framework/i18n/I18NTest.php,8,138,4.4,0,0,2,8,0
yii2,202,86632,780c39446aed3f6d4d06a4edbc51e4844405be41,2015-02-02 17:41:21,2015-02-02 17:43:17,116,2,extensions/jui/InputWidget.php,3,0,0.0,0,0,0,0,0
yii2,202,86611,7a37c47bb22dcfbdac360b7da4244051d18e281d,2015-02-03 12:32:21,2015-02-28 23:02:51,2197830,3,framework/helpers/BaseFormatConverter.php,24,316,2.8,0,0,10,5,248
yii2,202,86611,7a37c47bb22dcfbdac360b7da4244051d18e281d,2015-02-03 12:32:21,2015-02-28 23:02:51,2197830,3,tests/unit/framework/helpers/FormatConverterTest.php,12,28,2.3,0,0,0,3,0
yii2,202,86592,2e414632beef57bd462cc736a0c2e2dac7160d94,2015-02-05 23:57:03,2015-02-28 22:04:45,1980462,3,framework/validators/EmailValidator.php,2,10,0.5,0,0,1,0,0
yii2,202,86592,2e414632beef57bd462cc736a0c2e2dac7160d94,2015-02-05 23:57:03,2015-02-28 22:04:45,1980462,3,tests/unit/framework/validators/EmailValidatorTest.php,10,84,3.1,0,0,0,8,0
yii2,202,86587,00d506c398c4581ecfbcba3b110a79f42ec24405,2015-02-05 13:10:23,2016-04-26 19:59:26,38558943,3,framework/validators/DateValidator.php,57,20,0.8,0,0,1,0,0
yii2,202,86559,5a63ae324ea3f501b74bbea00e25d9c9143f5ee8,2015-02-26 04:06:24,2015-02-26 04:06:50,26,2,framework/db/Command.php,7,74,0.7,0,0,1,1,0
yii2,202,86556,4512833fac17511a4b78dfa30cfe2f1ce82da878,2015-02-09 19:30:24,2015-02-24 11:04:01,1265617,7,extensions/composer/Installer.php,6,56,0.9,0,0,6,3,0
yii2,202,86556,4512833fac17511a4b78dfa30cfe2f1ce82da878,2015-02-09 19:30:24,2015-02-24 11:04:01,1265617,7,framework/base/Security.php,264,125,1.4,0,1,25,5,1
yii2,202,86556,4512833fac17511a4b78dfa30cfe2f1ce82da878,2015-02-09 19:30:24,2015-02-24 11:04:01,1265617,7,framework/requirements/requirements.php,4,50,2.6,0,0,0,3,0
yii2,202,86556,4512833fac17511a4b78dfa30cfe2f1ce82da878,2015-02-09 19:30:24,2015-02-24 11:04:01,1265617,7,tests/unit/framework/base/SecurityTest.php,712,95,1.1,0,1,0,5,1
yii2,202,86553,21b87b67afc5d89123ff6ddd2593edd26b77e7db,2015-02-09 22:26:43,2015-02-10 01:33:16,11193,2,framework/captcha/CaptchaAction.php,6,12,0.2,0,0,2,0,0
yii2,202,86544,d9117a67b109dffe6c57fcda0b3fa6c92bdfade4,2015-02-14 02:39:33,2015-02-14 15:36:28,46615,2,framework/db/QueryBuilder.php,6,260,1.3,0,0,16,3,3
yii2,202,86519,7b5cdf041d243fff1db81242aa918c4d2491725f,2015-02-14 02:41:00,2015-02-16 03:26:42,175542,2,framework/helpers/BaseHtml.php,4,530,2.4,0,0,5,25,0
yii2,202,86515,2577a5915b5f96413ce76d7c614101f6d3a5bf9b,2015-02-12 22:33:10,2015-08-02 09:58:48,14729138,3,framework/widgets/ActiveForm.php,7,0,0.0,0,0,0,0,0
yii2,202,86509,6e33bef238a1b3398e64a2af67369cdf5f467d35,2015-02-13 09:20:40,2015-02-13 19:03:05,34945,1,framework/rbac/DbManager.php,2,253,1.8,0,0,3,11,0
yii2,202,86507,a71423cf2acec5b71a552d6f5585204df77f2a9e,2015-02-18 23:04:26,2015-02-18 23:26:07,1301,2,framework/console/controllers/BaseMigrateController.php,5,108,1.0,0,0,14,5,2
yii2,202,86505,4e6b1fd5c640d668c83d7f0804a2c0bbfb5929f0,2015-02-13 14:25:47,2015-02-15 22:27:31,201704,1,framework/db/ActiveQueryTrait.php,8,0,0.0,0,0,0,0,0
yii2,202,86477,dd1995551c0c6cf50c51f8cb9df9f0e5c9d6118a,2015-05-15 16:44:32,2015-05-15 16:49:53,321,3,framework/log/SyslogTarget.php,7,5,0.5,0,0,1,0,0
yii2,202,86477,dd1995551c0c6cf50c51f8cb9df9f0e5c9d6118a,2015-05-15 16:44:32,2015-05-15 16:49:53,321,3,framework/log/Target.php,8,0,0.0,0,0,0,0,0
yii2,202,86434,a3ea7b774d0cecf09776755c04f6703a71b22ec4,2015-02-24 02:30:33,2015-02-24 02:31:02,29,4,framework/helpers/BaseHtml.php,24,530,2.4,0,0,5,25,0
yii2,202,86434,a3ea7b774d0cecf09776755c04f6703a71b22ec4,2015-02-24 02:30:33,2015-02-24 02:31:02,29,4,tests/unit/framework/helpers/HtmlTest.php,8,484,2.8,0,0,1,27,0
yii2,202,86431,6e72bf05daf55a2a7e872d4c45ac37e31dc057d5,2015-02-19 09:33:24,2015-02-19 09:41:41,497,1,framework/web/Link.php,6,0,0.0,0,0,0,0,0
yii2,202,86427,56dbd4cefa47616a2cc2fb07680e095ca35ac5d5,2015-02-20 15:54:31,2015-02-21 03:03:48,40157,3,extensions/sphinx/ColumnSchema.php,47,25,2.2,0,0,2,0,0
yii2,202,86427,56dbd4cefa47616a2cc2fb07680e095ca35ac5d5,2015-02-20 15:54:31,2015-02-21 03:03:48,40157,3,framework/db/ColumnSchema.php,40,25,1.9,0,0,2,0,0
yii2,202,86426,86891f9f82c8ec630c145767acfb469d7e198173,2015-02-19 13:17:52,2015-02-19 19:26:51,22139,2,framework/console/Controller.php,2,24,0.3,0,0,0,2,0
yii2,202,86423,57c298a5237c36efe8b2d435d8fc1fc400d61399,2015-02-19 13:54:08,2015-02-23 00:25:16,297068,5,framework/validators/FilterValidator.php,19,0,0.0,0,0,0,0,0
yii2,202,86423,57c298a5237c36efe8b2d435d8fc1fc400d61399,2015-02-19 13:54:08,2015-02-23 00:25:16,297068,5,framework/widgets/ActiveField.php,2,235,2.7,0,0,2,10,0
yii2,202,86413,2897257ec191a95ba845c03d4ccfe54c79b849f4,2015-02-20 15:25:02,2015-02-24 19:52:21,361639,1,framework/db/ActiveRecord.php,10,66,0.9,0,0,4,0,0
yii2,202,86404,796a0e6156dae5e3a6b22707c0ae94d3d45d93dd,2015-02-21 21:56:47,2015-02-27 21:11:20,515673,6,framework/log/migrations/m141106_185632_log_init.php,2,5,0.3,0,0,0,1,0
yii2,202,86384,89d1e55f91151d4146ff461ce7ceff25c8fb0dec,2015-02-23 22:49:26,2015-02-24 12:26:30,49024,2,framework/db/ActiveRecordInterface.php,2,60,7.4,0,0,1,0,0
yii2,202,86384,89d1e55f91151d4146ff461ce7ceff25c8fb0dec,2015-02-23 22:49:26,2015-02-24 12:26:30,49024,2,framework/db/BaseActiveRecord.php,2,216,1.0,0,0,14,1,2
yii2,202,86379,23d8cede64ca148851b543e028b9707020299022,2015-03-09 18:44:02,2015-04-05 22:19:49,2345747,2,framework/filters/auth/CompositeAuth.php,6,2,0.2,0,0,0,1,0
yii2,202,86374,51f25cac620ba499f9bca7539d91aeb9e2db43ee,2015-02-24 12:50:56,2015-02-24 13:05:14,858,2,extensions/bootstrap/Tabs.php,2,58,1.9,0,0,0,5,0
yii2,202,86374,51f25cac620ba499f9bca7539d91aeb9e2db43ee,2015-02-24 12:50:56,2015-02-24 13:05:14,858,2,extensions/jui/Tabs.php,9,8,0.5,0,0,0,1,0
yii2,202,86356,b65006a4690e29b2364b2a97cd6c02e9eaa21af9,2015-02-25 09:37:49,2015-02-25 10:32:01,3252,2,framework/messages/config.php,2,6,1.0,0,0,1,0,1
yii2,202,86354,0eb27981cd83dff32e794c9f3a460dcdd5dd9734,2015-02-25 09:54:42,2015-02-27 02:45:16,147034,3,framework/helpers/BaseHtml.php,25,530,2.4,0,0,5,25,0
yii2,202,86354,0eb27981cd83dff32e794c9f3a460dcdd5dd9734,2015-02-25 09:54:42,2015-02-27 02:45:16,147034,3,framework/widgets/ActiveField.php,8,235,2.7,0,0,2,10,0
yii2,202,86345,f57a517f6dd6bbb55ba25aeda2cf16d8d096e2d4,2015-02-25 14:31:30,2015-02-27 02:24:54,129204,3,framework/helpers/BaseHtml.php,29,530,2.4,0,0,5,25,0
yii2,202,86345,f57a517f6dd6bbb55ba25aeda2cf16d8d096e2d4,2015-02-25 14:31:30,2015-02-27 02:24:54,129204,3,tests/unit/framework/helpers/HtmlTest.php,18,484,2.8,0,0,1,27,0
yii2,202,86327,e83b479dfb32a0c859ae7000cbf6896e1fdd19ff,2015-02-26 17:16:26,2015-02-26 17:40:37,1451,4,framework/validators/FileValidator.php,10,135,1.9,0,0,5,5,0
yii2,202,86327,e83b479dfb32a0c859ae7000cbf6896e1fdd19ff,2015-02-26 17:16:26,2015-02-26 17:40:37,1451,4,framework/validators/ImageValidator.php,8,50,1.6,0,0,1,2,0
yii2,202,86327,e83b479dfb32a0c859ae7000cbf6896e1fdd19ff,2015-02-26 17:16:26,2015-02-26 17:40:37,1451,4,framework/validators/NumberValidator.php,2,28,1.0,0,0,1,1,0
yii2,202,86327,e83b479dfb32a0c859ae7000cbf6896e1fdd19ff,2015-02-26 17:16:26,2015-02-26 17:40:37,1451,4,framework/validators/StringValidator.php,7,38,1.1,0,0,1,2,0
yii2,202,86326,305433f88cbab24f98a6cc30cee4bf15ed47cbf4,2015-02-26 17:42:16,2015-02-26 18:08:01,1545,1,framework/console/controllers/AssetController.php,6,77,0.5,0,0,6,5,1
yii2,202,86316,e742ba0ea1743c0bb41cb815165cab9e1e735072,2015-02-27 10:31:22,2015-02-27 10:32:16,54,1,framework/behaviors/TimestampBehavior.php,4,0,0.0,0,0,0,0,0
yii2,202,86313,12fe0c7b85de041fc2465531fa0b6b3e4eb8be5f,2015-03-03 22:49:05,2015-03-05 16:11:11,148926,3,framework/helpers/BaseStringHelper.php,31,31,0.9,0,0,5,0,3
yii2,202,86313,12fe0c7b85de041fc2465531fa0b6b3e4eb8be5f,2015-03-03 22:49:05,2015-03-05 16:11:11,148926,3,tests/unit/framework/helpers/StringHelperTest.php,9,110,2.2,0,0,0,7,0
yii2,203,86288,23b31d13dee2cdbc815f867da0b639e38d1f018c,2015-03-02 09:39:35,2015-05-10 13:47:39,5976484,1,framework/validators/DateValidator.php,18,20,0.8,0,0,1,0,0
yii2,203,86287,aead65f2d22e8b675cf4a1f2f50ee8ba8ef7f2a1,2015-04-02 13:31:07,2015-04-09 02:54:40,566613,3,framework/db/Query.php,17,80,0.9,0,0,1,2,0
yii2,203,86287,aead65f2d22e8b675cf4a1f2f50ee8ba8ef7f2a1,2015-04-02 13:31:07,2015-04-09 02:54:40,566613,3,tests/unit/framework/db/QueryTest.php,15,110,2.5,0,0,0,8,0
yii2,203,86284,67a459acbc051c16a2fa1fc90e96a7f5c6289e72,2015-03-02 07:31:34,2015-03-04 07:17:51,171977,1,extensions/bootstrap/ActiveField.php,103,162,2.6,0,0,2,11,0
yii2,203,86279,79ee8e026cb8901442a3cfe6cddb6e9124cc327e,2015-03-03 09:29:43,2015-03-08 14:03:31,448428,1,extensions/swiftmailer/Mailer.php,13,32,1.0,0,0,0,3,0
yii2,203,86274,0eecb6ab1e02840aa10560dcaaefc1f63c6e6ffd,2015-03-03 20:52:36,2015-03-03 21:42:06,2970,3,framework/web/Response.php,4,159,1.1,0,0,12,5,3
yii2,203,86274,0eecb6ab1e02840aa10560dcaaefc1f63c6e6ffd,2015-03-03 20:52:36,2015-03-03 21:42:06,2970,3,tests/unit/framework/web/ResponseTest.php,19,6,0.4,0,0,0,1,6
yii2,203,86273,0a6715bd0b3e5218998fd4d0d283cb2059453d9f,2015-03-04 01:52:45,2015-03-20 13:19:25,1423600,7,framework/data/ActiveDataProvider.php,22,0,0.0,0,0,0,0,0
yii2,203,86273,0a6715bd0b3e5218998fd4d0d283cb2059453d9f,2015-03-04 01:52:45,2015-03-20 13:19:25,1423600,7,tests/unit/data/ar/elasticsearch/Order.php,8,45,1.6,0,0,1,5,0
yii2,203,86273,0a6715bd0b3e5218998fd4d0d283cb2059453d9f,2015-03-04 01:52:45,2015-03-20 13:19:25,1423600,7,tests/unit/framework/widgets/ActiveFieldTest.php,3,39,0.5,0,0,1,3,1
yii2,203,86273,0a6715bd0b3e5218998fd4d0d283cb2059453d9f,2015-03-04 01:52:45,2015-03-20 13:19:25,1423600,7,tests/unit/framework/widgets/ActiveFormTest.php,1,16,1.0,0,0,0,2,0
yii2,203,86273,0a6715bd0b3e5218998fd4d0d283cb2059453d9f,2015-03-04 01:52:45,2015-03-20 13:19:25,1423600,7,tests/unit/framework/widgets/BreadcrumbsTest.php,3,78,2.1,0,0,0,8,0
yii2,203,86243,c33574bc0aeec8de4089acef224bee25145ab2ce,2015-03-04 10:29:23,2015-11-05 19:06:18,21285415,3,framework/validators/CompareValidator.php,21,60,1.5,0,0,3,2,0
yii2,203,86238,b6a591c720046f36688e4be4ed8d41853a01abe3,2015-03-04 13:39:38,2015-03-06 17:11:16,185498,2,framework/base/ErrorHandler.php,6,0,0.0,0,0,0,0,0
yii2,203,86231,e93b797098338b349c5da76fd917fe7fd615943b,2015-03-05 07:08:00,2015-09-28 14:47:35,17912375,2,framework/validators/RangeValidator.php,28,0,0.0,0,0,0,0,0
yii2,203,86212,65a2c54974bcb13dfd5da9223f0de9c6a4aad9e5,2015-03-06 14:50:56,2015-03-06 15:01:27,631,3,framework/helpers/BaseFormatConverter.php,2,317,2.7,0,0,10,5,249
yii2,203,86212,65a2c54974bcb13dfd5da9223f0de9c6a4aad9e5,2015-03-06 14:50:56,2015-03-06 15:01:27,631,3,tests/unit/framework/helpers/FormatConverterTest.php,9,36,2.4,0,0,0,4,0
yii2,203,86188,8e33fbfbff881a18dca75af308b2d7c3a99621bc,2015-03-09 18:44:59,2015-03-27 02:57:43,1498364,2,framework/web/Session.php,2,92,0.8,0,0,1,3,0
yii2,203,86187,739f6358cd75885f8d9a12bd105ff3583a6b9959,2015-03-09 18:43:31,2015-04-05 21:34:38,2343067,2,framework/web/Request.php,22,268,1.4,0,0,12,9,2
yii2,203,86171,28dce6c9b6ca92db59e643a9f4531b6057ba2f9f,2015-03-10 19:48:55,2015-04-20 21:29:33,3548438,4,framework/rbac/DbManager.php,3,279,1.6,0,0,4,11,0
yii2,203,86171,28dce6c9b6ca92db59e643a9f4531b6057ba2f9f,2015-03-10 19:48:55,2015-04-20 21:29:33,3548438,4,framework/rbac/PhpManager.php,5,145,1.0,0,0,4,4,4
yii2,203,86134,f64d00bdf04682a62f7bcfd3505d088e3e864ee0,2015-03-13 15:05:40,2015-05-13 12:20:23,5260483,3,framework/validators/FilterValidator.php,2,0,0.0,0,0,0,0,0
yii2,203,86132,aeb4bc724b2b8362adc6879aa4a10c7020bc273e,2015-03-13 16:18:20,2015-03-18 13:54:09,423349,1,extensions/bootstrap/ButtonDropdown.php,2,0,0.0,0,0,0,0,0
yii2,203,86124,c6d04644d3036ae798464dd35dade7c79fe6b09d,2016-04-28 00:32:25,2016-04-28 00:35:02,157,3,framework/helpers/BaseArrayHelper.php,2,97,1.3,0,0,7,0,0
yii2,203,86109,fecdf1a5f77155a9aa4290c01a358053a545b9d6,2015-03-17 19:30:15,2015-03-20 13:11:45,236490,2,extensions/composer/Installer.php,5,56,0.9,0,0,6,3,0
yii2,203,86089,62a35cdbf5be4023882cea19b508cd70e6bc2279,2015-03-17 10:51:10,2015-03-30 08:43:46,1115556,18,framework/db/Command.php,38,74,0.7,0,0,1,1,0
yii2,203,86089,62a35cdbf5be4023882cea19b508cd70e6bc2279,2015-03-17 10:51:10,2015-03-30 08:43:46,1115556,18,framework/db/Schema.php,2,140,1.7,0,0,2,5,0
yii2,203,86089,62a35cdbf5be4023882cea19b508cd70e6bc2279,2015-03-17 10:51:10,2015-03-30 08:43:46,1115556,18,framework/db/mysql/Schema.php,21,20,0.3,0,0,2,1,0
yii2,203,86089,62a35cdbf5be4023882cea19b508cd70e6bc2279,2015-03-17 10:51:10,2015-03-30 08:43:46,1115556,18,framework/db/oci/QueryBuilder.php,57,29,1.0,0,0,1,3,0
yii2,203,86089,62a35cdbf5be4023882cea19b508cd70e6bc2279,2015-03-17 10:51:10,2015-03-30 08:43:46,1115556,18,framework/db/oci/Schema.php,110,18,0.3,0,0,2,1,0
yii2,203,86089,62a35cdbf5be4023882cea19b508cd70e6bc2279,2015-03-17 10:51:10,2015-03-30 08:43:46,1115556,18,tests/unit/data/ar/Customer.php,4,14,0.9,0,0,0,1,0
yii2,203,86089,62a35cdbf5be4023882cea19b508cd70e6bc2279,2015-03-17 10:51:10,2015-03-30 08:43:46,1115556,18,tests/unit/data/ar/CustomerQuery.php,2,0,0.0,0,0,0,0,0
yii2,203,86089,62a35cdbf5be4023882cea19b508cd70e6bc2279,2015-03-17 10:51:10,2015-03-30 08:43:46,1115556,18,tests/unit/framework/db/ActiveRecordTest.php,39,377,2.3,0,0,3,19,0
yii2,203,86089,62a35cdbf5be4023882cea19b508cd70e6bc2279,2015-03-17 10:51:10,2015-03-30 08:43:46,1115556,18,tests/unit/framework/db/CommandTest.php,120,138,2.0,0,0,5,10,1
yii2,203,86089,62a35cdbf5be4023882cea19b508cd70e6bc2279,2015-03-17 10:51:10,2015-03-30 08:43:46,1115556,18,tests/unit/framework/db/DatabaseTestCase.php,11,10,0.5,0,0,1,1,0
yii2,203,86089,62a35cdbf5be4023882cea19b508cd70e6bc2279,2015-03-17 10:51:10,2015-03-30 08:43:46,1115556,18,tests/unit/framework/db/SchemaTest.php,10,384,4.4,0,0,1,13,0
yii2,203,86084,c339ed2949ff90ed50cf1f6b4f3ac4216785208f,2015-05-31 10:07:55,2015-05-31 10:10:37,162,2,framework/helpers/BaseArrayHelper.php,2,97,1.3,0,0,7,0,0
yii2,203,86075,c01804d7c979ec1652229735ff015dda1db4909a,2015-03-18 14:00:44,2015-03-26 01:54:17,647613,2,framework/base/Module.php,3,128,1.7,0,0,6,2,0
yii2,203,86065,817bd4279a51d662259c7adebd4bcd4b0781d387,2015-03-19 11:32:26,2015-03-19 11:59:29,1623,1,framework/db/ActiveRecord.php,4,66,0.9,0,0,4,0,0
yii2,203,86046,2c94bb089988bdcb0bd0c9087868bb589a13364c,2015-03-20 19:19:23,2015-04-28 02:10:26,3307863,2,framework/widgets/MaskedInput.php,14,10,0.5,0,0,5,0,0
yii2,203,86028,4d1ca9ff17783fd321c2d770360b31c01c7556a5,2015-03-22 17:53:51,2015-03-30 19:20:03,696372,5,framework/db/mssql/Schema.php,1,14,0.2,0,0,1,1,2
yii2,203,86028,4d1ca9ff17783fd321c2d770360b31c01c7556a5,2015-03-22 17:53:51,2015-03-30 19:20:03,696372,5,framework/db/oci/Schema.php,8,18,0.3,0,0,2,1,0
yii2,203,86028,4d1ca9ff17783fd321c2d770360b31c01c7556a5,2015-03-22 17:53:51,2015-03-30 19:20:03,696372,5,framework/db/pgsql/Schema.php,41,34,0.4,0,0,7,0,2
yii2,203,86028,4d1ca9ff17783fd321c2d770360b31c01c7556a5,2015-03-22 17:53:51,2015-03-30 19:20:03,696372,5,framework/db/sqlite/Schema.php,2,14,0.3,0,0,1,1,0
yii2,203,86026,29304a185abe6a4627eac8e062e333928a1bac85,2015-03-23 08:26:40,2015-03-30 16:02:17,632137,10,framework/db/mssql/Schema.php,2,14,0.2,0,0,1,1,2
yii2,203,86026,29304a185abe6a4627eac8e062e333928a1bac85,2015-03-23 08:26:40,2015-03-30 16:02:17,632137,10,framework/db/oci/Schema.php,12,18,0.3,0,0,2,1,0
yii2,203,86026,29304a185abe6a4627eac8e062e333928a1bac85,2015-03-23 08:26:40,2015-03-30 16:02:17,632137,10,framework/db/pgsql/Schema.php,6,34,0.4,0,0,7,0,2
yii2,203,86026,29304a185abe6a4627eac8e062e333928a1bac85,2015-03-23 08:26:40,2015-03-30 16:02:17,632137,10,tests/unit/framework/db/SchemaTest.php,2,384,4.4,0,0,1,13,0
yii2,203,86014,698bfddeed478c98190f0603e93f0156c7e46953,2015-03-23 18:03:15,2015-04-12 21:35:43,1740748,2,framework/db/ColumnSchema.php,8,25,1.7,0,0,2,0,0
yii2,203,86011,ac623ab8f6004f26d1668234a22d562ece1b3df2,2015-03-24 13:34:12,2015-03-25 01:19:22,42310,2,framework/filters/PageCache.php,28,52,1.7,0,0,0,6,0
yii2,203,86010,5dd3a1414186a676904e84dbafcdf7efa5cf1f3a,2015-03-24 09:23:40,2015-04-20 21:34:55,2376675,1,framework/helpers/BaseHtml.php,2,560,2.4,0,0,6,26,0
yii2,203,85979,e6b09bb82f620904a051fa5e2ad98d83206e431a,2015-03-26 17:53:24,2015-04-27 03:03:34,2711410,1,framework/db/ActiveRecordInterface.php,21,60,7.4,0,0,1,0,0
yii2,203,85973,10ff4ef6667474d9a0393ad58e630c6831ab2896,2015-03-27 17:11:42,2015-03-28 12:04:06,67944,1,framework/helpers/BaseHtml.php,2,560,2.4,0,0,6,26,0
yii2,203,85959,543daf099fcda72419da1f90bcbaa16a24ba01ac,2015-03-30 15:05:45,2015-04-30 17:10:31,2685886,3,framework/i18n/Formatter.php,105,329,1.9,0,0,11,2,3
yii2,203,85956,36a0e8384a88697b7a3e64d3269a5b70c775bddd,2015-04-01 08:54:05,2015-04-09 20:16:55,732170,2,framework/widgets/Pjax.php,24,0,0.0,0,0,0,0,0
yii2,203,85950,1713a99c79cdc2a9789760b4881b6d67ca66f7a1,2015-03-31 09:59:24,2015-03-31 13:57:56,14312,2,framework/console/controllers/MigrateController.php,2,31,1.3,0,0,2,2,1
yii2,203,85918,32c424da103e65e86754218b6e0cb1ff337b1f02,2015-04-04 23:20:25,2016-02-07 21:09:33,26689748,11,framework/i18n/DbMessageSource.php,75,0,0.0,0,0,0,0,0
yii2,203,85918,32c424da103e65e86754218b6e0cb1ff337b1f02,2015-04-04 23:20:25,2016-02-07 21:09:33,26689748,11,framework/i18n/GettextMessageSource.php,66,4,0.2,0,0,2,0,0
yii2,203,85918,32c424da103e65e86754218b6e0cb1ff337b1f02,2015-04-04 23:20:25,2016-02-07 21:09:33,26689748,11,framework/i18n/PhpMessageSource.php,66,0,0.0,0,0,0,0,0
yii2,203,85876,ced423b601c2957fc6d3394b6f24fb2cc994ea76,2015-04-07 23:15:35,2015-04-08 22:00:38,81903,2,framework/db/pgsql/Schema.php,20,34,0.4,0,0,7,0,2
yii2,203,85861,5306cac4b93ac5058b8ea62a26f25062b4f094ae,2015-04-09 16:37:48,2015-04-11 23:45:25,198457,3,framework/db/QueryBuilder.php,3,255,1.2,0,0,16,3,3
yii2,203,85861,5306cac4b93ac5058b8ea62a26f25062b4f094ae,2015-04-09 16:37:48,2015-04-11 23:45:25,198457,3,tests/unit/framework/db/QueryBuilderTest.php,1,360,3.2,0,0,5,25,1
yii2,203,85856,82033125c402a43cc17a77e9520054c8e42ad553,2015-04-10 13:50:23,2015-04-10 22:25:12,30889,4,framework/rbac/BaseManager.php,16,0,0.0,0,0,0,0,0
yii2,203,85856,82033125c402a43cc17a77e9520054c8e42ad553,2015-04-10 13:50:23,2015-04-10 22:25:12,30889,4,framework/rbac/PhpManager.php,40,145,1.0,0,0,4,4,4
yii2,203,85856,82033125c402a43cc17a77e9520054c8e42ad553,2015-04-10 13:50:23,2015-04-10 22:25:12,30889,4,tests/unit/framework/rbac/PhpManagerTest.php,11,0,0.0,0,0,0,0,0
yii2,203,85852,771ff151331f81f77b05966e102e7ae82f4792d7,2015-04-11 22:53:38,2015-04-24 16:22:15,1099717,2,framework/log/Logger.php,5,50,1.2,0,0,10,1,1
yii2,203,85827,cafd135022716b50863a70efafb4d3e6cba05e6c,2015-04-13 12:17:55,2015-04-15 10:21:32,165817,3,framework/widgets/Menu.php,9,82,1.8,0,0,1,5,0
yii2,203,85827,cafd135022716b50863a70efafb4d3e6cba05e6c,2015-04-13 12:17:55,2015-04-15 10:21:32,165817,3,tests/unit/framework/widgets/MenuTest.php,35,20,1.2,0,0,0,2,0
yii2,203,85821,c0a6de3dafbe3ff29467cf70de774c71008247ce,2015-04-14 01:12:59,2015-04-14 12:20:52,40073,2,framework/data/ArrayDataProvider.php,2,0,0.0,0,0,0,0,0
yii2,203,85795,fcf2d0a3f2e4371be6fe09d9aa435fd006bed07b,2015-04-16 16:43:05,2015-04-17 00:23:00,27595,9,framework/caching/ApcCache.php,24,0,0.0,0,0,0,0,0
yii2,203,85795,fcf2d0a3f2e4371be6fe09d9aa435fd006bed07b,2015-04-16 16:43:05,2015-04-17 00:23:00,27595,9,framework/caching/Cache.php,46,60,1.1,0,0,1,0,0
yii2,203,85795,fcf2d0a3f2e4371be6fe09d9aa435fd006bed07b,2015-04-16 16:43:05,2015-04-17 00:23:00,27595,9,framework/caching/DbCache.php,20,0,0.0,0,0,0,0,0
yii2,203,85795,fcf2d0a3f2e4371be6fe09d9aa435fd006bed07b,2015-04-16 16:43:05,2015-04-17 00:23:00,27595,9,framework/caching/DummyCache.php,8,0,0.0,0,0,0,0,0
yii2,203,85795,fcf2d0a3f2e4371be6fe09d9aa435fd006bed07b,2015-04-16 16:43:05,2015-04-17 00:23:00,27595,9,framework/caching/FileCache.php,31,16,0.5,0,0,2,0,1
yii2,203,85795,fcf2d0a3f2e4371be6fe09d9aa435fd006bed07b,2015-04-16 16:43:05,2015-04-17 00:23:00,27595,9,framework/caching/MemCache.php,36,0,0.0,0,0,0,0,0
yii2,203,85795,fcf2d0a3f2e4371be6fe09d9aa435fd006bed07b,2015-04-16 16:43:05,2015-04-17 00:23:00,27595,9,framework/caching/WinCache.php,24,0,0.0,0,0,0,0,0
yii2,203,85795,fcf2d0a3f2e4371be6fe09d9aa435fd006bed07b,2015-04-16 16:43:05,2015-04-17 00:23:00,27595,9,framework/caching/XCache.php,12,4,0.4,0,0,0,2,0
yii2,203,85795,fcf2d0a3f2e4371be6fe09d9aa435fd006bed07b,2015-04-16 16:43:05,2015-04-17 00:23:00,27595,9,framework/caching/ZendDataCache.php,12,4,0.5,0,0,0,2,0
yii2,203,85763,67b5f4ea19babffbf4917782b7da9d66468d0140,2015-04-20 19:16:46,2016-03-22 21:33:53,29125027,3,framework/base/Model.php,2,79,0.7,0,0,6,0,1
yii2,203,85763,67b5f4ea19babffbf4917782b7da9d66468d0140,2015-04-20 19:16:46,2016-03-22 21:33:53,29125027,3,framework/validators/Validator.php,17,23,0.6,0,0,1,2,0
yii2,203,85761,1cfc40d6e50ae412bf98db8b53d72bf4bd73f174,2015-04-20 21:16:17,2015-04-20 21:24:20,483,2,framework/db/Query.php,10,80,0.9,0,0,1,2,0
yii2,203,85761,1cfc40d6e50ae412bf98db8b53d72bf4bd73f174,2015-04-20 21:16:17,2015-04-20 21:24:20,483,2,framework/db/QueryBuilder.php,2,255,1.2,0,0,16,3,3
yii2,203,85689,4496e2c40564490c537dce43c025acf783ff88d4,2015-04-30 08:35:45,2015-04-30 08:54:58,1153,3,framework/widgets/BaseListView.php,18,82,2.0,0,0,2,5,0
yii2,203,85689,4496e2c40564490c537dce43c025acf783ff88d4,2015-04-30 08:35:45,2015-04-30 08:54:58,1153,3,framework/widgets/DetailView.php,5,57,1.8,0,0,2,4,0
yii2,203,85650,048c89f15d5a1169529c1283cdc9a9522762de42,2015-05-05 21:05:11,2015-05-05 21:12:05,414,2,framework/widgets/FragmentCache.php,2,20,0.8,0,0,2,0,0
yii2,203,85641,742f106ec06a1a31d568a0912416e255e6d7dff6,2015-05-05 14:40:43,2015-11-23 10:41:03,17438420,2,framework/captcha/CaptchaAction.php,17,12,0.2,0,0,2,0,0
yii2,203,85626,17e2255472a2b1a30fb1ce42a8937793214bbc46,2015-05-06 14:49:47,2015-10-19 08:31:27,14319700,3,framework/widgets/Pjax.php,8,0,0.0,0,0,0,0,0
yii2,203,85608,8f1811919f5a942b979dc6a0995d27dd5254ad7c,2015-05-08 12:10:25,2015-05-08 20:39:51,30566,1,framework/base/ErrorHandler.php,13,0,0.0,0,0,0,0,0
yii2,203,85605,ccfd9cb536aa2728eb19f6a50888219b49c95f92,2015-05-08 20:22:09,2015-11-27 13:17:43,17513734,10,framework/console/Controller.php,54,24,0.3,0,0,0,2,0
yii2,203,85605,ccfd9cb536aa2728eb19f6a50888219b49c95f92,2015-05-08 20:22:09,2015-11-27 13:17:43,17513734,10,framework/console/controllers/MessageController.php,220,133,1.2,0,0,7,8,0
yii2,203,85605,ccfd9cb536aa2728eb19f6a50888219b49c95f92,2015-05-08 20:22:09,2015-11-27 13:17:43,17513734,10,framework/messages/config.php,3,6,1.0,0,0,1,0,1
yii2,203,85605,ccfd9cb536aa2728eb19f6a50888219b49c95f92,2015-05-08 20:22:09,2015-11-27 13:17:43,17513734,10,framework/views/messageConfig.php,5,5,0.8,0,0,1,0,0
yii2,204,85588,78de3157942dcbae43c0f5172bc009b17025e319,2015-05-11 09:48:40,2016-02-07 19:21:09,23535149,3,framework/helpers/BaseArrayHelper.php,7,97,1.3,0,0,7,0,0
yii2,204,85588,78de3157942dcbae43c0f5172bc009b17025e319,2015-05-11 09:48:40,2016-02-07 19:21:09,23535149,3,tests/framework/helpers/ArrayHelperTest.php,26,118,0.9,0,0,0,12,0
yii2,204,85526,73803ff28ba9076848df25596c3bcf3316357461,2015-05-14 19:52:37,2016-04-30 18:05:53,30406396,4,framework/behaviors/AttributeBehavior.php,3,0,0.0,0,0,0,0,0
yii2,204,85526,73803ff28ba9076848df25596c3bcf3316357461,2015-05-14 19:52:37,2016-04-30 18:05:53,30406396,4,framework/behaviors/BlameableBehavior.php,9,0,0.0,0,0,0,0,0
yii2,204,85526,73803ff28ba9076848df25596c3bcf3316357461,2015-05-14 19:52:37,2016-04-30 18:05:53,30406396,4,framework/behaviors/SluggableBehavior.php,8,10,0.4,0,0,1,0,0
yii2,204,85526,73803ff28ba9076848df25596c3bcf3316357461,2015-05-14 19:52:37,2016-04-30 18:05:53,30406396,4,framework/behaviors/TimestampBehavior.php,3,0,0.0,0,0,0,0,0
yii2,204,85502,3c2bd762369d3e723143fc6e8bdc634128546ff9,2015-05-17 17:26:09,2015-05-18 00:14:20,24491,3,framework/i18n/Formatter.php,6,349,1.9,0,0,12,2,3
yii2,204,85502,3c2bd762369d3e723143fc6e8bdc634128546ff9,2015-05-17 17:26:09,2015-05-18 00:14:20,24491,3,tests/framework/i18n/FormatterDateTest.php,26,600,4.9,0,0,3,45,6
yii2,204,85489,b83803460b02c60a97b63227b337d94295501093,2015-12-19 18:48:29,2015-12-19 19:38:36,3007,2,framework/validators/FileValidator.php,12,135,1.9,0,0,5,5,0
yii2,204,85472,a63fc2ff592231e3927143b1adc878d516b55df5,2015-05-21 12:43:31,2015-05-21 20:42:31,28740,4,framework/db/Schema.php,2,140,1.6,0,0,2,5,0
yii2,204,85472,a63fc2ff592231e3927143b1adc878d516b55df5,2015-05-21 12:43:31,2015-05-21 20:42:31,28740,4,tests/framework/db/pgsql/PostgreSQLCommandTest.php,7,16,1.2,0,0,0,2,0
yii2,204,85451,1fe171b3283d112e52f421c98543ada59bf5657c,2015-05-21 12:17:27,2015-05-21 12:23:17,350,2,framework/base/Widget.php,5,7,0.3,0,0,2,0,0
yii2,204,85412,398caaf7fd75dd42bc2c485e09553663601d7eaf,2015-05-26 07:10:20,2015-07-10 09:18:48,3895708,2,framework/caching/FileCache.php,14,16,0.5,0,0,2,0,1
yii2,204,85410,8cfc89b21c5866e191a43b5e3d05f00c2ba7ba1b,2015-05-26 07:25:53,2015-08-02 21:22:27,5925394,1,framework/db/pgsql/QueryBuilder.php,2,18,0.5,0,0,0,1,0
yii2,204,85405,acb7b2ebbb0880311527b63c773abe33daa30513,2015-05-27 22:11:28,2015-05-31 09:47:55,300987,2,framework/web/User.php,12,78,0.9,0,0,5,1,0
yii2,204,85392,aa5887fec783ec82de193066299d11cbeed5aae4,2015-05-28 10:51:03,2015-05-28 23:39:13,46090,4,framework/db/mysql/QueryBuilder.php,3,0,0.0,0,0,0,0,0
yii2,204,85392,aa5887fec783ec82de193066299d11cbeed5aae4,2015-05-28 10:51:03,2015-05-28 23:39:13,46090,4,framework/db/oci/QueryBuilder.php,1,29,0.7,0,0,1,3,0
yii2,204,85392,aa5887fec783ec82de193066299d11cbeed5aae4,2015-05-28 10:51:03,2015-05-28 23:39:13,46090,4,tests/framework/behaviors/TimestampBehaviorTest.php,83,0,0.0,0,0,0,0,0
yii2,204,85392,aa5887fec783ec82de193066299d11cbeed5aae4,2015-05-28 10:51:03,2015-05-28 23:39:13,46090,4,tests/framework/db/CommandTest.php,52,134,1.7,0,0,5,10,1
yii2,204,85383,17e2255472a2b1a30fb1ce42a8937793214bbc46,2015-05-27 22:35:14,2015-10-19 08:31:27,12477373,3,framework/widgets/Pjax.php,8,0,0.0,0,0,0,0,0
yii2,204,85381,ab9326dd2638b57128ead9d7bda5ffd249c78eea,2015-05-28 23:35:04,2015-06-05 16:59:06,667442,1,tests/framework/validators/DateValidatorTest.php,12,712,5.7,0,0,1,24,2
yii2,204,85370,07bcc8fda19655c97dfffe74b2f087878eaff97c,2015-05-29 09:47:37,2015-05-29 14:42:42,17705,2,framework/rbac/DbManager.php,2,279,1.6,0,0,4,11,0
yii2,204,85354,9b3a6989f536333db0fcd82107d7bf674a460a0a,2015-05-31 14:17:08,2015-05-31 14:51:02,2034,2,framework/widgets/FragmentCache.php,3,20,0.8,0,0,2,0,0
yii2,204,85348,0959b5d28ed38dde67e972cd0e0a58fb690ae3a8,2015-06-01 08:31:29,2015-06-01 19:27:50,39381,2,framework/db/BaseActiveRecord.php,3,236,1.1,0,0,15,1,2
yii2,204,85341,879911810f86aacf3a95ff25351d40cf2d47f3f4,2015-06-01 21:41:50,2015-06-08 18:41:48,593998,1,tests/framework/db/CommandTest.php,45,134,1.7,0,0,5,10,1
yii2,204,85330,c5a60ce2ec7889c354f4cc600f6c69719901c4c2,2015-06-03 09:13:52,2016-02-25 17:26:51,23098379,2,framework/db/ActiveQueryTrait.php,5,0,0.0,0,0,0,0,0
yii2,204,85303,b16d734c29396b794d7ac37cdb331bac8b2f3acd,2015-07-10 10:20:02,2015-07-27 14:41:20,1484478,3,framework/helpers/BaseHtml.php,25,562,2.4,0,0,6,26,0
yii2,204,85303,b16d734c29396b794d7ac37cdb331bac8b2f3acd,2015-07-10 10:20:02,2015-07-27 14:41:20,1484478,3,framework/validators/RegularExpressionValidator.php,15,6,0.4,0,0,1,0,0
yii2,204,85291,cdb7d84fea5c502b17bffa639d69108cead27a3f,2015-06-07 18:30:06,2016-01-02 18:43:16,18058390,4,framework/i18n/Formatter.php,39,349,1.9,0,0,12,2,3
yii2,204,85291,cdb7d84fea5c502b17bffa639d69108cead27a3f,2015-06-07 18:30:06,2016-01-02 18:43:16,18058390,4,tests/framework/i18n/FormatterDateTest.php,37,600,4.9,0,0,3,45,6
yii2,204,85242,9802bca74c61748c610ec605aa095feda2d82105,2015-11-25 23:18:22,2016-02-12 00:54:56,6744994,10,framework/db/ActiveQuery.php,40,23,0.2,0,0,3,1,1
yii2,204,85242,9802bca74c61748c610ec605aa095feda2d82105,2015-11-25 23:18:22,2016-02-12 00:54:56,6744994,10,framework/db/Query.php,118,80,0.8,0,0,1,2,0
yii2,204,85242,9802bca74c61748c610ec605aa095feda2d82105,2015-11-25 23:18:22,2016-02-12 00:54:56,6744994,10,framework/db/QueryBuilder.php,9,269,1.3,0,0,16,3,3
yii2,204,85242,9802bca74c61748c610ec605aa095feda2d82105,2015-11-25 23:18:22,2016-02-12 00:54:56,6744994,10,framework/db/sqlite/QueryBuilder.php,9,21,0.4,0,0,1,1,1
yii2,204,85242,9802bca74c61748c610ec605aa095feda2d82105,2015-11-25 23:18:22,2016-02-12 00:54:56,6744994,10,tests/framework/db/ActiveRecordTest.php,26,401,2.4,0,0,3,21,0
yii2,204,85242,9802bca74c61748c610ec605aa095feda2d82105,2015-11-25 23:18:22,2016-02-12 00:54:56,6744994,10,tests/framework/db/QueryBuilderTest.php,14,360,3.2,0,0,5,25,1
yii2,204,85242,9802bca74c61748c610ec605aa095feda2d82105,2015-11-25 23:18:22,2016-02-12 00:54:56,6744994,10,tests/framework/db/QueryTest.php,165,142,2.7,0,0,0,10,0
yii2,204,85229,30f003381d2a803812acadb52b369fd71a085ec8,2015-06-11 22:44:36,2015-06-11 22:56:38,722,3,framework/db/ActiveRecord.php,70,66,1.0,0,0,4,0,0
yii2,204,85229,30f003381d2a803812acadb52b369fd71a085ec8,2015-06-11 22:44:36,2015-06-11 22:56:38,722,3,framework/db/ActiveRecordInterface.php,32,60,7.4,0,0,1,0,0
yii2,204,85229,30f003381d2a803812acadb52b369fd71a085ec8,2015-06-11 22:44:36,2015-06-11 22:56:38,722,3,framework/db/BaseActiveRecord.php,74,236,1.1,0,0,15,1,2
yii2,204,85220,d0c6cb770082d6e6aba7b59da28383a2a2cfb230,2015-06-13 20:59:21,2015-06-14 17:30:46,73885,4,framework/db/ActiveQuery.php,10,23,0.2,0,0,3,1,1
yii2,204,85220,d0c6cb770082d6e6aba7b59da28383a2a2cfb230,2015-06-13 20:59:21,2015-06-14 17:30:46,73885,4,tests/data/ar/Customer.php,7,14,0.9,0,0,0,1,0
yii2,204,85220,d0c6cb770082d6e6aba7b59da28383a2a2cfb230,2015-06-13 20:59:21,2015-06-14 17:30:46,73885,4,tests/framework/db/ActiveRecordTest.php,84,401,2.4,0,0,3,21,0
yii2,204,85213,7dc984d35928128b3612fb6aa4ed19b03ee963fd,2015-06-13 15:24:59,2016-03-27 20:47:38,24902559,5,framework/widgets/ActiveField.php,4,235,2.7,0,0,2,10,0
yii2,204,85213,7dc984d35928128b3612fb6aa4ed19b03ee963fd,2015-06-13 15:24:59,2016-03-27 20:47:38,24902559,5,framework/widgets/ActiveForm.php,6,0,0.0,0,0,0,0,0
yii2,204,85213,7dc984d35928128b3612fb6aa4ed19b03ee963fd,2015-06-13 15:24:59,2016-03-27 20:47:38,24902559,5,tests/framework/widgets/ActiveFieldTest.php,9,39,0.5,0,0,1,3,1
yii2,204,85191,d3bd7af956da98b70c05bfe6e57569f74af941ce,2015-06-20 15:54:54,2015-07-26 00:22:13,3054439,1,framework/base/Model.php,6,77,0.7,0,0,5,0,1
yii2,204,85176,4c0bcaf12e69d2e98df516c232a3f142d68b2c27,2015-06-17 14:59:41,2015-09-04 23:15:25,6855344,2,framework/validators/Validator.php,14,23,0.6,0,0,1,2,0
yii2,204,85155,bda90b6ad328ec32b03afe1a536c533a701dba64,2015-06-19 12:09:29,2015-06-21 21:19:24,205795,1,tests/framework/widgets/ActiveFieldTest.php,22,39,0.5,0,0,1,3,1
yii2,204,85116,0858d0a834c683c4e7bc161b1148112cf917815c,2015-06-25 07:57:31,2015-06-25 22:15:27,51476,1,tests/framework/db/QueryBuilderTest.php,19,360,3.2,0,0,5,25,1
yii2,204,85111,b548c8f710e03a04f047d033f9b6c3b44124f9c7,2015-06-25 21:53:18,2015-06-25 21:54:58,100,2,framework/widgets/Menu.php,2,82,1.8,0,0,1,5,0
yii2,204,85084,8ced2ba96a6ddf9bd4db9198850371e7b546162e,2015-06-29 11:01:54,2015-07-28 07:32:07,2493013,3,framework/base/ErrorException.php,11,0,0.0,0,0,0,0,0
yii2,204,85084,8ced2ba96a6ddf9bd4db9198850371e7b546162e,2015-06-29 11:01:54,2015-07-28 07:32:07,2493013,3,framework/base/ErrorHandler.php,61,0,0.0,0,0,0,0,0
yii2,204,85030,728dc0c5840ef237db1013e0cc3dbf0dc4b5d03a,2015-07-03 12:56:46,2015-08-03 10:57:04,2671218,2,framework/helpers/BaseHtml.php,8,562,2.4,0,0,6,26,0
yii2,204,85020,9f91a02a86e60aff3506e7efcc03abc9853ef5a9,2015-07-06 13:29:27,2015-07-06 13:34:19,292,1,framework/web/Request.php,4,257,1.3,0,0,6,9,3
yii2,204,85019,972165ccec17027cdfaf1a4ac54677a3b5bf661a,2015-07-22 06:53:27,2015-07-31 00:19:57,753990,2,framework/db/ColumnSchema.php,3,38,2.3,0,0,3,0,0
yii2,204,84985,5d3532c6497d85e54ea05a4e87aae379ffceabb1,2015-07-08 18:22:03,2015-07-08 18:32:38,635,2,framework/web/ErrorHandler.php,5,19,0.2,0,0,0,3,1
yii2,204,84984,52e23e0317143c1e2fe541d980315c94a72f5923,2015-07-08 18:17:46,2016-04-22 14:40:26,24956560,2,framework/db/ActiveRelationTrait.php,8,48,0.5,0,0,4,0,0
yii2,204,84976,716057ed39f2ce3e28f84337ec09c70033d64d58,2015-07-09 10:37:18,2015-07-24 09:22:32,1291514,2,framework/views/errorHandler/exception.php,2,23,1.7,0,0,3,2,1
yii2,204,84972,bad507c459365f9c33ac7194d50cdb440c5072fd,2015-07-09 20:58:55,2015-07-17 05:42:19,636204,2,framework/db/mysql/QueryBuilder.php,13,0,0.0,0,0,0,0,0
yii2,204,84966,aaf931a5e8a76cc25ae404eae657801c47508fe6,2015-07-10 09:20:23,2015-07-10 09:34:29,846,2,framework/web/ViewAction.php,4,0,0.0,0,0,0,0,0
yii2,205,84950,854e1862102a04415a454268439bb7a38cf9e6a5,2015-07-13 12:46:57,2015-08-02 22:33:50,1763213,3,framework/web/UrlManager.php,9,55,0.8,0,0,3,0,0
yii2,205,84950,854e1862102a04415a454268439bb7a38cf9e6a5,2015-07-13 12:46:57,2015-08-02 22:33:50,1763213,3,tests/framework/web/UrlManagerTest.php,20,432,4.8,0,0,0,24,1
yii2,205,84939,398caaf7fd75dd42bc2c485e09553663601d7eaf,2015-07-14 11:32:28,2015-07-14 11:32:53,25,2,framework/caching/FileCache.php,14,16,0.5,0,0,2,0,1
yii2,205,84935,b562b506588efe5e9312a9e4a446f5a434508607,2015-07-14 20:26:09,2015-08-16 21:18:08,2854319,1,framework/i18n/Formatter.php,2,349,1.9,0,0,12,2,3
yii2,205,84911,c115c677e66fa3f902495c1dff47f4aff4b8064b,2015-07-17 10:51:51,2015-07-17 11:27:21,2130,1,framework/console/controllers/BaseMigrateController.php,2,108,1.0,0,0,14,5,2
yii2,205,84904,9ab57780ab3a5e6005979e8864a8e44c5c6bf823,2015-07-18 21:26:16,2015-07-19 15:37:15,65459,1,framework/console/controllers/BaseMigrateController.php,2,108,1.0,0,0,14,5,2
yii2,205,84895,1ea1cacc115d856da379a79b427296d8adf18827,2015-07-22 06:35:27,2015-07-22 06:37:06,99,1,framework/grid/GridView.php,8,31,0.4,0,0,3,4,0
yii2,205,84880,ab36e7904f054a4a350ce7f7323a379cf6dabbbc,2015-07-22 08:38:37,2015-07-23 10:48:02,94165,3,framework/base/Security.php,14,85,1.0,0,1,1,6,1
yii2,205,84880,ab36e7904f054a4a350ce7f7323a379cf6dabbbc,2015-07-22 08:38:37,2015-07-23 10:48:02,94165,3,tests/framework/base/SecurityTest.php,1,293,1.0,0,1,3,15,1
yii2,205,84842,2aba8df2efa99a15dd7d279de163f19795691d18,2015-07-27 15:50:42,2015-07-27 15:57:34,412,1,framework/helpers/BaseHtml.php,2,562,2.4,0,0,6,26,0
yii2,205,84810,4e7adc13ea3ef75c17dee5a63c1c5f04fe483650,2015-07-30 17:27:49,2015-09-19 15:42:35,4400086,2,framework/db/Query.php,16,80,0.8,0,0,1,2,0
yii2,205,84810,4e7adc13ea3ef75c17dee5a63c1c5f04fe483650,2015-07-30 17:27:49,2015-09-19 15:42:35,4400086,2,tests/framework/db/QueryBuilderTest.php,33,360,3.2,0,0,5,25,1
yii2,205,84808,310f9152e1cc8656845b149372dd69e361fe0604,2015-07-31 21:29:18,2015-07-31 21:30:37,79,3,framework/db/Command.php,2,74,0.7,0,0,1,1,0
yii2,205,84808,310f9152e1cc8656845b149372dd69e361fe0604,2015-07-31 21:29:18,2015-07-31 21:30:37,79,3,tests/framework/db/CommandTest.php,6,134,1.7,0,0,5,10,1
yii2,205,84798,7bea7b65fdf21ae3e58339cc04376123416fcf81,2015-08-02 19:45:23,2015-11-04 10:00:03,8086480,2,framework/helpers/BaseJson.php,50,0,0.0,0,0,0,0,0
yii2,205,84798,7bea7b65fdf21ae3e58339cc04376123416fcf81,2015-08-02 19:45:23,2015-11-04 10:00:03,8086480,2,tests/framework/helpers/JsonTest.php,26,12,0.5,0,0,0,1,0
yii2,205,84794,4d21c48bc42a3ada4ec40e645de9f58a42f598f7,2015-08-25 08:10:45,2015-09-04 22:39:43,916138,2,framework/helpers/BaseFileHelper.php,3,203,1.8,0,0,29,6,0
yii2,205,84785,4c0bcaf12e69d2e98df516c232a3f142d68b2c27,2015-08-04 09:52:31,2015-09-04 23:15:25,2726574,2,framework/validators/Validator.php,14,23,0.6,0,0,1,2,0
yii2,205,84772,5569eaae061a8adbb222489c532c320baa673e87,2015-08-20 19:28:49,2015-09-04 22:31:26,1306957,4,framework/rbac/DbManager.php,37,279,1.6,0,0,4,11,0
yii2,205,84772,5569eaae061a8adbb222489c532c320baa673e87,2015-08-20 19:28:49,2015-09-04 22:31:26,1306957,4,framework/rbac/PhpManager.php,35,145,1.0,0,0,4,4,4
yii2,205,84772,5569eaae061a8adbb222489c532c320baa673e87,2015-08-20 19:28:49,2015-09-04 22:31:26,1306957,4,tests/framework/rbac/ManagerTestCase.php,24,170,2.5,0,0,0,15,1
yii2,205,84763,3a207b75597d4b9e66c11603393546e4c6c6d399,2015-08-05 15:24:37,2015-09-04 22:58:18,2619221,2,framework/console/controllers/MessageController.php,2,133,1.2,0,0,7,8,0
yii2,205,84761,9802bca74c61748c610ec605aa095feda2d82105,2015-11-25 23:19:54,2016-02-12 00:54:56,6744902,10,framework/db/ActiveQuery.php,40,23,0.2,0,0,3,1,1
yii2,205,84761,9802bca74c61748c610ec605aa095feda2d82105,2015-11-25 23:19:54,2016-02-12 00:54:56,6744902,10,framework/db/Query.php,118,80,0.8,0,0,1,2,0
yii2,205,84761,9802bca74c61748c610ec605aa095feda2d82105,2015-11-25 23:19:54,2016-02-12 00:54:56,6744902,10,framework/db/QueryBuilder.php,9,269,1.3,0,0,16,3,3
yii2,205,84761,9802bca74c61748c610ec605aa095feda2d82105,2015-11-25 23:19:54,2016-02-12 00:54:56,6744902,10,framework/db/sqlite/QueryBuilder.php,9,21,0.4,0,0,1,1,1
yii2,205,84761,9802bca74c61748c610ec605aa095feda2d82105,2015-11-25 23:19:54,2016-02-12 00:54:56,6744902,10,tests/framework/db/ActiveRecordTest.php,26,401,2.4,0,0,3,21,0
yii2,205,84761,9802bca74c61748c610ec605aa095feda2d82105,2015-11-25 23:19:54,2016-02-12 00:54:56,6744902,10,tests/framework/db/QueryBuilderTest.php,14,360,3.2,0,0,5,25,1
yii2,205,84761,9802bca74c61748c610ec605aa095feda2d82105,2015-11-25 23:19:54,2016-02-12 00:54:56,6744902,10,tests/framework/db/QueryTest.php,165,142,2.7,0,0,0,10,0
yii2,206,84755,01a6235059027c6ab692b86523118498f77055d7,2015-12-20 14:26:14,2015-12-20 14:26:23,9,4,framework/web/AssetManager.php,3,57,0.8,0,0,3,4,0
yii2,206,84755,01a6235059027c6ab692b86523118498f77055d7,2015-12-20 14:26:14,2015-12-20 14:26:23,9,4,tests/framework/web/AssetBundleTest.php,134,139,2.1,0,0,1,10,0
yii2,206,84751,e94810551c4ce2c7c5d59dbdcbd46a653ad601bb,2015-08-06 12:05:31,2015-11-11 17:42:39,8401028,2,framework/db/ColumnSchemaBuilder.php,14,0,0.0,0,0,0,0,0
yii2,206,84718,14fe0c3f80e784be641d7cbdd18979a4509d38bf,2015-08-11 12:57:16,2015-08-12 07:32:57,66941,1,framework/widgets/BaseListView.php,2,82,1.9,0,0,2,5,0
yii2,206,84694,43918f2ef655429f27db1fba84375fccb87a6815,2015-08-13 22:51:26,2015-08-13 22:54:24,178,2,framework/widgets/DetailView.php,4,57,1.8,0,0,2,4,0
yii2,206,84693,603092db2850154d02599f452c8dc52d5d2ba4d2,2015-08-13 23:13:11,2015-12-17 05:14:38,10821687,2,framework/web/Response.php,4,161,1.1,0,0,13,5,3
yii2,206,84691,34d5b45b35c73e05b590a6343f01b51e77c426e6,2015-08-14 08:37:04,2015-08-14 10:28:33,6689,2,framework/db/oci/Schema.php,6,76,0.8,0,0,1,8,0
yii2,206,84688,211d9f9f10a45986ac5e2bcaa0b2747b7799b9d0,2015-08-14 17:23:36,2015-08-20 22:10:01,535585,2,tests/framework/db/ActiveRecordTest.php,16,453,2.3,0,0,3,25,0
yii2,206,84683,806eb57990da6aef8f99b023237004f2ea079165,2016-04-16 10:34:26,2016-04-16 10:34:34,8,3,framework/db/ActiveQuery.php,13,23,0.2,0,0,3,1,1
yii2,206,84683,806eb57990da6aef8f99b023237004f2ea079165,2016-04-16 10:34:26,2016-04-16 10:34:34,8,3,framework/db/Query.php,10,80,0.8,0,0,1,2,0
yii2,206,84679,620ec4d13281bcb8c5fbfb0a38d994f0e1f279b6,2015-08-16 12:10:54,2015-08-16 12:15:19,265,2,framework/db/Transaction.php,7,8,0.3,0,0,0,1,0
yii2,206,84668,0f2a77ed368534abb3f7bdfb120838a60708c2a0,2015-08-17 13:35:05,2015-08-18 08:53:13,69488,3,framework/db/sqlite/QueryBuilder.php,12,21,0.4,0,0,1,1,1
yii2,206,84668,0f2a77ed368534abb3f7bdfb120838a60708c2a0,2015-08-17 13:35:05,2015-08-18 08:53:13,69488,3,tests/framework/db/sqlite/SqliteQueryBuilderTest.php,6,114,4.3,0,0,0,10,0
yii2,206,84667,5cecb09c1b17b3ddd26754751439bc0711dbc1f0,2015-08-17 14:36:34,2015-12-26 12:20:39,11310245,11,framework/db/ColumnSchemaBuilder.php,25,0,0.0,0,0,0,0,0
yii2,206,84667,5cecb09c1b17b3ddd26754751439bc0711dbc1f0,2015-08-17 14:36:34,2015-12-26 12:20:39,11310245,11,framework/db/mssql/Schema.php,8,14,0.2,0,0,1,1,2
yii2,206,84667,5cecb09c1b17b3ddd26754751439bc0711dbc1f0,2015-08-17 14:36:34,2015-12-26 12:20:39,11310245,11,framework/db/oci/ColumnSchemaBuilder.php,1,0,0.0,0,0,0,0,0
yii2,206,84667,5cecb09c1b17b3ddd26754751439bc0711dbc1f0,2015-08-17 14:36:34,2015-12-26 12:20:39,11310245,11,framework/db/pgsql/Schema.php,8,34,0.3,0,0,5,2,2
yii2,206,84656,ab0b50c30de583fcb5aba26267e9a7cd0f21aa09,2015-09-28 14:38:22,2015-09-28 14:40:55,153,1,framework/db/Connection.php,8,92,0.9,0,0,2,3,6
yii2,206,84647,9afd240ab6e4f6b51d274e413b7879cae452c590,2015-10-29 11:04:04,2015-11-20 19:51:00,1932416,9,framework/console/controllers/BaseMigrateController.php,98,108,1.0,0,0,14,5,2
yii2,206,84647,9afd240ab6e4f6b51d274e413b7879cae452c590,2015-10-29 11:04:04,2015-11-20 19:51:00,1932416,9,framework/console/controllers/MigrateController.php,10,31,1.3,0,0,2,2,1
yii2,206,84647,9afd240ab6e4f6b51d274e413b7879cae452c590,2015-10-29 11:04:04,2015-11-20 19:51:00,1932416,9,tests/framework/console/controllers/MigrateControllerTestTrait.php,371,55,1.1,0,0,1,3,0
yii2,206,84639,b7020065c8bdea22878589a57ba4513ff53ea15e,2015-09-27 16:36:01,2015-09-27 16:36:06,5,10,framework/console/Controller.php,19,24,0.3,0,0,0,2,0
yii2,206,84639,b7020065c8bdea22878589a57ba4513ff53ea15e,2015-09-27 16:36:01,2015-09-27 16:36:06,5,10,framework/web/Controller.php,9,0,0.0,0,0,0,0,0
yii2,206,84569,17e2255472a2b1a30fb1ce42a8937793214bbc46,2015-09-01 16:02:47,2015-10-19 08:31:27,4120120,3,framework/widgets/Pjax.php,8,0,0.0,0,0,0,0,0
yii2,206,84562,31ee08ed15e837b534c7d0f3a91b43c5b18ebfad,2015-09-02 13:56:06,2015-12-13 22:41:52,8844346,6,framework/rbac/DbManager.php,17,299,1.7,0,0,5,11,0
yii2,206,84562,31ee08ed15e837b534c7d0f3a91b43c5b18ebfad,2015-09-02 13:56:06,2015-12-13 22:41:52,8844346,6,framework/rbac/ManagerInterface.php,7,60,5.9,0,0,1,0,0
yii2,206,84562,31ee08ed15e837b534c7d0f3a91b43c5b18ebfad,2015-09-02 13:56:06,2015-12-13 22:41:52,8844346,6,framework/rbac/PhpManager.php,16,145,1.0,0,0,4,4,4
yii2,206,84562,31ee08ed15e837b534c7d0f3a91b43c5b18ebfad,2015-09-02 13:56:06,2015-12-13 22:41:52,8844346,6,tests/framework/rbac/ManagerTestCase.php,14,170,2.5,0,0,0,15,1
yii2,206,84542,60f6ecf063b06e60a49d2bb9e4660c6b15da3eb4,2016-04-16 10:24:32,2016-04-22 15:15:17,535845,4,framework/db/BaseActiveRecord.php,22,236,1.1,0,0,15,1,2
yii2,206,84542,60f6ecf063b06e60a49d2bb9e4660c6b15da3eb4,2016-04-16 10:24:32,2016-04-22 15:15:17,535845,4,tests/framework/ar/ActiveRecordTestTrait.php,21,492,2.1,0,0,2,21,2
yii2,206,84541,ab06e9c8dccf17ecd53702e68b844ed5490a3307,2015-09-07 23:25:06,2015-09-07 23:25:16,10,1,tests/TestCase.php,3,10,0.6,0,2,0,0,0
yii2,206,84515,ad69fb9c7e0b49050ca6b03bc2a33dce997f28cc,2015-09-08 08:06:01,2015-09-10 12:22:28,188187,2,framework/grid/ActionColumn.php,4,39,1.7,0,0,3,3,0
yii2,206,84479,97f2fca72ff24a1a6cc12786eb063c17041e2009,2015-09-13 21:38:09,2015-09-13 21:43:03,294,2,framework/i18n/MessageFormatter.php,8,213,2.7,0,0,22,1,0
yii2,206,84477,59208e5fc60c296b5393dccec147caa57e263c88,2015-09-14 09:12:33,2015-09-27 13:04:08,1137095,2,framework/helpers/BaseJson.php,2,0,0.0,0,0,0,0,0
yii2,206,84471,c3bfa5c77ec271d92ffb056583313ad058e6fd29,2015-11-15 12:36:34,2015-11-15 12:39:59,205,2,framework/helpers/BaseHtml.php,6,608,2.4,0,0,13,26,0
yii2,206,84458,760a1642380b5231b8f32fa8f0a64dcf307ac58a,2015-09-17 11:53:20,2015-09-24 23:06:28,645188,2,framework/widgets/LinkPager.php,6,0,0.0,0,0,0,0,0
yii2,206,84450,4e7adc13ea3ef75c17dee5a63c1c5f04fe483650,2015-09-18 06:03:41,2015-09-19 15:42:35,121134,2,framework/db/Query.php,16,80,0.8,0,0,1,2,0
yii2,206,84450,4e7adc13ea3ef75c17dee5a63c1c5f04fe483650,2015-09-18 06:03:41,2015-09-19 15:42:35,121134,2,tests/framework/db/QueryBuilderTest.php,33,421,3.5,0,0,6,30,1
yii2,206,84433,00f432ab65d400cdf5c19301d1fe61d72951e08e,2015-09-22 02:05:13,2015-09-23 12:48:13,124980,1,tests/framework/helpers/UrlTest.php,9,181,4.1,0,0,3,15,0
yii2,206,84428,dd818e17dfa047b529fe6fbd88a2c52ab747ead5,2015-09-23 12:01:12,2015-09-23 12:06:55,343,2,framework/web/Request.php,2,257,1.3,0,0,6,9,3
yii2,206,84425,229a39dec1a3dcc34a9af5c20cea9c89a9e24629,2015-09-23 21:48:51,2015-09-24 19:53:16,79465,1,framework/db/BaseActiveRecord.php,3,236,1.1,0,0,15,1,2
yii2,206,84422,d9f8933737cf851744b0ea70dee158621c0fef3d,2015-09-26 13:14:39,2015-12-18 01:43:21,7129722,4,framework/web/JsonResponseFormatter.php,38,0,0.0,0,0,0,0,0
yii2,206,84422,d9f8933737cf851744b0ea70dee158621c0fef3d,2015-09-26 13:14:39,2015-12-18 01:43:21,7129722,4,framework/web/Response.php,1,161,1.1,0,0,13,5,3
yii2,206,84422,d9f8933737cf851744b0ea70dee158621c0fef3d,2015-09-26 13:14:39,2015-12-18 01:43:21,7129722,4,tests/framework/web/JsonResponseFormatterTest.php,27,0,0.0,0,0,0,0,0
yii2,206,84407,2505e7ef63b7d802833457c896ee2418f83d8763,2015-09-29 19:23:34,2016-02-07 11:56:05,11291551,3,framework/di/Container.php,48,54,1.1,0,0,2,1,0
yii2,206,84407,2505e7ef63b7d802833457c896ee2418f83d8763,2015-09-29 19:23:34,2016-02-07 11:56:05,11291551,3,tests/framework/di/ContainerTest.php,69,5,0.2,0,0,1,0,0
yii2,206,84402,cddb036cf95e9ee0955d5154de25a76196dfd407,2015-09-29 11:26:40,2015-11-11 18:06:30,3739190,2,framework/db/sqlite/QueryBuilder.php,52,21,0.4,0,0,1,1,1
yii2,206,84401,f007fc1e60398ff7fbbfdc9988bc288c98311258,2015-09-29 13:34:46,2015-09-29 13:37:23,157,2,framework/helpers/BaseFileHelper.php,3,203,1.8,0,0,29,6,0
yii2,206,84392,57dc8540fd0842a76196b92e6c86e1b3441d9c46,2015-09-30 11:29:07,2015-10-28 11:09:18,2418011,4,framework/web/AssetBundle.php,10,0,0.0,0,0,0,0,0
yii2,206,84392,57dc8540fd0842a76196b92e6c86e1b3441d9c46,2015-09-30 11:29:07,2015-10-28 11:09:18,2418011,4,framework/web/AssetManager.php,15,57,0.8,0,0,3,4,0
yii2,206,84392,57dc8540fd0842a76196b92e6c86e1b3441d9c46,2015-09-30 11:29:07,2015-10-28 11:09:18,2418011,4,tests/framework/web/AssetBundleTest.php,28,139,2.1,0,0,1,10,0
yii2,206,84376,3accf52ddb7491ad0e8da732150eeb0e1661d054,2015-10-03 14:45:38,2015-10-04 10:34:09,71311,3,framework/console/Controller.php,14,24,0.3,0,0,0,2,0
yii2,206,84358,0712bad090404336c430a7eb776cb081b6cfbba7,2015-10-07 14:57:33,2015-10-09 19:14:18,188205,2,framework/web/User.php,6,78,0.9,0,0,5,1,0
yii2,206,84353,af5f5d0e3eda271c2e16c573d3eef43febbfe373,2015-12-22 10:56:56,2016-02-15 20:32:58,4786562,4,framework/db/Connection.php,7,92,0.9,0,0,2,3,6
yii2,206,84353,af5f5d0e3eda271c2e16c573d3eef43febbfe373,2015-12-22 10:56:56,2016-02-15 20:32:58,4786562,4,framework/db/Transaction.php,9,8,0.3,0,0,0,1,0
yii2,206,84353,af5f5d0e3eda271c2e16c573d3eef43febbfe373,2015-12-22 10:56:56,2016-02-15 20:32:58,4786562,4,tests/framework/db/ConnectionTest.php,17,76,2.0,0,0,1,6,0
yii2,206,84330,fb2fa8634d7ea400ea5c2673d708884e05ca07f4,2015-10-10 14:38:43,2015-10-10 15:17:49,2346,1,framework/captcha/CaptchaAction.php,4,12,0.2,0,0,2,0,0
yii2,206,84329,1f41a2c9af106e70076b72991139d29f07a60a37,2015-10-10 15:30:29,2015-12-19 10:14:05,6029016,4,framework/base/Security.php,230,85,1.0,0,1,1,6,1
yii2,206,84329,1f41a2c9af106e70076b72991139d29f07a60a37,2015-10-10 15:30:29,2015-12-19 10:14:05,6029016,4,tests/framework/base/SecurityTest.php,42,294,1.0,0,1,3,15,2
yii2,206,84325,decd45201c47767d36b0eb040032c42bcea3909a,2015-10-11 02:40:26,2015-10-11 07:59:23,19137,3,framework/db/Query.php,16,80,0.8,0,0,1,2,0
yii2,206,84325,decd45201c47767d36b0eb040032c42bcea3909a,2015-10-11 02:40:26,2015-10-11 07:59:23,19137,3,tests/framework/db/QueryBuilderTest.php,21,421,3.5,0,0,6,30,1
yii2,206,84307,a46ae82f6ad42a4c4af84973157858dd4e2ebcb7,2015-10-13 15:17:07,2015-10-13 21:55:06,23879,1,tests/framework/helpers/FormatConverterTest.php,4,72,4.1,0,0,0,7,0
yii2,206,84302,7b6d39b3e76d7e1ddd36a382eef8e943fb3b8e5c,2015-10-13 21:04:37,2015-10-13 21:16:14,697,3,framework/helpers/BaseStringHelper.php,4,27,0.6,0,0,3,0,3
yii2,206,84302,7b6d39b3e76d7e1ddd36a382eef8e943fb3b8e5c,2015-10-13 21:04:37,2015-10-13 21:16:14,697,3,tests/framework/helpers/StringHelperTest.php,1,110,2.1,0,0,0,7,0
yii2,206,84268,53e1018648af6b79d429687ce685c5d7eb6fd054,2015-10-17 16:57:01,2016-05-03 12:01:55,17175894,3,framework/grid/DataColumn.php,2,40,1.5,0,0,2,0,0
yii2,206,84240,d22a689fac5ddd70d69ed5f06f726a9b99c3e469,2015-10-21 14:10:53,2015-10-21 14:10:55,2,2,framework/captcha/CaptchaAction.php,4,12,0.2,0,0,2,0,0
yii2,206,84205,00e328753aae2eb0bf79dc14d1b062e19d073084,2015-10-30 20:03:10,2015-10-30 20:03:42,32,2,framework/widgets/MaskedInput.php,2,10,0.5,0,0,5,0,0
yii2,206,84160,95f251edd181673fef745526543481e1ce03440c,2015-11-04 09:08:31,2015-11-04 09:08:48,17,2,framework/db/Command.php,2,74,0.7,0,0,1,1,0
yii2,206,84158,d08ef83e2ad2d9b9813ec558d1adabfe7a90fc28,2015-11-20 12:35:35,2015-11-21 17:28:53,103998,3,framework/base/Controller.php,23,4,0.1,0,0,2,0,0
yii2,206,84158,d08ef83e2ad2d9b9813ec558d1adabfe7a90fc28,2015-11-20 12:35:35,2015-11-21 17:28:53,103998,3,framework/base/Module.php,7,128,1.7,0,0,6,2,0
yii2,206,84145,be407391ce0d9d02d5579ad08d60ea609b5efeac,2015-11-05 14:01:57,2015-11-06 16:55:10,96793,3,framework/rbac/PhpManager.php,1,145,1.0,0,0,4,4,4
yii2,206,84145,be407391ce0d9d02d5579ad08d60ea609b5efeac,2015-11-05 14:01:57,2015-11-06 16:55:10,96793,3,tests/framework/rbac/PhpManagerTest.php,3,8,0.3,0,0,0,1,0
yii2,206,84129,e2c8c08875d7c29c525801ae9a2d1f32c38a32c7,2015-11-07 14:32:42,2015-11-07 16:00:06,5244,2,framework/behaviors/SluggableBehavior.php,15,10,0.4,0,0,1,0,0
yii2,206,84094,5129dbf5e9ae1f2a5d9f3531152d718c7aee6352,2015-11-15 00:54:08,2015-11-19 12:45:19,388271,4,framework/console/controllers/AssetController.php,6,137,0.9,0,0,7,5,1
yii2,206,84094,5129dbf5e9ae1f2a5d9f3531152d718c7aee6352,2015-11-15 00:54:08,2015-11-19 12:45:19,388271,4,framework/web/AssetBundle.php,37,0,0.0,0,0,0,0,0
yii2,206,84094,5129dbf5e9ae1f2a5d9f3531152d718c7aee6352,2015-11-15 00:54:08,2015-11-19 12:45:19,388271,4,tests/framework/web/AssetBundleTest.php,33,139,2.1,0,0,1,10,0
yii2,206,84087,bb0ef88860b3b50575feff778d49b9a018db40ac,2015-11-17 14:14:27,2016-04-26 19:59:26,13931099,3,framework/validators/DateValidator.php,38,20,0.4,0,0,1,0,0
yii2,206,84087,bb0ef88860b3b50575feff778d49b9a018db40ac,2015-11-17 14:14:27,2016-04-26 19:59:26,13931099,3,tests/framework/validators/DateValidatorTest.php,29,706,5.5,0,0,1,24,4
yii2,206,84054,52e23e0317143c1e2fe541d980315c94a72f5923,2015-11-21 15:15:52,2016-04-22 14:40:26,13217074,2,framework/db/ActiveRelationTrait.php,8,48,0.5,0,0,4,0,0
yii2,206,83988,8a583043d9664d4b4724aadfae20abe01186dc1a,2015-11-28 12:16:20,2015-11-28 13:30:01,4421,1,framework/messages/da/yii.php,2,0,0.0,0,0,0,0,0
yii2,206,83976,c96cbfa8e69156c808a150d0d0f4e906f61654e4,2015-11-30 14:10:16,2015-12-02 14:33:03,174167,1,framework/console/Controller.php,4,24,0.3,0,0,0,2,0
yii2,206,83908,18fc8db32feab872999de8960a07d6f1a49ab3bc,2015-12-22 10:06:44,2015-12-22 10:11:25,281,3,framework/console/Controller.php,5,24,0.3,0,0,0,2,0
yii2,206,83896,090a9875d906a27bc1399dd57ded473809c55ede,2015-12-15 10:41:44,2015-12-15 10:46:45,301,2,framework/captcha/CaptchaValidator.php,2,0,0.0,0,0,0,0,0
yii2,206,83891,523131ed61f9ba9786f1c9231440b500aaa28539,2015-12-14 15:47:53,2015-12-21 15:49:47,604914,1,framework/helpers/BaseHtml.php,2,608,2.4,0,0,13,26,0
yii2,206,83839,7b46bd1f7c1b073ebbc4f166e47bd0ec2acab788,2015-12-21 17:58:16,2016-02-15 20:23:11,4847095,3,framework/web/Request.php,48,257,1.3,0,0,6,9,3
yii2,206,83839,7b46bd1f7c1b073ebbc4f166e47bd0ec2acab788,2015-12-21 17:58:16,2016-02-15 20:23:11,4847095,3,tests/framework/web/RequestTest.php,55,60,1.8,0,0,0,5,0
yii2,206,83764,61df727eafd0c0e42f8aec313fdd3c23544bbab3,2016-01-08 16:54:29,2016-01-23 08:28:59,1265670,4,framework/db/QueryTrait.php,14,50,1.1,0,0,5,0,0
yii2,206,83764,61df727eafd0c0e42f8aec313fdd3c23544bbab3,2016-01-08 16:54:29,2016-01-23 08:28:59,1265670,4,tests/framework/db/QueryBuilderTest.php,14,421,3.5,0,0,6,30,1
yii2,206,83764,61df727eafd0c0e42f8aec313fdd3c23544bbab3,2016-01-08 16:54:29,2016-01-23 08:28:59,1265670,4,tests/framework/db/QueryTest.php,9,142,2.7,0,0,0,10,0
yii2,206,83755,ddf7f9e06b3f548bcaf7e305d24f7743feec29e5,2016-01-10 23:26:46,2016-02-05 11:32:49,2203563,6,framework/web/XmlResponseFormatter.php,4,0,0.0,0,0,0,0,0
yii2,206,83755,ddf7f9e06b3f548bcaf7e305d24f7743feec29e5,2016-01-10 23:26:46,2016-02-05 11:32:49,2203563,6,tests/framework/web/FormatterTest.php,14,0,0.0,0,0,0,0,0
yii2,206,83755,ddf7f9e06b3f548bcaf7e305d24f7743feec29e5,2016-01-10 23:26:46,2016-02-05 11:32:49,2203563,6,tests/framework/web/JsonResponseFormatterTest.php,8,0,0.0,0,0,0,0,0
yii2,206,83755,ddf7f9e06b3f548bcaf7e305d24f7743feec29e5,2016-01-10 23:26:46,2016-02-05 11:32:49,2203563,6,tests/framework/web/XmlResponseFormatterTest.php,11,0,0.0,0,0,0,0,0
yii2,206,83731,e58c1c1b428c27001f9c3bfdc1727d7932ee86c6,2016-01-15 16:36:53,2016-01-16 13:41:55,75902,2,framework/helpers/BaseArrayHelper.php,6,97,1.3,0,0,7,0,0
yii2,206,83731,e58c1c1b428c27001f9c3bfdc1727d7932ee86c6,2016-01-15 16:36:53,2016-01-16 13:41:55,75902,2,tests/framework/helpers/ArrayHelperTest.php,9,118,0.9,0,0,0,12,0
yii2,206,83726,eda1e7b0277098ebca01997d2e72c8f502acb982,2016-01-15 06:51:04,2016-01-15 11:35:48,17084,2,framework/grid/GridView.php,2,31,0.4,0,0,3,4,0
yii2,206,83695,77996374a4faf7b624c9c94e6b42c3879eebf828,2016-01-19 12:12:17,2016-04-11 23:32:34,7212017,2,framework/web/JsonParser.php,2,0,0.0,0,0,0,0,0
yii2,206,83682,b5b55ad3024bfcc47b3a6d4a770d8e2fdff7cbe7,2016-04-16 10:28:21,2016-04-22 14:07:54,531573,2,framework/grid/Column.php,12,0,0.0,0,0,0,0,0
yii2,206,83682,b5b55ad3024bfcc47b3a6d4a770d8e2fdff7cbe7,2016-04-16 10:28:21,2016-04-22 14:07:54,531573,2,framework/grid/DataColumn.php,22,40,1.5,0,0,2,0,0
yii2,206,83668,c3240525dfcc9de543886287aefdd4be9f7a39af,2016-01-24 04:31:47,2016-01-27 15:27:21,298534,1,framework/db/Expression.php,7,0,0.0,0,0,0,0,0
yii2,206,83656,7f657047dafb54ea74a7e6d57fa2cad5e5cd8e67,2016-01-25 18:12:12,2016-01-25 18:15:29,197,1,framework/validators/FileValidator.php,6,135,1.9,0,0,5,5,0
yii2,206,83628,f9473ebc610a60bca9c78fe7812250fc69f73a82,2016-01-28 20:17:28,2016-02-07 19:07:39,859811,2,framework/db/pgsql/Schema.php,6,34,0.3,0,0,5,2,2
yii2,206,83612,4f4fa6fdf0a45921ef48ffcd2941352c33a8dd28,2016-04-16 10:20:13,2016-04-22 22:58:58,563925,3,framework/helpers/BaseFileHelper.php,3,203,1.8,0,0,29,6,0
yii2,206,83612,4f4fa6fdf0a45921ef48ffcd2941352c33a8dd28,2016-04-16 10:20:13,2016-04-22 22:58:58,563925,3,tests/framework/helpers/FileHelperTest.php,51,335,2.5,0,0,3,18,2
yii2,206,83545,151610f6119562fb4be04fce33daedbeeae23691,2016-03-20 14:54:35,2016-03-20 15:00:23,348,3,framework/grid/CheckboxColumn.php,7,0,0.0,0,0,0,0,0
yii2,206,83514,c478199937e0c8267477da0acd60a0fb9067a13d,2016-02-12 01:34:45,2016-02-25 08:57:04,1149739,3,framework/web/DbSession.php,10,0,0.0,0,0,0,0,0
yii2,206,83514,c478199937e0c8267477da0acd60a0fb9067a13d,2016-02-12 01:34:45,2016-02-25 08:57:04,1149739,3,tests/framework/web/DbSessionTest.php,18,43,2.4,0,0,1,4,0
yii2,207,83471,645e78e8329aca242ada5ff3d7224bc61fecfb75,2016-02-20 00:11:19,2016-02-25 18:40:42,498563,5,framework/i18n/MessageFormatter.php,3,222,2.8,0,0,23,1,0
yii2,207,83450,5f1a5fbcf795ec5020e716142895d8ebd37caf2b,2016-02-19 10:21:41,2016-04-22 15:04:06,5460145,3,framework/BaseYii.php,2,90,1.4,0,0,13,2,0
yii2,207,83448,6987fb5d54eb91e2c909df6bf0b508c7cc9fcaf5,2016-02-19 11:18:26,2016-03-06 09:34:18,1376152,2,framework/captcha/Captcha.php,2,2,0.1,0,0,0,1,0
yii2,207,83440,360eb03d5c95bfd34bc7566e489ca3414ca0f709,2016-02-20 12:33:07,2016-02-25 14:35:54,439367,1,framework/views/errorHandler/exception.php,1,23,1.7,0,0,3,2,1
yii2,207,83425,c4e782725c11d7e9744baf99ad641c0e8748b8a3,2016-03-08 21:40:08,2016-03-08 22:02:24,1336,3,framework/web/UrlManager.php,7,68,1.0,0,0,4,0,0
yii2,207,83415,2201bf14e239477b52cfb1f331e0c7b92d98e2cb,2016-02-23 21:13:14,2016-02-24 06:31:59,33525,2,framework/db/mysql/Schema.php,4,28,0.4,0,0,2,2,0
yii2,207,83396,39b2d04c9c3453bc2386f7f8ba2779c8c0fa49b9,2016-02-26 06:35:22,2016-02-26 16:00:55,33933,3,framework/console/Controller.php,2,84,1.0,0,0,1,2,0
yii2,207,83387,955770acefcc90cd7563e91aedbbc71aee93a758,2016-02-28 02:56:44,2016-02-28 03:46:38,2994,2,framework/rbac/DbManager.php,11,301,1.7,0,0,5,11,0
yii2,207,83377,049ea37f778fae576d10835c48b476364a457436,2016-03-01 10:20:37,2016-03-15 22:56:26,1254949,3,framework/rbac/DbManager.php,2,301,1.7,0,0,5,11,0
yii2,207,83377,049ea37f778fae576d10835c48b476364a457436,2016-03-01 10:20:37,2016-03-15 22:56:26,1254949,3,framework/rbac/PhpManager.php,8,145,0.9,0,0,4,4,4
yii2,207,83370,b49488b1f7781832d05e5a4d834ea92ed7cbb8ac,2016-04-09 12:39:01,2016-04-09 12:39:05,4,3,framework/behaviors/AttributeBehavior.php,20,0,0.0,0,0,0,0,0
yii2,207,83361,32265020d5f1d030624e4a06c5ab0e393ae1f4a2,2016-03-03 17:16:45,2016-03-06 02:40:31,206626,2,framework/web/UploadedFile.php,2,23,0.8,0,0,10,0,0
yii2,207,83350,cfbe50e96d0a6dcbad23afff015aa5b5bdde1072,2016-03-04 21:12:38,2016-03-29 21:27:17,2160879,3,framework/helpers/BaseStringHelper.php,2,27,0.6,0,0,3,0,3
yii2,207,83341,c7f365910d2f48fcb9ff50da5c7707bedf0df767,2016-03-07 13:45:22,2016-03-08 13:12:57,84455,3,framework/i18n/Formatter.php,4,359,1.9,0,0,12,2,3
yii2,207,83339,4353825180cbc0f2b4faae5922cdb23ab8ff678a,2016-03-07 13:37:51,2016-03-08 12:21:36,81825,3,framework/helpers/BaseFileHelper.php,5,213,1.8,0,0,30,6,0
yii2,207,83328,b6d26a12e9d50e3d30e8778e30257e0f01add7a7,2016-03-08 21:13:04,2016-03-15 21:23:30,605426,2,framework/helpers/BaseHtmlPurifier.php,2,5,0.8,0,0,1,0,0
yii2,207,83302,60be6389bfef5b6cf1034579664673d92fe2be65,2016-03-10 18:26:56,2016-03-10 18:31:47,291,1,framework/console/Application.php,8,25,0.9,0,0,4,1,0
yii2,207,83297,640532d0c0f50be0577a74259b2b583d03b137e6,2016-04-22 10:58:17,2016-04-22 11:15:01,1004,12,framework/db/Schema.php,6,140,1.5,0,0,2,5,0
yii2,207,83262,ff55874457e67c725318632d2fb6d1e237dcafc8,2016-04-06 08:21:50,2016-04-11 23:03:40,484910,2,framework/widgets/FragmentCache.php,3,20,0.8,0,0,2,0,0
yii2,207,83257,1dfab19b77d2ea719ccd0c59a0bf68f52adcd996,2016-03-18 14:47:57,2016-03-25 20:39:52,625915,3,framework/filters/HttpCache.php,11,20,0.9,0,0,1,0,0
yii2,207,83255,a0e614eb20a045864fce5187ab513cd2066ebf6d,2016-03-20 14:35:18,2016-03-20 14:35:19,1,4,framework/validators/EachValidator.php,7,3,0.1,0,0,0,0,3
yii2,207,83255,a0e614eb20a045864fce5187ab513cd2066ebf6d,2016-03-20 14:35:18,2016-03-20 14:35:19,1,4,framework/validators/Validator.php,6,23,0.6,0,0,1,2,0
yii2,207,83244,67b5f4ea19babffbf4917782b7da9d66468d0140,2016-03-20 20:34:46,2016-03-22 21:33:53,176347,3,framework/base/Model.php,2,137,1.2,0,0,6,0,1
yii2,207,83244,67b5f4ea19babffbf4917782b7da9d66468d0140,2016-03-20 20:34:46,2016-03-22 21:33:53,176347,3,framework/validators/Validator.php,17,23,0.6,0,0,1,2,0
yii2,207,83211,66eabda770c60e389d5a0a61de907d2162173106,2016-05-13 12:56:55,2016-05-13 12:58:32,97,5,framework/db/ColumnSchemaBuilder.php,32,10,0.3,0,0,1,0,0
yii2,207,83211,66eabda770c60e389d5a0a61de907d2162173106,2016-05-13 12:56:55,2016-05-13 12:58:32,97,5,framework/db/oci/ColumnSchemaBuilder.php,6,0,0.0,0,0,0,0,0
yii2,207,83194,79a4241fff24d024d00639be083f7d3cbd0c42b6,2016-03-28 13:14:59,2016-03-28 14:00:34,2735,1,framework/web/Controller.php,2,0,0.0,0,0,0,0,0
yii2,207,83191,f312163258a45b839273936b43658c206ff67885,2016-03-29 13:20:18,2016-04-05 22:06:47,636389,4,framework/validators/NumberValidator.php,2,28,1.0,0,0,1,1,0
yii2,207,83191,f312163258a45b839273936b43658c206ff67885,2016-03-29 13:20:18,2016-04-05 22:06:47,636389,4,framework/validators/Validator.php,8,23,0.6,0,0,1,2,0
yii2,207,83145,b72524d490bc497d00bc95eac413becef09528b7,2016-04-05 15:02:38,2016-04-05 20:05:55,18197,3,framework/console/controllers/BaseMigrateController.php,136,238,1.8,0,0,15,11,2
yii2,207,83145,b72524d490bc497d00bc95eac413becef09528b7,2016-04-05 15:02:38,2016-04-05 20:05:55,18197,3,framework/console/controllers/MigrateController.php,135,31,1.2,0,0,2,2,1
yii2,207,83142,48a2df5d52f6ac52ce9b33ce8598b0f4fafaa6c3,2016-04-06 08:43:31,2016-04-06 09:42:08,3517,2,framework/db/BaseActiveRecord.php,10,236,1.1,0,0,15,1,2
yii2,207,83129,2f9395bbd63ed2555554c4cea4adfa287ddcfdd6,2016-04-07 07:50:19,2016-04-07 07:53:01,162,2,framework/helpers/BaseInflector.php,1,56,0.6,0,0,2,2,0
yii2,207,83105,95a7631e4fee369ab5b5304908ade11252d16475,2016-04-12 10:53:26,2016-04-13 03:53:10,61184,4,framework/log/DbTarget.php,2,0,0.0,0,0,0,0,0
yii2,207,83105,95a7631e4fee369ab5b5304908ade11252d16475,2016-04-12 10:53:26,2016-04-13 03:53:10,61184,4,framework/log/SyslogTarget.php,2,5,0.4,0,0,1,0,0
yii2,207,83105,95a7631e4fee369ab5b5304908ade11252d16475,2016-04-12 10:53:26,2016-04-13 03:53:10,61184,4,framework/log/Target.php,2,0,0.0,0,0,0,0,0
yii2,207,83102,9c1fa3f74564fd28b84a1f73e0b5c48dc7ab52a4,2016-04-21 10:49:20,2016-04-21 12:08:07,4727,2,framework/web/UrlManager.php,4,68,1.0,0,0,4,0,0
yii2,207,83035,f900f24ca974f19cba7b040592da093818a019e0,2016-04-26 09:56:46,2016-04-26 20:06:28,36582,2,framework/helpers/BaseConsole.php,8,512,3.2,0,0,101,9,2
yii2,208,83006,fc987f48de57cfc490e5330611a86a1e7347c856,2016-04-30 16:10:24,2016-04-30 16:17:50,446,2,framework/web/Session.php,1,92,0.8,0,0,1,3,0
yii2,208,82997,e880ff2ff63f8b6f8ec960855ce8ce9ba1bc1a8d,2016-05-01 03:09:13,2016-05-01 09:28:45,22772,1,framework/validators/UniqueValidator.php,16,0,0.0,0,0,0,0,0
yii2,208,82958,9f499eb51e7eeaf134bba7c82d86dcf54174e4d5,2016-05-08 17:07:11,2016-05-15 19:29:08,613317,3,framework/web/User.php,2,84,0.9,0,0,6,1,0
yii2,208,82953,5210fc8e424e93424dc3605ce02f79276744c83d,2016-05-10 14:15:40,2016-05-13 12:39:48,253448,2,framework/db/ColumnSchema.php,2,39,2.4,0,0,3,0,0
yii2,208,82935,bc63b7607fce5d1282067d0d722c726280acb57a,2016-05-12 13:33:34,2016-05-12 13:33:46,12,1,framework/helpers/BaseArrayHelper.php,6,97,1.0,0,0,7,0,0
yii2,208,82909,7e7db38011b4a6f6880843b0aa60d2f4ebf5111b,2016-05-19 11:00:18,2016-05-20 09:04:36,79458,3,framework/base/ActionFilter.php,25,8,0.4,0,0,0,1,0
#####
