src/Composer/DependencyResolver/Solver.php,5,294.8,1.52,0,0,28,1,2.6
src/Composer/Factory.php,26,97.5,1.269,0,0,5.46,5.42,0.35
src/Composer/Installer.php,47,309.77,1.953,0,0,12.26,7.4,0.49
src/Composer/Package/Locker.php,13,85.54,1.908,0,0,0.23,8.08,1.85
src/Composer/Repository/RepositoryManager.php,8,0,0,0,0,0,0,0
tests/Composer/Test/InstallerTest.php,5,28,1.2,0,0,0,2,0
src/Composer/Config.php,13,136.92,2.385,0,0.31,7.38,3.15,1.23
src/Composer/Downloader/GitDownloader.php,22,217.73,3.432,0,0,11.09,1.82,0.95
tests/Composer/Test/Downloader/GitDownloaderTest.php,13,166.77,2.423,0,0,0,9.69,0
src/Composer/DependencyResolver/Pool.php,12,164.75,2.142,0,0,19.25,3,0.42
src/Composer/Package/MemoryPackage.php,1,60,0.6,0,0,1,0,1
tests/Composer/Test/DependencyResolver/DefaultPolicyTest.php,3,34,0.833,0,0,2,2.67,0
src/Composer/Command/CreateProjectCommand.php,20,62.5,0.82,0,0.1,2.1,2.2,0
src/Composer/Package/Loader/RootPackageLoader.php,20,35.5,0.84,0,0,1.45,3.7,0
src/Composer/Downloader/SvnDownloader.php,5,64,3.04,0,0,3.2,0,0
src/Composer/Autoload/AutoloadGenerator.php,26,139,1.035,0,0,10.54,3.23,0.85
src/Composer/Repository/ArrayRepository.php,3,0,0,0,0,0,0,0
src/Composer/Downloader/HgDownloader.php,5,83.2,6.26,0,0,3.8,0.8,0
src/Composer/Downloader/VcsDownloader.php,6,55.17,1.8,0,0,2.33,2,0
src/Composer/Command/InitCommand.php,14,158.29,1.421,0,0,5.5,10.07,0
src/Composer/Command/SearchCommand.php,7,5.14,0.171,0,0,0,0.43,0
src/Composer/Command/ShowCommand.php,16,115.31,1.244,0,0,4.13,5,0.44
tests/Composer/Test/FactoryTest.php,2,8,0.7,0,0,0,1,0
src/Composer/DependencyResolver/DefaultPolicy.php,4,44.5,0.75,0,0,3,0,4.5
src/Composer/Package/LinkConstraint/VersionConstraint.php,2,20,2,0,0,1,0,0
tests/Composer/Test/Package/LinkConstraint/VersionConstraintTest.php,2,0,0,0,0,0,0,0
tests/Composer/Test/Mock/InstallationManagerMock.php,1,0,0.0,0,0,0,0,0
tests/Composer/Test/Package/LockerTest.php,2,97,1.8,0,0,1,8,0
src/Composer/Downloader/ArchiveDownloader.php,12,47,2.3,0,0,2.5,1.5,0
src/Composer/Util/Filesystem.php,11,122.55,1.955,0,0,6,0.09,0
src/Composer/Repository/Vcs/GitDriver.php,6,90,2.2,0,0,5,0,1
tests/Composer/Test/Repository/Vcs/GitHubDriverTest.php,3,171.33,2.833,0,0,0,15.67,0
src/Composer/Package/Version/VersionParser.php,9,130.33,2.156,0,0,10.22,2.89,1
src/Composer/Console/Application.php,19,51.05,0.758,0,0,4.79,0.68,0
src/Composer/Installer/LibraryInstaller.php,11,28.45,0.427,0,0,1.91,0.36,0.82
src/Composer/Command/InstallCommand.php,5,9.6,0.42,0,0,0,1.2,0
src/Composer/Command/UpdateCommand.php,5,9.6,0.42,0,0,0,1.2,0
tests/Composer/Test/Autoload/AutoloadGeneratorTest.php,10,307.5,2.35,0,0,0.6,15.3,0
src/Composer/Command/DependsCommand.php,4,22.5,0.925,0,0,3.5,0,0
src/Composer/Util/ProcessExecutor.php,4,5,0.35,0,0,1,0,0
src/Composer/DependencyResolver/Rule.php,8,141.25,2.375,0,0,24,1,0
src/Composer/Repository/ComposerRepository.php,12,142.25,1.325,0,0,7.25,6.75,1.5
src/Composer/Downloader/FileDownloader.php,6,65,1.95,0,0,5.5,0,0
src/Composer/Installer/ProjectInstaller.php,3,0,0,0,0,0,0,0
src/Composer/Package/Dumper/ArrayDumper.php,2,8,0.4,0,0,0,1,0
src/Composer/Package/Loader/ArrayLoader.php,5,201.2,3.92,0,0,3,12.2,0
tests/Composer/Test/Package/Dumper/ArrayDumperTest.php,2,32,1.1,0,0,0,3,0
tests/Composer/Test/Package/Loader/ArrayLoaderTest.php,2,31,1,0,0,0,3,0
src/Composer/Cache.php,8,4.75,0.175,0,0,1.25,0,0
src/Composer/Repository/Vcs/HgDriver.php,7,65.71,1.571,0,0,3.29,0,0
src/Composer/Command/AboutCommand.php,1,0,0.0,0,0,0,0,0
tests/Composer/Test/Autoload/Fixtures/autoload_classmap4.php,2,0,0,0,0,0,0,0
tests/Composer/Test/Autoload/Fixtures/autoload_classmap5.php,2,0,0,0,0,0,0,0
tests/Composer/Test/Autoload/Fixtures/autoload_target_dir.php,1,0,0.0,0,0,0,0,0
src/Composer/Util/StreamContextFactory.php,7,41.14,2.614,0,0,1,2,0
src/Composer/Script/EventDispatcher.php,5,0,0,0,0,0,0,0
src/Composer/Installer/InstallerInstaller.php,1,44,2.4,0,1,3,1,0
src/Composer/Repository/PlatformRepository.php,4,27.5,0.6,0,0,2.5,0.5,0.5
src/Composer/Package/LinkConstraint/MultiConstraint.php,1,0,0.0,0,0,0,0,0
tests/Composer/Test/Package/Version/VersionParserTest.php,7,158,2.271,0,0,0.43,12,0
src/Composer/Autoload/ClassMapGenerator.php,13,49.85,1.8,0,0,4.38,0,0
tests/Composer/Test/Autoload/ClassMapGeneratorTest.php,6,29.33,1.05,0,0,0,2.33,0
src/Composer/Installer/InstallationManager.php,4,0,0,0,0,0,0,0
src/Composer/Package/AliasPackage.php,2,60,0.95,0,0,1,0,0
src/Composer/Package/PackageInterface.php,1,60,3.9,0,0,1,0,0
src/Composer/Repository/NotifiableRepositoryInterface.php,1,0,0.0,0,0,0,0,0
tests/Composer/Test/Installer/InstallationManagerTest.php,1,102,1.8,0,0,0,7,0
src/Composer/Util/RemoteFilesystem.php,21,159.62,1.6,0,0,8.52,6.43,1.29
src/Composer/Script/Event.php,2,0,0,0,0,0,0,0
src/Composer/Compiler.php,6,28.33,0.633,0,0,2.17,0,0
src/Composer/Repository/Vcs/GitHubDriver.php,3,83.67,1.233,0,0,5.33,1.67,0
src/Composer/Repository/CompositeRepository.php,2,4,0.15,0,0,0,0.5,0
src/Composer/Repository/RepositoryInterface.php,2,0,0,0,0,0,0,0
tests/Composer/Test/Autoload/Fixtures/autoload_classmap.php,2,0,0,0,0,0,0,0
tests/Composer/Test/Autoload/Fixtures/autoload_classmap2.php,1,0,0.0,0,0,0,0,0
tests/Composer/Test/Autoload/Fixtures/autoload_classmap3.php,1,0,0.0,0,0,0,0,0
tests/Composer/Test/Autoload/Fixtures/autoload_main.php,1,0,0.0,0,0,0,0,0
tests/Composer/Test/Autoload/Fixtures/autoload_main2.php,1,0,0.0,0,0,0,0,0
tests/Composer/Test/Autoload/Fixtures/autoload_main3.php,1,0,0.0,0,0,0,0,0
tests/Composer/Test/Autoload/Fixtures/autoload_vendors.php,1,0,0.0,0,0,0,0,0
tests/Composer/Test/Autoload/Fixtures/include_paths.php,1,0,0.0,0,0,0,0,0
src/Composer/Command/SelfUpdateCommand.php,4,13,0.25,0,0,2.5,0.25,0
tests/Composer/Test/Util/FilesystemTest.php,2,252,8.65,0,0,0,21,0
src/Composer/Repository/FilesystemRepository.php,2,27,1.5,0,0,1,2,0
src/Composer/IO/ConsoleIO.php,7,8,0.2,0,0,0,1,0
tests/Composer/Test/Util/StreamContextFactoryTest.php,4,123.5,3.4,0,0,1,10,0
src/Composer/Repository/InstalledArrayRepository.php,1,0,0.0,0,0,0,0,0
src/Composer/Repository/WritableRepositoryInterface.php,1,0,0.0,0,0,0,0,0
tests/Composer/Test/Mock/WritableRepositoryMock.php,1,0,0.0,0,0,0,0,0
src/Composer/Command/ArchiveCommand.php,4,6.25,0.225,0,0,0.75,0.25,0
src/Composer/Config/JsonConfigSource.php,5,34,1.58,0,0,6.4,0.2,0
src/Composer/Downloader/PearPackageExtractor.php,2,185,3.4,0,2,10,2,1
tests/Composer/Test/Script/EventDispatcherTest.php,1,90,2.2,0,0,1,5,0
src/Composer/Command/DiagnoseCommand.php,14,124.86,1.443,0,0,5.71,8.29,0
src/Composer/Repository/Vcs/HgBitbucketDriver.php,1,38,1.3,0,0,1,2,0
tests/Composer/Test/Downloader/HgDownloaderTest.php,1,52,1.8,0,0,0,5,0
src/Composer/Downloader/ZipDownloader.php,7,60,2.686,0,0,3,0,0
tests/Composer/Test/Downloader/ZipDownloaderTest.php,3,0,0,0,0,0,0,0
src/Composer/Repository/Vcs/SvnDriver.php,3,125,2,0,0,11,2,0
src/Composer/Util/Svn.php,7,82.29,2.043,0,0,3.57,2,0.71
src/Composer/Package/Loader/ValidatingArrayLoader.php,5,326,3.8,0,0,6,15,6
tests/Composer/Test/Package/Loader/ValidatingArrayLoaderTest.php,4,115,1.5,0,0,0,10,1
src/Composer/DependencyResolver/RuleWatchNode.php,1,0,0.0,0,0,0,0,0
src/Composer/Command/RequireCommand.php,8,45.63,1.35,0,0,3,2.38,0
src/Composer/Composer.php,1,0,0.0,0,0,0,0,0
src/Composer/DependencyResolver/Problem.php,8,125,3.738,0,0,4,3.88,0
src/Composer/Command/ConfigCommand.php,12,425,4.517,0,0,14.17,10.17,1
src/Composer/Config/ConfigSourceInterface.php,1,0,0.0,0,0,0,0,0
src/Composer/Json/JsonManipulator.php,7,104.57,1.429,0,0,13,1.57,0
tests/Composer/Test/Json/JsonManipulatorTest.php,6,101,0.467,0,0,1.5,4.5,0
tests/Composer/Test/Installer/LibraryInstallerTest.php,1,33,0.6,0,2,1,2,1
tests/Composer/Test/Downloader/FileDownloaderTest.php,1,45,1.2,0,0,1,4,0
src/Composer/Repository/VcsRepository.php,1,121,1.8,0,0,4,4,0
src/Composer/Downloader/DownloadManager.php,3,15,0.4,0,0,1,1,0
src/Composer/Util/ConfigValidator.php,3,18,0.7,0,0,0,1,0
src/Composer/Command/StatusCommand.php,3,8,0.4,0,0,0,1,0
src/Composer/Util/GitHub.php,3,25,1.1,0,0,2,0,0
src/Composer/Json/JsonFile.php,5,74,1.4,0,0,11,1,1
src/Composer/Package/Archiver/ArchiveManager.php,1,20,0.9,0,0,1,0,0
src/Composer/Repository/Vcs/VcsDriver.php,1,5,0.3,0,0,1,0,0
src/Composer/IO/IOInterface.php,3,0,0,0,0,0,0,0
src/Composer/DependencyResolver/RuleSetGenerator.php,2,45,1,0,0,4,3,0
tests/Composer/Test/ConfigTest.php,4,151,4.4,0,0,0,11.5,0
src/Composer/Package/Archiver/BaseExcludeFilter.php,2,0,0,0,0,0,0,0
src/Composer/Installer/PearInstaller.php,2,14.5,0.35,0,0,0,2,0
tests/Composer/Test/Json/JsonFileTest.php,2,80,1.5,0,0,1,2,0
src/Composer/Command/Command.php,1,20,1.4,0,0,1,0,0
src/Composer/Autoload/ClassLoader.php,2,20,0.5,0,0,1,0,0
src/Composer/Command/DumpAutoloadCommand.php,2,0,0,0,0,0,0,0
src/Composer/Json/JsonValidationException.php,2,0,0,0,0,0,0,0
tests/Composer/Test/IO/ConsoleIOTest.php,2,134,2.9,0,0,0,9,0
src/Composer/Command/RunScriptCommand.php,4,3.25,0.125,0,0,0.25,0.25,0
tests/Composer/Test/Config/JsonConfigSourceTest.php,2,168,5.1,0,0,0,12,0
src/Composer/Command/ValidateCommand.php,2,16,0.9,0,0,0,2,0
tests/Composer/Test/AllFunctionalTest.php,2,147,3.2,0,0,12,7,0
src/Composer/Repository/ArtifactRepository.php,1,22,1.1,0,0,1,1,0
tests/Composer/Test/Repository/ArtifactRepositoryTest.php,1,0,0.0,0,0,0,0,0
src/Composer/DependencyResolver/PolicyInterface.php,1,0,0.0,0,0,0,0,0
tests/Composer/Test/Downloader/PearPackageExtractorTest.php,1,34,1.1,0,0,0,3,0
tests/Composer/Test/Package/Loader/RootPackageLoaderTest.php,2,5,0.6,0,0,1,0,0
tests/Composer/Test/Package/Archiver/ArchivableFilesFinderTest.php,1,9,0.2,0,0,0,1,1
src/Composer/Package/BasePackage.php,1,24,0.7,0,0,0,2,0
src/Composer/Package/Version/VersionGuesser.php,1,34,0.8,0,0,3,3,0
src/Composer/Repository/PathRepository.php,4,48,2.6,0,0,2,1,0
src/Composer/Util/ErrorHandler.php,1,32,3.0,0,0,7,0,0
src/Composer/Command/ScriptAliasCommand.php,1,0,0.0,0,0,0,0,0
src/Composer/EventDispatcher/EventDispatcher.php,3,60,0.9,0,0,3,0,0
tests/Composer/Test/Repository/RepositoryManagerTest.php,1,28,2.3,0,0,0,3,0
src/Composer/IO/BaseIO.php,1,16,1.2,0,0,0,2,0
src/Composer/Util/Git.php,2,170,3.4,0,0,12,5,1
tests/Composer/Test/Repository/Vcs/SvnDriverTest.php,1,5,0.3,0,0,1,0,0
src/Composer/Plugin/PluginManager.php,2,106,1.8,0,1,6.5,2,0
src/Composer/Command/HomeCommand.php,1,12,0.4,0,0,0,2,2
src/Composer/Repository/PackageRepository.php,1,0,0.0,0,0,0,0,0
src/Composer/Repository/Pear/ChannelReader.php,1,7,0.5,0,0,2,0,0
src/Composer/Installer/BinaryInstaller.php,1,14,0.3,0,0,2,2,0
src/Composer/Installer/PearBinaryInstaller.php,1,8,0.2,0,0,0,1,0
src/Composer/Installer/PluginInstaller.php,1,0,0.0,0,0,0,0,0
src/Composer/Repository/RepositoryFactory.php,2,22,0.8,0,0,0,2,0
tests/Composer/Test/Autoload/Fixtures/autoload_real_files_by_dependency.php,2,6,0.5,0,0,3,0,0
tests/Composer/Test/Autoload/Fixtures/autoload_real_functions.php,2,6,0.5,0,0,3,0,0
tests/Composer/Test/Autoload/Fixtures/autoload_real_functions_with_include_paths.php,2,6,0.4,0,0,3,0,0
tests/Composer/Test/Autoload/Fixtures/autoload_real_functions_with_removed_include_paths_and_autolad_files.php,2,6,0.6,0,0,3,0,0
tests/Composer/Test/Autoload/Fixtures/autoload_real_include_path.php,2,14,0.9,0,0,3,1,0
tests/Composer/Test/Autoload/Fixtures/autoload_real_target_dir.php,2,14,0.8,0,0,3,1,0
src/Composer/Package/Archiver/PharArchiver.php,1,40,2.7,0,0,2,0,0
src/Composer/Downloader/GzipDownloader.php,1,20,1.4,0,0,1,0,0
src/Composer/Util/Platform.php,1,0,0.0,0,0,0,0,0
src/Composer/Plugin/PluginEvents.php,1,0,0.0,0,0,0,0,0
src/Composer/Plugin/PluginInterface.php,1,0,0.0,0,0,0,0,0
src/Composer/Repository/BaseRepository.php,1,25,1.6,0,0,3,0,0
src/Composer/Command/GlobalCommand.php,1,0,0.0,0,0,0,0,0
src/Composer/Command/RemoveCommand.php,1,21,0.7,0,0,1,2,0
src/Composer/Exception/NoSslException.php,1,0,0.0,0,0,0,0,0
#####
