Not Found - [https://api.github.com/repos/laravel/framework/commits/dc57470e1cb3ea5d14b1a8527c68d236ed156411?access_token=eef5cf07ae388cc529c6e5d13ea0f443234b3cc9]
Not Found - [https://api.github.com/repos/laravel/framework/commits/b2a68f3bbec2e5ac612ffd360725b92f6beb78d8?access_token=eef5cf07ae388cc529c6e5d13ea0f443234b3cc9]
Not Found - [https://api.github.com/repos/laravel/framework/commits/2109297fcaab0bd2e5a8c2014ed86efad2f0be22?access_token=eef5cf07ae388cc529c6e5d13ea0f443234b3cc9]
Not Found - [https://api.github.com/repos/laravel/framework/commits/554b72c2da5d30b97ee021cbddd41ae73f35a960?access_token=eef5cf07ae388cc529c6e5d13ea0f443234b3cc9]
Not Found - [https://api.github.com/repos/laravel/framework/commits/da41e7fee2fc061b171e43dcc08e0fd87b36f066?access_token=eef5cf07ae388cc529c6e5d13ea0f443234b3cc9]
Not Found - [https://api.github.com/repos/laravel/framework/commits/c3816eb8d6b371cc56189927e142d9b35bb8564b?access_token=eef5cf07ae388cc529c6e5d13ea0f443234b3cc9]
Not Found - [https://api.github.com/repos/laravel/framework/commits/3dfe871e353ef8e68dcb1fb142fa2f8437f880f3?access_token=eef5cf07ae388cc529c6e5d13ea0f443234b3cc9]
Not Found - [https://api.github.com/repos/laravel/framework/commits/bea626bac3e03591800c0a335d3b42dbcc81454b?access_token=eef5cf07ae388cc529c6e5d13ea0f443234b3cc9]
Not Found - [https://api.github.com/repos/laravel/framework/commits/791e6f3e817ddca1027f432267e7098524b45cfd?access_token=eef5cf07ae388cc529c6e5d13ea0f443234b3cc9]
Not Found - [https://api.github.com/repos/laravel/framework/commits/33b9e3218d4a2749cf5453b5e77a54f2f7277628?access_token=eef5cf07ae388cc529c6e5d13ea0f443234b3cc9]
Not Found - [https://api.github.com/repos/laravel/framework/commits/b7c77b2aa5344d01213230c7096a41996ca21548?access_token=eef5cf07ae388cc529c6e5d13ea0f443234b3cc9]
Not Found - [https://api.github.com/repos/laravel/framework/commits/81b94eefbb662903ab2156aa02b7fb6236886024?access_token=eef5cf07ae388cc529c6e5d13ea0f443234b3cc9]
Not Found - [https://api.github.com/repos/laravel/framework/commits/0b60fd449fd237304b85a71ae79453a6b323c6ff?access_token=eef5cf07ae388cc529c6e5d13ea0f443234b3cc9]
Not Found - [https://api.github.com/repos/laravel/framework/commits/fc54cd822587794cb1b844d4adfbc5a94b7d9c4d?access_token=eef5cf07ae388cc529c6e5d13ea0f443234b3cc9]
Not Found - [https://api.github.com/repos/laravel/framework/commits/98583b20e9d34fe47884e5c6a0c41b29eb255048?access_token=eef5cf07ae388cc529c6e5d13ea0f443234b3cc9]
Not Found - [https://api.github.com/repos/laravel/framework/commits/adc89769350e72a35ee6b58503b789feca0a1a3a?access_token=eef5cf07ae388cc529c6e5d13ea0f443234b3cc9]
Not Found - [https://api.github.com/repos/laravel/framework/commits/53646ac2cb66519d29bbb70f45179619f448d787?access_token=eef5cf07ae388cc529c6e5d13ea0f443234b3cc9]
Not Found - [https://api.github.com/repos/laravel/framework/commits/3485f172a8c28d4471f2cf9143dc8fa37d9d785f?access_token=eef5cf07ae388cc529c6e5d13ea0f443234b3cc9]
Not Found - [https://api.github.com/repos/laravel/framework/commits/24539473dd742dd1e254294224de0256f8203825?access_token=eef5cf07ae388cc529c6e5d13ea0f443234b3cc9]
Not Found - [https://api.github.com/repos/laravel/framework/commits/2eebfa061b40c0eb05e0eb6248ebe71ec2fe86fb?access_token=eef5cf07ae388cc529c6e5d13ea0f443234b3cc9]
Not Found - [https://api.github.com/repos/laravel/framework/commits/f60e5777614dd7f9163ed1dbae9fe068356956f9?access_token=eef5cf07ae388cc529c6e5d13ea0f443234b3cc9]
Not Found - [https://api.github.com/repos/laravel/framework/commits/9a01bb92554cd2d8d34ca1e0b0da4696e2a964eb?access_token=eef5cf07ae388cc529c6e5d13ea0f443234b3cc9]
Not Found - [https://api.github.com/repos/laravel/framework/commits/deec3fa9b6a37ed98966c97883b8da7cec0bcde1?access_token=eef5cf07ae388cc529c6e5d13ea0f443234b3cc9]
Not Found - [https://api.github.com/repos/laravel/framework/commits/55d360a4464994906f4f41c16e97d87a3f8d9cc8?access_token=eef5cf07ae388cc529c6e5d13ea0f443234b3cc9]
Not Found - [https://api.github.com/repos/laravel/framework/commits/12c03ee6cc216dea3edb1610fb26e324cb50e602?access_token=eef5cf07ae388cc529c6e5d13ea0f443234b3cc9]
Not Found - [https://api.github.com/repos/laravel/framework/commits/cbd6ca88ba07f93d4217293c5624e5377c1e63b0?access_token=eef5cf07ae388cc529c6e5d13ea0f443234b3cc9]
Not Found - [https://api.github.com/repos/laravel/framework/commits/9469c75e97f85504a462272c3dfc57cd623cb9b3?access_token=eef5cf07ae388cc529c6e5d13ea0f443234b3cc9]
Not Found - [https://api.github.com/repos/laravel/framework/commits/c0194c05f65a0be91f58b4db80815bc2a6b64026?access_token=eef5cf07ae388cc529c6e5d13ea0f443234b3cc9]
Not Found - [https://api.github.com/repos/laravel/framework/commits/5982804d5c8a0208de63dbe950197b5e6b274dbf?access_token=eef5cf07ae388cc529c6e5d13ea0f443234b3cc9]
Not Found - [https://api.github.com/repos/laravel/framework/commits/3a9af50655e0a383e971129c092e794a1edbe977?access_token=eef5cf07ae388cc529c6e5d13ea0f443234b3cc9]
Not Found - [https://api.github.com/repos/laravel/framework/commits/a2ea6b8486734ad946df1956d50666d175f99eed?access_token=eef5cf07ae388cc529c6e5d13ea0f443234b3cc9]
Not Found - [https://api.github.com/repos/laravel/framework/commits/63477f590c495f9c11bcb4a8961b896cc65eaf54?access_token=eef5cf07ae388cc529c6e5d13ea0f443234b3cc9]
Not Found - [https://api.github.com/repos/laravel/framework/commits/e5ad67469a6bf9a6503d8001a6dc07c27cd43fac?access_token=eef5cf07ae388cc529c6e5d13ea0f443234b3cc9]
Not Found - [https://api.github.com/repos/laravel/framework/commits/a09a4f672ec391b8086c289db11f15291c61ca6e?access_token=eef5cf07ae388cc529c6e5d13ea0f443234b3cc9]
Not Found - [https://api.github.com/repos/laravel/framework/commits/29199274286083907d6d2cb394397b6d7ec6e597?access_token=eef5cf07ae388cc529c6e5d13ea0f443234b3cc9]
Not Found - [https://api.github.com/repos/laravel/framework/commits/ac198b207f583f44416031406c27b21570faad5b?access_token=eef5cf07ae388cc529c6e5d13ea0f443234b3cc9]
Not Found - [https://api.github.com/repos/laravel/framework/commits/a667e21b4b2fa6799904ad62610162c8c77f1f81?access_token=eef5cf07ae388cc529c6e5d13ea0f443234b3cc9]
Not Found - [https://api.github.com/repos/laravel/framework/commits/e323bbccb8e60941d640864ac60b67cedae68d0b?access_token=eef5cf07ae388cc529c6e5d13ea0f443234b3cc9]
Not Found - [https://api.github.com/repos/laravel/framework/commits/cf388105dc10cb746a30698b1e02bc785e972348?access_token=eef5cf07ae388cc529c6e5d13ea0f443234b3cc9]
Not Found - [https://api.github.com/repos/laravel/framework/commits/d8addfadc2f29801ab073ea1336c9dd8efcbca9b?access_token=eef5cf07ae388cc529c6e5d13ea0f443234b3cc9]
Not Found - [https://api.github.com/repos/laravel/framework/commits/598122c87cb219fd80b344ab3de23693c7d270dc?access_token=eef5cf07ae388cc529c6e5d13ea0f443234b3cc9]
Not Found - [https://api.github.com/repos/laravel/framework/commits/0a35a0e5836d56da9f9380bf7ecbfc4c6b4f1076?access_token=eef5cf07ae388cc529c6e5d13ea0f443234b3cc9]
Not Found - [https://api.github.com/repos/laravel/framework/commits/a065fb45e030160ff8e3ff79349978d338e23e70?access_token=eef5cf07ae388cc529c6e5d13ea0f443234b3cc9]
Not Found - [https://api.github.com/repos/laravel/framework/commits/35a62ae8ecd89e0bcc19c33584f64feb82ff7710?access_token=eef5cf07ae388cc529c6e5d13ea0f443234b3cc9]
Not Found - [https://api.github.com/repos/laravel/framework/commits/dd78b436f4e559fb8609cd027dac6ca6357d8bda?access_token=eef5cf07ae388cc529c6e5d13ea0f443234b3cc9]
Not Found - [https://api.github.com/repos/laravel/framework/commits/5ef3ed7275d52ce2ca6915f1136672e00d9e4219?access_token=eef5cf07ae388cc529c6e5d13ea0f443234b3cc9]
Not Found - [https://api.github.com/repos/laravel/framework/commits/b62bbcb4d253cd90fe3eeffcc9fd81bb471d7757?access_token=eef5cf07ae388cc529c6e5d13ea0f443234b3cc9]
Not Found - [https://api.github.com/repos/laravel/framework/commits/550f8b17810171c490511e3f3c747fbbb27fff54?access_token=eef5cf07ae388cc529c6e5d13ea0f443234b3cc9]
Not Found - [https://api.github.com/repos/laravel/framework/commits/adc130fc2dad00d178680f19ac960552a4066ad5?access_token=eef5cf07ae388cc529c6e5d13ea0f443234b3cc9]
Not Found - [https://api.github.com/repos/laravel/framework/commits/7c5f45729942ffe5959a805284cf983687d4e150?access_token=eef5cf07ae388cc529c6e5d13ea0f443234b3cc9]
Not Found - [https://api.github.com/repos/laravel/framework/commits/5509c22a3a0387903345c0be27b78fd0c24fe18d?access_token=eef5cf07ae388cc529c6e5d13ea0f443234b3cc9]
Not Found - [https://api.github.com/repos/laravel/framework/commits/2b2ff75fbd9129359e0ba1fbe65ae7a6d7ee149c?access_token=eef5cf07ae388cc529c6e5d13ea0f443234b3cc9]
Not Found - [https://api.github.com/repos/laravel/framework/commits/36596b8f3a11ebb4ca94d38114e3f711bc716aea?access_token=eef5cf07ae388cc529c6e5d13ea0f443234b3cc9]
Not Found - [https://api.github.com/repos/laravel/framework/commits/851fd4cacfb4ee127bfa6ba1dca8bee15a43055a?access_token=eef5cf07ae388cc529c6e5d13ea0f443234b3cc9]
Not Found - [https://api.github.com/repos/laravel/framework/commits/f1e6fbfe993f4ca850b688ef0c874c1f8a349efd?access_token=eef5cf07ae388cc529c6e5d13ea0f443234b3cc9]
Not Found - [https://api.github.com/repos/laravel/framework/commits/39fe4e322988dc31b660267b8cfa880701157788?access_token=eef5cf07ae388cc529c6e5d13ea0f443234b3cc9]
Not Found - [https://api.github.com/repos/laravel/framework/commits/f1e71d2623983d39002d0e42b2fb12bea6258c93?access_token=eef5cf07ae388cc529c6e5d13ea0f443234b3cc9]
Not Found - [https://api.github.com/repos/laravel/framework/commits/c3d81b09da07c972033b3dd4f963e45b47e57021?access_token=eef5cf07ae388cc529c6e5d13ea0f443234b3cc9]
Not Found - [https://api.github.com/repos/laravel/framework/commits/47bd7085a2e2715ffdfa769f79b3cedfe721f056?access_token=eef5cf07ae388cc529c6e5d13ea0f443234b3cc9]
Not Found - [https://api.github.com/repos/laravel/framework/commits/1af1925fe0d39f637817e190c7d848ff1a17b565?access_token=eef5cf07ae388cc529c6e5d13ea0f443234b3cc9]
Not Found - [https://api.github.com/repos/laravel/framework/commits/889d9fa4a780206ee1bcbcd0d32d78081f436ee1?access_token=eef5cf07ae388cc529c6e5d13ea0f443234b3cc9]
Not Found - [https://api.github.com/repos/laravel/framework/commits/c999410e5cc1c61ff710e3d8332c886ff6924230?access_token=eef5cf07ae388cc529c6e5d13ea0f443234b3cc9]
Not Found - [https://api.github.com/repos/laravel/framework/commits/31208a3f4c70e023281d4c0ad03f2fb66d471f5b?access_token=eef5cf07ae388cc529c6e5d13ea0f443234b3cc9]
Not Found - [https://api.github.com/repos/laravel/framework/commits/35794fa556a86cacef7d6135bdf25892b380798a?access_token=eef5cf07ae388cc529c6e5d13ea0f443234b3cc9]
Not Found - [https://api.github.com/repos/laravel/framework/commits/8014376aafe58f09f02e7d69915601dae605532c?access_token=eef5cf07ae388cc529c6e5d13ea0f443234b3cc9]
file_get_contents(http://195.251.210.148:9000/api/measures/component?metricKeys=sqale_index,sqale_debt_ratio,blocker_violations,critical_violations,major_violations,minor_violations,info_violations&componentKey=laravelframework400:tests/Queue/QueueIronQueueTest.php): failed to open stream: HTTP request failed! HTTP/1.1 404 Not Found

Not Found - [https://api.github.com/repos/laravel/framework/commits/d30e741a72210efc60a4087540c6cbc59d6fc997?access_token=eef5cf07ae388cc529c6e5d13ea0f443234b3cc9]
file_get_contents(http://195.251.210.148:9000/api/measures/component?metricKeys=sqale_index,sqale_debt_ratio,blocker_violations,critical_violations,major_violations,minor_violations,info_violations&componentKey=laravelframework400:tests/Html/FormBuilderTest.php): failed to open stream: HTTP request failed! HTTP/1.1 404 Not Found

Not Found - [https://api.github.com/repos/laravel/framework/commits/1b60835971861e34a6aba8bae07c4b582526c640?access_token=eef5cf07ae388cc529c6e5d13ea0f443234b3cc9]
Not Found - [https://api.github.com/repos/laravel/framework/commits/e501952e1ee0fd8cbd648cbc243b6f828fa69632?access_token=eef5cf07ae388cc529c6e5d13ea0f443234b3cc9]
file_get_contents(http://195.251.210.148:9000/api/measures/component?metricKeys=sqale_index,sqale_debt_ratio,blocker_violations,critical_violations,major_violations,minor_violations,info_violations&componentKey=laravelframework400:tests/Support/SupportCollectionTest.php): failed to open stream: HTTP request failed! HTTP/1.1 404 Not Found

file_get_contents(http://195.251.210.148:9000/api/measures/component?metricKeys=sqale_index,sqale_debt_ratio,blocker_violations,critical_violations,major_violations,minor_violations,info_violations&componentKey=laravelframework400:tests/Database/DatabaseEloquentHasManyTest.php): failed to open stream: HTTP request failed! HTTP/1.1 404 Not Found

file_get_contents(http://195.251.210.148:9000/api/measures/component?metricKeys=sqale_index,sqale_debt_ratio,blocker_violations,critical_violations,major_violations,minor_violations,info_violations&componentKey=laravelframework400:tests/Database/DatabaseEloquentHasOneTest.php): failed to open stream: HTTP request failed! HTTP/1.1 404 Not Found

file_get_contents(http://195.251.210.148:9000/api/measures/component?metricKeys=sqale_index,sqale_debt_ratio,blocker_violations,critical_violations,major_violations,minor_violations,info_violations&componentKey=laravelframework400:tests/Database/DatabaseEloquentRelationTest.php): failed to open stream: HTTP request failed! HTTP/1.1 404 Not Found

Not Found - [https://api.github.com/repos/laravel/framework/commits/e39b5c32b2fe9051e874810def4c2da217009aae?access_token=eef5cf07ae388cc529c6e5d13ea0f443234b3cc9]
Not Found - [https://api.github.com/repos/laravel/framework/commits/8c6f75bdf3fcfe2f0cede0e730c214ac48b949fb?access_token=eef5cf07ae388cc529c6e5d13ea0f443234b3cc9]
Not Found - [https://api.github.com/repos/laravel/framework/commits/b2bfb6faa1c9c1f60810b41ddcf89234a21fecae?access_token=eef5cf07ae388cc529c6e5d13ea0f443234b3cc9]
Not Found - [https://api.github.com/repos/laravel/framework/commits/391b69daafe5ce57aef3639877c3d63dd8a9ccb0?access_token=eef5cf07ae388cc529c6e5d13ea0f443234b3cc9]
Not Found - [https://api.github.com/repos/laravel/framework/commits/0e2f5141f0bccaa20bd4a55bd16227f7686316a3?access_token=eef5cf07ae388cc529c6e5d13ea0f443234b3cc9]
file_get_contents(http://195.251.210.148:9000/api/measures/component?metricKeys=sqale_index,sqale_debt_ratio,blocker_violations,critical_violations,major_violations,minor_violations,info_violations&componentKey=laravelframework405:tests/Database/DatabaseQueryBuilderTest.php): failed to open stream: HTTP request failed! HTTP/1.1 404 Not Found

file_get_contents(http://195.251.210.148:9000/api/measures/component?metricKeys=sqale_index,sqale_debt_ratio,blocker_violations,critical_violations,major_violations,minor_violations,info_violations&componentKey=laravelframework405:tests/Auth/AuthGuardTest.php): failed to open stream: HTTP request failed! HTTP/1.1 404 Not Found

Not Found - [https://api.github.com/repos/laravel/framework/commits/9721a61639ef54e596ecd60dd95478cbc4e77ed8?access_token=eef5cf07ae388cc529c6e5d13ea0f443234b3cc9]
Not Found - [https://api.github.com/repos/laravel/framework/commits/73afdf5479a9d6e6a3c29c0687dce9af7bb05746?access_token=eef5cf07ae388cc529c6e5d13ea0f443234b3cc9]
Not Found - [https://api.github.com/repos/laravel/framework/commits/bd175ebc3a57fc3bbeaf192f6cade1bf01d502b4?access_token=eef5cf07ae388cc529c6e5d13ea0f443234b3cc9]
Not Found - [https://api.github.com/repos/laravel/framework/commits/9f36d068c38fb25aafd8b0711acce7a3c7e89895?access_token=eef5cf07ae388cc529c6e5d13ea0f443234b3cc9]
Not Found - [https://api.github.com/repos/laravel/framework/commits/abccf924cf77aef18c3a4ec3324d78df68c100bc?access_token=eef5cf07ae388cc529c6e5d13ea0f443234b3cc9]
Not Found - [https://api.github.com/repos/laravel/framework/commits/58654aa3cab9e64cfa0de4ae3370a41a8ad659d5?access_token=eef5cf07ae388cc529c6e5d13ea0f443234b3cc9]
Not Found - [https://api.github.com/repos/laravel/framework/commits/7761e47032a81a9e6fedc00fee66742d035c6f98?access_token=eef5cf07ae388cc529c6e5d13ea0f443234b3cc9]
Not Found - [https://api.github.com/repos/laravel/framework/commits/5db4847da632fd38f4ca6880b8d40726023afacb?access_token=eef5cf07ae388cc529c6e5d13ea0f443234b3cc9]
Not Found - [https://api.github.com/repos/laravel/framework/commits/ab94a4ccb0cfda4d452462e36936ca58d61bb921?access_token=eef5cf07ae388cc529c6e5d13ea0f443234b3cc9]
Not Found - [https://api.github.com/repos/laravel/framework/commits/e511cc014b8c07dfa7c7c7e0647e19ffe8046e4a?access_token=eef5cf07ae388cc529c6e5d13ea0f443234b3cc9]
Not Found - [https://api.github.com/repos/laravel/framework/commits/883c5037ade6e37a248c56a4b782943ebb2ced10?access_token=eef5cf07ae388cc529c6e5d13ea0f443234b3cc9]
Not Found - [https://api.github.com/repos/laravel/framework/commits/f330f95ef0ade9b78859c9fe91603a317028bf6d?access_token=eef5cf07ae388cc529c6e5d13ea0f443234b3cc9]
file_get_contents(http://195.251.210.148:9000/api/measures/component?metricKeys=sqale_index,sqale_debt_ratio,blocker_violations,critical_violations,major_violations,minor_violations,info_violations&componentKey=laravelframework405:src/Illuminate/Remote/RemoteManager.php): failed to open stream: HTTP request failed! HTTP/1.1 404 Not Found

Not Found - [https://api.github.com/repos/laravel/framework/commits/ab94a4ccb0cfda4d452462e36936ca58d61bb921?access_token=eef5cf07ae388cc529c6e5d13ea0f443234b3cc9]
Not Found - [https://api.github.com/repos/laravel/framework/commits/e511cc014b8c07dfa7c7c7e0647e19ffe8046e4a?access_token=eef5cf07ae388cc529c6e5d13ea0f443234b3cc9]
Not Found - [https://api.github.com/repos/laravel/framework/commits/1d85d007ddea102d62629a0f7ee8dc1092a9dc4d?access_token=eef5cf07ae388cc529c6e5d13ea0f443234b3cc9]
file_get_contents(http://195.251.210.148:9000/api/measures/component?metricKeys=sqale_index,sqale_debt_ratio,blocker_violations,critical_violations,major_violations,minor_violations,info_violations&componentKey=laravelframework405:src/Illuminate/Foundation/Console/ViewPublishCommand.php): failed to open stream: HTTP request failed! HTTP/1.1 404 Not Found

file_get_contents(http://195.251.210.148:9000/api/measures/component?metricKeys=sqale_index,sqale_debt_ratio,blocker_violations,critical_violations,major_violations,minor_violations,info_violations&componentKey=laravelframework405:src/Illuminate/Foundation/ViewPublisher.php): failed to open stream: HTTP request failed! HTTP/1.1 404 Not Found

file_get_contents(http://195.251.210.148:9000/api/measures/component?metricKeys=sqale_index,sqale_debt_ratio,blocker_violations,critical_violations,major_violations,minor_violations,info_violations&componentKey=laravelframework405:tests/Foundation/FoundationViewPublishCommandTest.php): failed to open stream: HTTP request failed! HTTP/1.1 404 Not Found

file_get_contents(http://195.251.210.148:9000/api/measures/component?metricKeys=sqale_index,sqale_debt_ratio,blocker_violations,critical_violations,major_violations,minor_violations,info_violations&componentKey=laravelframework405:tests/Foundation/FoundationViewPublisherTest.php): failed to open stream: HTTP request failed! HTTP/1.1 404 Not Found

Not Found - [https://api.github.com/repos/laravel/framework/commits/9df4f648cc9f8d19180af122eeea8b63ca2338c3?access_token=eef5cf07ae388cc529c6e5d13ea0f443234b3cc9]
Not Found - [https://api.github.com/repos/laravel/framework/commits/ca17a8ce7c1b366f3b91cf0dbe74816b32d4856c?access_token=eef5cf07ae388cc529c6e5d13ea0f443234b3cc9]
Not Found - [https://api.github.com/repos/laravel/framework/commits/4720ac8c9d51a3b1154ff61fba8d1c11124bbaf4?access_token=eef5cf07ae388cc529c6e5d13ea0f443234b3cc9]
file_get_contents(http://195.251.210.148:9000/api/measures/component?metricKeys=sqale_index,sqale_debt_ratio,blocker_violations,critical_violations,major_violations,minor_violations,info_violations&componentKey=laravelframework405:tests/View/fixtures/basic.php): failed to open stream: HTTP request failed! HTTP/1.1 404 Not Found

Not Found - [https://api.github.com/repos/laravel/framework/commits/4b3cdcf443a67022eb424eea4987955e5db1e600?access_token=eef5cf07ae388cc529c6e5d13ea0f443234b3cc9]
Not Found - [https://api.github.com/repos/laravel/framework/commits/c314a681bddb5f58bb7a51fdbefede8d962345cf?access_token=eef5cf07ae388cc529c6e5d13ea0f443234b3cc9]
Not Found - [https://api.github.com/repos/laravel/framework/commits/d05e1f27a767052e08a56abb9ee725a5c3ea5cd2?access_token=eef5cf07ae388cc529c6e5d13ea0f443234b3cc9]
Not Found - [https://api.github.com/repos/laravel/framework/commits/dc8a2ef70c8e414f18573adee80902b773a3e70b?access_token=eef5cf07ae388cc529c6e5d13ea0f443234b3cc9]
Not Found - [https://api.github.com/repos/laravel/framework/commits/e55338b500fd5a494d794ff187a5468e43753cb0?access_token=eef5cf07ae388cc529c6e5d13ea0f443234b3cc9]
file_get_contents(http://195.251.210.148:9000/api/measures/component?metricKeys=sqale_index,sqale_debt_ratio,blocker_violations,critical_violations,major_violations,minor_violations,info_violations&componentKey=laravelframework405:tests/View/fixtures/basic.php): failed to open stream: HTTP request failed! HTTP/1.1 404 Not Found

Not Found - [https://api.github.com/repos/laravel/framework/commits/e65b0f77ebb6eae156a313763d45b3e2ba5c5b9e?access_token=eef5cf07ae388cc529c6e5d13ea0f443234b3cc9]
Not Found - [https://api.github.com/repos/laravel/framework/commits/de157802cf4a02ace5105fe06e0507642f9ee3e2?access_token=eef5cf07ae388cc529c6e5d13ea0f443234b3cc9]
Not Found - [https://api.github.com/repos/laravel/framework/commits/ab94a4ccb0cfda4d452462e36936ca58d61bb921?access_token=eef5cf07ae388cc529c6e5d13ea0f443234b3cc9]
Not Found - [https://api.github.com/repos/laravel/framework/commits/e511cc014b8c07dfa7c7c7e0647e19ffe8046e4a?access_token=eef5cf07ae388cc529c6e5d13ea0f443234b3cc9]
file_get_contents(http://195.251.210.148:9000/api/measures/component?metricKeys=sqale_index,sqale_debt_ratio,blocker_violations,critical_violations,major_violations,minor_violations,info_violations&componentKey=laravelframework405:tests/View/ViewBladeCompilerTest.php): failed to open stream: HTTP request failed! HTTP/1.1 404 Not Found

Not Found - [https://api.github.com/repos/laravel/framework/commits/3224bd73d4c6add906e82a42c8f93c120d421f3c?access_token=eef5cf07ae388cc529c6e5d13ea0f443234b3cc9]
Not Found - [https://api.github.com/repos/laravel/framework/commits/8b86b6e20433c8a9e706007416c423686036ab6d?access_token=eef5cf07ae388cc529c6e5d13ea0f443234b3cc9]
Not Found - [https://api.github.com/repos/laravel/framework/commits/3ed78a4a08e337e62a97720d03560fe84aef02fe?access_token=eef5cf07ae388cc529c6e5d13ea0f443234b3cc9]
Not Found - [https://api.github.com/repos/laravel/framework/commits/7edc6f85a87e1a3cd5b8e1a06930043dd5c3beb7?access_token=eef5cf07ae388cc529c6e5d13ea0f443234b3cc9]
Not Found - [https://api.github.com/repos/laravel/framework/commits/28242f81f6ac4e398787d0c131073a77f225626b?access_token=eef5cf07ae388cc529c6e5d13ea0f443234b3cc9]
file_get_contents(http://195.251.210.148:9000/api/measures/component?metricKeys=sqale_index,sqale_debt_ratio,blocker_violations,critical_violations,major_violations,minor_violations,info_violations&componentKey=laravelframework405:tests/Support/SupportPluralizerTest.php): failed to open stream: HTTP request failed! HTTP/1.1 404 Not Found

Not Found - [https://api.github.com/repos/laravel/framework/commits/ce1798661efdb9144a82195074b7860e242a34e9?access_token=eef5cf07ae388cc529c6e5d13ea0f443234b3cc9]
Not Found - [https://api.github.com/repos/laravel/framework/commits/73ebe115a13f0f18a1533f948a2c8ef3d067556b?access_token=eef5cf07ae388cc529c6e5d13ea0f443234b3cc9]
Not Found - [https://api.github.com/repos/laravel/framework/commits/87818167c2655fab7d89242483153070b8ea5751?access_token=eef5cf07ae388cc529c6e5d13ea0f443234b3cc9]
Not Found - [https://api.github.com/repos/laravel/framework/commits/74e67e481d79212a26637fea1e926b34bda0d702?access_token=eef5cf07ae388cc529c6e5d13ea0f443234b3cc9]
Not Found - [https://api.github.com/repos/laravel/framework/commits/1dbd8bb70f62b8f8a14e34e11e172bf05fb90a5e?access_token=eef5cf07ae388cc529c6e5d13ea0f443234b3cc9]
Not Found - [https://api.github.com/repos/laravel/framework/commits/e07b6a3f21561174efaf380fd1d4c1e037b7d3c3?access_token=eef5cf07ae388cc529c6e5d13ea0f443234b3cc9]
Not Found - [https://api.github.com/repos/laravel/framework/commits/63237f64c120705840010fc2948a5824cf2806a4?access_token=eef5cf07ae388cc529c6e5d13ea0f443234b3cc9]
Not Found - [https://api.github.com/repos/laravel/framework/commits/d8addc9e9ff6a66d44d5b5a04799b19f29f998ef?access_token=eef5cf07ae388cc529c6e5d13ea0f443234b3cc9]
Not Found - [https://api.github.com/repos/laravel/framework/commits/346e9222b741f0c5aa44312128743da9d9287b93?access_token=eef5cf07ae388cc529c6e5d13ea0f443234b3cc9]
file_get_contents(http://195.251.210.148:9000/api/measures/component?metricKeys=sqale_index,sqale_debt_ratio,blocker_violations,critical_violations,major_violations,minor_violations,info_violations&componentKey=laravelframework410:tests/Database/DatabaseMySqlSchemaGrammarTest.php): failed to open stream: HTTP request failed! HTTP/1.1 404 Not Found

Not Found - [https://api.github.com/repos/laravel/framework/commits/124ab053d89f7c5e4cfb7a15ff2c03e7665dc694?access_token=eef5cf07ae388cc529c6e5d13ea0f443234b3cc9]
Not Found - [https://api.github.com/repos/laravel/framework/commits/5e1c5203a4d35c302c31c34bfc9c9734a90fc300?access_token=eef5cf07ae388cc529c6e5d13ea0f443234b3cc9]
Not Found - [https://api.github.com/repos/laravel/framework/commits/8ddc7f2a316f8f2f688ae2f727afcfd8befdd1d9?access_token=eef5cf07ae388cc529c6e5d13ea0f443234b3cc9]
Not Found - [https://api.github.com/repos/laravel/framework/commits/b8b8f5c09ff55f0f8bae331ef74935e18e74cd8d?access_token=eef5cf07ae388cc529c6e5d13ea0f443234b3cc9]
Not Found - [https://api.github.com/repos/laravel/framework/commits/fae86eb0589d5d918ba275f56b36e426652e0842?access_token=eef5cf07ae388cc529c6e5d13ea0f443234b3cc9]
Not Found - [https://api.github.com/repos/laravel/framework/commits/5c5f35c22a89d31254a8a3aa8d627099ba179e86?access_token=eef5cf07ae388cc529c6e5d13ea0f443234b3cc9]
Not Found - [https://api.github.com/repos/laravel/framework/commits/f8162521036165ead9c352d25d3c13ea977c8752?access_token=eef5cf07ae388cc529c6e5d13ea0f443234b3cc9]
Not Found - [https://api.github.com/repos/laravel/framework/commits/89c54d540bd909bdf3ab050b4486236227547b79?access_token=eef5cf07ae388cc529c6e5d13ea0f443234b3cc9]
Not Found - [https://api.github.com/repos/laravel/framework/commits/67298ef2c850d8c7cd85eb260046c4e41aebfbea?access_token=eef5cf07ae388cc529c6e5d13ea0f443234b3cc9]
Not Found - [https://api.github.com/repos/laravel/framework/commits/d1d83aca25d9135975a61fa092ca6e9d4ba92d54?access_token=eef5cf07ae388cc529c6e5d13ea0f443234b3cc9]
Not Found - [https://api.github.com/repos/laravel/framework/commits/00a6f8e38d6402bb94b00e00238212d8338308d7?access_token=eef5cf07ae388cc529c6e5d13ea0f443234b3cc9]
Not Found - [https://api.github.com/repos/laravel/framework/commits/000fcc3cff991cb7a0d11d9a6bb95952b1dfcdad?access_token=eef5cf07ae388cc529c6e5d13ea0f443234b3cc9]
Not Found - [https://api.github.com/repos/laravel/framework/commits/3a13da5f0774eff18a1d3cff0b79f6d49b15cfd0?access_token=eef5cf07ae388cc529c6e5d13ea0f443234b3cc9]
Not Found - [https://api.github.com/repos/laravel/framework/commits/8bb138c5cf93ed52b8bfe166c894942c9e0dba38?access_token=eef5cf07ae388cc529c6e5d13ea0f443234b3cc9]
Not Found - [https://api.github.com/repos/laravel/framework/commits/335d394d3945d3f281735c7a4a52a7845664d872?access_token=eef5cf07ae388cc529c6e5d13ea0f443234b3cc9]
Not Found - [https://api.github.com/repos/laravel/framework/commits/5a9a60cd345583b93ba5c409f85d32c312b6dc1f?access_token=eef5cf07ae388cc529c6e5d13ea0f443234b3cc9]
Not Found - [https://api.github.com/repos/laravel/framework/commits/5c01ed3af9f0c012a799015182eb6f3e3cd33731?access_token=eef5cf07ae388cc529c6e5d13ea0f443234b3cc9]
Not Found - [https://api.github.com/repos/laravel/framework/commits/d194657e3d9fc227f41fc8ebfda2f672183cc30b?access_token=eef5cf07ae388cc529c6e5d13ea0f443234b3cc9]
Not Found - [https://api.github.com/repos/laravel/framework/commits/ecfa8f21227e59371f00421abe54842029f8fe9c?access_token=eef5cf07ae388cc529c6e5d13ea0f443234b3cc9]
Not Found - [https://api.github.com/repos/laravel/framework/commits/e077b759bd54ce8b3516dc3acea156866d844d17?access_token=eef5cf07ae388cc529c6e5d13ea0f443234b3cc9]
Not Found - [https://api.github.com/repos/laravel/framework/commits/0f502a3da36a6565a1726041a5dc647933871cd2?access_token=eef5cf07ae388cc529c6e5d13ea0f443234b3cc9]
Not Found - [https://api.github.com/repos/laravel/framework/commits/e717d444ff894a58f65d6b82a0c5a7fdc402a675?access_token=eef5cf07ae388cc529c6e5d13ea0f443234b3cc9]
file_get_contents(http://195.251.210.148:9000/api/measures/component?metricKeys=sqale_index,sqale_debt_ratio,blocker_violations,critical_violations,major_violations,minor_violations,info_violations&componentKey=laravelframework4115:tests/Database/DatabaseEloquentModelTest.php): failed to open stream: HTTP request failed! HTTP/1.1 404 Not Found

Not Found - [https://api.github.com/repos/laravel/framework/commits/709d94413e75730388605d0104c98a50a9af9757?access_token=eef5cf07ae388cc529c6e5d13ea0f443234b3cc9]
file_get_contents(http://195.251.210.148:9000/api/measures/component?metricKeys=sqale_index,sqale_debt_ratio,blocker_violations,critical_violations,major_violations,minor_violations,info_violations&componentKey=laravelframework4115:tests/Validation/ValidationValidatorTest.php): failed to open stream: HTTP request failed! HTTP/1.1 404 Not Found

file_get_contents(http://195.251.210.148:9000/api/measures/component?metricKeys=sqale_index,sqale_debt_ratio,blocker_violations,critical_violations,major_violations,minor_violations,info_violations&componentKey=laravelframework4115:tests/Validation/ValidationValidatorTest.php): failed to open stream: HTTP request failed! HTTP/1.1 404 Not Found

Not Found - [https://api.github.com/repos/laravel/framework/commits/8e3b0c62c65d17f0721df8baea7c79643443838a?access_token=eef5cf07ae388cc529c6e5d13ea0f443234b3cc9]
Not Found - [https://api.github.com/repos/laravel/framework/commits/3a13da5f0774eff18a1d3cff0b79f6d49b15cfd0?access_token=eef5cf07ae388cc529c6e5d13ea0f443234b3cc9]
Not Found - [https://api.github.com/repos/laravel/framework/commits/e1a8d6980110537834218c3f2dc8c39d9d1bf2c8?access_token=eef5cf07ae388cc529c6e5d13ea0f443234b3cc9]
Not Found - [https://api.github.com/repos/laravel/framework/commits/ce0bbdc1890146b521d185fd66ec6fcf12c99889?access_token=eef5cf07ae388cc529c6e5d13ea0f443234b3cc9]
Not Found - [https://api.github.com/repos/laravel/framework/commits/dea9410304c4518486ea47f4c78af303a2c78f1f?access_token=eef5cf07ae388cc529c6e5d13ea0f443234b3cc9]
Not Found - [https://api.github.com/repos/laravel/framework/commits/a2dc30d152f5d7a50cdabe3a76dac9ff53a84e81?access_token=eef5cf07ae388cc529c6e5d13ea0f443234b3cc9]
Not Found - [https://api.github.com/repos/laravel/framework/commits/05c3b9d5df556fe957742801d5cf251ba76bb580?access_token=eef5cf07ae388cc529c6e5d13ea0f443234b3cc9]
file_get_contents(http://195.251.210.148:9000/api/measures/component?metricKeys=sqale_index,sqale_debt_ratio,blocker_violations,critical_violations,major_violations,minor_violations,info_violations&componentKey=laravelframework420:tests/View/ViewEngineResolverTest.php): failed to open stream: HTTP request failed! HTTP/1.1 404 Not Found

file_get_contents(http://195.251.210.148:9000/api/measures/component?metricKeys=sqale_index,sqale_debt_ratio,blocker_violations,critical_violations,major_violations,minor_violations,info_violations&componentKey=laravelframework420:tests/View/ViewFactoryTest.php): failed to open stream: HTTP request failed! HTTP/1.1 404 Not Found

Not Found - [https://api.github.com/repos/laravel/framework/commits/bf985e6539a537a72d4ffb3a79b53489c863cb9e?access_token=eef5cf07ae388cc529c6e5d13ea0f443234b3cc9]
Not Found - [https://api.github.com/repos/laravel/framework/commits/ecc1e634e71128735918733ec1b83ccf26473551?access_token=eef5cf07ae388cc529c6e5d13ea0f443234b3cc9]
file_get_contents(http://195.251.210.148:9000/api/measures/component?metricKeys=sqale_index,sqale_debt_ratio,blocker_violations,critical_violations,major_violations,minor_violations,info_violations&componentKey=laravelframework420:tests/Database/DatabaseEloquentMorphToTest.php): failed to open stream: HTTP request failed! HTTP/1.1 404 Not Found

Not Found - [https://api.github.com/repos/laravel/framework/commits/2b2ff75fbd9129359e0ba1fbe65ae7a6d7ee149c?access_token=eef5cf07ae388cc529c6e5d13ea0f443234b3cc9]
Not Found - [https://api.github.com/repos/laravel/framework/commits/36596b8f3a11ebb4ca94d38114e3f711bc716aea?access_token=eef5cf07ae388cc529c6e5d13ea0f443234b3cc9]
Not Found - [https://api.github.com/repos/laravel/framework/commits/851fd4cacfb4ee127bfa6ba1dca8bee15a43055a?access_token=eef5cf07ae388cc529c6e5d13ea0f443234b3cc9]
Not Found - [https://api.github.com/repos/laravel/framework/commits/f1e6fbfe993f4ca850b688ef0c874c1f8a349efd?access_token=eef5cf07ae388cc529c6e5d13ea0f443234b3cc9]
Not Found - [https://api.github.com/repos/laravel/framework/commits/fd76265e676fe0725db5ef768b7baad0656dd328?access_token=eef5cf07ae388cc529c6e5d13ea0f443234b3cc9]
Not Found - [https://api.github.com/repos/laravel/framework/commits/98dceb7e80553039ff98bdc04691aabcd1561dfa?access_token=eef5cf07ae388cc529c6e5d13ea0f443234b3cc9]
Not Found - [https://api.github.com/repos/laravel/framework/commits/6e0fa0ab5e708770f4ea669829e83cc3fc8f47b4?access_token=eef5cf07ae388cc529c6e5d13ea0f443234b3cc9]
file_get_contents(http://195.251.210.148:9000/api/measures/component?metricKeys=sqale_index,sqale_debt_ratio,blocker_violations,critical_violations,major_violations,minor_violations,info_violations&componentKey=laravelframework420:tests/Database/DatabaseQueryBuilderTest.php): failed to open stream: HTTP request failed! HTTP/1.1 404 Not Found

file_get_contents(http://195.251.210.148:9000/api/measures/component?metricKeys=sqale_index,sqale_debt_ratio,blocker_violations,critical_violations,major_violations,minor_violations,info_violations&componentKey=laravelframework420:tests/View/ViewBladeCompilerTest.php): failed to open stream: HTTP request failed! HTTP/1.1 404 Not Found

file_get_contents(http://195.251.210.148:9000/api/measures/component?metricKeys=sqale_index,sqale_debt_ratio,blocker_violations,critical_violations,major_violations,minor_violations,info_violations&componentKey=laravelframework420:tests/Http/HttpRequestTest.php): failed to open stream: HTTP request failed! HTTP/1.1 404 Not Found

Not Found - [https://api.github.com/repos/laravel/framework/commits/9963216f585b4e414ad8e4cd98b6a684b01276fe?access_token=eef5cf07ae388cc529c6e5d13ea0f443234b3cc9]
Not Found - [https://api.github.com/repos/laravel/framework/commits/77a1cf73a71db375a823fbaf4056bf7798b533fb?access_token=eef5cf07ae388cc529c6e5d13ea0f443234b3cc9]
Not Found - [https://api.github.com/repos/laravel/framework/commits/02636dddda249310a8c2bd5ab47f13f3a6f6606e?access_token=eef5cf07ae388cc529c6e5d13ea0f443234b3cc9]
file_get_contents(http://195.251.210.148:9000/api/measures/component?metricKeys=sqale_index,sqale_debt_ratio,blocker_violations,critical_violations,major_violations,minor_violations,info_violations&componentKey=laravelframework428:tests/Database/DatabaseQueryBuilderMemoryLeakTest.php): failed to open stream: HTTP request failed! HTTP/1.1 404 Not Found

file_get_contents(http://195.251.210.148:9000/api/measures/component?metricKeys=sqale_index,sqale_debt_ratio,blocker_violations,critical_violations,major_violations,minor_violations,info_violations&componentKey=laravelframework428:src/Illuminate/Database/Query/CompiledQuery.php): failed to open stream: HTTP request failed! HTTP/1.1 404 Not Found

file_get_contents(http://195.251.210.148:9000/api/measures/component?metricKeys=sqale_index,sqale_debt_ratio,blocker_violations,critical_violations,major_violations,minor_violations,info_violations&componentKey=laravelframework428:tests/Database/DatabaseEloquentBuilderTest.php): failed to open stream: HTTP request failed! HTTP/1.1 404 Not Found

file_get_contents(http://195.251.210.148:9000/api/measures/component?metricKeys=sqale_index,sqale_debt_ratio,blocker_violations,critical_violations,major_violations,minor_violations,info_violations&componentKey=laravelframework428:tests/Database/DatabaseQueryBuilderTest.php): failed to open stream: HTTP request failed! HTTP/1.1 404 Not Found

file_get_contents(http://195.251.210.148:9000/api/measures/component?metricKeys=sqale_index,sqale_debt_ratio,blocker_violations,critical_violations,major_violations,minor_violations,info_violations&componentKey=laravelframework428:tests/Database/DatabaseQueryCompiledQueryTest.php): failed to open stream: HTTP request failed! HTTP/1.1 404 Not Found

file_get_contents(http://195.251.210.148:9000/api/measures/component?metricKeys=sqale_index,sqale_debt_ratio,blocker_violations,critical_violations,major_violations,minor_violations,info_violations&componentKey=laravelframework428:src/Illuminate/Foundation/Console/RouteScanCommand.php): failed to open stream: HTTP request failed! HTTP/1.1 404 Not Found

file_get_contents(http://195.251.210.148:9000/api/measures/component?metricKeys=sqale_index,sqale_debt_ratio,blocker_violations,critical_violations,major_violations,minor_violations,info_violations&componentKey=laravelframework428:src/Illuminate/Routing/Annotations/Scanner.php): failed to open stream: HTTP request failed! HTTP/1.1 404 Not Found

Not Found - [https://api.github.com/repos/laravel/framework/commits/94aac1b2fc31310b9cd9ef85d827bbac3588cf54?access_token=eef5cf07ae388cc529c6e5d13ea0f443234b3cc9]
file_get_contents(http://195.251.210.148:9000/api/measures/component?metricKeys=sqale_index,sqale_debt_ratio,blocker_violations,critical_violations,major_violations,minor_violations,info_violations&componentKey=laravelframework428:tests/Database/DatabaseEloquentModelTest.php): failed to open stream: HTTP request failed! HTTP/1.1 404 Not Found

file_get_contents(http://195.251.210.148:9000/api/measures/component?metricKeys=sqale_index,sqale_debt_ratio,blocker_violations,critical_violations,major_violations,minor_violations,info_violations&componentKey=laravelframework428:src/Illuminate/Database/Eloquent/Relations/BelongsToThrough.php): failed to open stream: HTTP request failed! HTTP/1.1 404 Not Found

Not Found - [https://api.github.com/repos/laravel/framework/commits/5a6cd670abb26ad78087d83544a5ad2a5d4e2152?access_token=eef5cf07ae388cc529c6e5d13ea0f443234b3cc9]
Not Found - [https://api.github.com/repos/laravel/framework/commits/8d05677060300bed74a2ed73ef01b65f9c89dfa1?access_token=eef5cf07ae388cc529c6e5d13ea0f443234b3cc9]
Not Found - [https://api.github.com/repos/laravel/framework/commits/1f86a502ef797e2fb94bf9544fe896de3107533d?access_token=eef5cf07ae388cc529c6e5d13ea0f443234b3cc9]
Not Found - [https://api.github.com/repos/laravel/framework/commits/a21950f38c7379b1786b32a5bb8d6024f40f320e?access_token=eef5cf07ae388cc529c6e5d13ea0f443234b3cc9]
Not Found - [https://api.github.com/repos/laravel/framework/commits/95f4be2fd174e47de729a62ac2e30ba7752e019c?access_token=eef5cf07ae388cc529c6e5d13ea0f443234b3cc9]
Not Found - [https://api.github.com/repos/laravel/framework/commits/d078e032d37b5dc357427f9c18d1918460055868?access_token=eef5cf07ae388cc529c6e5d13ea0f443234b3cc9]
Not Found - [https://api.github.com/repos/laravel/framework/commits/a5c696ed0b074f0ed3d2844e6bf23c9178d26f9b?access_token=eef5cf07ae388cc529c6e5d13ea0f443234b3cc9]
file_get_contents(http://195.251.210.148:9000/api/measures/component?metricKeys=sqale_index,sqale_debt_ratio,blocker_violations,critical_violations,major_violations,minor_violations,info_violations&componentKey=laravelframework428:tests/Html/FormBuilderTest.php): failed to open stream: HTTP request failed! HTTP/1.1 404 Not Found

Not Found - [https://api.github.com/repos/laravel/framework/commits/7f59474590cdeec429b32c30e686a7d70ccf67ce?access_token=eef5cf07ae388cc529c6e5d13ea0f443234b3cc9]
Not Found - [https://api.github.com/repos/laravel/framework/commits/4ba054499e76d23ae94e8957cfc8b1f1c6cd47b2?access_token=eef5cf07ae388cc529c6e5d13ea0f443234b3cc9]
file_get_contents(http://195.251.210.148:9000/api/measures/component?metricKeys=sqale_index,sqale_debt_ratio,blocker_violations,critical_violations,major_violations,minor_violations,info_violations&componentKey=laravelframework428:src/Illuminate/Foundation/Bootstrap/LoadConfiguration.php): failed to open stream: HTTP request failed! HTTP/1.1 404 Not Found

file_get_contents(http://195.251.210.148:9000/api/measures/component?metricKeys=sqale_index,sqale_debt_ratio,blocker_violations,critical_violations,major_violations,minor_violations,info_violations&componentKey=laravelframework428:tests/Validation/ValidationValidatorTest.php): failed to open stream: HTTP request failed! HTTP/1.1 404 Not Found

Not Found - [https://api.github.com/repos/laravel/framework/commits/f615006b69f2fe2af254aa4cec8aa2b47a6b8f75?access_token=eef5cf07ae388cc529c6e5d13ea0f443234b3cc9]
Not Found - [https://api.github.com/repos/laravel/framework/commits/fae86eb0589d5d918ba275f56b36e426652e0842?access_token=eef5cf07ae388cc529c6e5d13ea0f443234b3cc9]
Not Found - [https://api.github.com/repos/laravel/framework/commits/5c5f35c22a89d31254a8a3aa8d627099ba179e86?access_token=eef5cf07ae388cc529c6e5d13ea0f443234b3cc9]
Not Found - [https://api.github.com/repos/laravel/framework/commits/f8162521036165ead9c352d25d3c13ea977c8752?access_token=eef5cf07ae388cc529c6e5d13ea0f443234b3cc9]
Not Found - [https://api.github.com/repos/laravel/framework/commits/39314565d000939a956b902f907b612192bbc7e4?access_token=eef5cf07ae388cc529c6e5d13ea0f443234b3cc9]
Not Found - [https://api.github.com/repos/laravel/framework/commits/ead739b35b3ae4d9351454eb97d1107e72e0e8a0?access_token=eef5cf07ae388cc529c6e5d13ea0f443234b3cc9]
Not Found - [https://api.github.com/repos/laravel/framework/commits/9d6fa05a3d3ee6e0e3b0807cd9ff6d3c5a488245?access_token=eef5cf07ae388cc529c6e5d13ea0f443234b3cc9]
Not Found - [https://api.github.com/repos/laravel/framework/commits/5704be11e5d2053b8bebeefb6f1c3ae520d14e48?access_token=eef5cf07ae388cc529c6e5d13ea0f443234b3cc9]
Not Found - [https://api.github.com/repos/laravel/framework/commits/aa0bcb4cc0f9c5ef26e1175904f33e959f1354d1?access_token=eef5cf07ae388cc529c6e5d13ea0f443234b3cc9]
Not Found - [https://api.github.com/repos/laravel/framework/commits/1c58163a4c8daef30d305c639deeb74cf21fb1f3?access_token=eef5cf07ae388cc529c6e5d13ea0f443234b3cc9]
file_get_contents(http://195.251.210.148:9000/api/measures/component?metricKeys=sqale_index,sqale_debt_ratio,blocker_violations,critical_violations,major_violations,minor_violations,info_violations&componentKey=laravelframework500:tests/Validation/ValidationValidatorTest.php): failed to open stream: HTTP request failed! HTTP/1.1 404 Not Found

Not Found - [https://api.github.com/repos/laravel/framework/commits/58d2654a97d027224ace3c39ad1c8405ca8d014f?access_token=eef5cf07ae388cc529c6e5d13ea0f443234b3cc9]
Not Found - [https://api.github.com/repos/laravel/framework/commits/95cb61c6b1d2e46befa117ee0d7271063d3b7e5d?access_token=eef5cf07ae388cc529c6e5d13ea0f443234b3cc9]
Not Found - [https://api.github.com/repos/laravel/framework/commits/d0276efc636d57ea309d9056ea3961c3abacca4e?access_token=eef5cf07ae388cc529c6e5d13ea0f443234b3cc9]
Not Found - [https://api.github.com/repos/laravel/framework/commits/0080e536126f8fe8a56c303ef0d5a41e115f7328?access_token=eef5cf07ae388cc529c6e5d13ea0f443234b3cc9]
Not Found - [https://api.github.com/repos/laravel/framework/commits/6d5c35fda73316780dc7f4ce26e6e1aa4190ef55?access_token=eef5cf07ae388cc529c6e5d13ea0f443234b3cc9]
Not Found - [https://api.github.com/repos/laravel/framework/commits/16d916f7efbdfa9113d3014851abd21db16ff681?access_token=eef5cf07ae388cc529c6e5d13ea0f443234b3cc9]
file_get_contents(http://195.251.210.148:9000/api/measures/component?metricKeys=sqale_index,sqale_debt_ratio,blocker_violations,critical_violations,major_violations,minor_violations,info_violations&componentKey=laravelframework5016:tests/Translation/TranslationFileLoaderTest.php): failed to open stream: HTTP request failed! HTTP/1.1 404 Not Found

Not Found - [https://api.github.com/repos/laravel/framework/commits/a96947efa998a219cc79c7c72b1ca54543860ae9?access_token=eef5cf07ae388cc529c6e5d13ea0f443234b3cc9]
Not Found - [https://api.github.com/repos/laravel/framework/commits/fdfe5c28731cfaedd79db17c1c48a7200838d71e?access_token=eef5cf07ae388cc529c6e5d13ea0f443234b3cc9]
Not Found - [https://api.github.com/repos/laravel/framework/commits/838af389d16325ec9494ce49530d5c281fa3398a?access_token=eef5cf07ae388cc529c6e5d13ea0f443234b3cc9]
file_get_contents(http://195.251.210.148:9000/api/measures/component?metricKeys=sqale_index,sqale_debt_ratio,blocker_violations,critical_violations,major_violations,minor_violations,info_violations&componentKey=laravelframework5016:tests/Database/DatabaseMigrationMigrateCommandTest.php): failed to open stream: HTTP request failed! HTTP/1.1 404 Not Found

file_get_contents(http://195.251.210.148:9000/api/measures/component?metricKeys=sqale_index,sqale_debt_ratio,blocker_violations,critical_violations,major_violations,minor_violations,info_violations&componentKey=laravelframework5016:tests/Database/DatabaseMigrationResetCommandTest.php): failed to open stream: HTTP request failed! HTTP/1.1 404 Not Found

Not Found - [https://api.github.com/repos/laravel/framework/commits/9c32121a9c7bd99068f44f62ba4a841d7c0ede4a?access_token=eef5cf07ae388cc529c6e5d13ea0f443234b3cc9]
Not Found - [https://api.github.com/repos/laravel/framework/commits/582058aee793a991704fa1f497fa3a4d87e039b0?access_token=eef5cf07ae388cc529c6e5d13ea0f443234b3cc9]
file_get_contents(http://195.251.210.148:9000/api/measures/component?metricKeys=sqale_index,sqale_debt_ratio,blocker_violations,critical_violations,major_violations,minor_violations,info_violations&componentKey=laravelframework510:tests/Database/DatabaseEloquentCollectionTest.php): failed to open stream: HTTP request failed! HTTP/1.1 404 Not Found

Not Found - [https://api.github.com/repos/laravel/framework/commits/e1070a79bb09aa992227426541e28e1b0ec01d85?access_token=eef5cf07ae388cc529c6e5d13ea0f443234b3cc9]
Not Found - [https://api.github.com/repos/laravel/framework/commits/9be238d3c52b8878447f1fbabfd7e34ecabff776?access_token=eef5cf07ae388cc529c6e5d13ea0f443234b3cc9]
Not Found - [https://api.github.com/repos/laravel/framework/commits/670a1044b3615f49921f7dc5ae752e129cdecf66?access_token=eef5cf07ae388cc529c6e5d13ea0f443234b3cc9]
Not Found - [https://api.github.com/repos/laravel/framework/commits/b034144c6fdf49f6121fc3bbb58917fee61de48c?access_token=eef5cf07ae388cc529c6e5d13ea0f443234b3cc9]
Not Found - [https://api.github.com/repos/laravel/framework/commits/649c9f0034e27ab05506436aae2fbf38ad064611?access_token=eef5cf07ae388cc529c6e5d13ea0f443234b3cc9]
Not Found - [https://api.github.com/repos/laravel/framework/commits/811dbc3a55cef9381bb63438821510242f535e5c?access_token=eef5cf07ae388cc529c6e5d13ea0f443234b3cc9]
Not Found - [https://api.github.com/repos/laravel/framework/commits/3aa680292ea00df62c0ad1d4f8f762af13d83d67?access_token=eef5cf07ae388cc529c6e5d13ea0f443234b3cc9]
Not Found - [https://api.github.com/repos/laravel/framework/commits/36dfb4ca672bcc33b6064e76bdc94b8d21334ba9?access_token=eef5cf07ae388cc529c6e5d13ea0f443234b3cc9]
file_get_contents(http://195.251.210.148:9000/api/measures/component?metricKeys=sqale_index,sqale_debt_ratio,blocker_violations,critical_violations,major_violations,minor_violations,info_violations&componentKey=laravelframework510:tests/Mail/MailMailerTest.php): failed to open stream: HTTP request failed! HTTP/1.1 404 Not Found

file_get_contents(http://195.251.210.148:9000/api/measures/component?metricKeys=sqale_index,sqale_debt_ratio,blocker_violations,critical_violations,major_violations,minor_violations,info_violations&componentKey=laravelframework510:tests/Support/SupportArrTest.php): failed to open stream: HTTP request failed! HTTP/1.1 404 Not Found

Not Found - [https://api.github.com/repos/laravel/framework/commits/99e55e327ff4f26698df0d13157768501b4ea6be?access_token=eef5cf07ae388cc529c6e5d13ea0f443234b3cc9]
Not Found - [https://api.github.com/repos/laravel/framework/commits/0d47fbb44b9c3564c8d01fa723b033d39e31588f?access_token=eef5cf07ae388cc529c6e5d13ea0f443234b3cc9]
Not Found - [https://api.github.com/repos/laravel/framework/commits/6ef4d29082cc592d13d70a407455c92b993438cd?access_token=eef5cf07ae388cc529c6e5d13ea0f443234b3cc9]
Not Found - [https://api.github.com/repos/laravel/framework/commits/6b565244e209dd3c6f224c64299cb29255d56241?access_token=eef5cf07ae388cc529c6e5d13ea0f443234b3cc9]
Not Found - [https://api.github.com/repos/laravel/framework/commits/7d748d3677f615afc4f5c1e865c8164ce7c83982?access_token=eef5cf07ae388cc529c6e5d13ea0f443234b3cc9]
Not Found - [https://api.github.com/repos/laravel/framework/commits/9d3fac46db3065eb30f997d29f0498591fbe2d32?access_token=eef5cf07ae388cc529c6e5d13ea0f443234b3cc9]
Not Found - [https://api.github.com/repos/laravel/framework/commits/1cc7987c194c57ec4787c935204202f3a2bc0820?access_token=eef5cf07ae388cc529c6e5d13ea0f443234b3cc9]
Not Found - [https://api.github.com/repos/laravel/framework/commits/9b8cc2603f15561f4081b5e205f6b0d7f7490910?access_token=eef5cf07ae388cc529c6e5d13ea0f443234b3cc9]
Not Found - [https://api.github.com/repos/laravel/framework/commits/8ff235ab59987bff2b389708ff9c07afea632e99?access_token=eef5cf07ae388cc529c6e5d13ea0f443234b3cc9]
Not Found - [https://api.github.com/repos/laravel/framework/commits/c82be11aad8b7240577952c1375826e87ff904ab?access_token=eef5cf07ae388cc529c6e5d13ea0f443234b3cc9]
file_get_contents(http://195.251.210.148:9000/api/measures/component?metricKeys=sqale_index,sqale_debt_ratio,blocker_violations,critical_violations,major_violations,minor_violations,info_violations&componentKey=laravelframework5115:tests/Database/DatabaseEloquentModelTest.php): failed to open stream: HTTP request failed! HTTP/1.1 404 Not Found

Not Found - [https://api.github.com/repos/laravel/framework/commits/4b3727820774469311e784ef51d59fca8efa4871?access_token=eef5cf07ae388cc529c6e5d13ea0f443234b3cc9]
Not Found - [https://api.github.com/repos/laravel/framework/commits/b683f870b4e68875c55cd2cbb394840add23e3ad?access_token=eef5cf07ae388cc529c6e5d13ea0f443234b3cc9]
Not Found - [https://api.github.com/repos/laravel/framework/commits/42228f3b2f5c23bb557731021861e5515d8f7e57?access_token=eef5cf07ae388cc529c6e5d13ea0f443234b3cc9]
Not Found - [https://api.github.com/repos/laravel/framework/commits/a3fcbd81d10c22e7fc6ef33c022e55222fe2d37f?access_token=eef5cf07ae388cc529c6e5d13ea0f443234b3cc9]
file_get_contents(http://195.251.210.148:9000/api/measures/component?metricKeys=sqale_index,sqale_debt_ratio,blocker_violations,critical_violations,major_violations,minor_violations,info_violations&componentKey=laravelframework5115:tests/Container/ContainerTest.php): failed to open stream: HTTP request failed! HTTP/1.1 404 Not Found

Not Found - [https://api.github.com/repos/laravel/framework/commits/af3f4eaa2b37bca77274b670e96a695f3e46c4e5?access_token=eef5cf07ae388cc529c6e5d13ea0f443234b3cc9]
Not Found - [https://api.github.com/repos/laravel/framework/commits/7954ba7f756e645404dd238e73bea299896751da?access_token=eef5cf07ae388cc529c6e5d13ea0f443234b3cc9]
Not Found - [https://api.github.com/repos/laravel/framework/commits/9ba477bc02518ad5e418a06ee1d8376650a18a0d?access_token=eef5cf07ae388cc529c6e5d13ea0f443234b3cc9]
Not Found - [https://api.github.com/repos/laravel/framework/commits/8edf43a4e6dedfcc637cf889b47e6c454e4c0618?access_token=eef5cf07ae388cc529c6e5d13ea0f443234b3cc9]
Not Found - [https://api.github.com/repos/laravel/framework/commits/be7b2627aeede542db30814e511080c98803ec38?access_token=eef5cf07ae388cc529c6e5d13ea0f443234b3cc9]
file_get_contents(http://195.251.210.148:9000/api/measures/component?metricKeys=sqale_index,sqale_debt_ratio,blocker_violations,critical_violations,major_violations,minor_violations,info_violations&componentKey=laravelframework520:tests/Events/EventsDispatcherTest.php): failed to open stream: HTTP request failed! HTTP/1.1 404 Not Found

Not Found - [https://api.github.com/repos/laravel/framework/commits/26e5e3382c5e25dc033a88e8df733685ed4c34c2?access_token=eef5cf07ae388cc529c6e5d13ea0f443234b3cc9]
file_get_contents(http://195.251.210.148:9000/api/measures/component?metricKeys=sqale_index,sqale_debt_ratio,blocker_violations,critical_violations,major_violations,minor_violations,info_violations&componentKey=laravelframework520:tests/Routing/RoutingRouteTest.php): failed to open stream: HTTP request failed! HTTP/1.1 404 Not Found

Not Found - [https://api.github.com/repos/laravel/framework/commits/d5088bb76e8fe97226556f7d7ea59f0c1495f4d6?access_token=eef5cf07ae388cc529c6e5d13ea0f443234b3cc9]
Not Found - [https://api.github.com/repos/laravel/framework/commits/7443dcb244afd2d67472e49dc9accf3f5f4c2ef6?access_token=eef5cf07ae388cc529c6e5d13ea0f443234b3cc9]
Not Found - [https://api.github.com/repos/laravel/framework/commits/1210b95ce9647ef75686e58445b09cd2e2629186?access_token=eef5cf07ae388cc529c6e5d13ea0f443234b3cc9]
file_get_contents(http://195.251.210.148:9000/api/measures/component?metricKeys=sqale_index,sqale_debt_ratio,blocker_violations,critical_violations,major_violations,minor_violations,info_violations&componentKey=laravelframework520:src/Illuminate/Foundation/Testing/InteractsWithPages.php): failed to open stream: HTTP request failed! HTTP/1.1 404 Not Found

file_get_contents(http://195.251.210.148:9000/api/measures/component?metricKeys=sqale_index,sqale_debt_ratio,blocker_violations,critical_violations,major_violations,minor_violations,info_violations&componentKey=laravelframework520:tests/Foundation/FoundationInteractsWithPagesTest.php): failed to open stream: HTTP request failed! HTTP/1.1 404 Not Found

Not Found - [https://api.github.com/repos/laravel/framework/commits/80b0aec7fb1ea2b893b0029c983c24edc27a303f?access_token=eef5cf07ae388cc529c6e5d13ea0f443234b3cc9]
Not Found - [https://api.github.com/repos/laravel/framework/commits/1624d7976b2a9b76c74e353d3e8f7f3d7321ee66?access_token=eef5cf07ae388cc529c6e5d13ea0f443234b3cc9]
Not Found - [https://api.github.com/repos/laravel/framework/commits/11bde906bb0a64b044fdeb14f8584fa07a0c78b1?access_token=eef5cf07ae388cc529c6e5d13ea0f443234b3cc9]
file_get_contents(http://195.251.210.148:9000/api/measures/component?metricKeys=sqale_index,sqale_debt_ratio,blocker_violations,critical_violations,major_violations,minor_violations,info_violations&componentKey=laravelframework520:tests/Validation/ValidationValidatorTest.php): failed to open stream: HTTP request failed! HTTP/1.1 404 Not Found

Not Found - [https://api.github.com/repos/laravel/framework/commits/06174af13d545cb89736cc8657aeb82dff4c9aea?access_token=eef5cf07ae388cc529c6e5d13ea0f443234b3cc9]
Not Found - [https://api.github.com/repos/laravel/framework/commits/0536d655e9c40202514845cd337313ca00ce9d36?access_token=eef5cf07ae388cc529c6e5d13ea0f443234b3cc9]
file_get_contents(http://195.251.210.148:9000/api/measures/component?metricKeys=sqale_index,sqale_debt_ratio,blocker_violations,critical_violations,major_violations,minor_violations,info_violations&componentKey=laravelframework5220:tests/Validation/ValidationValidatorTest.php): failed to open stream: HTTP request failed! HTTP/1.1 404 Not Found

file_get_contents(http://195.251.210.148:9000/api/measures/component?metricKeys=sqale_index,sqale_debt_ratio,blocker_violations,critical_violations,major_violations,minor_violations,info_violations&componentKey=laravelframework5220:tests/Database/DatabaseQueryBuilderTest.php): failed to open stream: HTTP request failed! HTTP/1.1 404 Not Found

file_get_contents(http://195.251.210.148:9000/api/measures/component?metricKeys=sqale_index,sqale_debt_ratio,blocker_violations,critical_violations,major_violations,minor_violations,info_violations&componentKey=laravelframework5220:tests/Database/DatabaseEloquentBelongsToManyTest.php): failed to open stream: HTTP request failed! HTTP/1.1 404 Not Found

file_get_contents(http://195.251.210.148:9000/api/measures/component?metricKeys=sqale_index,sqale_debt_ratio,blocker_violations,critical_violations,major_violations,minor_violations,info_violations&componentKey=laravelframework5220:tests/Database/DatabaseEloquentHasManyThroughTest.php): failed to open stream: HTTP request failed! HTTP/1.1 404 Not Found

file_get_contents(http://195.251.210.148:9000/api/measures/component?metricKeys=sqale_index,sqale_debt_ratio,blocker_violations,critical_violations,major_violations,minor_violations,info_violations&componentKey=laravelframework5220:tests/View/ViewBladeCompilerTest.php): failed to open stream: HTTP request failed! HTTP/1.1 404 Not Found

Not Found - [https://api.github.com/repos/laravel/framework/commits/7612fa459bbd7e0f0b1c7b70b39da9caf69e2de0?access_token=eef5cf07ae388cc529c6e5d13ea0f443234b3cc9]
Not Found - [https://api.github.com/repos/laravel/framework/commits/31ff7a3a2851182042571a838d76a3912c3dbcb6?access_token=eef5cf07ae388cc529c6e5d13ea0f443234b3cc9]
Not Found - [https://api.github.com/repos/laravel/framework/commits/24a9b6750e421a0651d0fa70b18c0978b5df09af?access_token=eef5cf07ae388cc529c6e5d13ea0f443234b3cc9]
file_get_contents(http://195.251.210.148:9000/api/measures/component?metricKeys=sqale_index,sqale_debt_ratio,blocker_violations,critical_violations,major_violations,minor_violations,info_violations&componentKey=laravelframework5237:tests/View/ViewBladeCompilerTest.php): failed to open stream: HTTP request failed! HTTP/1.1 404 Not Found

#####
