src/Illuminate/Queue/Connectors/IronConnector.php,1,2,0.4,0,0,0,1,0
src/Illuminate/Queue/IronQueue.php,1,2,0.1,0,0,0,1,0
src/Illuminate/Html/FormBuilder.php,2,186.5,1.8,0,0,13.5,16,0
src/Illuminate/Database/Query/Builder.php,8,267.63,1.25,0,0,8.5,13.25,0
src/Illuminate/Pagination/Paginator.php,1,75,1.7,0,0,4,2,0
src/Illuminate/Exception/Handler.php,1,28,0.6,0,0,6,3,0
src/Illuminate/Foundation/Application.php,2,166,1.6,0,0,10,11,0
src/Illuminate/Database/Eloquent/Relations/BelongsToMany.php,3,138.33,1.033,0,0,7.33,9,0
src/Illuminate/Support/Collection.php,1,65,1.1,0,0,2,2,0
src/Illuminate/Database/Eloquent/Model.php,9,354.67,0.944,0,0,23.44,25.22,0
src/Illuminate/Mail/MailServiceProvider.php,1,37,1.5,0,0,3,3,0
src/Illuminate/Routing/UrlGenerator.php,1,29,0.7,0,0,5,5,0
src/Illuminate/Support/MessageBag.php,2,20,0.6,0,0,2,2,0
src/Illuminate/Database/Eloquent/Builder.php,4,97,0.9,0,0,10.5,7.25,0
src/Illuminate/Database/Eloquent/Relations/HasOneOrMany.php,1,4,0.1,0,0,0,2,0
src/Illuminate/Database/Eloquent/Relations/Relation.php,1,66,1.9,0,0,2,3,0
src/Illuminate/Hashing/BcryptHasher.php,1,32,4.3,0,0,1,2,0
src/Illuminate/Auth/DatabaseUserProvider.php,1,2,0.2,0,0,0,1,0
src/Illuminate/Auth/EloquentUserProvider.php,2,5,0.45,0,0,1,2,0
src/Illuminate/Auth/Guard.php,3,107,1.6,0,0,9,6,0
src/Illuminate/Auth/UserProviderInterface.php,1,2,1.1,0,0,0,1,0
src/Illuminate/Database/Connectors/PostgresConnector.php,1,17,1.7,0,0,3,1,0
src/Illuminate/Database/Query/Grammars/SqlServerGrammar.php,4,24,1.1,0,0,3,3.5,0
src/Illuminate/Routing/Route.php,2,79.5,1.05,0,0,3.5,3,0
src/Illuminate/View/Compilers/BladeCompiler.php,5,104.4,1.24,0,0,2.4,2.8,0
src/Illuminate/Support/Facades/Response.php,1,2,0.2,0,0,0,1,0
src/Illuminate/Foundation/Console/ConfigPublishCommand.php,1,2,0.1,0,0,0,1,0
src/Illuminate/Foundation/Providers/PublisherServiceProvider.php,1,34,1.9,0,0,0,5,0
src/Illuminate/Database/DatabaseManager.php,1,12,0.5,0,0,0,2,0
src/Illuminate/View/Engines/PhpEngine.php,2,3,0.4,0,0,0,2,0
src/Illuminate/Support/Pluralizer.php,1,8,0.2,0,0,2,3,0
src/Illuminate/Mail/Mailer.php,2,89.5,1.6,0,0,2.5,3.5,0
src/Illuminate/Encryption/Encrypter.php,1,23,0.8,0,0,3,4,0
src/Illuminate/Database/Eloquent/Relations/MorphToMany.php,1,22,1.7,0,0,1,1,0
src/Illuminate/Validation/DatabasePresenceVerifier.php,1,2,0.2,0,0,0,1,0
src/Illuminate/Database/Schema/Grammars/MySqlGrammar.php,1,76,1.2,0,0,3,4,0
src/Illuminate/Database/Query/Grammars/Grammar.php,3,142,1.667,0,0,5.33,8.67,0
src/Illuminate/Queue/QueueManager.php,1,10,0.5,0,0,0,2,0
src/Illuminate/Queue/Worker.php,1,19,0.7,0,0,5,5,0
src/Illuminate/Validation/Validator.php,5,303.8,1.08,0,0.6,20.8,12.4,0
src/Illuminate/Foundation/Console/OptimizeCommand.php,1,7,0.4,0,0,1,1,0
src/Illuminate/View/Engines/EngineResolver.php,1,2,0.4,0,0,0,1,0
src/Illuminate/View/Factory.php,1,84,0.8,0,0,5,5,0
src/Illuminate/Database/Query/Processors/MySqlProcessor.php,1,2,1.0,0,0,0,1,0
src/Illuminate/Database/Query/Processors/PostgresProcessor.php,1,2,0.4,0,0,0,1,0
src/Illuminate/Database/Query/Processors/SQLiteProcessor.php,1,2,1.0,0,0,0,1,0
src/Illuminate/Database/Query/Processors/SqlServerProcessor.php,1,2,0.5,0,0,0,1,0
src/Illuminate/Database/Eloquent/Relations/MorphTo.php,1,2,0.1,0,0,0,1,0
src/Illuminate/Queue/RedisQueue.php,1,18,0.7,0,0,0,3,0
src/Illuminate/Database/Eloquent/Relations/HasManyThrough.php,3,21.33,0.467,0,0,0.33,0.67,0
src/Illuminate/Console/ConfirmableTrait.php,1,5,0.8,0,0,1,2,0
src/Illuminate/Http/Request.php,1,106,1.5,0,0,10,9,0
src/Illuminate/Cache/Repository.php,1,3,0.1,0,0,0,2,0
src/Illuminate/Cache/TaggedCache.php,1,9,0.3,0,0,2,4,0
src/Illuminate/Database/Query/JoinClause.php,1,5,0.5,0,0,1,2,0
src/Illuminate/Session/Console/SessionTableCommand.php,1,2,0.3,0,0,0,1,0
src/Illuminate/Database/Query/Grammars/MySqlGrammar.php,1,8,0.5,0,0,2,3,0
src/Illuminate/Database/Query/Grammars/PostgresGrammar.php,1,17,0.7,0,0,5,6,0
src/Illuminate/Database/Query/Grammars/SQLiteGrammar.php,1,2,0.1,0,0,0,1,0
src/Illuminate/Routing/Router.php,1,258,1.3,0,0,15,22,0
src/Illuminate/Foundation/Testing/ApplicationTrait.php,1,52,2.9,0,0,2,2,0
src/Illuminate/Database/Schema/Grammars/PostgresGrammar.php,1,80,1.5,0,0,1,3,0
src/Illuminate/Translation/Translator.php,1,74,1.8,0,0,5,5,0
src/Illuminate/Queue/Jobs/SyncJob.php,1,7,0.8,0,0,0,2,0
src/Illuminate/Pagination/AbstractPaginator.php,1,71,1.3,0,0,4,4,0
src/Illuminate/Pagination/PaginationServiceProvider.php,1,2,0.4,0,0,0,1,0
src/Illuminate/Translation/FileLoader.php,1,2,0.1,0,0,0,1,0
src/Illuminate/Support/Str.php,1,120,2.7,0,0,9,7,0
src/Illuminate/Database/Console/Migrations/MigrateCommand.php,1,13,0.8,0,0,1,3,0
src/Illuminate/Database/Console/Migrations/ResetCommand.php,1,8,0.7,0,0,2,3,0
src/Illuminate/Database/Migrations/Migrator.php,1,8,0.2,0,0,2,3,0
src/Illuminate/Session/SessionManager.php,1,26,1.0,0,0,0,1,0
src/Illuminate/Foundation/Providers/ArtisanServiceProvider.php,1,96,1.4,0,0,1,1,0
src/Illuminate/Database/Eloquent/Collection.php,1,10,0.3,0,0,2,0,0
src/Illuminate/Foundation/Auth/ResetsPasswords.php,1,39,1.8,0,0,1,4,0
src/Illuminate/Support/Arr.php,1,40,0.7,0,0,2,0,0
src/Illuminate/Pagination/LengthAwarePaginator.php,1,0,0.0,0,0,0,0,0
src/Illuminate/Container/Container.php,1,138,0.9,0,0,4,1,0
src/Illuminate/Events/Dispatcher.php,1,68,1.0,0,0,1,1,0
src/Illuminate/Routing/ResourceRegistrar.php,1,15,0.4,0,0,3,0,0
src/Illuminate/Auth/Console/MakeAuthCommand.php,1,0,0.0,0,0,0,0,0
src/Illuminate/Database/Eloquent/Relations/BelongsTo.php,1,0,0.0,0,0,0,0,0
src/Illuminate/Auth/AuthManager.php,1,38,1.1,0,0,0,4,0
src/Illuminate/Auth/Passwords/PasswordBrokerManager.php,1,10,0.6,0,0,0,1,0
src/Illuminate/Foundation/Providers/FoundationServiceProvider.php,1,0,0.0,0,0,0,0,0
src/Illuminate/Database/Eloquent/FactoryBuilder.php,1,0,0.0,0,0,0,0,0
#####
