framework,400,115090,6b7a8d8696a0c1d43ff2059e6b720d380e52f431,2013-05-30 22:03:11,2013-05-31 14:49:41,60390,3,src/Illuminate/Queue/Connectors/IronConnector.php,14,2,0.4,0,0,0,1,0
framework,400,115090,6b7a8d8696a0c1d43ff2059e6b720d380e52f431,2013-05-30 22:03:11,2013-05-31 14:49:41,60390,3,src/Illuminate/Queue/IronQueue.php,33,2,0.1,0,0,0,1,0
framework,400,115057,0bffe635b148368b01857e615ec802da7e1d7274,2013-06-02 15:01:59,2013-06-04 19:07:23,187524,2,src/Illuminate/Html/FormBuilder.php,55,183,1.9,0,0,14,14,0
framework,400,115043,023198595319682af977ef51850c2bc758c96500,2013-06-03 19:04:53,2013-06-06 03:30:27,203134,1,src/Illuminate/Database/Query/Builder.php,2,226,1.3,0,0,9,9,0
framework,400,115032,aa95e4ff2c795f5f8cf3a59fcf5b794198975ea8,2013-06-04 17:10:02,2013-06-04 21:45:08,16506,1,src/Illuminate/Pagination/Paginator.php,11,75,1.7,0,0,4,2,0
framework,400,115031,f2cd62121ab06a2b4fc5d44fc6c1382daa5bc45c,2013-06-04 18:00:12,2013-06-04 19:14:08,4436,2,src/Illuminate/Exception/Handler.php,11,28,0.6,0,0,6,3,0
framework,400,115031,f2cd62121ab06a2b4fc5d44fc6c1382daa5bc45c,2013-06-04 18:00:12,2013-06-04 19:14:08,4436,2,src/Illuminate/Foundation/Application.php,13,165,1.6,0,0,10,11,0
framework,400,115025,7335cfdf0d58475fa237732d6e7505217d6a44ff,2013-06-05 04:43:24,2013-06-06 02:36:07,78763,1,src/Illuminate/Database/Eloquent/Relations/BelongsToMany.php,63,85,0.8,0,0,8,9,0
framework,400,115017,f41b86018cd3dc09dd5b216e98c3bfabf0653954,2013-06-05 19:04:58,2013-06-06 01:53:30,24512,2,src/Illuminate/Support/Collection.php,2,65,1.1,0,0,2,2,0
framework,400,115014,40ddff92b9a142457e62ec2b125de1d004ee99d4,2013-06-06 02:13:51,2013-06-06 03:13:45,3594,1,src/Illuminate/Database/Eloquent/Model.php,4,359,1.2,0,0,35,32,0
framework,400,115001,7b8f9416ca562ffcb9be1036aec125e8a2cbb9e6,2013-06-06 17:58:14,2013-06-06 19:58:39,7225,1,src/Illuminate/Mail/MailServiceProvider.php,8,37,1.5,0,0,3,3,0
framework,400,114990,a31c1645ca6013a7cbad891b1ca9f6e3ecf5364a,2013-06-07 11:10:08,2013-06-08 18:05:47,111339,1,src/Illuminate/Routing/UrlGenerator.php,2,29,0.7,0,0,5,5,0
framework,400,114980,7b3f3fb32ac08a72b2e91134d6bd9ad5746bf3b4,2013-06-08 03:09:58,2013-06-08 17:35:29,51931,1,src/Illuminate/Support/MessageBag.php,10,20,0.6,0,0,2,2,0
framework,400,114979,ec9d422986844f29823c000cb21ffa7a4dfafb3b,2013-06-08 03:15:16,2013-06-11 00:43:39,250103,1,src/Illuminate/Support/MessageBag.php,3,20,0.6,0,0,2,2,0
framework,400,114962,d0f7fe6707c2cb2baa8cb7cbfec5aefadafca36f,2013-06-10 16:16:47,2013-06-10 22:11:36,21289,6,src/Illuminate/Database/Eloquent/Builder.php,4,102,1.1,0,0,11,6,0
framework,400,114962,d0f7fe6707c2cb2baa8cb7cbfec5aefadafca36f,2013-06-10 16:16:47,2013-06-10 22:11:36,21289,6,src/Illuminate/Database/Eloquent/Relations/HasOneOrMany.php,2,4,0.1,0,0,0,2,0
framework,400,114962,d0f7fe6707c2cb2baa8cb7cbfec5aefadafca36f,2013-06-10 16:16:47,2013-06-10 22:11:36,21289,6,src/Illuminate/Database/Eloquent/Relations/Relation.php,12,66,1.9,0,0,2,3,0
framework,400,114937,aff3894672cf8c8f27c09a0d651065de31dbf8b3,2013-06-12 13:10:40,2013-06-13 02:56:23,49543,1,src/Illuminate/Hashing/BcryptHasher.php,22,32,4.3,0,0,1,2,0
framework,405,114919,799ceb088057dd98b30a949ae515452a1b974ab7,2013-06-13 19:32:54,2013-06-14 03:43:35,29441,1,src/Illuminate/Database/Query/Builder.php,2,230,1.3,0,0,10,11,0
framework,405,114858,f6b2e044a68ceedc4ea4a4fbddf3312839640ec7,2013-06-20 18:42:15,2013-07-30 13:22:59,3436844,1,src/Illuminate/Foundation/Application.php,8,167,1.6,0,0,10,11,0
framework,405,114851,ba79ebc3efd83b7fb1e4a1cffdb5d448afe09191,2013-06-21 11:13:51,2013-07-31 18:05:33,3480702,2,src/Illuminate/Database/Query/Builder.php,31,230,1.3,0,0,10,11,0
framework,405,114847,2faf3810d8af7682ae5dcf6017410d403f8a7990,2013-06-21 12:39:12,2013-06-24 02:22:41,222209,5,src/Illuminate/Auth/DatabaseUserProvider.php,2,2,0.2,0,0,0,1,0
framework,405,114847,2faf3810d8af7682ae5dcf6017410d403f8a7990,2013-06-21 12:39:12,2013-06-24 02:22:41,222209,5,src/Illuminate/Auth/EloquentUserProvider.php,2,5,0.5,0,0,1,2,0
framework,405,114847,2faf3810d8af7682ae5dcf6017410d403f8a7990,2013-06-21 12:39:12,2013-06-24 02:22:41,222209,5,src/Illuminate/Auth/Guard.php,2,107,1.6,0,0,9,6,0
framework,405,114847,2faf3810d8af7682ae5dcf6017410d403f8a7990,2013-06-21 12:39:12,2013-06-24 02:22:41,222209,5,src/Illuminate/Auth/UserProviderInterface.php,2,2,1.1,0,0,0,1,0
framework,405,114818,c18ee3d32fe7e5403fd233a42e9e7d185340c88d,2013-06-25 14:39:48,2013-06-25 14:43:07,199,1,src/Illuminate/Database/Connectors/PostgresConnector.php,6,17,1.7,0,0,3,1,0
framework,405,114803,6faf4f696fe1b2d6db95be3baf9435a093f3615a,2013-06-27 10:06:39,2015-12-07 15:56:42,77176203,1,src/Illuminate/Database/Query/Grammars/SqlServerGrammar.php,2,25,1.2,0,0,3,3,0
framework,405,114772,4f2a90058d26b27c108dcc18aba9b8548afdd02e,2013-07-01 09:31:58,2013-08-21 12:49:36,4418258,1,src/Illuminate/Routing/Route.php,28,76,1.3,0,0,5,4,0
framework,405,114751,c9b525e11127e384702fa880670c984b649e1e95,2013-07-04 06:05:14,2013-07-04 06:11:14,360,1,src/Illuminate/View/Compilers/BladeCompiler.php,7,70,1.3,0,0,1,2,0
framework,405,114745,8ee9b0a16fe25245cc3c73dcbc1619dd5eb18ce2,2013-07-04 19:18:15,2013-07-04 19:42:41,1466,1,src/Illuminate/Auth/Guard.php,1,107,1.6,0,0,9,6,0
framework,405,114612,bf18f6e80e09281ce0e19b32bfde032ab5608a37,2013-07-25 18:42:18,2013-07-29 13:33:22,327064,1,src/Illuminate/Support/Facades/Response.php,7,2,0.2,0,0,0,1,0
framework,405,114413,e66979c86c730165131f95808296df5d7c75faa9,2013-08-21 09:30:35,2013-09-30 10:46:23,3460548,6,src/Illuminate/Foundation/Console/ConfigPublishCommand.php,6,2,0.1,0,0,0,1,0
framework,405,114413,e66979c86c730165131f95808296df5d7c75faa9,2013-08-21 09:30:35,2013-09-30 10:46:23,3460548,6,src/Illuminate/Foundation/Providers/PublisherServiceProvider.php,47,34,1.9,0,0,0,5,0
framework,405,114324,73e279f942af20ce3afabace487e10953401613e,2013-09-06 10:26:31,2014-04-18 08:23:17,19346206,1,src/Illuminate/Database/Query/Grammars/SqlServerGrammar.php,2,25,1.2,0,0,3,3,0
framework,405,114220,d159901212caa9d0a7a098760b99b0c811e4965c,2013-09-24 15:11:01,2013-09-30 19:00:17,532156,1,src/Illuminate/Database/DatabaseManager.php,10,12,0.5,0,0,0,2,0
framework,405,114200,7fe431c8728394fdad9067cc9aaf159cb788e3c3,2013-09-29 06:20:47,2013-10-14 17:30:42,1336195,2,src/Illuminate/View/Engines/PhpEngine.php,2,3,0.4,0,0,0,2,0
framework,405,114080,bf4ddbdaec0b673f7aab010890b70e3a6d63f27e,2013-10-14 17:34:14,2013-10-14 21:59:45,15931,2,src/Illuminate/View/Engines/PhpEngine.php,2,3,0.4,0,0,0,2,0
framework,405,113968,73e279f942af20ce3afabace487e10953401613e,2013-10-30 03:02:53,2014-04-18 08:23:17,14707224,1,src/Illuminate/Database/Query/Grammars/SqlServerGrammar.php,2,25,1.2,0,0,3,3,0
framework,405,113905,76f9ffcc092c0b2f024b849710df87c9679ff01f,2013-11-06 08:37:06,2013-11-06 17:02:53,30347,2,src/Illuminate/View/Compilers/BladeCompiler.php,2,70,1.3,0,0,1,2,0
framework,405,113791,1d1a75a8a87ff520b474b0613e99a8e190030fdf,2013-11-20 22:37:50,2014-04-05 18:20:36,11734966,2,src/Illuminate/Support/Pluralizer.php,1,8,0.2,0,0,2,3,0
framework,405,113700,37dd314ee563f6bef34bc36d59c6101a17508677,2013-12-04 18:59:37,2013-12-06 03:07:13,115656,1,src/Illuminate/Mail/Mailer.php,4,93,1.8,0,0,4,5,0
framework,405,113688,f2e92773aba508201fd736b3e424b856f0f6fcfe,2013-12-05 23:22:29,2013-12-06 02:45:49,12200,1,src/Illuminate/Auth/Guard.php,4,107,1.6,0,0,9,6,0
framework,410,113494,b3bf05c96f9fa73625e69794a1d602a510c8f2ab,2013-12-28 08:53:45,2013-12-28 08:58:09,264,1,src/Illuminate/Encryption/Encrypter.php,4,23,0.8,0,0,3,4,0
framework,410,113491,0f1554e0ed9aa57b18a49867217cdeeb0b6cf0ba,2013-12-28 11:09:19,2014-03-08 04:10:34,6022875,1,src/Illuminate/Database/Eloquent/Relations/MorphToMany.php,14,22,1.7,0,0,1,1,0
framework,410,113472,7c3f2631b935c54a02bf3361977c19cbbd17cce2,2013-12-30 13:34:46,2014-01-02 13:14:47,258001,1,src/Illuminate/Validation/DatabasePresenceVerifier.php,40,2,0.2,0,0,0,1,0
framework,410,113440,d893a3da45aa1e21250b4d35c31b830b16e6bc8a,2014-01-03 19:16:36,2014-01-04 19:11:55,86119,2,src/Illuminate/Database/Schema/Grammars/MySqlGrammar.php,2,76,1.2,0,0,3,4,0
framework,4115,112798,c254961125206b5ddb68e5c9be1656d995397c16,2014-03-03 02:08:48,2014-07-29 02:01:19,12786751,2,src/Illuminate/Database/Eloquent/Model.php,4,335,1.0,0,0,27,35,0
framework,4115,112652,14496168be000bc7ff8be4d4eee876def6331570,2014-03-17 22:07:58,2014-06-11 07:25:27,7377449,1,src/Illuminate/Database/Query/Grammars/Grammar.php,14,136,1.6,0,0,6,8,0
framework,4115,112605,7d6e204a38b77de28f79e4a0439022d4bd1bd251,2014-03-21 16:43:02,2014-03-21 22:25:33,20551,2,src/Illuminate/Queue/QueueManager.php,11,10,0.5,0,0,0,2,0
framework,4115,112605,7d6e204a38b77de28f79e4a0439022d4bd1bd251,2014-03-21 16:43:02,2014-03-21 22:25:33,20551,2,src/Illuminate/Queue/Worker.php,20,19,0.7,0,0,5,5,0
framework,4115,112491,0c9a90505998e2211a7d27f9c229e69329e58557,2014-04-07 20:14:54,2014-04-07 21:31:04,4570,2,src/Illuminate/Validation/Validator.php,2,312,1.3,0,0,23,14,0
framework,4115,112431,ee52ad8cabd0e4a24739059bd65c3ffcdba57de2,2014-04-15 14:19:54,2014-06-06 14:53:04,4494790,2,src/Illuminate/Validation/Validator.php,22,312,1.3,0,0,23,14,0
framework,4115,112187,30a4a4b51cbf0f5f1d58db4bad738cb5089ceeab,2014-05-09 12:25:53,2014-11-01 13:48:58,15211385,1,src/Illuminate/Database/Eloquent/Builder.php,19,90,0.8,0,0,9,7,0
framework,420,111870,dcdc344198927741374f2cccd31529b3968a428b,2014-06-12 15:38:07,2014-06-13 15:56:41,87514,5,src/Illuminate/Foundation/Console/OptimizeCommand.php,9,7,0.4,0,0,1,1,0
framework,420,111870,dcdc344198927741374f2cccd31529b3968a428b,2014-06-12 15:38:07,2014-06-13 15:56:41,87514,5,src/Illuminate/View/Engines/EngineResolver.php,12,2,0.4,0,0,0,1,0
framework,420,111870,dcdc344198927741374f2cccd31529b3968a428b,2014-06-12 15:38:07,2014-06-13 15:56:41,87514,5,src/Illuminate/View/Factory.php,7,84,0.8,0,0,5,5,0
framework,420,111831,df4f85779672411d50bcc8673a7fc53ee3e9f9d0,2014-06-16 10:28:21,2014-07-22 17:11:21,3134580,4,src/Illuminate/Database/Query/Processors/MySqlProcessor.php,5,2,1.0,0,0,0,1,0
framework,420,111831,df4f85779672411d50bcc8673a7fc53ee3e9f9d0,2014-06-16 10:28:21,2014-07-22 17:11:21,3134580,4,src/Illuminate/Database/Query/Processors/PostgresProcessor.php,5,2,0.4,0,0,0,1,0
framework,420,111831,df4f85779672411d50bcc8673a7fc53ee3e9f9d0,2014-06-16 10:28:21,2014-07-22 17:11:21,3134580,4,src/Illuminate/Database/Query/Processors/SQLiteProcessor.php,5,2,1.0,0,0,0,1,0
framework,420,111831,df4f85779672411d50bcc8673a7fc53ee3e9f9d0,2014-06-16 10:28:21,2014-07-22 17:11:21,3134580,4,src/Illuminate/Database/Query/Processors/SqlServerProcessor.php,5,2,0.5,0,0,0,1,0
framework,420,111806,79539c1ea12c6eb4037dad55dabbdb3bb46550f3,2014-06-18 11:29:57,2014-06-19 09:31:00,79263,1,src/Illuminate/Database/Eloquent/Model.php,4,361,1.0,0,0,33,36,0
framework,420,111688,de04ef4904a822142b62a6f4f68810692b613354,2014-06-27 23:44:24,2014-07-19 18:54:03,1883379,2,src/Illuminate/Database/Eloquent/Relations/MorphTo.php,22,2,0.1,0,0,0,1,0
framework,420,111646,05018eb8e908b8a6a9eeaef7e4edfa72717cc708,2014-06-30 20:43:43,2014-07-02 09:33:10,132567,2,src/Illuminate/Queue/RedisQueue.php,41,18,0.7,0,0,0,3,0
framework,420,111538,7a7c3caf993a06e2dc41a2fbe91f4b0771be5663,2014-07-11 08:23:18,2014-07-11 19:05:31,38533,1,src/Illuminate/Database/Eloquent/Relations/HasManyThrough.php,16,2,0.1,0,0,0,1,0
framework,420,111427,bba355a5295ceafc4b558ad491902dccff7cd8bf,2014-07-18 11:13:51,2015-02-25 14:33:07,19192756,2,src/Illuminate/Database/Query/Builder.php,5,271,1.2,0,0,9,15,0
framework,420,111342,ac9f4db34a9043451b2f0efeb0f467ee9f06a714,2014-07-24 16:22:51,2014-08-01 16:53:21,693030,1,src/Illuminate/Console/ConfirmableTrait.php,4,5,0.8,0,0,1,2,0
framework,420,111336,18a3f80d8be234f572ec3b0c1ec5f878fc6b042f,2014-07-25 05:18:45,2014-12-16 16:02:52,12480247,2,src/Illuminate/View/Compilers/BladeCompiler.php,2,70,0.9,0,0,1,2,0
framework,420,111323,4b2d154df0ec245ab949352e7d990af732e04c75,2014-07-25 22:14:34,2014-08-01 16:53:21,585527,2,src/Illuminate/Http/Request.php,2,106,1.5,0,0,10,9,0
framework,420,111281,cef058083b9a024ccab9d5996ce2c6b1a29efb4a,2014-07-30 19:35:02,2014-08-01 16:53:21,163099,1,src/Illuminate/Auth/EloquentUserProvider.php,2,5,0.4,0,0,1,2,0
framework,428,111182,5deca4803f68700c42129206d989ae093b63a962,2014-08-08 08:03:06,2014-08-09 10:43:10,96004,2,src/Illuminate/Cache/Repository.php,16,3,0.1,0,0,0,2,0
framework,428,111182,5deca4803f68700c42129206d989ae093b63a962,2014-08-08 08:03:06,2014-08-09 10:43:10,96004,2,src/Illuminate/Cache/TaggedCache.php,16,9,0.3,0,0,2,4,0
framework,428,110991,88470f6548a1cc5d148a8eb660e2ac7e753e9431,2014-08-27 12:11:15,2014-09-27 01:49:13,2641078,4,src/Illuminate/Database/Query/Builder.php,4,271,1.1,0,0,9,15,0
framework,428,110991,88470f6548a1cc5d148a8eb660e2ac7e753e9431,2014-08-27 12:11:15,2014-09-27 01:49:13,2641078,4,src/Illuminate/Database/Query/Grammars/Grammar.php,5,145,1.7,0,0,5,9,0
framework,428,110991,88470f6548a1cc5d148a8eb660e2ac7e753e9431,2014-08-27 12:11:15,2014-09-27 01:49:13,2641078,4,src/Illuminate/Database/Query/JoinClause.php,20,5,0.5,0,0,1,2,0
framework,428,110949,8080f975dbba5b17e9a9c525cdcadf8c50708a10,2014-08-31 03:00:40,2014-09-01 09:27:01,109581,1,src/Illuminate/Session/Console/SessionTableCommand.php,2,2,0.3,0,0,0,1,0
framework,428,110726,e3cf094b5f38aadbb6dd7b4dfb145c269bfa28a6,2014-09-25 23:15:24,2014-10-06 01:53:08,873464,11,src/Illuminate/Database/Eloquent/Builder.php,24,98,0.9,0,0,11,8,0
framework,428,110726,e3cf094b5f38aadbb6dd7b4dfb145c269bfa28a6,2014-09-25 23:15:24,2014-10-06 01:53:08,873464,11,src/Illuminate/Database/Query/Builder.php,216,271,1.1,0,0,9,15,0
framework,428,110726,e3cf094b5f38aadbb6dd7b4dfb145c269bfa28a6,2014-09-25 23:15:24,2014-10-06 01:53:08,873464,11,src/Illuminate/Database/Query/Grammars/Grammar.php,323,145,1.7,0,0,5,9,0
framework,428,110726,e3cf094b5f38aadbb6dd7b4dfb145c269bfa28a6,2014-09-25 23:15:24,2014-10-06 01:53:08,873464,11,src/Illuminate/Database/Query/Grammars/MySqlGrammar.php,48,8,0.5,0,0,2,3,0
framework,428,110726,e3cf094b5f38aadbb6dd7b4dfb145c269bfa28a6,2014-09-25 23:15:24,2014-10-06 01:53:08,873464,11,src/Illuminate/Database/Query/Grammars/PostgresGrammar.php,44,17,0.7,0,0,5,6,0
framework,428,110726,e3cf094b5f38aadbb6dd7b4dfb145c269bfa28a6,2014-09-25 23:15:24,2014-10-06 01:53:08,873464,11,src/Illuminate/Database/Query/Grammars/SQLiteGrammar.php,17,2,0.1,0,0,0,1,0
framework,428,110726,e3cf094b5f38aadbb6dd7b4dfb145c269bfa28a6,2014-09-25 23:15:24,2014-10-06 01:53:08,873464,11,src/Illuminate/Database/Query/Grammars/SqlServerGrammar.php,46,21,0.8,0,0,3,5,0
framework,428,110441,63383c3e2b07deec1b15e521ad0c80e09b1983a2,2014-10-16 02:03:20,2014-12-31 22:41:50,6640710,2,src/Illuminate/Database/Eloquent/Model.php,18,372,1.0,0,0,34,38,0
framework,428,110396,498610f829575ec18dfc7f2c6beebba03f83872f,2014-10-20 22:31:38,2015-10-25 20:04:07,31959149,2,src/Illuminate/Database/Eloquent/Model.php,33,372,1.0,0,0,34,38,0
framework,428,110181,8bea50d8a788e1951b526abceb417ee43d001768,2014-11-10 17:23:02,2014-11-27 11:25:10,1447328,2,src/Illuminate/Html/FormBuilder.php,3,190,1.7,0,0,13,18,0
framework,428,109571,4ac3ca8cbd841c43b25b0f3e36cd8c3862f2a1c3,2015-01-12 16:11:39,2015-02-05 10:10:26,2051927,1,src/Illuminate/Routing/Router.php,5,258,1.3,0,0,15,22,0
framework,428,109410,2ec6fb1a8133cb3ad233715c675c3e2062637f0a,2015-01-27 10:55:38,2015-06-04 20:03:06,11092048,2,src/Illuminate/Validation/Validator.php,2,306,1.0,0,1,23,14,0
framework,500,109188,234bbbb853f1fd489da9097311abe7f00b350a47,2015-02-10 08:38:43,2015-02-10 18:03:50,33907,1,src/Illuminate/Foundation/Testing/ApplicationTrait.php,9,52,2.9,0,0,2,2,0
framework,500,109071,c8507b638fb836e5ce5eee27d2ab7d65dda718d3,2015-02-18 12:47:33,2015-02-18 15:44:57,10644,1,src/Illuminate/Database/Schema/Grammars/PostgresGrammar.php,8,80,1.5,0,0,1,3,0
framework,500,109065,061a24a2c1b1898bf39997bade3105867c848f7f,2015-02-18 17:02:30,2015-02-25 15:21:03,598713,1,src/Illuminate/Translation/Translator.php,2,74,1.8,0,0,5,5,0
framework,500,108957,705fd10da0a871f631fddfac796bd4774d007852,2015-02-24 22:44:57,2015-02-26 16:35:10,150613,2,src/Illuminate/Validation/Validator.php,9,314,1.0,0,1,25,17,0
framework,500,108938,3f23f3a54c9de14e13a87a1704eeff6d5790cb89,2015-02-26 10:24:00,2015-02-26 10:25:25,85,1,src/Illuminate/Queue/Jobs/SyncJob.php,2,7,0.8,0,0,0,2,0
framework,5016,108720,79f15d98809a48274a281dfae7fa69d66bf734d7,2015-03-13 15:54:54,2015-04-29 21:24:56,4080602,6,src/Illuminate/Database/Eloquent/Builder.php,12,98,0.8,0,0,11,8,0
framework,5016,108720,79f15d98809a48274a281dfae7fa69d66bf734d7,2015-03-13 15:54:54,2015-04-29 21:24:56,4080602,6,src/Illuminate/Database/Eloquent/Relations/BelongsToMany.php,7,182,1.3,0,0,12,15,0
framework,5016,108720,79f15d98809a48274a281dfae7fa69d66bf734d7,2015-03-13 15:54:54,2015-04-29 21:24:56,4080602,6,src/Illuminate/Database/Eloquent/Relations/HasManyThrough.php,7,2,0.1,0,0,0,1,0
framework,5016,108720,79f15d98809a48274a281dfae7fa69d66bf734d7,2015-03-13 15:54:54,2015-04-29 21:24:56,4080602,6,src/Illuminate/Database/Query/Builder.php,12,292,1.3,0,0,8,17,0
framework,5016,108720,79f15d98809a48274a281dfae7fa69d66bf734d7,2015-03-13 15:54:54,2015-04-29 21:24:56,4080602,6,src/Illuminate/Pagination/AbstractPaginator.php,5,71,1.3,0,0,4,4,0
framework,5016,108720,79f15d98809a48274a281dfae7fa69d66bf734d7,2015-03-13 15:54:54,2015-04-29 21:24:56,4080602,6,src/Illuminate/Pagination/PaginationServiceProvider.php,4,2,0.4,0,0,0,1,0
framework,5016,108419,5d93473b56b7ce481000902ec8f2e3c426be7c03,2015-04-06 23:16:53,2015-04-14 21:49:57,685984,2,src/Illuminate/Translation/FileLoader.php,2,2,0.1,0,0,0,1,0
framework,5016,107735,8d58489c0e80bff5794d45492191e71822aa7dd5,2015-06-02 00:22:21,2015-06-03 14:46:08,138227,1,src/Illuminate/Support/Str.php,51,120,2.7,0,0,9,7,0
framework,5016,107703,9f1c7410951bc6a41f7414ffd780b665b9846935,2015-06-03 11:19:23,2015-06-03 14:59:08,13185,5,src/Illuminate/Database/Console/Migrations/MigrateCommand.php,7,13,0.8,0,0,1,3,0
framework,5016,107703,9f1c7410951bc6a41f7414ffd780b665b9846935,2015-06-03 11:19:23,2015-06-03 14:59:08,13185,5,src/Illuminate/Database/Console/Migrations/ResetCommand.php,5,8,0.7,0,0,2,3,0
framework,5016,107703,9f1c7410951bc6a41f7414ffd780b665b9846935,2015-06-03 11:19:23,2015-06-03 14:59:08,13185,5,src/Illuminate/Database/Migrations/Migrator.php,14,8,0.2,0,0,2,3,0
framework,510,107565,4fa678125a469ddf10742ede8a2c30179fa935ca,2015-06-09 15:00:51,2015-06-10 03:31:59,45068,1,src/Illuminate/Session/SessionManager.php,5,26,1.0,0,0,0,1,0
framework,510,107563,010afc82386a14433a8be29af9496a3ee1599080,2015-06-09 16:00:03,2015-06-09 16:12:53,770,1,src/Illuminate/Foundation/Providers/ArtisanServiceProvider.php,14,96,1.4,0,0,1,1,0
framework,510,107311,4790a876ebdd3706da9ace6c4f30e261e191456d,2015-06-25 13:20:48,2015-07-04 11:35:17,771269,2,src/Illuminate/Database/Eloquent/Collection.php,12,10,0.3,0,0,2,0,0
framework,510,106978,06d3b979651eec7407e98083584dc46c79d15184,2015-07-24 18:48:30,2015-07-24 19:01:11,761,1,src/Illuminate/Database/Eloquent/Model.php,9,327,0.8,0,0,10,11,0
framework,510,106809,7e26ec549e82686cf1df331bcf4704d117d1db92,2015-08-12 14:50:08,2015-08-12 14:56:42,394,1,src/Illuminate/Foundation/Auth/ResetsPasswords.php,2,39,1.8,0,0,1,4,0
framework,510,106788,a8e8a2a6bbd535b438fe00dcaaf220e12852963e,2015-08-14 04:52:24,2015-08-14 05:03:29,665,2,src/Illuminate/Mail/Mailer.php,1,86,1.4,0,0,1,2,0
framework,510,106786,c8463ed024bf5d942859c6ce8f357101fd658908,2015-08-14 07:01:25,2015-08-17 16:12:38,292273,2,src/Illuminate/Support/Arr.php,2,40,0.7,0,0,2,0,0
framework,5115,105996,5afb2681310567d0caa9eb9ea046a6b49a2b8ed4,2015-10-25 12:24:45,2015-10-27 19:15:00,197415,2,src/Illuminate/Database/Eloquent/Model.php,2,337,0.8,0,0,12,11,0
framework,5115,105807,7dd2b804b02e85d76a3563121c2163823778c3f1,2015-11-12 15:18:52,2015-11-14 06:30:13,141081,1,src/Illuminate/Pagination/LengthAwarePaginator.php,1,0,0.0,0,0,0,0,0
framework,5115,105551,18774a9ba0252d4f08b59aacc9feeaff9c0defa9,2015-12-03 14:16:58,2016-03-16 12:13:46,8978208,2,src/Illuminate/Container/Container.php,2,138,0.9,0,0,4,1,0
framework,520,105123,d280f9d1c498f74b16e4086903b6de4319ebba74,2015-12-29 12:42:53,2015-12-30 20:19:46,113813,2,src/Illuminate/Events/Dispatcher.php,6,68,1.0,0,0,1,1,0
framework,520,105065,329f40505f4fe221e7aef860c07f758ef572ec30,2016-01-02 18:39:51,2016-01-04 20:02:52,177781,2,src/Illuminate/Routing/ResourceRegistrar.php,8,15,0.4,0,0,3,0,0
framework,520,104878,19f75f30a243905babbeeafe38322017a02471d2,2016-01-13 10:46:51,2016-01-13 18:36:20,28169,1,src/Illuminate/Auth/Console/MakeAuthCommand.php,66,0,0.0,0,0,0,0,0
framework,520,104676,fe018e53fff56410826ad1f69196b3c8405d4021,2016-01-28 12:13:06,2016-01-28 12:46:26,2000,1,src/Illuminate/Database/Eloquent/Relations/BelongsTo.php,2,0,0.0,0,0,0,0,0
framework,520,104544,33c16b0c866b32911a1f6cc5cb6916d6d037e813,2016-02-06 02:39:34,2016-02-19 17:58:18,1178324,1,src/Illuminate/Routing/Route.php,19,83,0.8,0,0,2,2,0
framework,5220,103926,511e7ab0e5c9f3f84608fb5431cccb8d7ebdbe08,2016-03-22 17:26:59,2016-03-23 14:11:57,74698,1,src/Illuminate/Auth/AuthManager.php,9,38,1.1,0,0,0,4,0
framework,5220,103497,cb7675845f89a6eca8011c5920e0bd3c62dcd016,2016-04-22 12:56:33,2016-04-22 13:02:25,352,1,src/Illuminate/Auth/Passwords/PasswordBrokerManager.php,8,10,0.6,0,0,0,1,0
framework,5220,103467,34c8b93732302009e9ff4aebc63af1897e660cb7,2016-04-25 12:22:07,2016-04-29 14:16:14,352447,2,src/Illuminate/Validation/Validator.php,16,275,0.8,0,1,10,3,0
framework,5220,103455,ebcaba31b95eca9e3f3d519f3ad453ce2a244004,2016-04-26 08:35:12,2016-04-29 14:23:40,280108,2,src/Illuminate/Database/Query/Builder.php,2,350,1.4,0,0,4,13,0
framework,5220,103324,b5ffdb1a46d7967aece4aab2b733568728248e63,2016-05-06 08:12:48,2016-05-18 16:32:32,1066784,1,src/Illuminate/Foundation/Providers/FoundationServiceProvider.php,9,0,0.0,0,0,0,0,0
framework,5220,103251,07177e94983f20d478026dc93278c05f6f18c0dd,2016-05-12 11:59:35,2016-05-12 20:37:14,31059,4,src/Illuminate/Database/Eloquent/Relations/BelongsToMany.php,2,148,1.0,0,0,2,3,0
framework,5220,103251,07177e94983f20d478026dc93278c05f6f18c0dd,2016-05-12 11:59:35,2016-05-12 20:37:14,31059,4,src/Illuminate/Database/Eloquent/Relations/HasManyThrough.php,2,60,1.2,0,0,1,0,0
framework,5220,103244,f9dc13db07dbfbe0647a21f7e848dd625f022628,2016-05-12 18:30:42,2016-05-12 23:11:52,16870,1,src/Illuminate/Database/Eloquent/FactoryBuilder.php,2,0,0.0,0,0,0,0,0
framework,5220,103170,dd48b5e8eec50848f1dd81ce56a90e3272238bb5,2016-05-18 21:39:00,2016-05-19 00:52:40,11620,1,src/Illuminate/Database/Eloquent/Model.php,2,357,0.8,0,0,13,13,0
framework,5220,103132,edd070d9f5aa78f881c1998ebca5f5f3211b0936,2016-05-23 07:11:44,2016-06-14 13:19:36,1922872,2,src/Illuminate/View/Compilers/BladeCompiler.php,4,126,1.2,0,0,4,4,0
framework,5237,102864,43808e3b54973e9c18de01b7390f7d137fa38762,2016-06-10 09:09:24,2016-06-11 16:48:30,113946,1,src/Illuminate/Database/Eloquent/Model.php,4,372,0.9,0,0,13,13,0
framework,5237,102733,eecbd24a46e5a9153a36d91f0afc964b9b1c69c1,2016-06-20 02:48:50,2016-06-20 11:55:51,32821,2,src/Illuminate/View/Compilers/BladeCompiler.php,4,186,1.5,0,0,5,4,0
#####
