core/Version.php,8,2.13,2.025,0,0,0,0.5,0
plugins/SitesManager/API.php,14,541.79,2.379,0,0,45.71,13.14,0.36
plugins/SitesManager/SitesManager.php,4,25.25,0.775,0,0,5.5,3,0
core/AssetManager.php,5,213,2.98,0,0,43,2.4,0
core/Plugin.php,4,9.25,0.6,0,0,0.25,1,0
core/View.php,5,37,0.76,0,0,3.6,1.8,0.6
libs/cssmin/cssmin.php,2,9,1.9,0,0,0,3,0
libs/jsmin/jsmin.php,2,151,2.6,0,0,18,5,0
plugins/Installation/Controller.php,16,328.44,1.556,0,0,14.81,16.81,1.38
core/Segment.php,6,234,3.067,0,0,9.5,8.33,0.17
plugins/Goals/API.php,6,280,2.8,0,0,16.67,17.17,1.83
core/DataFiles/SearchEngines.php,6,819.33,5.333,0,0,0.83,45,2
misc/proxy-hide-piwik-url/piwik.php,1,7,0.5,0,0,1,1,0
plugins/API/API.php,12,624.92,3.233,0,0,23.67,27.33,1.42
plugins/Live/API.php,7,276.57,2.414,0,0,25.29,12.43,1.57
plugins/Live/Controller.php,6,48.5,0.917,0,0,3,5.5,0
plugins/Live/Live.php,1,7,0.6,0,0,0,2,0
plugins/UserCountryMap/Controller.php,4,138,2.2,0,0,6.25,8.75,1.5
config/global.ini.php,37,0.05,0.181,0,0,0,0.03,0
plugins/CoreAdminHome/Controller.php,8,52.38,0.713,0,0,3.63,3.88,0
core/Tracker/GoalManager.php,9,482.67,2.767,0,0,64.22,22.89,3.67
core/API/DocumentationGenerator.php,2,38,0.75,0,0,3,3.5,1.5
core/Session.php,2,17.5,0.7,0,0,4.5,2,0
core/Updates/0.6-rc1.php,2,60,4.2,0,0,2,3.5,0
core/Updates/1.2-rc1.php,2,89,2.65,0,0,2,7,0
core/testMinimumPhpVersion.php,9,3.89,0.122,0,0,0.11,1.67,0
plugins/Actions/API.php,2,182.5,2.15,0,0,16.5,6,1
plugins/CustomVariables/API.php,1,28,1.7,0,0,6,2,0
plugins/ExampleAPI/API.php,2,11,0.55,0,0,1.5,2.5,0
plugins/Goals/Goals.php,2,756.5,3.9,0,0,35.5,35.5,2
plugins/LanguagesManager/API.php,2,16,0.4,0,0,2,1.5,0
plugins/Login/Controller.php,2,238,2.75,0,0,18,11.5,1
plugins/UsersManager/API.php,8,440.38,3.888,0,0,21.25,10,0.88
plugins/VisitsSummary/Controller.php,3,192,5.1,0,0,1,19,0
core/ViewDataTable.php,1,513,2.4,0,0,22,25,2
core/Http.php,6,733.83,5.167,0,1,42.5,10.83,3.83
misc/cron/archive.php,5,100.2,0.54,0,0,10.6,2.2,1.8
core/IP.php,1,134,1.2,0,0,26,5,0
plugins/AnonymizeIP/AnonymizeIP.php,2,18,1.65,0,0,3,1.5,0
tests/PHPUnit/Plugins/AnonymizeIPTest.php,1,106,9.5,0,0,0,5,0
core/Common.php,5,544.2,2.72,0,0,65.6,20,9.2
core/FrontController.php,11,145.09,1.909,0,0,16.36,1.73,2.18
core/Url.php,9,199.33,2.189,0,0,34.11,7.56,0.89
plugins/Login/Login.php,2,50,1.5,0,0,6,4,0
plugins/SegmentEditor/API.php,6,255,4.05,0,0,13.5,4.83,2
core/Piwik.php,8,510.25,1.55,0,0,55.38,13.38,4.13
core/DataTable/Renderer/Csv.php,1,41,0.7,0,0,2,4,2
tests/PHPUnit/Integration/CsvExportTest.php,1,50,3.9,0,0,2,6,1
tests/PHPUnit/IntegrationTestCase.php,3,813,3.6,0,1,53,43,5
plugins/SegmentEditor/Controller.php,1,18,0.9,0,0,1,2,0
core/TranslationWriter.php,1,66,3.6,0,0,11,1,0
tests/PHPUnit/Core/TranslationWriterTest.php,1,36,1.3,0,0,4,4,0
core/DataFiles/Socials.php,1,8,0.4,0,0,0,1,0
core/Tracker.php,14,345.57,2.086,0,0,64.43,5.64,1.64
core/Controller/Admin.php,1,9,0.8,0,0,2,1,0
core/PluginsManager.php,1,297,2.5,0,0,17,9,4
core/Updater.php,6,57,0.95,0,0,15,2.33,3.33
plugins/CorePluginsAdmin/Controller.php,5,116.8,1.24,0,0,6,3.4,0.4
core/Translate.php,2,61,1.5,0,0,8,3,0
plugins/ExamplePlugin/Controller.php,1,31,1.2,0,0,4,3,0
plugins/UsersManager/UsersManager.php,4,33.5,1.35,0,0,6,1,0
plugins/PrivacyManager/LogDataPurger.php,3,100.67,1.667,0,0,9,7.33,0
plugins/PrivacyManager/ReportsPurger.php,1,33,0.5,0,0,9,2,2
plugins/PDFReports/PDFReports.php,1,364,2.5,0,0,75,7,4
core/Controller.php,1,253,1.7,0,0,10,14,2
core/ExceptionHandler.php,1,0,0.0,0,0,0,0,0
core/Log.php,6,72,1.483,0,0,10.5,4.5,0.83
plugins/LanguagesManager/Controller.php,1,5,0.9,0,0,0,1,0
plugins/Overlay/API.php,2,51,2.5,0,0,8,1,0
tests/PHPUnit/DatabaseTestCase.php,2,5,0.4,0,0,1,0,0
core/DataFiles/Currencies.php,2,2,0,0,0,0,1,0
core/API/Proxy.php,2,148,2.45,0,0,10,3.5,1
core/API/Request.php,3,76,1.667,0,0,6.67,5.33,0
core/Access.php,5,88.6,1.5,0,0,6.2,4.2,0.4
core/Site.php,4,130.75,2.55,0,0,23.25,3,0
core/TaskScheduler.php,2,41,1.5,0,0,16,3,0
core/Tracker/Action.php,5,195,1.86,0,0,27,4.6,1.4
core/Tracker/Cache.php,1,37,1.6,0,0,12,2,0
core/Tracker/Visit.php,9,384.22,2.211,0,0,9.89,24.44,4.78
core/View/ReportsByDimension.php,1,25,1.8,0,0,0,3,0
plugins/Provider/Provider.php,3,62,1.467,0,0,2.33,7.67,0.67
core/Archive.php,4,127,1.4,0,0,10.5,3,2
core/Config.php,4,174,1.825,0,0,15.25,6,1
core/DataTable/Filter.php,1,25,3.3,0,0,1,1,0
core/DataTable/Filter/AddColumnsProcessedMetrics.php,1,45,2.0,0,0,6,1,0
core/DataTable/Filter/AddColumnsProcessedMetricsGoal.php,1,79,2.3,0,1,7,3,0
core/DataTable/Filter/AddSummaryRow.php,2,2.5,0.2,0,0,0.5,0.5,0
core/DataTable/Filter/BeautifyRangeLabels.php,1,26,1.7,0,0,1,1,1
core/DataTable/Filter/BeautifyTimeRangeLabels.php,1,5,0.5,0,0,0,1,0
core/DataTable/Filter/CalculateEvolutionFilter.php,1,29,1.3,0,0,6,6,0
core/DataTable/Filter/ColumnCallbackAddColumn.php,1,5,0.5,0,0,0,1,0
core/DataTable/Filter/ColumnCallbackAddColumnPercentage.php,1,5,2.4,0,0,0,1,0
core/DataTable/Filter/ColumnCallbackAddColumnQuotient.php,1,10,0.5,0,0,1,1,0
core/DataTable/Filter/ColumnCallbackAddMetadata.php,1,5,0.4,0,0,0,1,0
core/DataTable/Filter/ColumnCallbackDeleteRow.php,1,5,0.6,0,0,0,1,0
core/DataTable/Filter/ColumnDelete.php,1,30,1.6,0,0,3,1,3
core/DataTable/Filter/ExcludeLowPopulation.php,2,6.5,0.7,0,0,2,0.5,0
core/DataTable/Filter/GroupBy.php,1,10,1.0,0,0,1,1,0
core/DataTable/Filter/Limit.php,1,5,0.6,0,0,0,1,0
core/DataTable/Filter/MetadataCallbackAddMetadata.php,1,5,0.5,0,0,0,1,0
core/DataTable/Filter/MetadataCallbackReplace.php,1,10,2.1,0,0,0,2,0
core/DataTable/Filter/PatternRecursive.php,1,15,1.4,0,0,2,1,0
core/DataTable/Filter/ReplaceColumnNames.php,1,30,2.0,0,0,3,1,0
core/DataTable/Filter/ReplaceSummaryRowLabel.php,1,5,0.6,0,0,0,1,0
core/DataTable/Filter/Sort.php,2,71.5,1.65,0,0,5,1.5,0
core/DataTable/Filter/Truncate.php,1,5,0.8,0,0,0,1,0
core/DataTable/Row.php,3,363.33,3.267,0,0,69.67,4.67,1.67
core/DataTable/Simple.php,1,5,1.5,0,0,0,1,0
core/Date.php,4,176,1.425,0,0,20.75,2.75,4.5
core/Period/Range.php,1,113,1.6,0,0,9,5,2
core/RankingQuery.php,1,57,1.0,0,0,2,4,0
core/ScheduledTime.php,1,51,3.5,0,0,5,1,0
libs/pChart2.1.3/class/pDraw.class.php,1,11021,7.3,0,0,487,1167,4
libs/pChart2.1.3/class/pImage.class.php,1,240,2.3,0,0,11,61,32
libs/PiwikTracker/PiwikTracker.php,6,617.17,2.817,0,0,50.17,12.83,4.33
plugins/CorePluginsAdmin/CorePluginsAdmin.php,2,23.5,1.15,0,0,0,3,0
libs/UserAgentParser/UserAgentParser.php,2,304.5,2,0,0,74,9,3
libs/UserAgentParser/UserAgentParser.test.php,1,13,0.9,0,0,1,2,0
tests/PHPUnit/Integration/PeriodIsRange_DateIsLastN_MetadataAndNormalAPITest.php,1,24,1.1,0,0,8,1,0
tests/PHPUnit/Fixtures/SomeVisitsCustomVariablesCampaignsNotHeuristics.php,2,75.5,2.75,0,0,27.5,2,0
plugins/UserCountry/GeoIPAutoUpdater.php,1,383,4.1,0,0,53,5,1
plugins/PrivacyManager/Controller.php,1,64,1.1,0,0,10,4,2
plugins/UserCountry/UserCountry.php,2,431,3.8,0,0,11.5,27.5,2.5
core/DataTable/Renderer/Json.php,3,21.33,1.1,0,0,4.67,2,0
plugins/MultiSites/API.php,4,207,2.05,0,0,62,4.5,1.25
core/DataTable/Renderer/Xml.php,1,122,1.5,0,0,14,6,1
tests/PHPUnit/Fixtures/OneVisitorTwoVisits.php,3,96.67,3.167,0,0,27.67,1.67,0
plugins/UsersManager/Controller.php,4,93.5,1.175,0,0,4,4.5,0
plugins/MultiSites/Controller.php,2,114.5,2.5,0,0,7,8.5,0
tests/PHPUnit/Fixtures/ManySitesImportedLogs.php,3,150,3.033,0,0,24.33,7.67,2.67
tests/LocalTracker.php,2,27.5,1.2,0,0,0.5,3,0
tests/PHPUnit/Core/TaskSchedulerTest.php,1,86,1.5,0,0,9,7,4
core/API/DataTableManipulator/LabelFilter.php,2,25.5,1.05,0,0,2.5,0.5,0
tests/PHPUnit/Fixtures/OneVisitSeveralPageViews.php,1,41,2.9,0,0,10,2,0
tests/PHPUnit/Integration/LabelFilterTest.php,1,75,2.9,0,0,2,6,3
plugins/DevicesDetection/DevicesDetection.php,2,190.5,2.15,0,0,11.5,14,0.5
plugins/SEO/SEO.php,1,7,1.1,0,0,0,2,0
plugins/SegmentEditor/SegmentEditor.php,2,14.5,0.6,0,0,2,1.5,0
plugins/UserCountryMap/UserCountryMap.php,2,16,0.95,0,0,0.5,2.5,0
plugins/Proxy/Controller.php,1,48,1.8,0,0,6,3,0
tests/PHPUnit/Core/AssetManagerTest.php,2,28,2.95,0,0,0,3.5,0
tests/PHPUnit/Core/ServeStaticFileTest.php,1,106,1.4,0,0,2,4,0
tests/PHPUnit/BaseFixture.php,1,122,1.8,0,0,22,2,9
core/Error.php,1,78,1.8,0,0,6,1,0
core/Plugin/Visualization.php,2,101,1.15,0,0,3,2,0
plugins/CoreVisualizations/Visualizations/Graph.php,5,32,1.06,0,0,0,3.8,1
plugins/MobileMessaging/SMSProvider.php,2,58,2,0,0,18,3,0
tests/PHPUnit/Integration/Plugins/MobileMessagingTest.php,1,55,1.3,0,0,6,3,0
core/Theme.php,2,39,1.6,0,0,2,2,0
core/Tracker/VisitExcluded.php,5,22,0.54,0,0,2.8,0,1.8
core/Db/BatchInsert.php,3,137,2.933,0,0,10,5,0
tests/PHPUnit/Core/HttpTest.php,1,116,4.9,0,0,17,3,1
plugins/DoNotTrack/DoNotTrack.php,1,0,0.0,0,0,0,0,0
core/CronArchive.php,24,331,1.279,0,0,28.13,6.96,0.38
core/DataTable.php,2,404,1.9,0,0,46,3,5
core/DataTable/Manager.php,1,20,1.0,0,0,1,0,0
tests/PHPUnit/Core/DataTableTest.php,1,0,0.0,0,0,0,0,0
plugins/PrivacyManager/PrivacyManager.php,3,115,1.4,0,0,20.33,7,3
plugins/Annotations/AnnotationList.php,2,71,1.4,0,0,7,3,1
tests/PHPUnit/Integration/EcommerceOrderWithItemsTest.php,1,394,9.2,0,0,8,16,1
plugins/Goals/Controller.php,4,293.25,2.55,0,0,9.25,16,2
plugins/Live/VisitorLog.php,4,0,0,0,0,0,0,0
plugins/Installation/ServerFilesGenerator.php,7,72.29,1.114,0,0.86,6.86,7.43,0
core/Plugin/Manager.php,9,449.56,2.089,0,0,30,10.44,5.89
plugins/VisitTime/VisitTime.php,1,170,3.1,0,0,2,16,1
plugins/CoreAdminHome/API.php,8,30.5,1.163,0,0,4,0,0
core/Plugin/MetadataLoader.php,1,27,1.4,0,0,3,0,0
tests/PHPUnit/Integration/Core/Tracker/ActionTest.php,2,433,5,0,0,35,15,0
core/Plugin/Controller.php,4,272.25,1.775,0,0,13.5,13,2.75
plugins/CoreHome/DataTableRowAction/RowEvolution.php,2,116.5,1.85,0,0,12.5,5.5,1.5
plugins/CoreUpdater/Controller.php,4,109.5,1.175,0,0,14.25,1,1.5
plugins/Referrers/functions.php,1,42,0.9,0,0,1,4,0
plugins/Transitions/Controller.php,1,6,0.3,0,0,3,0,0
core/Db/Schema.php,2,9,0.3,0,0,2,1,0
core/Updates/0.6.3.php,2,31.5,3,0,0,2.5,2,0
core/Updates/1.8.4-b1.php,1,36,0.8,0,0,5,2,1
tests/index.php,1,2,0.0,0,0,0,1,0
tests/lib/visualphpunit/app/config/Routes.php,1,17,1.5,0,0,1,2,0
tests/lib/visualphpunit/app/config/bootstrap.php,1,0,0.0,0,0,0,0,0
tests/lib/visualphpunit/app/controller/Archives.php,1,20,2.3,0,0,1,0,0
tests/lib/visualphpunit/app/controller/FileList.php,1,20,1.6,0,0,1,0,0
tests/lib/visualphpunit/app/controller/Graph.php,1,89,2.9,0,0,2,6,0
tests/lib/visualphpunit/app/controller/Home.php,1,96,1.9,0,0,0,10,0
tests/lib/visualphpunit/app/core/Controller.php,1,0,0.0,0,0,0,0,0
tests/lib/visualphpunit/app/core/View.php,1,0,0.0,0,0,0,0,0
tests/lib/visualphpunit/app/lib/Compiler.php,1,22,1.5,0,0,2,0,0
tests/lib/visualphpunit/app/lib/Library.php,1,6,1.3,0,0,3,0,0
tests/lib/visualphpunit/app/lib/PDO_MySQL.php,1,7,0.2,0,0,0,2,0
tests/lib/visualphpunit/app/lib/VPU.php,1,240,2.2,0,0,6,16,0
tests/lib/visualphpunit/app/public/index.php,1,0,0.0,0,0,0,0,0
tests/lib/visualphpunit/app/test/DateTest.php,1,0,0.0,0,0,0,0,0
tests/lib/visualphpunit/app/test/IncompleteTest.php,1,0,0.0,0,0,0,0,0
tests/lib/visualphpunit/app/test/PUTest.php,1,0,0.0,0,0,0,0,0
tests/lib/visualphpunit/app/test/PUTest2.php,1,0,0.0,0,0,0,0,0
tests/lib/visualphpunit/app/test/SkippedTest.php,1,0,0.0,0,0,0,0,0
tests/lib/visualphpunit/app/test/sample_dir/IncompleteTest2.php,1,0,0.0,0,0,0,0,0
tests/lib/visualphpunit/app/test/sample_dir/PUTest3.php,1,0,0.0,0,0,0,0,0
tests/lib/visualphpunit/app/test/sample_dir/PUTest4.php,1,0,0.0,0,0,0,0,0
tests/lib/visualphpunit/nx/core/Dispatcher.php,1,0,0.0,0,0,0,0,0
tests/lib/visualphpunit/nx/core/Request.php,1,77,2.4,0,0,3,4,0
tests/lib/visualphpunit/nx/core/Response.php,1,8,0.3,0,0,0,1,0
tests/lib/visualphpunit/nx/core/Router.php,1,34,1.3,0,0,2,2,0
plugins/Referrers/Controller.php,1,138,1.2,0,1,9,5,0
core/UrlHelper.php,4,221.25,2.275,0,0,17,12,0.75
plugins/Widgetize/Controller.php,1,5,0.3,0,0,1,0,0
core/DataArray.php,3,93.67,1.167,0,0,14,0,0
plugins/CoreUpdater/CoreUpdater.php,3,32,1.167,0,0,3,1.67,0
core/Twig.php,7,139.86,1.629,0,0,5.29,6,2
core/Archive/Parameters.php,1,0,0.0,0,0,0,0,0
core/ArchiveProcessor.php,3,134,1.833,0,0,7.33,1.67,0
core/ArchiveProcessor/Loader.php,1,24,0.6,0,0,2,1,0
core/ArchiveProcessor/Parameters.php,1,0,0.0,0,0,0,0,0
core/ArchiveProcessor/Rules.php,4,115,2.025,0,0,25.25,0.75,1
core/DataAccess/ArchiveSelector.php,4,74.25,1.2,0,0,11.5,2.75,0.25
core/DataAccess/ArchiveWriter.php,2,145,2.1,0,0,13.5,6.5,0
tests/PHPUnit/Integration/OneVisitorOneWebsite_SeveralDaysDateRange_ArchivingTestsTest.php,1,16,1.0,0,0,1,2,1
plugins/CoreHome/CoreHome.php,2,0,0,0,0,0,0,0
core/CliMulti/Process.php,8,44.75,1.088,0,0,6.63,0,0
core/DataAccess/LogAggregator.php,1,182,1.6,0,0,37,9,0
core/UpdateCheck.php,2,23,1.25,0,0,9,0,2
plugins/CoreAdminHome/CoreAdminHome.php,3,10.67,0.367,0,0,0,1.33,0
tests/PHPUnit/Integration/ArchiveCronTest.php,1,93,3.3,0,0,5,7,1
plugins/Actions/Actions.php,1,1535,6.7,0,0,11,79,0
plugins/UserCountry/Archiver.php,1,65,1.7,0,0,31,0,0
plugins/VisitFrequency/API.php,1,9,0.6,0,0,3,1,1
plugins/VisitsSummary/API.php,1,110,3.1,0,0,6,16,0
tests/PHPUnit/Integration/BackwardsCompatibility1XTest.php,3,58.67,2.9,0,0,2,3.33,2
plugins/Annotations/Controller.php,1,19,0.9,0,0,2,1,1
core/CliMulti.php,6,53.67,0.9,0,0,9.5,0,1
tests/PHPUnit/Integration/Core/CliMultiTest.php,2,78,1.8,0,0,0,5.5,0
core/Db.php,8,185,2.038,0,0,52.63,0,0
core/Plugin/Settings.php,2,240,3.6,0,1,8.5,0,0
core/Profiler.php,2,129.5,2,0,0,14.5,3,2.5
core/SettingsServer.php,3,82.33,2.567,0,0,10,3.67,0
plugins/ExampleRssWidget/RssRenderer.php,1,7,0.4,0,0,1,1,0
core/AssetManager/UIAssetMerger/StylesheetUIAssetMerger.php,3,31.33,1.167,0,0,3,3.67,0
libs/spyc.php,1,899,4.7,0,1,140,82,4
piwik.php,2,16,0.6,0,0,0,2,0
plugins/DevicesDetection/Controller.php,1,35,0.9,0,0,1,3,0
plugins/DevicesDetection/UserAgentParserEnhanced/UserAgentParserEnhanced.php,1,283,1.2,0,0,39,13,0
plugins/DevicesDetection/UserAgentParserEnhanced/test.php,1,0,0.0,0,0,0,0,0
plugins/DevicesDetection/functions.php,4,28.5,0.4,0,0,0,2,6
plugins/UserSettings/API.php,2,134,2.6,0,0,3,8,0
tests/PHPUnit/Plugins/UserAgentParserEnhancedTest.php,1,7,0.6,0,0,1,1,0
tests/PHPUnit/bootstrap.php,2,6,0.25,0,0,1,0,1
core/Db/Schema/Mysql.php,2,65,0.5,0,0,4,6,0
core/Db/SchemaInterface.php,1,0,0.0,0,0,0,0,0
core/DbHelper.php,1,0,0.0,0,0,0,0,0
tests/PHPUnit/Integration/ManyVisitorsOneWebsiteTest.php,1,72,5.0,0,0,2,6,3
tests/javascript/index.php,8,65.63,5,0,0,1.88,0.63,0
core/Filesystem.php,4,144,1.85,0,0,22,2.75,4.75
core/Period.php,2,79.5,1.65,0,0,4.5,2,0
core/ProxyHttp.php,1,62,1.7,0,0,10,0,0
core/dispatch.php,1,0,0.0,0,0,0,0,0
core/AssetManager/UIAssetFetcher/StylesheetUIAssetFetcher.php,1,1,0.1,0,0,0,0,1
core/AssetManager/UIAssetMerger.php,1,13,0.4,0,0,5,0,0
core/Tracker/PageUrl.php,3,57.33,0.967,0,0,7.67,9,2
core/CacheFile.php,1,98,2.7,0,0,9,1,0
core/Filechecks.php,2,31,0.7,0,0,3,5,1
core/ReportRenderer.php,2,66,1.6,0,0,6,0,0
core/SettingsPiwik.php,3,147.67,2.533,0,0,20,4.33,0
plugins/CoreAdminHome/CustomLogo.php,4,59.5,1.25,0,0,9.5,5,0
plugins/CoreConsole/Commands/WatchLog.php,1,0,0.0,0,0,0,0,0
plugins/CorePluginsAdmin/PluginInstaller.php,1,16,0.3,0,0,7,1,0
plugins/ImageGraph/StaticGraph.php,2,102.5,1.35,0,0,12.5,0,0
plugins/ScheduledReports/config/tcpdf_config.php,2,77,3.4,0,0,4,6,1
tests/PHPUnit/Core/DeprecatedMethodsTest.php,1,50,3.8,0,0,0,5,0
tests/PHPUnit/Integration/Core/LogTest.php,1,167,2.9,0,0,30,8,2
plugins/MultiSites/MultiSites.php,1,52,1.9,0,0,2,5,2
core/Tracker/Db/Mysqli.php,1,66,1.3,0,1,8,4,0
core/Tracker/Db/Pdo/Mysql.php,1,81,2.1,0,1,5,6,0
tests/PHPUnit/Core/ReleaseCheckListTest.php,1,109,1.6,0,0,3,6,0
plugins/SEO/RankChecker.php,2,14,0.2,0,0,2,2,3
plugins/Login/Auth.php,2,37.5,1.6,0,0,1,1.5,0.5
plugins/Installation/SystemCheck.php,3,140,1.933,0,0,12.67,8.33,2
libs/upgradephp/upgrade.php,4,217.5,1.825,0,0,15,8.25,3
core/Period/Factory.php,1,89,3.8,0,0,13,2,0
plugins/Live/Visitor.php,2,296.5,1.85,0,0,7,18,1.5
core/Tracker/Settings.php,2,37,1.7,0,0,2.5,1,1
plugins/DBStats/DBStats.php,1,286,3.3,0,0,18,15,0
plugins/Installation/Installation.php,1,10,0.5,0,0,0,2,0
tests/PHPUnit/TestingEnvironment.php,1,32,0.6,0,0,5,2,1
tests/PHPUnit/proxy/index.php,1,0,0.0,0,0,0,0,0
plugins/CoreConsole/Commands/CoreArchiver.php,4,5,0.175,0,0,2.25,0,1
tests/PHPUnit/Integration/ArchiveWebTest.php,1,29,2.0,0,0,5,2,1
core/Updates/0.2.10.php,1,27,1.8,0,0,1,4,0
core/Updates/0.2.12.php,1,9,1.4,0,0,1,2,0
core/Updates/0.2.13.php,1,9,1.3,0,0,1,2,0
core/Updates/0.2.24.php,1,15,2.3,0,0,1,2,0
core/Updates/0.2.27.php,2,9,0.5,0,0,1,2,0
core/Updates/0.4.2.php,1,25,3.6,0,0,1,4,0
core/Updates/0.4.php,1,9,1.3,0,0,1,2,0
core/Updates/0.5.5.php,1,7,0.8,0,0,1,1,0
core/Updates/0.5.php,1,41,5.3,0,0,1,4,0
core/Updates/1.2.3.php,1,9,1.3,0,0,1,2,0
core/Updates/1.2.5-rc1.php,1,9,1.4,0,0,1,2,0
core/Updates/1.2.5-rc7.php,1,9,1.7,0,0,1,2,0
core/Updates/1.4-rc1.php,1,14,2.0,0,0,2,2,0
core/Updates/1.4-rc2.php,1,19,2.5,0,0,3,2,0
core/Updates/1.5-b1.php,1,9,0.7,0,0,1,2,0
core/Updates/1.5-b4.php,1,9,1.7,0,0,1,2,0
core/Updates/1.5-b5.php,1,9,1.3,0,0,1,2,0
core/Updates/1.6-b1.php,1,27,1.7,0,0,1,4,0
core/Updates/1.7-b1.php,1,14,2.0,0,0,2,2,0
core/Updates/1.7.2-rc7.php,1,22,2.4,0,0,2,3,0
core/Updates/1.9-b9.php,1,15,1.4,0,0,4,2,0
core/Updates/2.0.4-b5.php,1,27,1.4,0,0,2,3,0
plugins/ExamplePlugin/API.php,1,0,0.0,0,0,0,0,0
tests/PHPUnit/Fixture.php,1,365,2.2,0,1,39,7,12
plugins/UsersManager/UserPreferences.php,1,20,1.3,0,0,1,0,0
core/Translate/Validate/CoreTranslations.php,1,50,2.9,0,0,9,1,0
plugins/SegmentEditor/SegmentSelectorControl.php,1,13,0.4,0,0,1,1,0
core/DataAccess/ArchivePurger.php,2,11,0.5,0,0,5.5,0,0
plugins/CoreAdminHome/Tasks.php,2,5,0.5,0,0,2.5,0,0
plugins/API/RowEvolution.php,3,228.33,2.167,0,0,12,7.67,1
plugins/Insights/API.php,1,110,2.1,0,0,8,2,0
plugins/Insights/Model.php,1,32,1.4,0,0,1,3,0
plugins/Insights/tests/ModelTest.php,1,62,1.8,0,0,9,3,0
core/Plugin/ControllerAdmin.php,1,18,0.5,0,0,9,0,0
core/Tracker/Request.php,4,240,1.875,0,0,13.5,5.25,1.25
plugins/CoreConsole/Commands/TestsRun.php,2,0,0,0,0,0,0,0
tests/PHPUnit/Fixtures/SomeVisitsAllConversions.php,1,37,1.9,0,0,13,1,0
plugins/UserSettings/Archiver.php,1,59,1.5,0,0,22,1,0
plugins/UserSettings/Reports/GetLanguage.php,1,0,0.0,0,0,0,0,1
plugins/UserSettings/functions.php,1,29,0.5,0,0,1,2,0
plugins/Provider/API.php,1,0,0.0,0,0,0,0,0
plugins/Provider/Reports/GetProvider.php,1,0,0.0,0,0,0,0,0
plugins/Provider/functions.php,1,40,3.0,0,0,2,0,0
tests/PHPUnit/Fixtures/OneVisitWithAbnormalPageviewUrls.php,1,33,2.4,0,0,12,0,0
tests/PHPUnit/Integration/Core/Tracker/Visit2Test.php,1,162,3.0,0,0,0,13,8
core/DataTable/Renderer.php,1,54,1.0,0,0,4,1,0
plugins/API/Renderer/Php.php,1,0,0.0,0,0,0,0,0
core/Plugin/Menu.php,3,32,2.7,0,0,4.33,0.67,0
core/Tracker/Visitor.php,2,86,1.3,0,0,3,7,1
tests/PHPUnit/Fixtures/TwoSitesTwoVisitorsDifferentDays.php,1,59,1.6,0,0,23,1,2
plugins/Installation/Menu.php,1,5,1.2,0,0,1,0,0
plugins/Actions/Actions/ActionClickUrl.php,1,2,0.2,0,0,1,0,0
plugins/Actions/Actions/ActionDownloadUrl.php,1,2,0.3,0,0,1,0,0
plugins/Actions/ArchivingHelper.php,1,211,2.0,0,1,48,6,0
core/ReportRenderer/Html.php,1,39,0.8,0,0,14,1,0
plugins/ScheduledReports/API.php,3,611,4.1,0,0,72,11.67,3.33
tests/PHPUnit/Integration/Plugins/ScheduledReportsTest.php,1,395,3.7,0,0,39,22,5
core/Cookie.php,1,30,0.6,0,0,10,4,0
core/Menu/MenuAbstract.php,2,105,1.75,0,0,6,4.5,1.5
plugins/Dashboard/Menu.php,2,16,1.5,0,0,0,2,0
plugins/MultiSites/Menu.php,1,0,0.0,0,0,0,0,0
plugins/CoreUpdater/Commands/Update.php,1,0,0.0,0,0,0,0,0
core/API/DataTableManipulator.php,1,30,1.0,0,0,3,0,0
core/API/ResponseBuilder.php,1,50,1.1,0,0,3,3,0
core/Tracker/TableLogAction.php,2,113,2.4,0,0,14,8,0
core/Tracker/Model.php,1,64,0.8,0,0,2,10,1
core/DataTable/Filter/PivotByDimension.php,1,192,2.3,0,0,12,2,5
tests/PHPUnit/System/PivotByQueryParamTest.php,1,230,5.0,0,0,21,9,5
plugins/DevicesDetection/Reports/GetBrand.php,1,0,0.0,0,0,0,0,1
plugins/DevicesDetection/Reports/GetBrowserVersions.php,1,0,0.0,0,0,0,0,1
plugins/DevicesDetection/Reports/GetModel.php,1,0,0.0,0,0,0,0,1
plugins/DevicesDetection/Reports/GetOsVersions.php,1,0,0.0,0,0,0,0,1
core/DataAccess/Model.php,3,57.67,1.167,0,0,5.33,3,0
tests/PHPUnit/Integration/AccessTest.php,1,143,1.8,0,0,2,4,0
tests/PHPUnit/Integration/Tracker/VisitTest.php,2,141,2.4,0,0,15,7,0
plugins/SitesManager/Model.php,4,142.5,2.15,0,0,2,16,0
tests/PHPUnit/Unit/DataTable/Filter/SortTest.php,1,261,6.7,0,0,0,11,0
tests/PHPUnit/Fixtures/TwoSitesEcommerceOrderWithItems.php,1,220,5.4,0,0,47,6,0
tests/PHPUnit/Integration/SegmentTest.php,2,321.5,2,0,0.5,19.5,12,0
tests/PHPUnit/System/EcommerceOrderWithItemsTest.php,2,427,7.9,0,0,8,15,1
tests/PHPUnit/Fixtures/SqlDump.php,1,62,3.1,0,0,3,0,3
tests/PHPUnit/Framework/Fixture.php,4,389.5,2.15,0,1,42.5,5.75,12
plugins/CoreConsole/Commands/ManagePlugin.php,2,20,1.3,0,0,1,0,0
plugins/CorePluginsAdmin/Menu.php,1,15,0.9,0,0,1,1,0
plugins/CoreConsole/Commands/GitPull.php,1,0,0.0,0,0,0,0,0
plugins/TestRunner/Commands/TestsRunOnAws.php,1,0,0.0,0,0,0,0,0
core/Updates/2.9.0-b7.php,1,21,1.1,0,0,6,3,0
plugins/PrivacyManager/DoNotTrackHeaderChecker.php,1,0,0.0,0,0,0,0,0
plugins/CoreHome/Visitor.php,1,8,0.3,0,0,0,1,0
tests/PHPUnit/Framework/TestCase/SystemTestCase.php,1,252,2.1,0,0,8,11,2
tests/PHPUnit/Integration/Plugin/SettingsTest.php,1,459,3.4,0,0,1,23,1
plugins/CorePluginsAdmin/Marketplace.php,1,54,1.3,0,0,0,6,0
core/ViewDataTable/RequestConfig.php,1,14,0.4,0,0,2,2,0
plugins/CoreVisualizations/JqplotDataGenerator.php,1,32,1.2,0,0,1,2,0
plugins/Goals/Reports/BaseEcommerceItem.php,2,72,3.1,0,0,0,7,1
plugins/UsersManager/Menu.php,2,0,0,0,0,0,0,0
tests/PHPUnit/Framework/TestCase/ConsoleCommandTestCase.php,2,0,0,0,0,0,0,0
tests/PHPUnit/Framework/TestCase/IntegrationTestCase.php,2,13,1.1,0,0,6.5,0,0
plugins/UsersManager/Model.php,3,82.67,1.5,0,0,1,8,0
plugins/Dashboard/API.php,1,16,0.6,0,0,0,1,0
core/ViewDataTable/Factory.php,1,70,3.1,0,0,12,2,0
plugins/Actions/Reports/GetExitPageUrls.php,1,18,1.1,0,0,0,2,0
plugins/Actions/Reports/GetPageTitles.php,1,18,1.1,0,0,0,2,0
core/DataAccess/ArchiveInvalidator.php,2,27,0.55,0,0,2,2.5,0
index.php,1,0,0.0,0,0,0,0,0
plugins/ImageGraph/ImageGraph.php,1,42,1.2,0,0,3,4,0
plugins/UsersManager/tests/Integration/APITest.php,2,102,2.8,0,0,0,9,0
tests/PHPUnit/System/ImportLogsTest.php,2,70.5,2.45,0,0,8,4,1
core/Plugin/Report.php,1,133,1.2,0,0,11,2,1
plugins/API/Reports/Get.php,1,0,0.0,0,0,0,0,0
core/AssetManager/UIAsset/OnDiskUIAsset.php,1,66,3.4,0,0,6,0,0
tests/PHPUnit/Integration/FilesystemTest.php,1,0,0.0,0,0,0,0,0
libs/Zend/Session/Exception.php,1,14,3.9,0,0,3,1,0
core/Log/Handler/DatabaseHandler.php,1,0,0.0,0,0,0,0,0
plugins/Dashboard/Dashboard.php,3,23,0.4,0,0,1,3,0
misc/others/geoipUpdateRows.php,1,21,0.5,0,0,0,3,1
plugins/Referrers/Archiver.php,1,240,3.8,0,0,40,8,0
plugins/ScheduledReports/ScheduledReports.php,1,430,2.7,0,1,72,8,4
core/Mail.php,3,16,0.6,0,0,0,2,0
plugins/LanguagesManager/LanguagesManager.php,2,22,0.55,0,0,7,1,0
plugins/SegmentEditor/Model.php,1,16,0.6,0,0,2,6,0
plugins/UserSettings/Controller.php,1,0,0.0,0,0,0,0,0
core/Metrics/Formatter.php,1,15,0.3,0,0,5,1,0
plugins/Live/VisitorProfile.php,1,103,1.4,0,0,6,8,1
plugins/SitesManager/Controller.php,2,19,0.55,0,0,0.5,1,0
plugins/Transitions/API.php,1,286,2.3,0,0,7,18,0
plugins/CoreUpdater/Updater.php,2,94,1.8,0,0,11,0,0
core/API/CORSHandler.php,1,8,1.4,0,0,0,1,0
plugins/UserCountry/Columns/Base.php,1,4,0.2,0,0,0,2,0
tests/PHPUnit/System/TrackerTest.php,1,60,1.5,0,0,3,3,0
plugins/CoreHome/Menu.php,1,24,1.9,0,0,0,2,0
plugins/CoreAdminHome/Commands/RunScheduledTasks.php,1,0,0.0,0,0,0,0,0
core/ReportRenderer/Pdf.php,2,245,2,0,0,52,0,1
core/TCPDF.php,1,20,1.8,0,0,1,0,0
libs/tcpdf/2dbarcodes.php,1,98,3.8,0,0,14,2,7
libs/tcpdf/barcodes.php,1,495,1.0,0,0,37,2,40
libs/tcpdf/config/lang/eng.php,1,0,0.0,0,0,0,0,0
libs/tcpdf/config/tcpdf_config.php,1,30,3.6,0,0,6,0,0
libs/tcpdf/config/tcpdf_config_alt.php,1,52,3.1,0,0,4,4,0
libs/tcpdf/fonts/almohanad.php,1,2,0.1,0,0,0,1,0
libs/tcpdf/fonts/dejavusans.php,1,0,0.0,0,0,0,0,0
libs/tcpdf/fonts/helvetica.php,1,0,0.0,0,0,0,0,0
libs/tcpdf/fonts/helveticab.php,1,0,0.0,0,0,0,0,0
libs/tcpdf/fonts/helveticabi.php,1,0,0.0,0,0,0,0,0
libs/tcpdf/fonts/helveticai.php,1,0,0.0,0,0,0,0,0
libs/tcpdf/fonts/hysmyeongjostdmedium.php,1,3,0.2,0,0,0,1,1
libs/tcpdf/fonts/kozgopromedium.php,1,2,0.1,0,0,0,1,0
libs/tcpdf/fonts/kozminproregular.php,1,2,0.1,0,0,0,1,0
libs/tcpdf/fonts/msungstdlight.php,1,2,0.2,0,0,0,1,0
libs/tcpdf/fonts/stsongstdlight.php,1,2,0.2,0,0,0,1,0
libs/tcpdf/fonts/symbol.php,1,0,0.0,0,0,0,0,0
libs/tcpdf/fonts/times.php,1,0,0.0,0,0,0,0,0
libs/tcpdf/fonts/timesb.php,1,0,0.0,0,0,0,0,0
libs/tcpdf/fonts/timesbi.php,1,0,0.0,0,0,0,0,0
libs/tcpdf/fonts/timesi.php,1,0,0.0,0,0,0,0,0
libs/tcpdf/htmlcolors.php,1,16,0.4,0,0,0,2,0
libs/tcpdf/include/tcpdf_colors.php,1,150,1.5,0,0,17,10,5
libs/tcpdf/include/tcpdf_filters.php,1,237,3.4,0,0,50,4,2
libs/tcpdf/include/tcpdf_font_data.php,1,7548,1.4,0,0,1,280,7
libs/tcpdf/include/tcpdf_fonts.php,1,2533,4.3,0,7,210,41,99
libs/tcpdf/include/tcpdf_images.php,1,115,1.9,0,0,14,4,1
libs/tcpdf/include/tcpdf_static.php,1,1957,3.8,0,2,127,310,31
libs/tcpdf/pdf417.php,1,248,1.1,0,0,25,4,32
libs/tcpdf/qrcode.php,1,859,1.7,0,0,64,12,112
libs/tcpdf/spotcolors.php,1,2,1.3,0,0,0,1,0
libs/tcpdf/tcpdf.php,1,20033,4.0,0,0,1505,366,244
libs/tcpdf/tcpdf_autoconfig.php,1,79,1.8,0,0,6,5,1
libs/tcpdf/tcpdf_import.php,1,8,1.1,0,0,0,2,1
libs/tcpdf/tcpdf_parser.php,1,605,3.9,0,0,66,10,30
libs/tcpdf/unicode_data.php,1,73,0.0,0,0,1,2,6
plugins/Live/Widgets.php,2,0,0,0,0,0,0,0
tests/PHPUnit/System/OneVisitorOneWebsiteSeveralDaysDateRangeTest.php,1,107,5.8,0,0,1,8,3
tests/PHPUnit/System/ArchiveCronTest.php,1,79,2.4,0,0,3,7,1
tests/PHPUnit/Integration/CronArchiveTest.php,1,8,0.6,0,0,0,1,0
plugins/UserCountry/Columns/Longitude.php,1,2,0.2,0,0,0,1,0
tests/PHPUnit/System/UserIdAndVisitorIdTest.php,1,71,3.3,0,0,10,5,1
core/DataAccess/RawLogDao.php,1,8,0.5,0,0,0,1,0
tests/PHPUnit/Unit/DateTest.php,1,56,0.9,0,0,0,6,4
plugins/SitesManager/tests/Integration/ApiTest.php,1,914,4.5,0,0,35,36,1
plugins/CorePluginsAdmin/MarketplaceApiClient.php,1,20,0.6,0,0,1,2,0
tests/PHPUnit/Integration/ReleaseCheckListTest.php,1,190,2.3,0,0,5,9,0
plugins/Installation/FormDatabaseSetup.php,1,195,3.3,0,0,16,13,2
tests/PHPUnit/Framework/TestRequest/Collection.php,1,99,1.5,0,0,6,3,1
plugins/Referrers/Reports/GetReferrerType.php,1,40,2.3,0,0,0,3,0
core/API/DataTablePostProcessor.php,1,125,1.6,0,0,8,6,2
tests/PHPUnit/Fixtures/UITestFixture.php,1,232,3.3,0,0,21,9,0
plugins/UserCountry/API.php,1,179,4.9,0,0,3,8,0
plugins/UserCountry/LocationProvider.php,1,142,2.1,0,0,61,0,2
core/ViewDataTable/Config.php,1,5,0.1,0,0,1,0,0
tests/PHPUnit/Unit/UrlTest.php,1,624,6.9,0,0,1,37,10
plugins/CoreConsole/Commands/GeneratePlugin.php,2,122,3.05,0,0,5,3.5,0
plugins/BulkTracking/Tracker/Handler.php,1,0,0.0,0,0,0,0,0
plugins/BulkTracking/Tracker/Response.php,1,0,0.0,0,0,0,0,0
plugins/BulkTracking/tests/Framework/TestCase/BulkTrackingTestCase.php,1,10,0.6,0,0,0,2,0
plugins/BulkTracking/tests/Integration/TrackerTest.php,1,0,0.0,0,0,0,0,0
plugins/BulkTracking/tests/Mock/TrackerResponse.php,1,0,0.0,0,0,0,0,0
plugins/BulkTracking/tests/System/TrackerTest.php,1,5,0.6,0,0,1,0,0
plugins/BulkTracking/tests/Unit/ResponseTest.php,1,8,0.4,0,0,0,1,0
misc/others/api_internal_call.php,1,2,0.3,0,0,0,1,0
plugins/Overlay/Controller.php,1,20,0.3,0,0,2,2,1
core/Columns/Updater.php,1,126,1.8,0,0,10,10,0
plugins/Diagnostics/Diagnostic/RecommendedFunctionsCheck.php,1,0,0.0,0,0,0,0,0
plugins/CustomVariables/Commands/SetNumberOfCustomVariables.php,1,0,0.0,0,0,0,0,0
plugins/Login/tests/Integration/LoginTest.php,1,329,5.0,0,0,36,5,0
plugins/UsersManager/tests/Integration/UsersManagerTest.php,1,945,5.9,0,2,4,31,7
core/Tracker/TrackerCodeGenerator.php,1,38,1.0,0,0,3,1,1
plugins/CustomVariables/Archiver.php,1,32,0.6,0,0,10,0,0
plugins/CustomVariables/Commands/Info.php,1,0,0.0,0,0,0,0,0
plugins/CustomVariables/CustomVariables.php,1,54,1.9,0,0,2,5,0
plugins/CustomVariables/tests/Commands/SetNumberOfCustomVariablesTest.php,1,2,0.1,0,0,0,1,0
plugins/CustomVariables/tests/Integration/CustomVariablesTest.php,1,0,0.0,0,0,0,0,0
plugins/Live/Model.php,1,116,1.2,0,0,3,11,0
core/CronArchive/SegmentArchivingRequestUrlProvider.php,1,15,0.5,0,0,2,1,0
tests/PHPUnit/Unit/CronArchive/SegmentArchivingRequestUrlProviderTest.php,1,124,2.6,0,0,3,8,10
plugins/CustomVariables/tests/System/CustomVariablesSystemTest.php,1,5,0.6,0,0,2,0,1
plugins/Insights/tests/Integration/ApiTest.php,1,186,3.0,0,0,4,15,0
plugins/Insights/tests/Integration/ModelTest.php,1,68,1.9,0,0,11,3,0
plugins/UserCountry/tests/System/AttributeHistoricalDataWithLocationsTest.php,1,13,0.5,0,0,4,1,0
tests/PHPUnit/Framework/TestingEnvironmentManipulator.php,1,23,0.5,0,0,3,1,3
tests/PHPUnit/System/CliMultiTest.php,1,102,2.0,0,0,0,5,0
tests/PHPUnit/Unit/DeprecatedMethodsTest.php,1,60,2.1,0,0,0,3,0
tests/PHPUnit/Integration/DbTest.php,2,0,0,0,0,0,0,0
core/Application/Kernel/PluginList.php,1,12,0.8,0,0,0,2,1
plugins/Widgetize/tests/System/WidgetTest.php,2,832,3.5,0,0,2,16,2
tests/PHPUnit/Integration/WidgetsListTest.php,2,119,3.5,0,0,9,8,0
plugins/Actions/Menu.php,1,0,0.0,0,0,0,0,0
plugins/Ecommerce/Menu.php,1,12,1.7,0,0,0,1,0
plugins/ExampleUI/Menu.php,1,5,0.6,0,0,1,0,0
plugins/Goals/Menu.php,1,30,1.8,0,0,4,2,0
plugins/Referrers/Menu.php,1,0,0.0,0,0,0,0,0
plugins/VisitsSummary/Menu.php,1,0,0.0,0,0,0,0,0
tests/PHPUnit/Unit/Metrics/FormatterTest.php,1,24,0.5,0,0,0,2,0
core/DataAccess/LogQueryBuilder.php,1,200,3.5,0,0,7,8,0
tests/PHPUnit/System/TrackGoalsAllowMultipleConversionsPerVisitTest.php,1,10,0.9,0,0,5,0,0
core/Tracker/Visit/ReferrerSpamFilter.php,1,4,0.3,0,0,2,0,0
plugins/Installation/FormSuperUser.php,1,38,1.7,0,0,0,5,0
tests/PHPUnit/Integration/DataAccess/ArchiveInvalidatorTest.php,1,443,2.7,0,0,13,26,1
libs/Zend/Validate/Hostname.php,1,441,3.1,0,0,43,16,0
plugins/DevicesDetection/API.php,1,72,1.7,0,0,0,4,2
plugins/DevicesDetection/Columns/DeviceBrand.php,1,0,0.0,0,0,0,0,0
tests/PHPUnit/System/TwoVisitsWithCustomVariablesSegmentMatchNONETest.php,1,10,0.6,0,0,2,0,3
plugins/LanguagesManager/Test/Integration/LanguagesManagerTest.php,1,12,0.4,0,1,1,0,2
core/WidgetsList.php,2,81,1.8,0,0,27,3,0
plugins/CoreHome/Widgets.php,1,0,0.0,0,0,0,0,0
plugins/ExampleRssWidget/Widgets.php,1,0,0.0,0,0,0,0,0
tests/PHPUnit/Unit/Period/DayTest.php,1,59,1.4,0,1,0,5,0
core/BaseFactory.php,1,20,3.0,0,0,1,0,0
core/Unzip.php,1,20,2.2,0,0,1,0,0
plugins/SitesManager/Menu.php,1,5,0.4,0,0,1,0,0
plugins/VisitFrequency/Controller.php,1,68,2.5,0,0,0,7,0
plugins/UserCountry/Commands/AttributeHistoricalDataWithLocations.php,1,31,0.9,0,0,14,0,0
core/CronArchive/FixedSiteIds.php,1,0,0.0,0,0,0,0,0
plugins/Referrers/SearchEngine.php,1,132,1.4,0,0,8,7,0
plugins/Referrers/Social.php,1,8,0.3,0,0,4,0,0
plugins/CoreVisualizations/Visualizations/HtmlTable/AllColumns.php,1,2,0.1,0,0,0,0,2
#####
