124382,4263253,284
123373,6669095,894
122357,6668795,519
122265,6668773,652
122253,416846,7
122089,6668726,804
122069,6668733,2
122051,580779,78
122040,1,563
122039,79714319,3524
121892,66606944,513
121884,108783239,538
121819,6668648,246
121568,6668590,259
121542,6668583,2
121536,6668596,946
121352,6668555,1102
121344,6668539,1133
121321,6668531,703
121309,36276099,904
121301,6668534,1151
121294,6668526,102
121285,6668524,8
121278,6668523,351
121256,6668516,1054
121252,6668516,394
121250,6668516,343
121246,6668518,530
121244,6668515,165
121240,6668514,429
121236,6668514,605
121223,6668509,2963
121216,6668510,2
121213,6668514,6140
121212,6668513,3952
121207,6668508,11261
121197,6668503,553
121186,6668498,127
121181,6668497,317
121171,6668496,1233
121161,6668501,549
121160,6668493,72
121159,6668500,424
121157,6668492,44
121149,6668492,586
121137,6668489,21
121136,6668489,813
121129,6668489,152
121126,6668488,253
121123,6668488,217
121122,980770,1329
121115,6668486,244
121114,26568161,5
121110,6668486,5
121105,6668486,0
121104,6668483,525
121103,6668483,88
121093,6668487,116
121092,6668482,0
121087,18596013,143
121085,6668480,5
121084,6668480,165
121080,6668478,308
121079,6668478,998
121074,6668476,345
121064,20009500,202
121049,6668471,129
121033,6668469,78
121032,6668469,117
121030,6668468,269
121025,6668470,113
121023,6668467,39
121020,6668467,23
121019,6668466,137
121018,6668467,39
121014,6668465,585
121013,6668467,65
121009,104384,120
120998,6668463,637
120990,6668461,0
120989,6668460,339
120988,6668460,398
120983,22260848,424
120981,6668459,95
120979,6668461,71
120977,416530,0
120975,6668460,915
120974,6668456,23
120973,6668456,336
120970,6668461,0
120962,6668455,23
120954,2792,371
120953,6668451,371
120945,6668450,170
120938,6668447,25
120936,6668448,398
120933,6668444,585
120931,6668445,26
120928,6668444,436
120925,6668444,47
120924,6668444,230
120906,6668441,757
120903,20216957,1125
120901,6668439,74
120900,6668439,663
120898,6668438,638
120894,6668438,138
120889,6668437,351
120878,6668435,2
120877,6668436,24
120876,6668437,539
120868,6668434,0
120867,6668434,5
120865,6668433,324
120861,6668432,47
120846,6668425,763
120839,6668427,71
120835,6668426,86
120829,6668422,1358
120815,6668419,0
120806,6668417,26
120804,6668417,413
120795,6668415,153
120789,6668415,26
120785,6668414,207
120782,415731,311
120779,6668413,1535
120775,6668412,502
120771,6668411,859
120769,6668413,19
120759,6668410,428
120753,415724,61
120747,6668406,1238
120744,415723,7
120730,6668405,69
120729,415720,30
120727,415721,422
120724,415719,26
120723,415719,337
120720,415720,437
120719,415718,4
120716,415718,3076
120715,415718,0
120704,15159641,112
120697,6668395,422
120696,415712,654
120695,6668396,422
120689,415711,422
120685,6668393,859
120677,34347981,67
120665,6668386,938
120661,6668386,59
120660,6668385,464
120658,6668385,313
120654,6668386,50
120638,6668381,62
120633,2076,423
120628,12139871,31
120620,6668378,345
120616,6668377,985
120614,6668377,67
120611,6668376,522
120605,6668375,606
120600,6668373,0
120594,6668373,0
120589,6668371,0
120585,6855310,522
120582,416434,256
120581,11262094,74
120579,598403,50
120576,6668369,1705
120574,416433,234
120564,4590299,69
120563,416430,40
120540,416425,52
120529,416422,79
120525,416422,201
120523,416421,79
120522,416421,157
120519,416420,465
120515,416419,28
120512,674286,67
120509,416418,606
120498,416417,440
120496,416416,109
120490,416416,14
120487,416415,34
120482,416413,42
120475,416412,31
120472,416412,168
120467,416411,219
120463,416411,70
120461,416411,250
120460,416409,365
120458,416409,724
120453,416409,36
120450,416408,286
120449,416408,65
120437,416407,67
120434,416406,636
120430,416406,67
120426,13101804,87
120424,104251,182
120422,104249,70
120418,2784326,217
120414,104249,24
120040,50874,479
120037,194351,401
120035,71078,1052
120029,1503,131
120008,209428,189
120007,1058,52
120000,7343,222
119990,3033719,659
119987,135274,189
119947,123,222
119938,713051,301
119936,1140,261
119934,42,9
119929,3994485,392
119928,3998069,48
119912,146500,213
119905,39864,538
119900,396,204
119897,11595,822
119849,49,147
119828,2593878,18
119821,963,314
119820,5023641,665
119819,338,460
119811,39130,238
119799,1948269,222
119795,810,40
119788,120838,1487
119774,151431,20
119768,47461,278
119765,131436,0
119756,16804,20
119754,844020,147
119744,12362,803
119743,72,692
119734,2748798,628
119711,3674907,5
119709,6579135,52
119691,9844,461
119665,551938,832
119643,923378,1056
119640,390993,1203
119639,373642,52
119614,3899,30
119603,8905,389
119592,384328,281
119591,55291,375
119590,589278,4
119583,280330,0
119582,2,80
119542,1132068,116
119515,3294264,266
119509,96,117
119508,61212,64
119504,28781,422
119498,1646515,376
119494,137,0
119489,424520,57
119486,1153,278
119482,548,151
119480,25484,16
119461,4183045,486
119456,32,142
119437,3066593,330
119418,63,109
119414,66368,840
119412,3146,4
119409,81,318
119408,881966,117
119405,44,223
119386,8977136,5
119375,1697885,440
119365,42,20
119357,15647,618
119355,384,0
119350,2422,128
119338,5264,315
119336,352,605
119335,235,165
119334,52535,21
119333,4735,0
119320,2902,337
119309,617,1146
119307,72,318
119302,30768175,54
119300,51,28
119288,91446,261
119285,276,67
119281,1820795,0
119275,3666897,618
119271,15852,676
119268,82881,18
119263,134,16
119256,58754,70
119251,171437,300
119243,113825,270
119241,1424,349
119240,5841,188
119236,1990,180
119235,731,318
119232,206,707
119230,699349,36
119227,89,16
119224,30,217
119221,254098,395
119213,75,0
119212,57319,46
119209,491,134
119208,105540,236
119201,163,141
119186,390,217
119181,238,42
119164,6045077,507
119162,74,285
119161,433960,223
119157,516972,34
119156,12774,133
119155,32,14
119154,503504,267
119153,214473,187
119146,687,131
119110,147,1
119108,33,14
119074,5845,187
119072,45,23
119063,270028,21
119060,14389,240
119038,69,1036
119030,259,745
119007,2902,846
118978,205904,60
118971,181605,16
118954,3666983,636
118953,14868307,414
118950,254,137
118948,1310,24
118941,479637,28
118927,308738,846
118920,207276,366
118919,414061,22
118903,327814,206
118892,13,32
118689,90368,166
118685,20585,8
118677,1350,286
118658,4114,94
118653,2839,64
118616,546212,8
118610,61989,64
118603,187581,198
118601,70,133
118596,261608,350
118586,136006,65
118560,7632675,874
118558,2265350,809
118553,4202,0
118550,1301741,151
118530,159,56
118507,233993,0
118493,199012,34
118473,1087795,0
118458,38903,35567
118455,90353,357
118449,117131,559
118429,96558,694
118391,427298,0
118390,2824971,79
118380,2318299,517
118368,30,128
118366,5130,30
118326,3453263,265
118322,2193615,559
118314,122,172
118308,837,2
118292,968466,470
118278,1354,32
118249,247000,408
118245,1673352,1253
118241,70,1615
118217,5269360,20
118209,22782,470
118171,175442,435
118170,253986,796
118161,6278,195
118153,4065882,20
118146,1728636,99
118145,27573,23
118135,24,40
118120,15246,757
118109,1644322,321
118073,782957,1097
118062,84,5
118056,615,908
118053,415946,4
118052,79,118
118051,5366459,303
118039,284944,2
118035,1257606,438
118030,3563,111
118004,148730,20
117968,338491,116
117964,152333,126
117960,69098,32
117956,32,0
117911,191,0
117875,109935,918
117874,1660,198
117855,377140,1389
117850,457,94
117849,114502,1177
117840,26249,316
117833,2984247,2
117809,92989,139
117780,296615,65
117754,433649,397
117746,1905,87
117736,183562,778
117713,29025,86
117670,20562,377
117649,8302890,180
117638,138,198
117636,90533,967
117618,56302,180
117613,2,198
117604,215,180
117601,189751,23
117600,140083,198
117491,346,55
117457,8508,179
117425,213773,85
117408,1625831,198
117385,33,0
117351,2955751,660
117319,297502,321
117315,228126,4
117296,2757228,126
117265,807735,38
117239,2,157
117231,31983,72
117194,347,443
117135,2531,441
117121,61308,114
117108,377,185
117094,1767251,12
117032,75,16
117017,63612,162
117015,853,1028
116969,25343,369
116912,2101034,172
116852,112,997
116849,29409,577
116839,497427,31
116802,1300025,126
116801,1120,87
116774,1500,0
116771,1810,140
116689,6109870,2
116607,121,60
116590,11,316
#####
