72374,1413639,190
72271,6424235,122.5
72249,24176893,25.612903225806
72246,14602814,254.55555555556
72236,828884,0
72234,386363,110.5
72208,55178398,39.666666666667
72195,102172,22
72178,52800994,180
72161,774724,163
72153,4775373,146
72129,16266837,118.25
72095,21653374,62.8
72087,80352,322
72081,1876119,75.285714285714
72078,1643363,453
72076,443437,28
72074,1625540,53.333333333333
72052,390068,48.5
72042,68460,337
72012,8996052,37
72002,169980,14
71912,1074794,115
71911,46384,20
71898,2967064,12
71863,236700,84
71832,1754178,206.5
71799,473300,4
71786,92496667,68
71758,670504,121
71752,529,146
71741,60591178,4
71716,53,52
71699,49244528,121
71690,901976,62
71676,2154074,230
71669,11074663,190
71667,11499117,20
71644,16893824,65.5
71636,260520,30
71610,13222263,0
71598,238183,496
71595,4226428,69
71585,36860,6
71584,8925,34
71568,10164237,85
71541,20333442,16.737704918033
71533,835948,0
71501,597856,107
71492,46961807,25.612903225806
71491,3598536,151.33333333333
71449,10677290,14.25
71414,11053,0
71404,45904662,0
71403,5719386,77
71399,266437,0
71352,45476631,96.351351351351
71341,79084,0
71340,244721,39.5
71315,332670,100
71280,994299,56.5
71276,13109939,25.612903225806
71267,724916,96
71257,11468226,65
71206,86028580,68
71200,43691831,96.351351351351
71178,15053,37.5
71168,9567,453
71163,15892348,15.333333333333
71137,62103161,0
71131,6063973,69
71129,100926,8
71124,4395376,0
71107,4220536,51.5
71099,29890,191
71070,42354818,96.351351351351
71068,234359,15.5
71060,7257664,1
71007,41409638,0
71006,3726497,20.333333333333
70960,589056,0
70916,40511454,25.612903225806
70913,6926497,0
70910,202564,453
70893,805,48.5
70880,84353,35.5
70804,53269925,322
70744,124282,0
70669,57148,152
70629,37553110,7.5
70604,2427392,0
70581,8429,51
70572,2661680,180
70542,991,0
70539,9383678,20
70467,3027774,20
70395,48232,54.2
70348,2234079,108
70333,610303,120
70326,35058403,25.612903225806
70300,497948,80
70212,32905,180
70199,34366437,20
70138,34071064,22
70090,75241762,0
70068,5488934,31
70041,5874699,60
70032,5831406,322
69966,2540,48
69928,10717961,60.6
69897,174869,84
69888,4400787,0
69841,4058717,75
69838,1238,21
69764,36462,324
69760,28394552,38.857142857143
69744,416766,360
69712,75983,20
69701,762164,56
69681,4891,21.3
69648,65295,108.5
69602,767090,194
69593,89571,84
69589,1364768,152
69539,2568691,79.25
69520,886,181
69519,509464,279.5
69435,68120,68
69398,4536,82
69396,29482,152
69352,27126507,60.5
69330,27025999,64
69326,695,0
69311,53587335,62.5
69264,56033,186
69230,24867044,134.75
69213,4890369,152
69203,24971267,16
69163,25903842,32
69148,91047733,56
69129,310450,0
69077,5824,0
69020,41042435,166
69012,2090573,0
69011,2111372,0
68991,21751470,11.75
68933,4582285,75
68915,428793,158
68880,6387306,15
68866,3642615,84
68842,40950057,454
68825,53143130,89.181818181818
68815,2454673,31
68801,22293980,358
68800,22293608,358
68746,10362667,10
68735,21578427,28
68724,39383762,20
68714,21312540,36
68698,37551249,393
68697,126605,353
68689,58352,93
68658,20713122,119.33333333333
68656,154137,21
68648,29138610,67.611111111111
68640,555220,353
68636,17969803,6.5
68631,20526727,51
68596,106288137,6890
68584,19954449,0
68558,5561983,47
68556,106901,353
68524,1034,617.5
68520,52944,0
68511,5280354,142
68474,9579,164.66666666667
68467,37155416,208
68457,4594132,18.47619047619
68361,300505,27
68352,109812478,0
68326,16973348,121.5
68322,103391,128
68320,16920821,29.333333333333
68310,89874172,0
68265,2914813,16
68236,25989012,162
68196,15938790,150
68166,14112111,140
68150,597092,0
68130,15196489,21.75
68066,14504363,118.5
68032,8344394,13
68031,24491831,219
68016,63994,90
67995,302574,154
67946,75120892,262.66666666667
67942,73052453,92
67939,7816,20
67897,231110,387
67864,13427629,20
67817,30228206,5
67811,2914698,0
67806,13089404,149
67791,43806459,165
67774,12599689,33
67746,57911525,0
67631,11479212,17
67596,25131384,204
67550,38092842,63.166666666667
67545,11118695,81.5
67536,11043717,0
67518,22996793,0
67513,10885811,81.5
67510,10867390,81.5
67508,10865718,20.222222222222
67497,505472,154
67460,39641901,142
67456,6510512,74
67450,6488963,74
67378,27162065,115
67345,9556100,13
67339,1403103,142
67311,9214643,76
67277,9028271,8
67212,17635114,367
67208,297200,367
67199,8284333,152
67189,8166636,0
67123,857776,20
67121,7549526,12.142857142857
67116,81367784,16.2
67096,21680515,0
67082,552609,108
67058,7138193,322
67049,25870214,83.857142857143
67043,4123796,118.25
67040,6947924,18
67035,3386462,91.6
67002,2048,28
67001,52785204,20
66984,22630436,30.5
66964,58587239,711
66911,26010370,30
66863,1772532,13
66847,48656519,10.5
66803,2145347,0
66755,646959,20
66748,4352491,136
66737,1462137,86.5
66724,9197724,16.5
66663,506089,200
66660,417072,0
66655,3523157,14
66627,14689211,176
66616,8306708,48.625
66615,17019154,14
66610,3145875,165
66585,2982137,148
66477,5307867,54
66445,2305570,322
66436,2125987,711
66423,1979740,91.5
66422,12971496,226.5
66371,17857825,36
66362,825,165
66343,1359153,6
66335,207363,0
66332,168986,0
66329,62074,55.5
66319,1180146,85
66301,489316,52.8
66250,20418675,322
66243,1470422,182.16666666667
66242,7689272,14
66239,1447231,182.16666666667
66230,5618318,111.75
66225,9597707,105.41176470588
66213,1946704,90.807692307692
66212,101104,439.33333333333
66199,5296730,251
66175,1636998,165
66149,33161746,155.33333333333
66148,6210997,104
66144,10978643,0.2
66139,34975026,139.75
66130,13339844,346
66105,25401152,118.32
66016,3988148,0
66000,16387760,87.222222222222
65962,2346840,95.5
65933,6582119,328.8
65888,5976261,61.933333333333
65887,3375075,149
65885,10947918,264.5
65863,137489,18
65859,1060735,118
65856,4487906,91.888888888889
65854,5675226,94
65769,7668,0
65767,251242,311.5
65749,147310,311.5
65745,174676,94.083333333333
65741,8500091,12
65732,3169961,141.25
65720,1077556,346
65692,5220368,0
65659,11653141,145
65658,924286,29.72972972973
65584,76147,29.72972972973
65581,70666,29.72972972973
65577,59469,29.72972972973
65570,24143,186.33333333333
65560,1542,38
65539,248598,214.08333333333
65527,1544353,164.66666666667
65518,79494,110
65493,1263563,164.66666666667
65481,10454368,208
65462,874095,111
65454,36499,3.75
65420,55448,10
65397,14567835,83.5
65365,65063228,824
65361,94875,88.794117647059
65357,9529972,19
65311,9458851,47.063829787234
65302,33235608,99
65271,170345,238.5
65249,31927282,21
65247,8878676,54
65201,450725,184
65174,14289565,130.75
65162,18674092,12
65154,737862,79.444444444444
65110,14147437,550
65099,19154914,192
65083,1818493,14
65078,3649438,11
65076,5011996,0
65060,3017316,106.5
65055,3561445,359
65049,29604696,605
65023,6331541,121.66666666667
65002,595312,5
64989,5643662,87.955555555556
64970,4579826,93.8
64942,4987961,87.955555555556
64931,64711,336.5
64916,2436273,139
64912,1666105,200
64905,4585522,384.33333333333
64862,11795568,118.27272727273
64835,3362232,38
64819,2662412,292.5
64812,269862,32
64790,3307054,68
64734,85151,359
64715,48534,135.13333333333
64699,560856,165
64696,3929053,17.333333333333
64622,4903967,69
64618,9154520,122.27272727273
64607,3257809,19
64594,159401,99
64555,461939,0
64537,168519,146.16666666667
64515,772654,227
64492,1081535,79.8
64412,39075200,170
64364,30488703,13
64337,177464,224.5
64308,29947982,83.218543046358
64296,119918,0
64261,2577562,55.5
64222,11200497,0
64210,2978612,290.5
64165,60173,236
64161,15935268,0
64130,19442294,0
64083,5917685,47.8
64078,968892,50
64062,5757510,30
64048,16567816,2
64032,2407427,31.571428571429
63991,3520,25
63973,1019859,39
63941,1121146,121.52941176471
63881,16148730,290.5
63859,2569983,20
63855,26399020,97.108695652174
63838,7070668,20.75
63833,5904506,10
63793,24549561,68.719512195122
63764,25026,181
63752,2054187,26
63749,287581,122
63742,88406,133
63732,35073020,321.25
63728,84928,122
63710,734679,57.959183673469
63621,130501,25
63587,1127011,104.65384615385
63540,12106150,290.5
63538,22211574,36
63535,2444028,79.333333333333
63528,58498189,0
63477,10288,124.71428571429
63458,21,181
63439,2232774,88.666666666667
63424,269726,182
63368,3815871,353
63367,21396195,0
63358,865876,0
63355,5339431,51.631578947368
63332,584042,0
63331,21242414,888.5
63315,41384854,75.9
63296,14379,112
63266,238614,231
63254,164721,231
63251,41903779,10.666666666667
63153,44648,36
63134,1084705,370
63130,1036751,143
63124,434929,213
63115,6876434,29.5
63081,4992218,123.5
63069,785021,5
63049,17170234,270.5
63019,89694,172
63001,5732152,78
62959,4634554,4779.3333333333
62901,494474,52
62891,11562087,167.5
62837,49604501,1277
62832,2123978,554
62799,291680,342.5
62794,1860368,78.782608695652
62789,1796616,554
62747,957827,102.88235294118
62728,5753802,141.85
62713,234796,19
62704,633826,20
62701,606486,20
62690,568884,20
62681,34399357,15.25
62670,474134,32
62641,145497,1
62625,45089,0
62553,10205656,0
62551,5991172,0
62537,60415,0
62461,42347197,18
62459,23137979,421
62447,12778,90.5
62443,169500,157.375
62425,16179472,66
62341,371716,6.5
62337,4231550,39
62327,19397870,27
62307,7382774,89.081081081081
62291,8971185,25.333333333333
62228,836271,154.27272727273
62215,2687245,390.5
62193,2676520,343
62176,10164952,40
62081,12675,97
62041,39190041,254.33333333333
61969,19354242,27
61964,6744782,0
61960,2756090,175
61925,3504756,35.5
61912,27587,210.5
61901,534498,343
61896,3197952,60.5
61882,84376,31
61879,17935,108.33333333333
61878,1837314,30.5
61877,1837262,30.5
61876,93785,0
61875,1836889,19
61874,475771,30
61873,1836783,30.5
61862,20403,26
61861,91355,0
61860,1834824,30.5
61859,19828,0
61849,13338,0
61847,88418,30
61846,13586,0
61839,29894487,286
61824,87580,28
61813,3034384,0
61806,85479,60
61803,10901,0
61801,7935,0
61797,85062,80
61784,83995,34
61778,88499,185
61776,83297,50
61772,11458,60
61692,3393693,69.107142857143
61684,32460,175.5
61680,494738,104
61678,2393421,91.275167785235
61644,719854,107.58974358974
61642,3060727,0
61597,98321,39
61554,39916748,34
61547,3871248,53.25
61539,33520,390
61506,4419946,156.4
61490,118794,83.5
61481,3585,286.5
61343,7096815,0
61313,201037,328.5
61301,2978223,0
61236,4324798,286
61228,142881,26
61214,64692,26
61209,16342127,20
61130,6395217,67.333333333333
61129,6395201,67.333333333333
61023,5528442,12.5
61001,16408058,35.5
60972,31394567,23
60966,746366,170
60948,3624537,201.25
60811,32844422,150.66666666667
60784,1146551,266.33333333333
60770,458801,91.25
60713,9670495,81
60645,4433805,64
60601,1785101,138.5
60551,4865319,30.5
60520,191098,251
60408,1155774,33
60297,1987261,64
60190,1240848,118.5
60181,30361217,77
60156,7073484,66
60146,1373189,65
60064,8485,95
60056,13935897,36
60052,551738,51.5
60045,178446,125
60037,381778,2.1111111111111
59983,1189469,34
59975,1181416,20
59969,25890127,0
59947,340430,19
59887,204057,43
59882,42,40
59850,28017110,535.66666666667
59844,6136760,30.193548387097
59798,735882,40
59796,709396,40
59755,368334,0
59748,10868151,40
59738,20567942,189.8
59734,809050,30
59730,8958648,91.68085106383
59700,488584,120
59699,9666411,66.971428571429
59674,297806,31.600985221675
59650,19933671,90.333333333333
59625,14575618,145.46153846154
59616,788108,7
59598,172707,219
59548,5504538,276.5
59535,3606286,123
59500,5684,10
59471,8803919,233.5
59437,92356,300
59373,7031009,439.5
59362,1552309,263.5
59352,25607,37
59337,1973817,313.5
59332,16893759,80
59306,6244660,439.5
59301,1268728,180.33333333333
59300,2068,68.5
59263,847,42.333333333333
59242,14885618,146
59215,15774894,356.5
59211,420594,2.5
59175,5106020,2
59144,2110245,163
59119,3024544,91.68085106383
59098,14324315,982.5
59081,11303923,131.875
59075,14166834,75.5
59045,17892611,380.5
58954,957205,91.68085106383
58928,8838425,144.5
58874,3013389,34
58826,6308821,102
58787,201094,60
58783,891007,265
58708,121872,295
58697,11132563,7
58646,5992881,35.571428571429
58595,1532248,47
58476,4363798,169
58475,7582407,24.5
58419,435394,32
58400,1884831,73.5
58335,168568,211.33333333333
58326,2604421,28.5
58313,2747254,117
58234,3036222,26
58218,8707846,78.333333333333
58195,980966,169
58191,11068891,104.75
58121,5951413,295
58116,46651,109
58075,431377,37
58065,468,446
57978,22016,83
57900,7193420,0
57883,156848,61
57873,59649,103.42857142857
57836,286478,168.33333333333
57831,4328365,0
57828,7412788,679.5
57824,608209,28.333333333333
57794,9034,40.25
57789,7148120,1294
57781,1186255,398
57758,10832315,168.5
57751,13319046,81
57692,137600,0
57657,573413,273
57643,99094,0
57488,1047500,207.25
57487,249771,0
57476,1183406,679.5
57442,453713,100.30303030303
57407,4395379,18
57404,813651,89
57384,774848,91
57362,8322,68
57256,5847652,138.5
57178,1290690,16
57154,2750518,26
57111,2504444,228.5
57102,2105686,5
57078,1141480,0
57056,1889697,46.5
56998,4849608,460.4
56989,3968458,109.8
56986,3832,61
56941,1180849,131.66666666667
56923,723671,46.5
56899,521394,23
56895,415308,8
56890,347627,8
56884,2682775,26
56827,2480450,150
56821,3720050,155
56791,2157963,0
56756,2593071,252
56679,382261,21
56668,104723,38
56657,3292714,168.5
56444,342210,123.5
56375,26966,26
56364,90254,8
56341,1127866,162.5
56292,1746355,96
#####
