lib/Twig/ExpressionParser.php,9,105.44,0.822,0,0,6.11,2.33,0
lib/Twig/Node/Expression/Test.php,3,35,2.867,0,1,0,2,0
lib/Twig/Node/Expression/Filter.php,1,18,1.2,0,0,1,2,0
lib/Twig/Node/Expression/GetAttr.php,2,24,2.1,0,0,0,2.5,0
lib/Twig/Node/Expression/Name.php,6,19.67,1.083,0,0,0,2.83,0
lib/Twig/Extension/Core.php,24,507.54,2.521,0,0,15.25,16.21,0
lib/Twig/Node/Spaceless.php,1,5,1.0,0,0,0,1,0
lib/Twig/TokenParser/Spaceless.php,1,5,0.9,0,0,0,1,0
lib/Twig/Node/For.php,2,81,3.6,0,1,1,5,0
test/Twig/Tests/Node/ForTest.php,1,32,0.6,0,0,0,4,0
test/Twig/Tests/ExpressionParserTest.php,1,35,0.8,0,0,0,4,0
lib/Twig/Markup.php,2,5,1.15,0,0,0,1,0
test/Twig/Tests/Node/Expression/GetAttrTest.php,2,10,0.85,0,0,0,2,0
lib/Twig/Lexer.php,4,187.5,2.05,0,0,25,7.75,1
lib/Twig/Environment.php,16,297.06,1.581,0,1,11.63,4.88,0
lib/Twig/TokenParser.php,1,5,2.1,0,0,0,1,0
lib/Twig/Node/SandboxedModule.php,1,29,2.1,0,0,0,4,0
test/Twig/Tests/Extension/SandboxTest.php,4,254.5,5.225,0,0,53.25,12,0
test/Twig/Tests/Node/SandboxedModuleTest.php,3,34,0.933,0,0,0,5,0
lib/Twig/Filter.php,2,5,0.35,0,0,0,1,0
lib/Twig/FilterInterface.php,1,10,3.3,0,0,0,1,0
lib/Twig/NodeVisitor/SafeAnalysis.php,3,56.33,1.833,0,0,3,2,0
test/Twig/Tests/integrationTest.php,2,0,0,0,0,0,0,0
lib/Twig/Loader/Filesystem.php,7,11.57,0.357,0,0,0.71,1.43,0
lib/Twig/Node/Module.php,3,111.67,1.367,0,1,0,9.33,0
test/Twig/Tests/Node/ModuleTest.php,2,25.5,0.6,0,0,0.5,2.5,0
lib/Twig/Parser.php,4,120,1.5,0,0,7,1,0
lib/Twig/TokenParser/Block.php,1,5,0.4,0,0,0,1,0
lib/Twig/Extension/Debug.php,1,5,0.5,0,0,0,1,0
lib/Twig/Extension/Escaper.php,4,5,0.425,0,0,0,1,0
test/Twig/Tests/FileCachingTest.php,4,19,1.1,0,0,2.5,1.75,0
lib/Twig/Compiler.php,3,6.67,0.167,0,0,0.33,1,0
lib/Twig/Template.php,10,126.5,1.67,0,0,12.1,3,0
lib/Twig/Autoloader.php,3,5,0.867,0,0,0,1,0
test/Twig/Tests/TemplateTest.php,6,271,1.9,0,0,9.67,22,0.83
lib/Twig/Error.php,4,25.5,0.725,0,0,0.75,2,0
test/Twig/Tests/ErrorTest.php,1,74,3.4,0,0,1,6,0
lib/Twig/Loader/Array.php,3,13,1.067,0,0,0,2,0
lib/Twig/Loader/Chain.php,2,33,1.85,0,0,2.5,2,0
lib/Twig/Loader/String.php,3,5,0.967,0,0,0,1,0
lib/Twig/Node/Macro.php,3,17.33,0.967,0,0,0.33,2,0
test/Twig/Tests/Node/MacroTest.php,3,10,0.7,0,0,0,2,0
test/Twig/Tests/EnvironmentTest.php,10,87.3,1.55,0,0,0.6,10.4,0
test/Twig/Tests/Node/Expression/FilterTest.php,4,22.75,0.9,0,0,0.5,2.75,0
test/Twig/Tests/Node/Expression/FunctionTest.php,3,40,2.033,0,0,0.67,4,0
test/Twig/Tests/Node/Expression/TestTest.php,3,18,1.2,0,0,0.67,2,0
test/Twig/Tests/LexerTest.php,4,62.5,1,0,0,6,1,0
test/Twig/Tests/IntegrationTest.php,2,18,0.35,0,0,0,2.5,0
test/Twig/Tests/CompilerTest.php,3,5,0.9,0,0,0,1,0
lib/Twig/Node/Expression/Test/Constant.php,1,5,1.3,0,0,0,1,0
test/Twig/Tests/Loader/FilesystemTest.php,3,40.33,1.367,0,0,0,4,0
lib/Twig/Extension/StringLoader.php,3,5,0.733,0,0,0,1,0
test/Twig/Tests/Extension/CoreTest.php,3,65.33,2.067,0,0,0.67,6,3
test/Twig/Tests/Loader/ArrayTest.php,1,10,0.6,0,0,0,2,0
lib/Twig/Node/Expression/Unary.php,1,5,1.0,0,0,0,1,0
test/Twig/Tests/Node/Expression/Unary/NegTest.php,1,10,1.6,0,0,0,2,0
test/Twig/Tests/Node/Expression/Unary/NotTest.php,1,10,1.6,0,0,0,2,0
test/Twig/Tests/Node/Expression/Unary/PosTest.php,1,10,1.6,0,0,0,2,0
lib/Twig/Node/Expression/Call.php,1,72,1.7,0,0,2,5,0
lib/Twig/Test/NodeTestCase.php,3,5,0.5,0,0,0,1,0
test/Twig/Tests/Node/Expression/NameTest.php,4,6.25,0.925,0,0,0,1.25,0
lib/Twig/NodeVisitor/Sandbox.php,2,5,0.4,0,0,0,1,0
lib/Twig/Node/Expression/Binary/StartsWith.php,1,5,1.0,0,0,0,1,0
lib/Twig/Extension/Optimizer.php,1,5,1.0,0,0,0,1,0
lib/Twig/Extension/Sandbox.php,1,5,0.2,0,0,0,1,0
lib/Twig/Extension/Staging.php,1,5,0.3,0,0,0,1,0
lib/Twig/Function.php,1,5,0.4,0,0,0,1,0
lib/Twig/Node/Expression/Array.php,1,22,1.3,0,0,1,2,0
lib/Twig/Node/Expression/Test/Defined.php,1,25,3.2,0,1,0,1,0
lib/Twig/Node/SandboxedPrint.php,1,10,1.4,0,0,0,2,0
lib/Twig/NodeTraverser.php,1,5,0.4,0,0,0,1,0
lib/Twig/NodeVisitor/Escaper.php,1,7,0.2,0,0,0,2,0
lib/Twig/NodeVisitor/Optimizer.php,1,76,1.6,0,0,16,3,0
lib/Twig/Sandbox/SecurityPolicy.php,1,5,0.2,0,0,0,1,0
lib/Twig/Test.php,1,5,1.1,0,0,0,1,0
lib/Twig/Token.php,1,105,2.6,0,0,31,1,0
lib/Twig/TokenParser/For.php,1,5,0.2,0,0,0,1,0
lib/Twig/TokenStream.php,1,10,0.5,0,0,1,1,0
lib/Twig/Filter/Function.php,2,5,1.2,0,0,0,1,0
lib/Twig/Filter/Method.php,2,5,1,0,0,0,1,0
lib/Twig/Filter/Node.php,2,5,1,0,0,0,1,0
lib/Twig/Function/Function.php,2,5,1.2,0,0,0,1,0
lib/Twig/Function/Method.php,2,5,1,0,0,0,1,0
lib/Twig/Function/Node.php,2,5,1,0,0,0,1,0
lib/Twig/Node.php,2,5,0.1,0,0,0,1,0
lib/Twig/SimpleFilter.php,2,21,1,0,0,0,3,0
lib/Twig/SimpleFunction.php,2,21,1.1,0,0,0,3,0
lib/Twig/SimpleTest.php,2,5,0.5,0,0,0,1,0
lib/Twig/Test/Function.php,2,5,1.2,0,0,0,1,0
lib/Twig/Test/IntegrationTestCase.php,2,112,3.3,0,3,1,2,0
lib/Twig/Test/Method.php,2,5,1,0,0,0,1,0
lib/Twig/Test/Node.php,2,5,1,0,0,0,1,0
lib/Twig/TokenParser/AutoEscape.php,2,5,0.4,0,0,0,1,0
lib/Twig/TokenParserBroker.php,2,5,0.2,0,0,0,1,0
test/Twig/Tests/AutoloaderTest.php,2,5,1.9,0,0,0,1,0
test/Twig/Tests/Node/Expression/PHP53/FilterInclude.php,2,5,5.6,0,0,1,0,0
test/Twig/Tests/Node/Expression/PHP53/FunctionInclude.php,2,5,5.6,0,0,1,0,0
test/Twig/Tests/Node/Expression/PHP53/TestInclude.php,2,5,5.6,0,0,1,0,0
test/Twig/Tests/ParserTest.php,2,10,0.3,0,0,0,2,0
test/Twig/Tests/escapingTest.php,2,91,1.2,0,0,5,3,3
lib/Twig/Profiler/Profile.php,1,15,0.5,0,0,5,1,0
#####
