Twig,090,132970,f85076b091c6b6a2f9e14276a436724d23a1217e,2010-09-24 15:49:09,2012-11-14 06:41:31,67531942,5,lib/Twig/ExpressionParser.php,16,110,1.1,0,0,6,2,0
Twig,100,132785,b0a94baebd5e3b9c41babd29fb093eb6a327a2e7,2011-05-03 13:48:15,2011-05-18 06:08:45,1268430,2,lib/Twig/Node/Expression/Test.php,3,35,2.7,0,1,0,2,0
Twig,100,132767,cf50380b8c33d885ac04403a19da2a64141c4031,2011-05-24 08:47:57,2011-06-16 07:45:22,1983445,5,lib/Twig/Node/Expression/Filter.php,35,18,1.2,0,0,1,2,0
Twig,100,132767,cf50380b8c33d885ac04403a19da2a64141c4031,2011-05-24 08:47:57,2011-06-16 07:45:22,1983445,5,lib/Twig/Node/Expression/GetAttr.php,15,5,0.6,0,0,0,1,0
Twig,100,132767,cf50380b8c33d885ac04403a19da2a64141c4031,2011-05-24 08:47:57,2011-06-16 07:45:22,1983445,5,lib/Twig/Node/Expression/Name.php,26,5,0.8,0,0,0,1,0
Twig,100,132767,cf50380b8c33d885ac04403a19da2a64141c4031,2011-05-24 08:47:57,2011-06-16 07:45:22,1983445,5,lib/Twig/Node/Expression/Test.php,28,35,2.7,0,1,0,2,0
Twig,110,132688,a9c53bc3fb38763761ac7397e7167c7002dabae8,2011-08-13 12:54:19,2011-12-28 19:34:45,11860826,5,lib/Twig/Extension/Core.php,54,238,2.0,0,0,7,6,0
Twig,110,132673,b49252a55778e90759d80dbb861432046c18e74b,2011-09-04 20:19:11,2011-09-04 20:25:16,365,2,lib/Twig/Node/Spaceless.php,26,5,1.0,0,0,0,1,0
Twig,110,132673,b49252a55778e90759d80dbb861432046c18e74b,2011-09-04 20:19:11,2011-09-04 20:25:16,365,2,lib/Twig/TokenParser/Spaceless.php,23,5,0.9,0,0,0,1,0
Twig,120,132659,4aba337cda03b0170cbf30b43cd82cb83146f2b4,2011-09-21 10:57:55,2011-12-22 21:36:50,7987135,7,lib/Twig/Extension/Core.php,1,269,2.2,0,0,8,7,0
Twig,140,132545,2d21619ddc64a1de0a22950e5140277d09419bd3,2011-12-21 04:51:30,2011-12-21 10:25:58,20068,2,lib/Twig/Node/For.php,2,81,3.6,0,1,1,5,0
Twig,140,132545,2d21619ddc64a1de0a22950e5140277d09419bd3,2011-12-21 04:51:30,2011-12-21 10:25:58,20068,2,test/Twig/Tests/Node/ForTest.php,2,32,0.6,0,0,0,4,0
Twig,140,132536,764829f55a70262fcdd6cc69dfd447a6309088d6,2011-12-26 13:33:10,2012-01-06 19:33:08,971998,5,lib/Twig/Extension/Core.php,14,291,2.4,0,0,10,7,0
Twig,150,132527,ee39215cc29d8cfde6ef2e7a62d9e8a4740eed75,2012-01-05 14:04:46,2012-01-05 14:30:11,1525,3,lib/Twig/ExpressionParser.php,12,42,0.4,0,0,3,2,0
Twig,150,132527,ee39215cc29d8cfde6ef2e7a62d9e8a4740eed75,2012-01-05 14:04:46,2012-01-05 14:30:11,1525,3,test/Twig/Tests/ExpressionParserTest.php,12,35,0.8,0,0,0,4,0
Twig,150,132524,8fb4172a046d2f553769283403fe519cbdde83e7,2012-01-06 12:08:43,2012-01-06 18:47:59,23956,2,lib/Twig/Extension/Core.php,4,295,2.1,0,0,10,7,0
Twig,150,132518,68fa9c9bb8e09dc184afcc84ca3772363936a035,2012-01-09 18:12:19,2012-01-09 19:33:13,4854,4,lib/Twig/Markup.php,7,5,1.4,0,0,0,1,0
Twig,150,132499,883a93bb4da3f8fede107a53032ef2b9d6ee22eb,2012-01-23 04:27:02,2012-01-23 07:52:04,12302,6,lib/Twig/ExpressionParser.php,17,42,0.4,0,0,3,2,0
Twig,150,132499,883a93bb4da3f8fede107a53032ef2b9d6ee22eb,2012-01-23 04:27:02,2012-01-23 07:52:04,12302,6,lib/Twig/Node/Expression/GetAttr.php,13,43,3.6,0,0,0,4,0
Twig,150,132499,883a93bb4da3f8fede107a53032ef2b9d6ee22eb,2012-01-23 04:27:02,2012-01-23 07:52:04,12302,6,test/Twig/Tests/Node/Expression/GetAttrTest.php,19,10,0.8,0,0,0,2,0
Twig,150,132490,310020ac9815d90da553c6981ed2dc777ef27c5a,2012-01-28 15:09:27,2012-01-28 16:46:09,5802,3,lib/Twig/Lexer.php,12,168,1.9,0,0,25,7,1
Twig,150,132487,5b5de2c74338119c1565f68ad3225caad240a31b,2012-02-02 00:10:59,2012-02-04 08:40:42,203383,2,lib/Twig/Environment.php,9,273,1.7,0,1,8,9,0
Twig,160,132480,4b1a8e2798cac8f1445ddf530fd3acf1f1ef7b85,2012-02-11 12:50:55,2012-02-17 13:16:22,519927,1,lib/Twig/TokenParser.php,3,5,2.1,0,0,0,1,0
Twig,160,132473,f1186c3832abd4f83b6c58ee671bad368b6a12f4,2012-02-14 17:22:52,2012-03-15 06:25:05,2552533,3,lib/Twig/Extension/Core.php,1,365,2.3,0,0,12,8,0
Twig,160,132452,50e73b20cb2cf21c06042cdb4ccd7393b8808385,2012-03-07 01:51:44,2012-03-18 02:21:30,952186,4,lib/Twig/Node/SandboxedModule.php,14,29,2.1,0,0,0,4,0
Twig,160,132452,50e73b20cb2cf21c06042cdb4ccd7393b8808385,2012-03-07 01:51:44,2012-03-18 02:21:30,952186,4,test/Twig/Tests/Extension/SandboxTest.php,12,247,5.4,0,0,51,12,0
Twig,160,132452,50e73b20cb2cf21c06042cdb4ccd7393b8808385,2012-03-07 01:51:44,2012-03-18 02:21:30,952186,4,test/Twig/Tests/Node/SandboxedModuleTest.php,3,34,1.0,0,0,0,5,0
Twig,160,132448,a3310e75a1d97e969279d23607b2339b1f1a8731,2012-03-10 19:01:31,2012-03-15 16:25:04,422613,3,lib/Twig/Extension/Core.php,4,365,2.3,0,0,12,8,0
Twig,160,132439,c0a9c8bb3e5d13d88fee6bfc2c39045700c55ea5,2012-03-16 16:24:44,2012-03-17 11:42:31,69467,3,lib/Twig/Extension/Core.php,13,365,2.3,0,0,12,8,0
Twig,160,132430,0cbf5a004c8e0bd34609725c05b913338120aaae,2012-03-27 17:42:00,2012-04-20 17:05:05,2071385,6,lib/Twig/Filter.php,8,5,0.4,0,0,0,1,0
Twig,160,132430,0cbf5a004c8e0bd34609725c05b913338120aaae,2012-03-27 17:42:00,2012-04-20 17:05:05,2071385,6,lib/Twig/FilterInterface.php,2,10,3.3,0,0,0,1,0
Twig,160,132430,0cbf5a004c8e0bd34609725c05b913338120aaae,2012-03-27 17:42:00,2012-04-20 17:05:05,2071385,6,lib/Twig/NodeVisitor/SafeAnalysis.php,6,55,2.0,0,0,3,2,0
Twig,160,132430,0cbf5a004c8e0bd34609725c05b913338120aaae,2012-03-27 17:42:00,2012-04-20 17:05:05,2071385,6,test/Twig/Tests/integrationTest.php,6,0,0.0,0,0,0,0,0
Twig,160,132426,999e54efb0ac83d0a8175365269eb0384d60eab7,2012-04-02 22:43:19,2012-04-03 05:20:47,23848,2,lib/Twig/Loader/Filesystem.php,2,5,0.2,0,0,0,1,0
Twig,160,132425,3398b38cf0d0096fe9b0c3c948bf64efee392215,2012-04-03 15:27:40,2012-04-03 17:14:00,6380,5,lib/Twig/Node/Module.php,2,99,1.3,0,1,0,9,0
Twig,160,132425,3398b38cf0d0096fe9b0c3c948bf64efee392215,2012-04-03 15:27:40,2012-04-03 17:14:00,6380,5,test/Twig/Tests/Node/ModuleTest.php,20,18,0.5,0,0,0,3,0
Twig,160,132425,3398b38cf0d0096fe9b0c3c948bf64efee392215,2012-04-03 15:27:40,2012-04-03 17:14:00,6380,5,test/Twig/Tests/Node/SandboxedModuleTest.php,20,34,1.0,0,0,0,5,0
Twig,160,132407,0add6e23771bf44d8ee643c555597b87ae4a598b,2012-04-16 07:23:08,2012-04-20 09:18:29,352521,4,lib/Twig/Parser.php,7,118,1.5,0,0,7,1,0
Twig,160,132407,0add6e23771bf44d8ee643c555597b87ae4a598b,2012-04-16 07:23:08,2012-04-20 09:18:29,352521,4,lib/Twig/TokenParser/Block.php,6,5,0.4,0,0,0,1,0
Twig,170,132394,635bafd46e4f437ae7a215991f5f09839917f9e5,2012-04-27 06:20:11,2012-04-27 07:16:43,3392,3,lib/Twig/Node/Module.php,2,113,1.4,0,1,0,9,0
Twig,170,132394,635bafd46e4f437ae7a215991f5f09839917f9e5,2012-04-27 06:20:11,2012-04-27 07:16:43,3392,3,lib/Twig/Parser.php,3,118,1.5,0,0,7,1,0
Twig,170,132389,078905ed9507808b260d34fd8928e79e3a600d1d,2012-05-08 08:24:21,2012-05-08 12:25:06,14445,1,lib/Twig/Extension/Debug.php,8,5,0.5,0,0,0,1,0
Twig,170,132385,0d5dbedef51a23b0ef4384c0f9fc58c7cc48cc2a,2012-05-10 15:06:25,2012-06-15 05:54:21,3077276,4,lib/Twig/Extension/Escaper.php,4,5,0.5,0,0,0,1,0
Twig,170,132385,0d5dbedef51a23b0ef4384c0f9fc58c7cc48cc2a,2012-05-10 15:06:25,2012-06-15 05:54:21,3077276,4,test/Twig/Tests/integrationTest.php,7,0,0.0,0,0,0,0,0
Twig,170,132381,87e27b6a26fd477a407bf98b4c7af04455437f6a,2012-05-16 13:02:46,2015-09-11 14:41:32,104809126,10,lib/Twig/Environment.php,125,313,1.9,0,1,10,9,0
Twig,170,132381,87e27b6a26fd477a407bf98b4c7af04455437f6a,2012-05-16 13:02:46,2015-09-11 14:41:32,104809126,10,test/Twig/Tests/FileCachingTest.php,6,19,1.1,0,0,3,2,0
Twig,170,132378,0fa26d642994630b2ec19c090149fa56ce84c789,2012-05-21 11:14:06,2012-05-21 11:39:24,1518,2,lib/Twig/Compiler.php,10,10,0.3,0,0,1,1,0
Twig,170,132376,573a36097146b319e5fb36546a0377c7440bbfe3,2012-05-22 21:54:43,2012-05-23 05:51:04,28581,3,lib/Twig/Template.php,2,121,1.9,0,0,12,3,0
Twig,170,132361,018c52fe59479b65920d18a6461edeb312963f9d,2012-06-08 21:27:12,2012-06-09 06:45:30,33498,1,lib/Twig/Autoloader.php,2,5,1.0,0,0,0,1,0
Twig,170,132360,d4511d02b45725a56c8cc49127244bca640c9d13,2012-06-10 13:01:45,2012-06-10 13:14:29,764,2,lib/Twig/Environment.php,2,313,1.9,0,1,10,9,0
Twig,170,132359,120c44d68f07ced5b1e08f582f94016f4f2685d6,2012-06-11 08:39:09,2012-06-15 05:54:21,335712,2,lib/Twig/Loader/Filesystem.php,2,5,0.2,0,0,0,1,0
Twig,170,132319,11e91f63e94a4fce9e65ddbda44ed00ba22a2171,2012-07-30 12:37:21,2012-08-23 12:26:36,2072955,2,test/Twig/Tests/TemplateTest.php,25,165,1.9,0,0,6,13,0
Twig,170,132308,650295f59298b09f8471e1dcef0ee124440f6495,2012-08-09 13:29:08,2012-10-18 11:55:31,6042383,3,lib/Twig/Error.php,4,15,0.5,0,0,0,2,0
Twig,170,132308,650295f59298b09f8471e1dcef0ee124440f6495,2012-08-09 13:29:08,2012-10-18 11:55:31,6042383,3,lib/Twig/Template.php,2,121,1.9,0,0,12,3,0
Twig,170,132308,650295f59298b09f8471e1dcef0ee124440f6495,2012-08-09 13:29:08,2012-10-18 11:55:31,6042383,3,test/Twig/Tests/ErrorTest.php,23,74,3.4,0,0,1,6,0
Twig,170,132298,738ae3b6f3f4be286ee70d63342cdc4092795cda,2012-08-22 15:16:44,2012-08-24 13:50:25,167621,2,lib/Twig/Extension/Core.php,6,427,2.6,0,0,13,8,0
Twig,170,132293,721bebc3615777a0336c50d41c58da0f8936aa4a,2012-08-28 11:21:25,2012-08-28 12:04:17,2572,2,lib/Twig/Parser.php,7,118,1.5,0,0,7,1,0
Twig,170,132289,ed0554610a358fab62a10f9dbb26dad6d34faadb,2012-08-31 12:43:27,2012-10-19 12:36:37,4233190,6,lib/Twig/Error.php,2,15,0.5,0,0,0,2,0
Twig,170,132289,ed0554610a358fab62a10f9dbb26dad6d34faadb,2012-08-31 12:43:27,2012-10-19 12:36:37,4233190,6,lib/Twig/Loader/Array.php,27,13,1.1,0,0,0,2,0
Twig,170,132289,ed0554610a358fab62a10f9dbb26dad6d34faadb,2012-08-31 12:43:27,2012-10-19 12:36:37,4233190,6,lib/Twig/Loader/Chain.php,60,28,2.1,0,0,3,2,0
Twig,170,132289,ed0554610a358fab62a10f9dbb26dad6d34faadb,2012-08-31 12:43:27,2012-10-19 12:36:37,4233190,6,lib/Twig/Loader/Filesystem.php,41,5,0.2,0,0,0,1,0
Twig,170,132289,ed0554610a358fab62a10f9dbb26dad6d34faadb,2012-08-31 12:43:27,2012-10-19 12:36:37,4233190,6,lib/Twig/Loader/String.php,21,5,1.1,0,0,0,1,0
Twig,1100,132246,8c5853e3b1ce0d4e877ad1fff6b314aca62f6578,2012-10-21 08:52:35,2012-10-30 16:41:18,805723,3,lib/Twig/Extension/Core.php,6,530,2.8,0,0,16,20,0
Twig,1100,132231,abec35b833abfce5eb0ac7ce2bf2bf3462a5bebf,2012-11-04 22:29:42,2012-11-05 07:52:17,33755,4,lib/Twig/Node/Macro.php,4,15,0.9,0,0,0,2,0
Twig,1100,132231,abec35b833abfce5eb0ac7ce2bf2bf3462a5bebf,2012-11-04 22:29:42,2012-11-05 07:52:17,33755,4,test/Twig/Tests/Node/MacroTest.php,4,10,0.7,0,0,0,2,0
Twig,1100,132223,615804bf74f58271d94c4943d56ae27fa8c2786b,2012-11-07 12:52:17,2012-11-08 07:57:45,68728,4,lib/Twig/Node/Macro.php,2,15,0.9,0,0,0,2,0
Twig,1100,132223,615804bf74f58271d94c4943d56ae27fa8c2786b,2012-11-07 12:52:17,2012-11-08 07:57:45,68728,4,test/Twig/Tests/Node/MacroTest.php,2,10,0.7,0,0,0,2,0
Twig,1100,132216,c5e4b15dbfe318f015e35b657bcbf12dffe4ccd4,2012-11-08 21:42:10,2013-10-01 14:20:33,28226303,3,lib/Twig/NodeVisitor/SafeAnalysis.php,18,55,1.7,0,0,3,2,0
Twig,1100,132202,44873875ff6ca50c654e3bd28fe19b7ce5108f42,2012-11-19 11:26:48,2012-11-30 20:05:24,981516,4,lib/Twig/Environment.php,277,317,1.8,0,1,10,9,0
Twig,1100,132202,44873875ff6ca50c654e3bd28fe19b7ce5108f42,2012-11-19 11:26:48,2012-11-30 20:05:24,981516,4,test/Twig/Tests/EnvironmentTest.php,11,5,0.8,0,0,0,1,0
Twig,1100,132167,e48b1f3bdf0120ea9297428082f06ada059b1620,2013-01-04 18:58:04,2013-01-04 21:20:34,8550,7,lib/Twig/Environment.php,20,317,1.8,0,1,10,9,0
Twig,1100,132167,e48b1f3bdf0120ea9297428082f06ada059b1620,2013-01-04 18:58:04,2013-01-04 21:20:34,8550,7,lib/Twig/Node/Expression/Test.php,3,35,3.2,0,1,0,2,0
Twig,1100,132167,e48b1f3bdf0120ea9297428082f06ada059b1620,2013-01-04 18:58:04,2013-01-04 21:20:34,8550,7,test/Twig/Tests/Node/Expression/FilterTest.php,12,13,0.9,0,0,0,2,0
Twig,1100,132167,e48b1f3bdf0120ea9297428082f06ada059b1620,2013-01-04 18:58:04,2013-01-04 21:20:34,8550,7,test/Twig/Tests/Node/Expression/FunctionTest.php,12,32,2.1,0,0,0,4,0
Twig,1100,132167,e48b1f3bdf0120ea9297428082f06ada059b1620,2013-01-04 18:58:04,2013-01-04 21:20:34,8550,7,test/Twig/Tests/Node/Expression/TestTest.php,13,10,1.0,0,0,0,2,0
Twig,1100,132162,f8d4db41071e63a783b6cb21ae132ae151b97c40,2013-01-07 17:46:58,2013-02-01 09:45:08,2131090,7,lib/Twig/Extension/Core.php,32,530,2.8,0,0,16,20,0
Twig,1120,132161,d10ebfa3d4c16621732ebd8bcf65cd4cfdcefa26,2013-01-08 13:59:49,2013-01-08 14:19:28,1179,4,lib/Twig/ExpressionParser.php,13,117,0.9,0,0,7,2,0
Twig,1120,132155,e3e366928b9bcb37f20461fcbe99ea8be70670f0,2013-01-09 13:22:19,2013-08-03 15:19:29,17805430,2,lib/Twig/Error.php,6,35,1.0,0,0,2,2,0
Twig,1120,132148,5abad160816a177b0e49dfda53d2df3af58633ea,2013-01-15 15:22:13,2013-01-15 19:48:43,15990,4,lib/Twig/Environment.php,4,290,1.5,0,1,12,3,0
Twig,1120,132148,5abad160816a177b0e49dfda53d2df3af58633ea,2013-01-15 15:22:13,2013-01-15 19:48:43,15990,4,test/Twig/Tests/EnvironmentTest.php,2,86,1.3,0,0,0,11,0
Twig,1120,132141,8b569e49a193abcc28689dfc68058da9d80d4121,2013-01-22 21:32:29,2013-02-08 18:58:12,1459543,2,test/Twig/Tests/LexerTest.php,16,45,0.8,0,0,8,1,0
Twig,1120,132139,5218db779633b2292102863da464896deee0c8cb,2013-01-24 12:17:03,2013-01-26 15:09:44,183161,2,lib/Twig/Environment.php,12,290,1.5,0,1,12,3,0
Twig,1120,132139,5218db779633b2292102863da464896deee0c8cb,2013-01-24 12:17:03,2013-01-26 15:09:44,183161,2,test/Twig/Tests/EnvironmentTest.php,10,86,1.3,0,0,0,11,0
Twig,1120,132118,c8fe25389031c2009ad5797b397518d87c77dbf1,2013-02-12 15:21:16,2013-05-01 19:03:40,6752544,9,test/Twig/Tests/EnvironmentTest.php,4,86,1.3,0,0,0,11,0
Twig,1120,132118,c8fe25389031c2009ad5797b397518d87c77dbf1,2013-02-12 15:21:16,2013-05-01 19:03:40,6752544,9,test/Twig/Tests/IntegrationTest.php,22,0,0.0,0,0,0,0,0
Twig,1120,132118,c8fe25389031c2009ad5797b397518d87c77dbf1,2013-02-12 15:21:16,2013-05-01 19:03:40,6752544,9,test/Twig/Tests/LexerTest.php,8,45,0.8,0,0,8,1,0
Twig,1130,132027,3e4c6ab3dc2f100da2ae8ccf0d33e68501e86e11,2013-05-15 09:44:07,2013-08-04 06:04:04,6985197,1,test/Twig/Tests/CompilerTest.php,4,5,0.9,0,0,0,1,0
Twig,1130,132024,ba88c755579c06e7ccb5ee73c6e27e88a1fed114,2013-05-16 10:41:52,2013-05-17 10:10:19,84507,3,lib/Twig/Extension/Core.php,2,551,2.6,0,0,16,20,0
Twig,1130,132023,5402a658d583c3d6501fa62f20fa1068163b6558,2013-05-16 13:40:41,2013-08-04 13:01:56,6909675,2,lib/Twig/Loader/Filesystem.php,55,17,0.5,0,0,0,2,0
Twig,1130,132022,3bc113be2a46619fd792346c226aec3edf5e1f00,2013-05-17 13:05:06,2013-05-29 14:58:17,1043591,2,lib/Twig/Extension/Core.php,12,551,2.6,0,0,16,20,0
Twig,1130,132019,693956586776108847a447e86b4e5e92ee0a20be,2013-05-21 13:40:36,2013-05-23 16:29:18,182922,4,lib/Twig/Node/Expression/Test/Constant.php,11,5,1.3,0,0,0,1,0
Twig,1130,132015,f6c00587f8b2d6e680d09fd6015fa521f9c72327,2013-05-24 09:38:44,2013-05-27 06:08:49,246605,2,lib/Twig/Loader/Filesystem.php,6,17,0.5,0,0,0,2,0
Twig,1130,132015,f6c00587f8b2d6e680d09fd6015fa521f9c72327,2013-05-24 09:38:44,2013-05-27 06:08:49,246605,2,test/Twig/Tests/Loader/FilesystemTest.php,6,19,0.9,0,0,0,2,0
Twig,1130,131985,4e7094f6a3831dc86b4963d805c4567f4076fce3,2013-07-12 13:06:19,2013-08-04 13:01:57,1986938,3,lib/Twig/Extension/StringLoader.php,12,5,0.6,0,0,0,1,0
Twig,1130,131961,502074798715718446d9764ba6c2caefbc9f6fef,2013-08-06 11:42:37,2015-07-05 08:12:37,60294600,6,lib/Twig/Node/Macro.php,60,22,1.1,0,0,1,2,0
Twig,1130,131961,502074798715718446d9764ba6c2caefbc9f6fef,2013-08-06 11:42:37,2015-07-05 08:12:37,60294600,6,test/Twig/Tests/Node/MacroTest.php,11,10,0.7,0,0,0,2,0
Twig,1130,131944,f5da56ff68d20da8764ae8642d85a3bd844f6bf1,2013-08-29 12:17:19,2013-09-27 19:58:47,2533288,4,lib/Twig/Extension/Core.php,36,551,2.6,0,0,16,20,0
Twig,1130,131944,f5da56ff68d20da8764ae8642d85a3bd844f6bf1,2013-08-29 12:17:19,2013-09-27 19:58:47,2533288,4,test/Twig/Tests/Extension/CoreTest.php,21,62,2.4,0,0,0,6,3
Twig,1130,131939,89bf600d453b319ba9e4090584934da0c7770276,2013-09-03 23:17:23,2014-05-26 00:16:14,22813131,5,lib/Twig/Loader/Array.php,7,13,1.0,0,0,0,2,0
Twig,1130,131939,89bf600d453b319ba9e4090584934da0c7770276,2013-09-03 23:17:23,2014-05-26 00:16:14,22813131,5,lib/Twig/Loader/Chain.php,2,38,1.6,0,0,2,2,0
Twig,1130,131939,89bf600d453b319ba9e4090584934da0c7770276,2013-09-03 23:17:23,2014-05-26 00:16:14,22813131,5,lib/Twig/Loader/Filesystem.php,2,17,0.5,0,0,0,2,0
Twig,1130,131939,89bf600d453b319ba9e4090584934da0c7770276,2013-09-03 23:17:23,2014-05-26 00:16:14,22813131,5,lib/Twig/Template.php,6,119,1.7,0,0,11,3,0
Twig,1130,131939,89bf600d453b319ba9e4090584934da0c7770276,2013-09-03 23:17:23,2014-05-26 00:16:14,22813131,5,test/Twig/Tests/Loader/ArrayTest.php,26,10,0.6,0,0,0,2,0
Twig,1140,131897,6126457550e62923a2dcf16603512b1bba43144c,2013-10-07 17:42:45,2013-10-15 16:09:34,685609,3,lib/Twig/ExpressionParser.php,7,112,0.8,0,0,6,2,0
Twig,1140,131886,f7c00d336f08901ec4742f20d234f9e677dcccab,2013-10-17 12:08:17,2013-11-23 21:24:15,3230158,6,lib/Twig/Extension/Core.php,23,581,2.6,0,0,17,20,0
Twig,1140,131883,f3f5f0aba7570f1bc8d87874fd21f896a4b909ef,2013-10-17 22:45:42,2014-01-05 00:05:48,6830406,2,lib/Twig/Extension/Core.php,13,581,2.6,0,0,17,20,0
Twig,1140,131870,43b8338e04500ca93654c57fded80003c811ec56,2013-10-30 23:29:29,2013-10-31 11:37:24,43675,3,test/Twig/Tests/Extension/SandboxTest.php,3,249,5.1,0,0,52,12,0
Twig,1150,131806,a88500e76226a5c1f55e93e8eb58f769fb690a90,2014-01-24 09:23:35,2014-10-23 15:29:42,23522767,6,lib/Twig/ExpressionParser.php,19,112,0.8,0,0,6,2,0
Twig,1150,131806,a88500e76226a5c1f55e93e8eb58f769fb690a90,2014-01-24 09:23:35,2014-10-23 15:29:42,23522767,6,lib/Twig/Node/Expression/Unary.php,7,5,1.0,0,0,0,1,0
Twig,1150,131806,a88500e76226a5c1f55e93e8eb58f769fb690a90,2014-01-24 09:23:35,2014-10-23 15:29:42,23522767,6,test/Twig/Tests/Node/Expression/Unary/NegTest.php,3,10,1.6,0,0,0,2,0
Twig,1150,131806,a88500e76226a5c1f55e93e8eb58f769fb690a90,2014-01-24 09:23:35,2014-10-23 15:29:42,23522767,6,test/Twig/Tests/Node/Expression/Unary/NotTest.php,2,10,1.6,0,0,0,2,0
Twig,1150,131806,a88500e76226a5c1f55e93e8eb58f769fb690a90,2014-01-24 09:23:35,2014-10-23 15:29:42,23522767,6,test/Twig/Tests/Node/Expression/Unary/PosTest.php,2,10,1.6,0,0,0,2,0
Twig,1150,131792,6e800d8277280b2aebc4ff13787e47d6f6940d79,2014-02-13 05:55:14,2014-02-13 10:12:07,15413,3,test/Twig/Tests/TemplateTest.php,16,283,1.9,0,0,9,23,1
Twig,1150,131779,d34628dd365156ea40bbea13f24d1093f17a83bb,2014-03-03 19:57:46,2015-01-25 15:37:16,28323570,10,lib/Twig/Node/Expression/Call.php,10,72,1.7,0,0,2,5,0
Twig,1150,131779,d34628dd365156ea40bbea13f24d1093f17a83bb,2014-03-03 19:57:46,2015-01-25 15:37:16,28323570,10,lib/Twig/Node/Expression/Name.php,2,21,1.1,0,0,0,3,0
Twig,1150,131779,d34628dd365156ea40bbea13f24d1093f17a83bb,2014-03-03 19:57:46,2015-01-25 15:37:16,28323570,10,lib/Twig/Test/NodeTestCase.php,8,5,0.5,0,0,0,1,0
Twig,1150,131779,d34628dd365156ea40bbea13f24d1093f17a83bb,2014-03-03 19:57:46,2015-01-25 15:37:16,28323570,10,test/Twig/Tests/Node/Expression/FilterTest.php,2,18,0.7,0,0,0,3,0
Twig,1150,131779,d34628dd365156ea40bbea13f24d1093f17a83bb,2014-03-03 19:57:46,2015-01-25 15:37:16,28323570,10,test/Twig/Tests/Node/Expression/GetAttrTest.php,6,10,0.9,0,0,0,2,0
Twig,1150,131779,d34628dd365156ea40bbea13f24d1093f17a83bb,2014-03-03 19:57:46,2015-01-25 15:37:16,28323570,10,test/Twig/Tests/Node/Expression/NameTest.php,8,10,1.3,0,0,0,2,0
Twig,1150,131769,952474542513ccfc106ac0a41439d1cf918112e6,2014-03-17 18:49:55,2014-03-24 05:05:19,555324,4,lib/Twig/Template.php,2,115,1.6,0,0,10,3,0
Twig,1150,131767,f1aee1638196774520f2650d94643a61c994b801,2014-03-21 10:02:33,2014-05-26 00:01:18,5666325,6,lib/Twig/Template.php,2,115,1.6,0,0,10,3,0
Twig,1150,131732,b9e3e6c51a1c77b087bd7a283c4d89872f160c49,2014-05-15 21:18:50,2015-01-20 23:28:57,21607807,6,lib/Twig/Node/Module.php,64,123,1.4,0,1,0,10,0
Twig,1150,131732,b9e3e6c51a1c77b087bd7a283c4d89872f160c49,2014-05-15 21:18:50,2015-01-20 23:28:57,21607807,6,lib/Twig/NodeVisitor/Sandbox.php,2,5,0.4,0,0,0,1,0
Twig,1150,131732,b9e3e6c51a1c77b087bd7a283c4d89872f160c49,2014-05-15 21:18:50,2015-01-20 23:28:57,21607807,6,test/Twig/Tests/Node/SandboxedModuleTest.php,203,34,0.8,0,0,0,5,0
Twig,1150,131720,87e27b6a26fd477a407bf98b4c7af04455437f6a,2014-05-29 12:34:29,2015-09-11 14:41:32,40615623,10,lib/Twig/Environment.php,125,295,1.5,0,1,13,3,0
Twig,1150,131720,87e27b6a26fd477a407bf98b4c7af04455437f6a,2014-05-29 12:34:29,2015-09-11 14:41:32,40615623,10,test/Twig/Tests/EnvironmentTest.php,13,91,1.6,0,0,1,11,0
Twig,1150,131720,87e27b6a26fd477a407bf98b4c7af04455437f6a,2014-05-29 12:34:29,2015-09-11 14:41:32,40615623,10,test/Twig/Tests/FileCachingTest.php,6,17,1.0,0,0,3,1,0
Twig,1150,131710,7d1577ff3c563aff7c447302d57756fd40fc675b,2014-07-02 07:56:04,2014-07-28 13:12:11,2265367,1,lib/Twig/Extension/Core.php,2,595,2.6,0,0,17,21,0
Twig,1160,131706,0c508d270328614594b749564f1c52325023dd4a,2014-07-05 13:18:07,2014-08-01 15:29:00,2340653,3,lib/Twig/Compiler.php,5,5,0.1,0,0,0,1,0
Twig,1160,131706,0c508d270328614594b749564f1c52325023dd4a,2014-07-05 13:18:07,2014-08-01 15:29:00,2340653,3,lib/Twig/Node/Expression/Binary/StartsWith.php,9,5,1.0,0,0,0,1,0
Twig,1160,131637,68e5db52f8ac3957c233c51f506c8063094c2529,2014-09-17 08:51:44,2015-01-20 17:13:08,10830084,3,lib/Twig/Environment.php,35,295,1.5,0,1,13,3,0
Twig,1160,131637,68e5db52f8ac3957c233c51f506c8063094c2529,2014-09-17 08:51:44,2015-01-20 17:13:08,10830084,3,lib/Twig/Extension/StringLoader.php,19,5,0.6,0,0,0,1,0
Twig,1160,131607,c86e621e09ffbfe9f7d082476fc01d32b1f759fb,2014-10-13 20:32:51,2014-10-14 15:59:58,70027,4,lib/Twig/Extension/Core.php,36,595,2.6,0,0,17,21,0
Twig,1160,131607,c86e621e09ffbfe9f7d082476fc01d32b1f759fb,2014-10-13 20:32:51,2014-10-14 15:59:58,70027,4,test/Twig/Tests/IntegrationTest.php,12,36,0.7,0,0,0,5,0
Twig,1160,131574,87e27b6a26fd477a407bf98b4c7af04455437f6a,2014-12-01 14:41:56,2015-09-11 14:41:32,24537576,10,lib/Twig/Environment.php,125,295,1.5,0,1,13,3,0
Twig,1160,131574,87e27b6a26fd477a407bf98b4c7af04455437f6a,2014-12-01 14:41:56,2015-09-11 14:41:32,24537576,10,test/Twig/Tests/EnvironmentTest.php,13,91,1.6,0,0,1,11,0
Twig,1160,131574,87e27b6a26fd477a407bf98b4c7af04455437f6a,2014-12-01 14:41:56,2015-09-11 14:41:32,24537576,10,test/Twig/Tests/FileCachingTest.php,6,17,1.0,0,0,3,1,0
Twig,1160,131569,4d97a91432bc02c99119be5790e133aa84f2413e,2014-12-08 14:31:55,2014-12-25 19:55:46,1488231,2,lib/Twig/Template.php,16,112,1.5,0,0,10,3,0
Twig,1170,131552,5074114bbb16f3a15582e668d6c420060e7c7bc8,2015-01-15 19:14:17,2015-01-20 01:52:06,369469,4,lib/Twig/Loader/Filesystem.php,3,15,0.4,0,0,5,1,0
Twig,1170,131552,5074114bbb16f3a15582e668d6c420060e7c7bc8,2015-01-15 19:14:17,2015-01-20 01:52:06,369469,4,test/Twig/Tests/Loader/FilesystemTest.php,6,51,1.6,0,0,0,5,0
Twig,1170,131527,8e32c5068dcc9844d627eb9997495341ac5de9fe,2015-02-03 11:28:08,2015-02-16 10:14:41,1118793,9,test/Twig/Tests/Loader/FilesystemTest.php,26,51,1.6,0,0,0,5,0
Twig,1170,131504,a3b7fcbfd3bff914b018b70c64c3efa06a45f580,2015-03-06 09:47:06,2015-07-15 23:25:40,11367514,29,lib/Twig/Compiler.php,16,5,0.1,0,0,0,1,0
Twig,1170,131504,a3b7fcbfd3bff914b018b70c64c3efa06a45f580,2015-03-06 09:47:06,2015-07-15 23:25:40,11367514,29,lib/Twig/Error.php,10,37,0.9,0,0,1,2,0
Twig,1170,131504,a3b7fcbfd3bff914b018b70c64c3efa06a45f580,2015-03-06 09:47:06,2015-07-15 23:25:40,11367514,29,lib/Twig/ExpressionParser.php,8,138,1.0,0,0,8,3,0
Twig,1170,131504,a3b7fcbfd3bff914b018b70c64c3efa06a45f580,2015-03-06 09:47:06,2015-07-15 23:25:40,11367514,29,lib/Twig/Extension/Core.php,10,639,2.7,0,0,19,21,0
Twig,1170,131504,a3b7fcbfd3bff914b018b70c64c3efa06a45f580,2015-03-06 09:47:06,2015-07-15 23:25:40,11367514,29,lib/Twig/Extension/Escaper.php,2,5,0.4,0,0,0,1,0
Twig,1170,131504,a3b7fcbfd3bff914b018b70c64c3efa06a45f580,2015-03-06 09:47:06,2015-07-15 23:25:40,11367514,29,lib/Twig/Extension/Optimizer.php,2,5,1.0,0,0,0,1,0
Twig,1170,131504,a3b7fcbfd3bff914b018b70c64c3efa06a45f580,2015-03-06 09:47:06,2015-07-15 23:25:40,11367514,29,lib/Twig/Extension/Sandbox.php,6,5,0.2,0,0,0,1,0
Twig,1170,131504,a3b7fcbfd3bff914b018b70c64c3efa06a45f580,2015-03-06 09:47:06,2015-07-15 23:25:40,11367514,29,lib/Twig/Extension/Staging.php,12,5,0.3,0,0,0,1,0
Twig,1170,131504,a3b7fcbfd3bff914b018b70c64c3efa06a45f580,2015-03-06 09:47:06,2015-07-15 23:25:40,11367514,29,lib/Twig/Filter.php,8,5,0.3,0,0,0,1,0
Twig,1170,131504,a3b7fcbfd3bff914b018b70c64c3efa06a45f580,2015-03-06 09:47:06,2015-07-15 23:25:40,11367514,29,lib/Twig/Function.php,8,5,0.4,0,0,0,1,0
Twig,1170,131504,a3b7fcbfd3bff914b018b70c64c3efa06a45f580,2015-03-06 09:47:06,2015-07-15 23:25:40,11367514,29,lib/Twig/Loader/Array.php,2,13,1.1,0,0,0,2,0
Twig,1170,131504,a3b7fcbfd3bff914b018b70c64c3efa06a45f580,2015-03-06 09:47:06,2015-07-15 23:25:40,11367514,29,lib/Twig/Markup.php,4,5,0.9,0,0,0,1,0
Twig,1170,131504,a3b7fcbfd3bff914b018b70c64c3efa06a45f580,2015-03-06 09:47:06,2015-07-15 23:25:40,11367514,29,lib/Twig/Node/Expression/Array.php,2,22,1.3,0,0,1,2,0
Twig,1170,131504,a3b7fcbfd3bff914b018b70c64c3efa06a45f580,2015-03-06 09:47:06,2015-07-15 23:25:40,11367514,29,lib/Twig/Node/Expression/Name.php,2,21,1.1,0,0,0,3,0
Twig,1170,131504,a3b7fcbfd3bff914b018b70c64c3efa06a45f580,2015-03-06 09:47:06,2015-07-15 23:25:40,11367514,29,lib/Twig/Node/Expression/Test/Defined.php,2,25,3.2,0,1,0,1,0
Twig,1170,131504,a3b7fcbfd3bff914b018b70c64c3efa06a45f580,2015-03-06 09:47:06,2015-07-15 23:25:40,11367514,29,lib/Twig/Node/For.php,2,81,3.6,0,1,1,5,0
Twig,1170,131504,a3b7fcbfd3bff914b018b70c64c3efa06a45f580,2015-03-06 09:47:06,2015-07-15 23:25:40,11367514,29,lib/Twig/Node/SandboxedPrint.php,2,10,1.4,0,0,0,2,0
Twig,1170,131504,a3b7fcbfd3bff914b018b70c64c3efa06a45f580,2015-03-06 09:47:06,2015-07-15 23:25:40,11367514,29,lib/Twig/NodeTraverser.php,6,5,0.4,0,0,0,1,0
Twig,1170,131504,a3b7fcbfd3bff914b018b70c64c3efa06a45f580,2015-03-06 09:47:06,2015-07-15 23:25:40,11367514,29,lib/Twig/NodeVisitor/Escaper.php,22,7,0.2,0,0,0,2,0
Twig,1170,131504,a3b7fcbfd3bff914b018b70c64c3efa06a45f580,2015-03-06 09:47:06,2015-07-15 23:25:40,11367514,29,lib/Twig/NodeVisitor/Optimizer.php,20,76,1.6,0,0,16,3,0
Twig,1170,131504,a3b7fcbfd3bff914b018b70c64c3efa06a45f580,2015-03-06 09:47:06,2015-07-15 23:25:40,11367514,29,lib/Twig/NodeVisitor/SafeAnalysis.php,8,59,1.8,0,0,3,2,0
Twig,1170,131504,a3b7fcbfd3bff914b018b70c64c3efa06a45f580,2015-03-06 09:47:06,2015-07-15 23:25:40,11367514,29,lib/Twig/NodeVisitor/Sandbox.php,8,5,0.4,0,0,0,1,0
Twig,1170,131504,a3b7fcbfd3bff914b018b70c64c3efa06a45f580,2015-03-06 09:47:06,2015-07-15 23:25:40,11367514,29,lib/Twig/Parser.php,30,126,1.5,0,0,7,1,0
Twig,1170,131504,a3b7fcbfd3bff914b018b70c64c3efa06a45f580,2015-03-06 09:47:06,2015-07-15 23:25:40,11367514,29,lib/Twig/Sandbox/SecurityPolicy.php,10,5,0.2,0,0,0,1,0
Twig,1170,131504,a3b7fcbfd3bff914b018b70c64c3efa06a45f580,2015-03-06 09:47:06,2015-07-15 23:25:40,11367514,29,lib/Twig/Test.php,6,5,1.1,0,0,0,1,0
Twig,1170,131504,a3b7fcbfd3bff914b018b70c64c3efa06a45f580,2015-03-06 09:47:06,2015-07-15 23:25:40,11367514,29,lib/Twig/Token.php,6,105,2.6,0,0,31,1,0
Twig,1170,131504,a3b7fcbfd3bff914b018b70c64c3efa06a45f580,2015-03-06 09:47:06,2015-07-15 23:25:40,11367514,29,lib/Twig/TokenParser/For.php,4,5,0.2,0,0,0,1,0
Twig,1170,131504,a3b7fcbfd3bff914b018b70c64c3efa06a45f580,2015-03-06 09:47:06,2015-07-15 23:25:40,11367514,29,lib/Twig/TokenStream.php,6,10,0.5,0,0,1,1,0
Twig,1170,131495,29c87f66095ef4832d19a31e49af15bf6b6a08dd,2015-03-16 21:41:18,2015-03-17 06:31:35,31817,1,lib/Twig/Lexer.php,2,194,2.1,0,0,25,8,1
Twig,1170,131489,fe67c5ba3a2418f671307b17adfd8914ffc04b0b,2015-03-22 20:46:35,2015-06-06 23:30:23,6576228,12,lib/Twig/Extension/Core.php,2,639,2.7,0,0,19,21,0
Twig,1170,131489,fe67c5ba3a2418f671307b17adfd8914ffc04b0b,2015-03-22 20:46:35,2015-06-06 23:30:23,6576228,12,lib/Twig/Template.php,39,133,1.7,0,0,11,3,0
Twig,1170,131489,fe67c5ba3a2418f671307b17adfd8914ffc04b0b,2015-03-22 20:46:35,2015-06-06 23:30:23,6576228,12,test/Twig/Tests/TemplateTest.php,4,293,1.9,0,0,10,24,1
Twig,1170,131481,1255e360e73299c80cba47acf550e73f0ae7dbc0,2015-04-02 08:44:49,2015-07-03 09:20:45,7950956,4,lib/Twig/Extension/Core.php,9,639,2.7,0,0,19,21,0
Twig,1170,131410,0433e79cd51d446d30d1f3c01f08c4bfe3a1b70e,2015-07-21 12:44:53,2015-09-12 12:59:36,4580083,3,lib/Twig/Environment.php,4,295,1.5,0,1,13,3,0
Twig,1170,131410,0433e79cd51d446d30d1f3c01f08c4bfe3a1b70e,2015-07-21 12:44:53,2015-09-12 12:59:36,4580083,3,test/Twig/Tests/Node/ModuleTest.php,6,33,0.7,0,0,1,2,0
Twig,1190,131404,df1a77c4d8ea6b8fefea06355a6945afc773326c,2015-08-10 09:57:35,2016-01-31 08:00:32,15026577,4,lib/Twig/Template.php,2,143,1.6,0,0,15,3,0
Twig,1190,131404,df1a77c4d8ea6b8fefea06355a6945afc773326c,2015-08-10 09:57:35,2016-01-31 08:00:32,15026577,4,test/Twig/Tests/TemplateTest.php,10,295,1.9,0,0,11,24,1
Twig,1190,131398,5fdbd991bfcf5ea2492c9ab074a2d2cde1878383,2015-08-12 09:20:03,2015-08-18 12:05:55,528352,57,lib/Twig/Autoloader.php,6,5,0.8,0,0,0,1,0
Twig,1190,131398,5fdbd991bfcf5ea2492c9ab074a2d2cde1878383,2015-08-12 09:20:03,2015-08-18 12:05:55,528352,57,lib/Twig/Environment.php,28,295,1.5,0,1,13,3,0
Twig,1190,131398,5fdbd991bfcf5ea2492c9ab074a2d2cde1878383,2015-08-12 09:20:03,2015-08-18 12:05:55,528352,57,lib/Twig/ExpressionParser.php,20,138,1.0,0,0,8,3,0
Twig,1190,131398,5fdbd991bfcf5ea2492c9ab074a2d2cde1878383,2015-08-12 09:20:03,2015-08-18 12:05:55,528352,57,lib/Twig/Extension/Core.php,82,639,2.6,0,0,19,21,0
Twig,1190,131398,5fdbd991bfcf5ea2492c9ab074a2d2cde1878383,2015-08-12 09:20:03,2015-08-18 12:05:55,528352,57,lib/Twig/Extension/Escaper.php,2,5,0.4,0,0,0,1,0
Twig,1190,131398,5fdbd991bfcf5ea2492c9ab074a2d2cde1878383,2015-08-12 09:20:03,2015-08-18 12:05:55,528352,57,lib/Twig/Filter/Function.php,2,5,1.2,0,0,0,1,0
Twig,1190,131398,5fdbd991bfcf5ea2492c9ab074a2d2cde1878383,2015-08-12 09:20:03,2015-08-18 12:05:55,528352,57,lib/Twig/Filter/Method.php,2,5,1.0,0,0,0,1,0
Twig,1190,131398,5fdbd991bfcf5ea2492c9ab074a2d2cde1878383,2015-08-12 09:20:03,2015-08-18 12:05:55,528352,57,lib/Twig/Filter/Node.php,2,5,1.0,0,0,0,1,0
Twig,1190,131398,5fdbd991bfcf5ea2492c9ab074a2d2cde1878383,2015-08-12 09:20:03,2015-08-18 12:05:55,528352,57,lib/Twig/Function/Function.php,2,5,1.2,0,0,0,1,0
Twig,1190,131398,5fdbd991bfcf5ea2492c9ab074a2d2cde1878383,2015-08-12 09:20:03,2015-08-18 12:05:55,528352,57,lib/Twig/Function/Method.php,2,5,1.0,0,0,0,1,0
Twig,1190,131398,5fdbd991bfcf5ea2492c9ab074a2d2cde1878383,2015-08-12 09:20:03,2015-08-18 12:05:55,528352,57,lib/Twig/Function/Node.php,2,5,1.0,0,0,0,1,0
Twig,1190,131398,5fdbd991bfcf5ea2492c9ab074a2d2cde1878383,2015-08-12 09:20:03,2015-08-18 12:05:55,528352,57,lib/Twig/Lexer.php,4,194,2.1,0,0,25,8,1
Twig,1190,131398,5fdbd991bfcf5ea2492c9ab074a2d2cde1878383,2015-08-12 09:20:03,2015-08-18 12:05:55,528352,57,lib/Twig/Loader/String.php,2,5,0.9,0,0,0,1,0
Twig,1190,131398,5fdbd991bfcf5ea2492c9ab074a2d2cde1878383,2015-08-12 09:20:03,2015-08-18 12:05:55,528352,57,lib/Twig/Node.php,2,5,0.1,0,0,0,1,0
Twig,1190,131398,5fdbd991bfcf5ea2492c9ab074a2d2cde1878383,2015-08-12 09:20:03,2015-08-18 12:05:55,528352,57,lib/Twig/Node/Expression/Name.php,8,21,1.1,0,0,0,3,0
Twig,1190,131398,5fdbd991bfcf5ea2492c9ab074a2d2cde1878383,2015-08-12 09:20:03,2015-08-18 12:05:55,528352,57,lib/Twig/SimpleFilter.php,12,21,1.0,0,0,0,3,0
Twig,1190,131398,5fdbd991bfcf5ea2492c9ab074a2d2cde1878383,2015-08-12 09:20:03,2015-08-18 12:05:55,528352,57,lib/Twig/SimpleFunction.php,12,21,1.1,0,0,0,3,0
Twig,1190,131398,5fdbd991bfcf5ea2492c9ab074a2d2cde1878383,2015-08-12 09:20:03,2015-08-18 12:05:55,528352,57,lib/Twig/SimpleTest.php,12,5,0.5,0,0,0,1,0
Twig,1190,131398,5fdbd991bfcf5ea2492c9ab074a2d2cde1878383,2015-08-12 09:20:03,2015-08-18 12:05:55,528352,57,lib/Twig/Template.php,2,143,1.6,0,0,15,3,0
Twig,1190,131398,5fdbd991bfcf5ea2492c9ab074a2d2cde1878383,2015-08-12 09:20:03,2015-08-18 12:05:55,528352,57,lib/Twig/Test/Function.php,2,5,1.2,0,0,0,1,0
Twig,1190,131398,5fdbd991bfcf5ea2492c9ab074a2d2cde1878383,2015-08-12 09:20:03,2015-08-18 12:05:55,528352,57,lib/Twig/Test/IntegrationTestCase.php,23,112,3.3,0,3,1,2,0
Twig,1190,131398,5fdbd991bfcf5ea2492c9ab074a2d2cde1878383,2015-08-12 09:20:03,2015-08-18 12:05:55,528352,57,lib/Twig/Test/Method.php,2,5,1.0,0,0,0,1,0
Twig,1190,131398,5fdbd991bfcf5ea2492c9ab074a2d2cde1878383,2015-08-12 09:20:03,2015-08-18 12:05:55,528352,57,lib/Twig/Test/Node.php,2,5,1.0,0,0,0,1,0
Twig,1190,131398,5fdbd991bfcf5ea2492c9ab074a2d2cde1878383,2015-08-12 09:20:03,2015-08-18 12:05:55,528352,57,lib/Twig/Test/NodeTestCase.php,2,5,0.5,0,0,0,1,0
Twig,1190,131398,5fdbd991bfcf5ea2492c9ab074a2d2cde1878383,2015-08-12 09:20:03,2015-08-18 12:05:55,528352,57,lib/Twig/TokenParser/AutoEscape.php,2,5,0.4,0,0,0,1,0
Twig,1190,131398,5fdbd991bfcf5ea2492c9ab074a2d2cde1878383,2015-08-12 09:20:03,2015-08-18 12:05:55,528352,57,lib/Twig/TokenParserBroker.php,6,5,0.2,0,0,0,1,0
Twig,1190,131398,5fdbd991bfcf5ea2492c9ab074a2d2cde1878383,2015-08-12 09:20:03,2015-08-18 12:05:55,528352,57,test/Twig/Tests/AutoloaderTest.php,3,5,1.9,0,0,0,1,0
Twig,1190,131398,5fdbd991bfcf5ea2492c9ab074a2d2cde1878383,2015-08-12 09:20:03,2015-08-18 12:05:55,528352,57,test/Twig/Tests/CompilerTest.php,2,5,0.9,0,0,0,1,0
Twig,1190,131398,5fdbd991bfcf5ea2492c9ab074a2d2cde1878383,2015-08-12 09:20:03,2015-08-18 12:05:55,528352,57,test/Twig/Tests/EnvironmentTest.php,4,107,1.9,0,0,1,12,0
Twig,1190,131398,5fdbd991bfcf5ea2492c9ab074a2d2cde1878383,2015-08-12 09:20:03,2015-08-18 12:05:55,528352,57,test/Twig/Tests/Extension/CoreTest.php,24,67,1.9,0,0,1,6,3
Twig,1190,131398,5fdbd991bfcf5ea2492c9ab074a2d2cde1878383,2015-08-12 09:20:03,2015-08-18 12:05:55,528352,57,test/Twig/Tests/Extension/SandboxTest.php,2,261,5.2,0,0,55,12,0
Twig,1190,131398,5fdbd991bfcf5ea2492c9ab074a2d2cde1878383,2015-08-12 09:20:03,2015-08-18 12:05:55,528352,57,test/Twig/Tests/LexerTest.php,42,80,1.2,0,0,4,1,0
Twig,1190,131398,5fdbd991bfcf5ea2492c9ab074a2d2cde1878383,2015-08-12 09:20:03,2015-08-18 12:05:55,528352,57,test/Twig/Tests/Node/Expression/FilterTest.php,2,30,1.0,0,0,1,3,0
Twig,1190,131398,5fdbd991bfcf5ea2492c9ab074a2d2cde1878383,2015-08-12 09:20:03,2015-08-18 12:05:55,528352,57,test/Twig/Tests/Node/Expression/FunctionTest.php,2,44,2.0,0,0,1,4,0
Twig,1190,131398,5fdbd991bfcf5ea2492c9ab074a2d2cde1878383,2015-08-12 09:20:03,2015-08-18 12:05:55,528352,57,test/Twig/Tests/Node/Expression/NameTest.php,6,5,0.8,0,0,0,1,0
Twig,1190,131398,5fdbd991bfcf5ea2492c9ab074a2d2cde1878383,2015-08-12 09:20:03,2015-08-18 12:05:55,528352,57,test/Twig/Tests/Node/Expression/PHP53/FilterInclude.php,2,5,5.6,0,0,1,0,0
Twig,1190,131398,5fdbd991bfcf5ea2492c9ab074a2d2cde1878383,2015-08-12 09:20:03,2015-08-18 12:05:55,528352,57,test/Twig/Tests/Node/Expression/PHP53/FunctionInclude.php,2,5,5.6,0,0,1,0,0
Twig,1190,131398,5fdbd991bfcf5ea2492c9ab074a2d2cde1878383,2015-08-12 09:20:03,2015-08-18 12:05:55,528352,57,test/Twig/Tests/Node/Expression/PHP53/TestInclude.php,2,5,5.6,0,0,1,0,0
Twig,1190,131398,5fdbd991bfcf5ea2492c9ab074a2d2cde1878383,2015-08-12 09:20:03,2015-08-18 12:05:55,528352,57,test/Twig/Tests/Node/Expression/TestTest.php,2,22,1.3,0,0,1,2,0
Twig,1190,131398,5fdbd991bfcf5ea2492c9ab074a2d2cde1878383,2015-08-12 09:20:03,2015-08-18 12:05:55,528352,57,test/Twig/Tests/ParserTest.php,8,10,0.3,0,0,0,2,0
Twig,1190,131398,5fdbd991bfcf5ea2492c9ab074a2d2cde1878383,2015-08-12 09:20:03,2015-08-18 12:05:55,528352,57,test/Twig/Tests/TemplateTest.php,18,295,1.9,0,0,11,24,1
Twig,1190,131398,5fdbd991bfcf5ea2492c9ab074a2d2cde1878383,2015-08-12 09:20:03,2015-08-18 12:05:55,528352,57,test/Twig/Tests/escapingTest.php,2,91,1.2,0,0,5,3,3
Twig,1190,131388,5fdbd991bfcf5ea2492c9ab074a2d2cde1878383,2015-08-13 09:26:49,2015-08-18 12:05:55,441546,57,lib/Twig/Autoloader.php,6,5,0.8,0,0,0,1,0
Twig,1190,131388,5fdbd991bfcf5ea2492c9ab074a2d2cde1878383,2015-08-13 09:26:49,2015-08-18 12:05:55,441546,57,lib/Twig/Environment.php,28,295,1.5,0,1,13,3,0
Twig,1190,131388,5fdbd991bfcf5ea2492c9ab074a2d2cde1878383,2015-08-13 09:26:49,2015-08-18 12:05:55,441546,57,lib/Twig/ExpressionParser.php,20,138,1.0,0,0,8,3,0
Twig,1190,131388,5fdbd991bfcf5ea2492c9ab074a2d2cde1878383,2015-08-13 09:26:49,2015-08-18 12:05:55,441546,57,lib/Twig/Extension/Core.php,82,639,2.6,0,0,19,21,0
Twig,1190,131388,5fdbd991bfcf5ea2492c9ab074a2d2cde1878383,2015-08-13 09:26:49,2015-08-18 12:05:55,441546,57,lib/Twig/Extension/Escaper.php,2,5,0.4,0,0,0,1,0
Twig,1190,131388,5fdbd991bfcf5ea2492c9ab074a2d2cde1878383,2015-08-13 09:26:49,2015-08-18 12:05:55,441546,57,lib/Twig/Filter/Function.php,2,5,1.2,0,0,0,1,0
Twig,1190,131388,5fdbd991bfcf5ea2492c9ab074a2d2cde1878383,2015-08-13 09:26:49,2015-08-18 12:05:55,441546,57,lib/Twig/Filter/Method.php,2,5,1.0,0,0,0,1,0
Twig,1190,131388,5fdbd991bfcf5ea2492c9ab074a2d2cde1878383,2015-08-13 09:26:49,2015-08-18 12:05:55,441546,57,lib/Twig/Filter/Node.php,2,5,1.0,0,0,0,1,0
Twig,1190,131388,5fdbd991bfcf5ea2492c9ab074a2d2cde1878383,2015-08-13 09:26:49,2015-08-18 12:05:55,441546,57,lib/Twig/Function/Function.php,2,5,1.2,0,0,0,1,0
Twig,1190,131388,5fdbd991bfcf5ea2492c9ab074a2d2cde1878383,2015-08-13 09:26:49,2015-08-18 12:05:55,441546,57,lib/Twig/Function/Method.php,2,5,1.0,0,0,0,1,0
Twig,1190,131388,5fdbd991bfcf5ea2492c9ab074a2d2cde1878383,2015-08-13 09:26:49,2015-08-18 12:05:55,441546,57,lib/Twig/Function/Node.php,2,5,1.0,0,0,0,1,0
Twig,1190,131388,5fdbd991bfcf5ea2492c9ab074a2d2cde1878383,2015-08-13 09:26:49,2015-08-18 12:05:55,441546,57,lib/Twig/Lexer.php,4,194,2.1,0,0,25,8,1
Twig,1190,131388,5fdbd991bfcf5ea2492c9ab074a2d2cde1878383,2015-08-13 09:26:49,2015-08-18 12:05:55,441546,57,lib/Twig/Loader/String.php,2,5,0.9,0,0,0,1,0
Twig,1190,131388,5fdbd991bfcf5ea2492c9ab074a2d2cde1878383,2015-08-13 09:26:49,2015-08-18 12:05:55,441546,57,lib/Twig/Node.php,2,5,0.1,0,0,0,1,0
Twig,1190,131388,5fdbd991bfcf5ea2492c9ab074a2d2cde1878383,2015-08-13 09:26:49,2015-08-18 12:05:55,441546,57,lib/Twig/Node/Expression/Name.php,8,21,1.1,0,0,0,3,0
Twig,1190,131388,5fdbd991bfcf5ea2492c9ab074a2d2cde1878383,2015-08-13 09:26:49,2015-08-18 12:05:55,441546,57,lib/Twig/SimpleFilter.php,12,21,1.0,0,0,0,3,0
Twig,1190,131388,5fdbd991bfcf5ea2492c9ab074a2d2cde1878383,2015-08-13 09:26:49,2015-08-18 12:05:55,441546,57,lib/Twig/SimpleFunction.php,12,21,1.1,0,0,0,3,0
Twig,1190,131388,5fdbd991bfcf5ea2492c9ab074a2d2cde1878383,2015-08-13 09:26:49,2015-08-18 12:05:55,441546,57,lib/Twig/SimpleTest.php,12,5,0.5,0,0,0,1,0
Twig,1190,131388,5fdbd991bfcf5ea2492c9ab074a2d2cde1878383,2015-08-13 09:26:49,2015-08-18 12:05:55,441546,57,lib/Twig/Template.php,2,143,1.6,0,0,15,3,0
Twig,1190,131388,5fdbd991bfcf5ea2492c9ab074a2d2cde1878383,2015-08-13 09:26:49,2015-08-18 12:05:55,441546,57,lib/Twig/Test/Function.php,2,5,1.2,0,0,0,1,0
Twig,1190,131388,5fdbd991bfcf5ea2492c9ab074a2d2cde1878383,2015-08-13 09:26:49,2015-08-18 12:05:55,441546,57,lib/Twig/Test/IntegrationTestCase.php,23,112,3.3,0,3,1,2,0
Twig,1190,131388,5fdbd991bfcf5ea2492c9ab074a2d2cde1878383,2015-08-13 09:26:49,2015-08-18 12:05:55,441546,57,lib/Twig/Test/Method.php,2,5,1.0,0,0,0,1,0
Twig,1190,131388,5fdbd991bfcf5ea2492c9ab074a2d2cde1878383,2015-08-13 09:26:49,2015-08-18 12:05:55,441546,57,lib/Twig/Test/Node.php,2,5,1.0,0,0,0,1,0
Twig,1190,131388,5fdbd991bfcf5ea2492c9ab074a2d2cde1878383,2015-08-13 09:26:49,2015-08-18 12:05:55,441546,57,lib/Twig/Test/NodeTestCase.php,2,5,0.5,0,0,0,1,0
Twig,1190,131388,5fdbd991bfcf5ea2492c9ab074a2d2cde1878383,2015-08-13 09:26:49,2015-08-18 12:05:55,441546,57,lib/Twig/TokenParser/AutoEscape.php,2,5,0.4,0,0,0,1,0
Twig,1190,131388,5fdbd991bfcf5ea2492c9ab074a2d2cde1878383,2015-08-13 09:26:49,2015-08-18 12:05:55,441546,57,lib/Twig/TokenParserBroker.php,6,5,0.2,0,0,0,1,0
Twig,1190,131388,5fdbd991bfcf5ea2492c9ab074a2d2cde1878383,2015-08-13 09:26:49,2015-08-18 12:05:55,441546,57,test/Twig/Tests/AutoloaderTest.php,3,5,1.9,0,0,0,1,0
Twig,1190,131388,5fdbd991bfcf5ea2492c9ab074a2d2cde1878383,2015-08-13 09:26:49,2015-08-18 12:05:55,441546,57,test/Twig/Tests/CompilerTest.php,2,5,0.9,0,0,0,1,0
Twig,1190,131388,5fdbd991bfcf5ea2492c9ab074a2d2cde1878383,2015-08-13 09:26:49,2015-08-18 12:05:55,441546,57,test/Twig/Tests/EnvironmentTest.php,4,107,1.9,0,0,1,12,0
Twig,1190,131388,5fdbd991bfcf5ea2492c9ab074a2d2cde1878383,2015-08-13 09:26:49,2015-08-18 12:05:55,441546,57,test/Twig/Tests/Extension/CoreTest.php,24,67,1.9,0,0,1,6,3
Twig,1190,131388,5fdbd991bfcf5ea2492c9ab074a2d2cde1878383,2015-08-13 09:26:49,2015-08-18 12:05:55,441546,57,test/Twig/Tests/Extension/SandboxTest.php,2,261,5.2,0,0,55,12,0
Twig,1190,131388,5fdbd991bfcf5ea2492c9ab074a2d2cde1878383,2015-08-13 09:26:49,2015-08-18 12:05:55,441546,57,test/Twig/Tests/LexerTest.php,42,80,1.2,0,0,4,1,0
Twig,1190,131388,5fdbd991bfcf5ea2492c9ab074a2d2cde1878383,2015-08-13 09:26:49,2015-08-18 12:05:55,441546,57,test/Twig/Tests/Node/Expression/FilterTest.php,2,30,1.0,0,0,1,3,0
Twig,1190,131388,5fdbd991bfcf5ea2492c9ab074a2d2cde1878383,2015-08-13 09:26:49,2015-08-18 12:05:55,441546,57,test/Twig/Tests/Node/Expression/FunctionTest.php,2,44,2.0,0,0,1,4,0
Twig,1190,131388,5fdbd991bfcf5ea2492c9ab074a2d2cde1878383,2015-08-13 09:26:49,2015-08-18 12:05:55,441546,57,test/Twig/Tests/Node/Expression/NameTest.php,6,5,0.8,0,0,0,1,0
Twig,1190,131388,5fdbd991bfcf5ea2492c9ab074a2d2cde1878383,2015-08-13 09:26:49,2015-08-18 12:05:55,441546,57,test/Twig/Tests/Node/Expression/PHP53/FilterInclude.php,2,5,5.6,0,0,1,0,0
Twig,1190,131388,5fdbd991bfcf5ea2492c9ab074a2d2cde1878383,2015-08-13 09:26:49,2015-08-18 12:05:55,441546,57,test/Twig/Tests/Node/Expression/PHP53/FunctionInclude.php,2,5,5.6,0,0,1,0,0
Twig,1190,131388,5fdbd991bfcf5ea2492c9ab074a2d2cde1878383,2015-08-13 09:26:49,2015-08-18 12:05:55,441546,57,test/Twig/Tests/Node/Expression/PHP53/TestInclude.php,2,5,5.6,0,0,1,0,0
Twig,1190,131388,5fdbd991bfcf5ea2492c9ab074a2d2cde1878383,2015-08-13 09:26:49,2015-08-18 12:05:55,441546,57,test/Twig/Tests/Node/Expression/TestTest.php,2,22,1.3,0,0,1,2,0
Twig,1190,131388,5fdbd991bfcf5ea2492c9ab074a2d2cde1878383,2015-08-13 09:26:49,2015-08-18 12:05:55,441546,57,test/Twig/Tests/ParserTest.php,8,10,0.3,0,0,0,2,0
Twig,1190,131388,5fdbd991bfcf5ea2492c9ab074a2d2cde1878383,2015-08-13 09:26:49,2015-08-18 12:05:55,441546,57,test/Twig/Tests/TemplateTest.php,18,295,1.9,0,0,11,24,1
Twig,1190,131388,5fdbd991bfcf5ea2492c9ab074a2d2cde1878383,2015-08-13 09:26:49,2015-08-18 12:05:55,441546,57,test/Twig/Tests/escapingTest.php,2,91,1.2,0,0,5,3,3
Twig,1210,131367,80f7cfc45f69dd461843394b9c9122661accd581,2015-08-25 15:20:27,2015-08-26 08:52:31,63124,4,lib/Twig/Extension/Core.php,17,639,2.6,0,0,19,21,0
Twig,1210,131366,fc2dafc2de924ae82235ac58e1828e27fe3df054,2015-08-25 16:38:22,2015-09-12 17:43:21,1559099,2,lib/Twig/Profiler/Profile.php,10,15,0.5,0,0,5,1,0
Twig,1210,131348,87e27b6a26fd477a407bf98b4c7af04455437f6a,2015-09-10 23:52:23,2015-09-11 14:41:32,53349,10,lib/Twig/Environment.php,125,290,1.4,0,1,12,3,0
Twig,1210,131348,87e27b6a26fd477a407bf98b4c7af04455437f6a,2015-09-10 23:52:23,2015-09-11 14:41:32,53349,10,test/Twig/Tests/EnvironmentTest.php,13,107,1.9,0,0,1,12,0
Twig,1210,131348,87e27b6a26fd477a407bf98b4c7af04455437f6a,2015-09-10 23:52:23,2015-09-11 14:41:32,53349,10,test/Twig/Tests/FileCachingTest.php,6,23,1.3,0,0,1,3,0
Twig,1210,131331,c7940f89d1ee735842fa7b887e6299999a6b97b2,2015-09-14 20:14:00,2015-09-15 05:20:41,32801,1,lib/Twig/Extension/StringLoader.php,4,5,1.0,0,0,0,1,0
Twig,1210,131325,93914e5e7576c7ac6a2d1b0bd12ba0cec04a6381,2015-09-19 10:42:43,2015-09-21 06:59:01,159378,4,lib/Twig/Environment.php,10,290,1.4,0,1,12,3,0
Twig,1210,131320,3347b9040ea8da1cda421d5ccf10fd52a091969a,2015-09-20 16:27:30,2015-10-04 08:31:12,1181022,1,test/Twig/Tests/EnvironmentTest.php,97,107,1.9,0,0,1,12,0
Twig,1210,131310,b75dab9e6df837aafd2249b919dba6161010cb7e,2015-09-24 16:05:39,2015-10-13 07:02:23,1609004,1,lib/Twig/Environment.php,4,290,1.4,0,1,12,3,0
Twig,1230,131242,e5820ba221910bf3698c30ca16762d773d4bc860,2015-12-02 15:03:54,2016-01-19 12:29:52,4137958,5,lib/Twig/Node/Expression/Name.php,1,29,1.3,0,0,0,4,0
Twig,1230,131242,e5820ba221910bf3698c30ca16762d773d4bc860,2015-12-02 15:03:54,2016-01-19 12:29:52,4137958,5,test/Twig/Tests/Node/Expression/NameTest.php,2,5,0.8,0,0,0,1,0
Twig,1230,131226,97beaa28948a36af0c26228ca46b7712728ff009,2015-12-29 06:46:36,2016-01-25 17:09:36,2370180,5,lib/Twig/Extension/Core.php,1,667,2.6,0,0,20,22,0
#####
