system/core/Input.php,12,17.42,224.42,1.783,0,0,22.5,8.75,3
system/helpers/form_helper.php,13,31.08,364.77,2.169,0,0,31.38,17.54,3.08
system/core/Utf8.php,4,16.75,45.25,2.45,0,0,3.5,4.5,3.75
application/views/welcome_message.php,2,26,2,0,0,0,0,1,0
system/helpers/cookie_helper.php,3,17.33,14,1.867,0,0,1.67,1.67,0
application/config/config.php,14,12.36,6.86,0.543,0,0,1.14,1.86,0.86
system/core/URI.php,11,31.64,196.64,2.345,0,0,7.73,9.18,0.27
system/core/Security.php,20,16.9,163.8,1.52,0,0,8.8,8.25,3.3
application/config/foreign_chars.php,2,21.5,5,0.3,0,0,1,2,0
system/helpers/date_helper.php,6,29,150.83,1.317,0,0,26.33,4.5,0.5
application/config/mimes.php,4,12.5,152,4.65,0,0,1,16.25,0
system/core/CodeIgniter.php,7,20.14,92.14,2.086,0,0,9,6.43,0.86
system/core/Output.php,11,38.36,126.73,1.609,0,0,9.82,11.27,1.27
system/libraries/Upload.php,6,21.5,449.17,2.467,0,0,23.83,12.33,6
system/libraries/Cache/drivers/Cache_apc.php,5,21,20,1.14,0,0,2.6,2.8,0
system/database/drivers/mssql/mssql_driver.php,11,27.45,93.27,1.391,0,0,5.27,5.55,2.18
system/database/drivers/oci8/oci8_driver.php,7,20.86,128,1.429,0,0,9,6.71,2
system/database/drivers/sqlsrv/sqlsrv_driver.php,10,18.3,75.2,1.26,0,0,4.3,5.9,2.1
application/config/user_agents.php,5,10.4,35.8,0.82,0,0,1,4,0
system/helpers/captcha_helper.php,8,13.75,163.75,3.713,0,0,16.5,5,0
system/libraries/Pagination.php,14,20.36,158.57,2.293,0,0,11.64,6.14,8.5
system/database/drivers/oci8/oci8_result.php,7,214.14,15.43,0.586,0,0,1.86,2.86,0.86
system/database/DB_active_rec.php,1,4,326,1.0,0,0,17,7,3
system/database/drivers/postgre/postgre_forge.php,3,52.33,68.67,1.633,0,0,3.67,6.67,0.67
system/database/drivers/mssql/mssql_forge.php,3,18.67,16.67,0.633,0,0,1.67,4,0
system/database/drivers/sqlsrv/sqlsrv_forge.php,3,18,16,0.633,0,0,1.67,3.67,0
application/config/doctypes.php,2,35.5,5,1.5,0,0,1,2,0
system/libraries/Image_lib.php,11,18.55,732.55,2.691,0,3.27,69.09,26.64,16.45
system/libraries/User_agent.php,3,19,142.67,1.7,0,0,12,5,0
system/core/Lang.php,6,11.5,53.83,2.417,0,0,3.33,6.5,0
system/database/DB_driver.php,24,33.83,514.21,2.188,0,0,29.71,22.21,7.29
system/core/Common.php,17,9.94,107.76,1.182,0,0.94,9.12,7.71,3.12
system/core/Exceptions.php,6,20.17,26,0.9,0,0,3,3.33,0
application/config/database.php,4,13.5,39,7.2,0,0,1,3,0
index.php,6,27.5,24.5,1.467,0,0,4.17,1.17,0
system/core/Config.php,10,20,64.4,1.13,0,0,3,7,0
system/core/Loader.php,11,18.91,498.73,2.609,0,1,25.45,18.82,3
system/database/DB.php,5,33.4,136.4,4.68,0,1.6,9.6,5.6,0
system/database/DB_result.php,7,81.71,174.71,2.686,0,0,16.86,7.57,0
system/database/drivers/cubrid/cubrid_driver.php,7,16.29,92.29,1.129,0,0,8,6.14,0.71
system/database/drivers/cubrid/cubrid_result.php,5,16,15.4,0.78,0,0,2,2.8,0.8
system/database/drivers/mssql/mssql_result.php,5,25.4,11.4,0.66,0,0,1.2,2.8,0
system/database/drivers/mysql/mysql_driver.php,8,24.5,86.75,1.038,0,0,6.75,7.13,1.63
system/database/drivers/mysql/mysql_result.php,5,27.4,10.8,0.64,0,0,1,3,0
system/database/drivers/mysqli/mysqli_driver.php,10,18.2,106.4,1.32,0,0,8.4,8.4,1.6
system/database/drivers/mysqli/mysqli_result.php,5,16.4,10.4,0.62,0,0,1,2.8,0
system/database/drivers/odbc/odbc_driver.php,8,15.13,68.38,1.113,0,0,4.5,4.88,1.88
system/database/drivers/odbc/odbc_forge.php,5,10.8,24,1.44,0,0,1.8,5.2,0
system/database/drivers/odbc/odbc_result.php,5,103.4,17.4,0.6,0,0,1.6,2.8,0
system/database/drivers/pdo/pdo_driver.php,8,128.5,94.38,1,0,0,7.63,6,2.25
system/database/drivers/pdo/pdo_forge.php,5,12,24,2.16,0,0,1.8,5.2,0
system/database/drivers/pdo/pdo_result.php,5,53.6,16.4,0.78,0,0,1.4,2.8,0
system/database/drivers/postgre/postgre_driver.php,9,18.11,124.33,1.544,0,0.44,7.56,5.11,1.56
system/database/drivers/postgre/postgre_result.php,5,16.4,10.4,0.62,0,0,1,2.8,0
system/database/drivers/sqlite/sqlite_driver.php,6,17.67,70.5,1.067,0,0,4.17,5,1.33
system/database/drivers/sqlite/sqlite_result.php,5,19.6,12,0.66,0,0,1,3.6,0
system/database/drivers/sqlsrv/sqlsrv_result.php,5,17.2,19.4,1.14,0,0,2.8,2.8,0
system/helpers/array_helper.php,6,13.83,10.33,0.817,0,0,2,1.83,0
system/helpers/email_helper.php,5,12.2,8.6,1.92,0,0,1,3.4,0
system/helpers/file_helper.php,7,9.86,86.14,1.029,0,0,8.29,5.43,4.57
system/helpers/path_helper.php,5,11,16,2.32,0,0,2.8,2.6,0
system/helpers/security_helper.php,5,12.8,7,0.52,0,0,1,2.6,0.2
system/helpers/url_helper.php,8,12.38,77.75,0.813,0,0,9.38,7.25,0.25
system/language/english/calendar_lang.php,5,64,3,0.18,0,0,0.2,1,0
system/language/english/date_lang.php,5,10,3,0.16,0,0,0.2,1,0
system/language/english/email_lang.php,5,31.6,1.4,0.24,0,0,0.2,0.2,0
system/language/english/form_validation_lang.php,5,41.2,3,0.4,0,0,0.2,1,0
system/language/english/ftp_lang.php,5,24.4,3,0.84,0,0,0.2,1,0
system/language/english/imglib_lang.php,6,26.5,1.17,0.217,0,0,0.17,0.17,0
system/language/english/migration_lang.php,6,15.83,2.83,1.267,0,0,0.17,1,0
system/language/english/unit_test_lang.php,5,10,4,0.66,0,0,0.2,1,1
system/language/english/upload_lang.php,5,29.2,1.4,0.28,0,0,0.2,0.2,0
system/libraries/Email.php,17,11.76,666.35,1.812,0,0.59,49.82,35.53,18.82
system/libraries/Form_validation.php,20,11.65,739.3,3.395,0,0,39,38.4,0
system/libraries/Ftp.php,6,9.5,158.17,1.533,0,1,9.33,16.67,0
system/libraries/Migration.php,10,22.2,79,1.58,0,0,4.4,4.8,0
system/libraries/Session.php,3,11,243,2,0,0,13,20,1
system/libraries/Xmlrpc.php,8,25.75,811.25,2.713,0,0,34.25,51.25,14.5
system/libraries/Xmlrpcs.php,6,9.5,310.83,2.85,0,0,13.5,19.67,2.5
system/helpers/typography_helper.php,3,17.67,5.67,0.7,0,0,1,1.67,0
system/helpers/directory_helper.php,3,17,18.67,1.967,0,0,3.33,2.33,0
system/database/DB_forge.php,12,8.25,153.67,1.25,0,0,5.42,12.42,0.33
system/database/drivers/mysql/mysql_forge.php,4,17,39,1.025,0,0,2.75,5.5,0
system/database/drivers/mysqli/mysqli_forge.php,4,17.5,24,0.65,0,0,2,4.75,0
system/database/drivers/cubrid/cubrid_forge.php,4,16.5,56.5,1.475,0,0,5,5.75,0.75
system/database/DB_utility.php,3,26.33,155,2.467,0,0,8.33,10.33,1.67
system/database/drivers/mysql/mysql_utility.php,3,19,50,1.667,0,0,6.67,6,1
system/database/drivers/mysqli/mysqli_utility.php,3,19.67,19.33,1.667,0,0,2.67,2.67,0.33
system/libraries/Parser.php,4,36.25,15.75,0.625,0,0,1.5,3.5,0
system/core/Router.php,8,24.38,102.25,1.475,0,0,6.75,8.5,0
system/libraries/Profiler.php,3,17,248,2.5,0,0,6.67,24.67,0
system/helpers/html_helper.php,3,27.33,89.33,1.3,0,0.67,5.67,7.67,0
system/libraries/Zip.php,4,15.75,64.5,0.925,0,0,1.25,5.5,30
system/libraries/Cache/drivers/Cache_memcached.php,7,8.14,64,1.871,0,0,4.14,6.29,0.43
system/helpers/download_helper.php,4,18,25.25,1.35,0,0,3.75,1.75,0
application/config/constants.php,3,14.33,50,7.5,0,0,8.67,2,5.33
system/database/DB_cache.php,3,20,62.67,2.467,0,0,2.67,10.67,0.67
system/libraries/Cache/drivers/Cache_file.php,5,12.6,34,1.26,0,0,2,4.2,0
system/libraries/Encrypt.php,4,13.75,60,0.975,0,0,6.25,5,0
system/core/Hooks.php,3,17,80,2.333,0,0,8.67,5.67,0
application/config/autoload.php,2,24.5,38.5,17.1,0,0,7.5,1.5,0
application/config/hooks.php,2,20.5,6,20,0,0,1,1.5,0
application/config/migration.php,1,39,5,4.2,0,0,1,0,0
application/config/profiler.php,2,20.5,6,20,0,0,1,1.5,0
application/config/routes.php,2,22.5,11,10.55,0,0,2,1.5,0
application/config/smileys.php,2,20.5,6.5,0.45,0,0,1,1.5,0.5
system/core/Benchmark.php,2,24.5,11,1.25,0,0,1,2.5,0
system/core/Controller.php,2,24.5,15,2.65,0,0,3,2.5,0
system/core/Model.php,2,24.5,11,3.2,0,0,1,2.5,0
system/database/drivers/cubrid/cubrid_utility.php,2,24.5,15,2.85,0,0,1,3,0
system/database/drivers/mssql/mssql_utility.php,2,25.5,13,3.55,0,0,1,2.5,2
system/database/drivers/oci8/oci8_forge.php,2,24.5,19.5,0.9,0,0,1.5,4,0
system/database/drivers/oci8/oci8_utility.php,2,24.5,12.5,3.75,0,0,1,2.5,1.5
system/database/drivers/odbc/odbc_utility.php,2,25.5,16,3.95,0,0,1,3,0
system/database/drivers/pdo/pdo_utility.php,2,25.5,16,3.95,0,0,1,3,0
system/database/drivers/postgre/postgre_utility.php,2,25.5,11,3.1,0,0,1,2.5,0
system/database/drivers/sqlite/sqlite_forge.php,2,24.5,30.5,1.25,0,0,3.5,4.5,0.5
system/database/drivers/sqlite/sqlite_utility.php,2,24.5,11,3.55,0,0,1,2.5,0
system/database/drivers/sqlsrv/sqlsrv_utility.php,2,24.5,13,3.55,0,0,1,2.5,2
system/helpers/inflector_helper.php,2,24.5,22.5,0.7,0,0,1.5,1.5,14
system/helpers/language_helper.php,2,24.5,6,1.5,0,0,1,1.5,0
system/helpers/number_helper.php,2,24.5,6,0.6,0,0,1,1.5,0
system/helpers/smiley_helper.php,4,13.25,26.75,0.55,0,0,5.25,1.75,0
system/helpers/string_helper.php,4,13.5,61,1.675,0,0,7,2.25,4.5
system/helpers/text_helper.php,3,23.33,43.33,0.533,0,0,5.67,2,0
system/helpers/xml_helper.php,2,24.5,6,0.9,0,0,1,1.5,0
system/language/english/db_lang.php,2,23.5,3.5,0.45,0,0,0.5,0.5,0
system/language/english/number_lang.php,2,23.5,3.5,1.95,0,0,0.5,0.5,0
system/language/english/profiler_lang.php,2,23.5,4.5,0.7,0,0,0.5,1,0
system/libraries/Cache/Cache.php,2,23.5,23,1,0,0,1.5,3.5,0.5
system/libraries/Cache/drivers/Cache_dummy.php,2,23.5,11,1.05,0,0,1,2.5,0
system/libraries/Calendar.php,2,24.5,343,4.3,0,0,11.5,34.5,0
system/libraries/Cart.php,2,25.5,227.5,3.2,0,0,16,13,1
system/libraries/Driver.php,4,13.75,35,1.025,0,0,4.75,4.5,0
system/libraries/Javascript.php,2,24.5,129,1.6,0,0.5,8,4,0
system/libraries/Table.php,2,24.5,175.5,2.2,0,0,12,15.5,0
system/libraries/Trackback.php,2,24.5,169,2.1,0,0,11,9,0
system/libraries/Typography.php,2,24.5,67.5,1.25,0,0,7,5.5,1
system/libraries/Unit_test.php,3,19,47,0.833,0,0,3.67,9.67,0
system/libraries/Session/drivers/Session_memcached_driver.php,3,5.67,87,1.7,0,0,5,4,1
system/libraries/Session/drivers/Session_redis_driver.php,3,28.67,134,2.3,0,0,6,6,1
system/database/DB_query_builder.php,8,19.13,504.88,1.3,0,0,33.38,27,4
system/libraries/Session/drivers/Session_files_driver.php,2,6,166,3,0,0,10,7,1
system/libraries/Cache/drivers/Cache_redis.php,3,6.67,83.33,2.133,0,0,6,5.67,1
system/libraries/Cache/drivers/Cache_wincache.php,3,20.67,31,1.7,0,0,2,6,0
system/database/drivers/ibase/ibase_driver.php,2,21,31.5,0.75,0,0,2.5,4,0
system/database/drivers/sqlite3/sqlite3_driver.php,2,20,39.5,1,0,0,2.5,4,1
system/libraries/Session/drivers/Session_database_driver.php,2,13,231,4,0,0,10,11,0
system/libraries/Encryption.php,2,7.5,513,3.3,0,0,37,21,2
system/database/drivers/pdo/subdrivers/pdo_odbc_driver.php,2,14,12,0.5,0,0,1,2,0
system/database/drivers/pdo/subdrivers/pdo_pgsql_driver.php,2,8.5,32,0.7,0,0,5,2,0
application/config/memcached.php,1,2,7,2.9,0,0,1,1,0
application/controllers/Welcome.php,1,2,7,3.3,0,0,1,1,0
system/core/Log.php,1,10,73,2.6,0,0,5,5,0
system/core/compat/hash.php,1,10,73,1.7,0,0,4,2,0
system/core/compat/mbstring.php,1,10,29,2.0,0,0,2,3,1
system/core/compat/password.php,1,10,147,4.2,0,0,18,4,0
system/core/compat/standard.php,1,10,223,2.9,0,0,20,4,0
system/database/drivers/ibase/ibase_forge.php,1,10,73,2.3,0,0,3,7,0
system/database/drivers/ibase/ibase_result.php,1,10,17,1.1,0,0,2,2,0
system/database/drivers/ibase/ibase_utility.php,1,10,12,3.1,0,0,1,2,0
system/database/drivers/pdo/subdrivers/pdo_4d_driver.php,1,10,35,2.2,0,0,4,3,0
system/database/drivers/pdo/subdrivers/pdo_4d_forge.php,1,10,48,2.2,0,0,2,4,0
system/database/drivers/pdo/subdrivers/pdo_cubrid_driver.php,1,10,32,1.2,0,0,5,2,0
system/database/drivers/pdo/subdrivers/pdo_cubrid_forge.php,1,10,43,1.4,0,0,2,5,0
system/database/drivers/pdo/subdrivers/pdo_dblib_driver.php,1,10,31,0.8,0,0,4,4,0
system/database/drivers/pdo/subdrivers/pdo_dblib_forge.php,1,10,12,0.9,0,0,1,2,0
system/database/drivers/pdo/subdrivers/pdo_firebird_driver.php,1,10,24,0.8,0,0,3,3,0
system/database/drivers/pdo/subdrivers/pdo_firebird_forge.php,1,10,73,2.4,0,0,3,7,0
system/database/drivers/pdo/subdrivers/pdo_ibm_driver.php,1,10,14,0.5,0,0,1,3,0
system/database/drivers/pdo/subdrivers/pdo_ibm_forge.php,1,10,20,1.5,0,0,1,3,0
system/database/drivers/pdo/subdrivers/pdo_informix_driver.php,1,10,25,0.6,0,0,3,3,1
system/database/drivers/pdo/subdrivers/pdo_informix_forge.php,1,10,48,2.9,0,0,2,4,0
system/database/drivers/pdo/subdrivers/pdo_mysql_driver.php,1,10,70,1.9,0,0,11,3,0
system/database/drivers/pdo/subdrivers/pdo_mysql_forge.php,1,10,39,1.1,0,0,2,4,0
system/database/drivers/pdo/subdrivers/pdo_oci_driver.php,1,10,23,0.6,0,0,3,2,1
system/database/drivers/pdo/subdrivers/pdo_oci_forge.php,1,10,20,1.3,0,0,1,3,0
system/database/drivers/pdo/subdrivers/pdo_odbc_forge.php,1,10,12,5.7,0,0,1,2,0
system/database/drivers/pdo/subdrivers/pdo_pgsql_forge.php,1,10,48,1.7,0,0,1,6,0
system/database/drivers/pdo/subdrivers/pdo_sqlite_driver.php,1,10,24,1.1,0,0,1,3,0
system/database/drivers/pdo/subdrivers/pdo_sqlite_forge.php,1,10,34,1.4,0,0,3,5,0
system/database/drivers/pdo/subdrivers/pdo_sqlsrv_driver.php,1,10,61,1.3,0,0,10,4,0
system/database/drivers/pdo/subdrivers/pdo_sqlsrv_forge.php,1,10,12,0.9,0,0,1,2,0
system/database/drivers/sqlite3/sqlite3_forge.php,1,10,34,1.4,0,0,3,5,1
system/database/drivers/sqlite3/sqlite3_result.php,1,10,14,0.7,0,0,1,3,0
system/database/drivers/sqlite3/sqlite3_utility.php,1,10,12,5.7,0,0,1,2,0
system/language/english/pagination_lang.php,1,8,7,4.7,0,0,1,1,0
system/libraries/Javascript/Jquery.php,1,10,155,1.4,0,0,7,2,3
system/libraries/Session/Session.php,1,10,388,2.7,0,0,17,13,1
system/libraries/Session/SessionHandlerInterface.php,1,10,7,2.6,0,0,1,1,0
system/libraries/Session/Session_driver.php,1,10,12,1.1,0,0,1,2,0
#####
