Slim/Slim.php,5,272.2,1.92,0,0,16,14.8,0
Slim/Http/Request.php,13,145.77,1.892,0,0,10.85,3.31,0.23
tests/Http/RequestTest.php,6,319.67,2.55,0,0,1,18.17,7.5
Slim/Route.php,4,57.5,1.3,0,0,3.5,1.25,0
Slim/Router.php,9,40.78,1.256,0,0,2,0.22,0
tests/RouteTest.php,4,277,3.25,0,0,24.25,11.75,6
tests/SlimTest.php,2,590,2.25,0,0,28.5,21.5,39
Slim/Http/Response.php,3,30.33,0.5,0,0,3.33,0.67,0
tests/Http/ResponseTest.php,3,76,1.4,0,0,1.33,2.33,1.33
Slim/Middleware/Flash.php,2,5.5,0.3,0,0,0,0.5,3
Slim/Middleware/SessionCookie.php,3,34.33,1.733,0,0,0.67,3.33,0
tests/Middleware/FlashTest.php,2,18,1,0,0,0,1,0
Slim/Log.php,3,40.67,1.067,0,0,8,0.67,0.33
Slim/Environment.php,3,89.33,3.133,0,0,5.33,7,7
tests/EnvironmentTest.php,2,262,5.15,0,0,1,14.5,1
Slim/Http/Cookies.php,2,8,1,0,0,0,1,0
tests/Http/CookiesTest.php,2,44,2.5,0,0,0,5,0
tests/Http/HeadersTest.php,2,8,1,0,0,0,1,0
tests/ViewTest.php,2,30,0.75,0,0,0,3,1
tests/RouterTest.php,4,122.25,2.775,0,0,13.75,5.75,0
Slim/Exception/Pass.php,1,0,0.0,0,0,0,0,0
Slim/Exception/Stop.php,1,0,0.0,0,0,0,0,0
Slim/Helper/Set.php,1,63,2.0,0,0,2,0,1
Slim/Http/Headers.php,1,2,0.2,0,0,0,1,0
Slim/Http/Util.php,1,90,1.4,0,0,6,5,0
Slim/LogWriter.php,1,5,1.0,0,0,1,0,0
Slim/Middleware.php,1,0,0.0,0,0,0,0,0
Slim/Middleware/ContentTypes.php,1,8,0.4,0,0,0,1,0
Slim/Middleware/MethodOverride.php,1,14,1.9,0,0,0,1,0
Slim/Middleware/PrettyExceptions.php,1,1,0.1,0,0,0,0,1
Slim/View.php,1,20,0.7,0,0,1,0,0
tests/Helper/SetTest.php,1,0,0.0,0,0,0,0,0
tests/Http/UtilTest.php,1,277,2.9,0,0,6,14,0
tests/LogTest.php,1,98,2.1,0,0,2,4,1
tests/LogWriterTest.php,1,6,1.3,0,0,1,0,1
tests/Middleware/ContentTypesTest.php,1,62,2.0,0,0,0,6,2
tests/Middleware/MethodOverrideTest.php,1,44,1.6,0,0,0,3,2
tests/Middleware/PrettyExceptionsTest.php,1,112,3.8,0,0,5,5,1
tests/Middleware/SessionCookieTest.php,1,158,1.4,0,0,7,9,0
tests/MiddlewareTest.php,1,0,0.0,0,0,0,0,0
Slim/Routable.php,2,0,0,0,0,0,0,0
Slim/Http/Uri.php,1,129,1.6,0,1,2,2,1
Slim/App.php,5,117.4,1.4,0,0,1.8,7.8,0
Slim/Container.php,3,16,0.567,0,0,0,1.67,0
tests/AppTest.php,1,1221,3.2,0,0,81,24,2
Slim/RouteGroup.php,1,0,0.0,0,0,0,0,0
Slim/Http/UploadedFile.php,2,168,4.5,0,0,7,3,0
Slim/Http/Stream.php,1,126,2.5,0,0,8,1,0
Slim/Handlers/AbstractHandler.php,1,0,0.0,0,0,0,0,0
#####
