Slim,150,102367,457cf4a7721241d41c4bd44cf00bd22a04d3f633,2012-01-03 21:56:43,2012-01-07 20:44:42,341279,1,Slim/Slim.php,2,260,2.0,0,0,19,14,0
Slim,150,102366,de6eda6b3a0747ce2960f2e828affdca350bdca0,2012-01-03 22:17:06,2012-01-07 20:44:42,340056,1,Slim/Slim.php,3,260,2.0,0,0,19,14,0
Slim,150,102364,c2e81f5e5e4aab1191a59591d1e94b33ad7076b6,2012-01-08 05:07:33,2012-04-19 00:02:29,8794496,2,Slim/Http/Request.php,5,91,2.1,0,0,13,2,0
Slim,150,102364,c2e81f5e5e4aab1191a59591d1e94b33ad7076b6,2012-01-08 05:07:33,2012-04-19 00:02:29,8794496,2,tests/Http/RequestTest.php,25,126,2.3,0,0,0,9,0
Slim,150,102361,0fc344025e98adc88acb3c43e36071dae0dc6e47,2012-01-08 05:04:33,2012-06-24 23:31:08,14581595,3,Slim/Route.php,33,76,2.1,0,0,5,1,0
Slim,150,102361,0fc344025e98adc88acb3c43e36071dae0dc6e47,2012-01-08 05:04:33,2012-06-24 23:31:08,14581595,3,Slim/Router.php,2,45,2.0,0,0,2,1,0
Slim,150,102361,0fc344025e98adc88acb3c43e36071dae0dc6e47,2012-01-08 05:04:33,2012-06-24 23:31:08,14581595,3,tests/RouteTest.php,25,150,3.3,0,0,20,5,0
Slim,150,102354,44efd6296be9df53101d8f70b14155a8c8b00057,2012-01-11 15:26:09,2012-01-12 00:13:09,31620,2,Slim/Slim.php,21,260,2.0,0,0,19,14,0
Slim,150,102354,44efd6296be9df53101d8f70b14155a8c8b00057,2012-01-11 15:26:09,2012-01-12 00:13:09,31620,2,tests/SlimTest.php,57,442,2.2,0,0,25,17,5
Slim,150,102352,0f61e8555fd0f1bf53d23dfacfcb89cdfea93a86,2012-01-14 22:02:55,2012-01-15 15:51:50,64135,2,Slim/Http/Request.php,8,91,2.1,0,0,13,2,0
Slim,150,102352,0f61e8555fd0f1bf53d23dfacfcb89cdfea93a86,2012-01-14 22:02:55,2012-01-15 15:51:50,64135,2,tests/Http/RequestTest.php,45,126,2.3,0,0,0,9,0
Slim,150,102351,98b3f01b1b641eabafcae25ef45ad5987bf1c76d,2012-01-15 17:35:43,2012-01-15 21:43:49,14886,4,Slim/Http/Response.php,10,15,0.4,0,0,5,1,0
Slim,150,102351,98b3f01b1b641eabafcae25ef45ad5987bf1c76d,2012-01-15 17:35:43,2012-01-15 21:43:49,14886,4,tests/Http/ResponseTest.php,2,37,1.1,0,0,1,3,0
Slim,150,102305,dd4caa8646900de30a3a285c4f82e03d7e714cd4,2012-04-02 18:01:38,2012-04-19 00:20:29,1405131,2,Slim/Http/Request.php,9,91,2.1,0,0,13,2,0
Slim,150,102305,dd4caa8646900de30a3a285c4f82e03d7e714cd4,2012-04-02 18:01:38,2012-04-19 00:20:29,1405131,2,tests/Http/RequestTest.php,18,126,2.3,0,0,0,9,0
Slim,160,102292,ea6e77f56b175998892350df25c6b75dd3bc5b2a,2012-04-17 08:20:24,2012-04-19 02:45:21,152697,2,Slim/Http/Request.php,2,161,2.1,0,0,11,6,0
Slim,160,102292,ea6e77f56b175998892350df25c6b75dd3bc5b2a,2012-04-17 08:20:24,2012-04-19 02:45:21,152697,2,tests/Http/RequestTest.php,17,410,2.6,0,0,2,22,13
Slim,160,102288,4581b5382b868ed5ecbd499bb2f87f58d5e9e11a,2012-04-22 01:34:00,2012-04-22 01:35:17,77,3,Slim/Middleware/Flash.php,17,8,0.5,0,0,0,1,3
Slim,160,102288,4581b5382b868ed5ecbd499bb2f87f58d5e9e11a,2012-04-22 01:34:00,2012-04-22 01:35:17,77,3,Slim/Middleware/SessionCookie.php,2,69,4.0,0,0,0,8,0
Slim,160,102288,4581b5382b868ed5ecbd499bb2f87f58d5e9e11a,2012-04-22 01:34:00,2012-04-22 01:35:17,77,3,tests/Middleware/FlashTest.php,2,16,1.1,0,0,0,1,0
Slim,160,102287,95ccf1a7a9e98d1259497228b097de8c9a211b2b,2012-04-26 00:46:09,2012-04-27 16:03:09,141420,2,Slim/Log.php,6,7,0.3,0,0,1,1,0
Slim,160,102279,d5b0f916a641dbb390f29b81a803a9893cb6ecf5,2012-05-13 20:41:32,2012-05-15 00:33:47,100335,1,Slim/Http/Request.php,2,161,2.1,0,0,11,6,0
Slim,160,102263,1f02d310f8bae5fe6e8beb88cc8c7ef713ac0b85,2012-06-17 16:35:46,2012-06-17 16:40:23,277,3,Slim/Slim.php,2,284,2.0,0,0,15,22,0
Slim,160,102258,37fecec562545aafe2b470ab9a997ae410307ab8,2012-06-20 22:26:24,2012-06-20 22:46:47,1223,2,Slim/Route.php,10,76,1.8,0,0,5,1,0
Slim,160,102258,37fecec562545aafe2b470ab9a997ae410307ab8,2012-06-20 22:26:24,2012-06-20 22:46:47,1223,2,tests/RouteTest.php,16,397,4.9,0,0,22,22,12
Slim,160,102217,e8fe7989dbb969870d6c3c5988591d7bc7ea03be,2012-08-01 15:40:33,2012-08-01 15:47:04,391,1,Slim/Http/Request.php,8,161,2.1,0,0,11,6,0
Slim,200,102157,e67d30a47145c02135b866dd7773c40c32640377,2012-09-10 20:47:54,2012-09-29 17:12:10,1628656,1,Slim/Log.php,12,16,0.6,0,0,8,0,0
Slim,230,101923,e70f1c6dcf0e00a77f23e60ba47139f8713054f8,2013-10-19 17:19:37,2013-10-19 17:21:14,97,2,Slim/Environment.php,8,98,3.5,0,0,6,7,3
Slim,230,101923,e70f1c6dcf0e00a77f23e60ba47139f8713054f8,2013-10-19 17:19:37,2013-10-19 17:21:14,97,2,tests/EnvironmentTest.php,52,253,5.1,0,0,1,14,1
Slim,240,101815,dd247e01973cc80bda73fdd585356c16f869c46f,2014-02-20 19:40:57,2014-03-05 02:47:57,1062420,8,Slim/Http/Cookies.php,4,8,1.0,0,0,0,1,0
Slim,240,101815,dd247e01973cc80bda73fdd585356c16f869c46f,2014-02-20 19:40:57,2014-03-05 02:47:57,1062420,8,tests/Http/CookiesTest.php,6,44,2.5,0,0,0,5,0
Slim,240,101815,dd247e01973cc80bda73fdd585356c16f869c46f,2014-02-20 19:40:57,2014-03-05 02:47:57,1062420,8,tests/Http/HeadersTest.php,2,8,1.0,0,0,0,1,0
Slim,240,101815,dd247e01973cc80bda73fdd585356c16f869c46f,2014-02-20 19:40:57,2014-03-05 02:47:57,1062420,8,tests/ViewTest.php,2,29,0.7,0,0,0,3,1
Slim,250,101615,e1e8b45003876a8db6d26865a1f05cfd38d481db,2014-12-15 16:12:29,2015-02-27 00:39:41,6337632,1,Slim/Environment.php,3,83,2.9,0,0,5,7,9
Slim,250,101543,9fa651474eb4d3bb0ce40dd5a55c51bb861c2658,2015-03-01 19:49:12,2015-03-02 02:13:35,23063,1,Slim/Middleware/SessionCookie.php,4,17,0.6,0,0,1,1,0
Slim,260,101448,f320aeb7c72acce227f2cb3310b3d8916d91aca4,2015-03-26 13:55:08,2015-03-26 14:03:04,476,1,Slim/Router.php,2,40,1.2,0,0,2,0,0
Slim,260,101289,dcae25390032411a18f48e34ad24dab5e15c2802,2015-06-13 01:53:24,2015-06-19 06:59:35,536771,1,Slim/Router.php,50,40,1.2,0,0,2,0,0
Slim,260,101263,1c80f1aeb09b54ff999d7049ab339facb02d4d82,2015-06-26 01:21:37,2015-06-28 18:26:18,234281,3,Slim/Router.php,29,40,1.2,0,0,2,0,0
Slim,260,101263,1c80f1aeb09b54ff999d7049ab339facb02d4d82,2015-06-26 01:21:37,2015-06-28 18:26:18,234281,3,tests/RouterTest.php,24,118,2.8,0,0,14,6,0
Slim,260,101205,9e24b282fd650f2f34ef66c6cfaa5f86e9a4e50c,2015-07-22 21:42:55,2015-08-08 16:20:00,1449425,4,Slim/Http/Request.php,4,173,2.1,0,0,15,4,0
Slim,260,101205,9e24b282fd650f2f34ef66c6cfaa5f86e9a4e50c,2015-07-22 21:42:55,2015-08-08 16:20:00,1449425,4,Slim/Router.php,8,40,1.2,0,0,2,0,0
Slim,260,101194,e10993917f793c32f396890f115814c8bfee8e30,2015-07-27 19:42:23,2015-08-02 19:26:17,517434,8,Slim/Http/Request.php,8,173,2.1,0,0,15,4,0
Slim,260,101194,e10993917f793c32f396890f115814c8bfee8e30,2015-07-27 19:42:23,2015-08-02 19:26:17,517434,8,tests/Http/RequestTest.php,50,565,2.9,0,0,2,30,16
Slim,260,101183,03befac750bf228da2efd27c55cc8a6cb60846b1,2015-07-30 17:39:46,2015-07-30 17:40:01,15,40,Slim/Environment.php,2,87,3.0,0,0,5,7,9
Slim,260,101183,03befac750bf228da2efd27c55cc8a6cb60846b1,2015-07-30 17:39:46,2015-07-30 17:40:01,15,40,Slim/Exception/Pass.php,2,0,0.0,0,0,0,0,0
Slim,260,101183,03befac750bf228da2efd27c55cc8a6cb60846b1,2015-07-30 17:39:46,2015-07-30 17:40:01,15,40,Slim/Exception/Stop.php,2,0,0.0,0,0,0,0,0
Slim,260,101183,03befac750bf228da2efd27c55cc8a6cb60846b1,2015-07-30 17:39:46,2015-07-30 17:40:01,15,40,Slim/Helper/Set.php,2,63,2.0,0,0,2,0,1
Slim,260,101183,03befac750bf228da2efd27c55cc8a6cb60846b1,2015-07-30 17:39:46,2015-07-30 17:40:01,15,40,Slim/Http/Cookies.php,2,8,1.0,0,0,0,1,0
Slim,260,101183,03befac750bf228da2efd27c55cc8a6cb60846b1,2015-07-30 17:39:46,2015-07-30 17:40:01,15,40,Slim/Http/Headers.php,2,2,0.2,0,0,0,1,0
Slim,260,101183,03befac750bf228da2efd27c55cc8a6cb60846b1,2015-07-30 17:39:46,2015-07-30 17:40:01,15,40,Slim/Http/Request.php,2,173,2.1,0,0,15,4,0
Slim,260,101183,03befac750bf228da2efd27c55cc8a6cb60846b1,2015-07-30 17:39:46,2015-07-30 17:40:01,15,40,Slim/Http/Response.php,2,74,1.1,0,0,5,0,0
Slim,260,101183,03befac750bf228da2efd27c55cc8a6cb60846b1,2015-07-30 17:39:46,2015-07-30 17:40:01,15,40,Slim/Http/Util.php,2,90,1.4,0,0,6,5,0
Slim,260,101183,03befac750bf228da2efd27c55cc8a6cb60846b1,2015-07-30 17:39:46,2015-07-30 17:40:01,15,40,Slim/Log.php,2,99,2.3,0,0,15,1,1
Slim,260,101183,03befac750bf228da2efd27c55cc8a6cb60846b1,2015-07-30 17:39:46,2015-07-30 17:40:01,15,40,Slim/LogWriter.php,2,5,1.0,0,0,1,0,0
Slim,260,101183,03befac750bf228da2efd27c55cc8a6cb60846b1,2015-07-30 17:39:46,2015-07-30 17:40:01,15,40,Slim/Middleware.php,2,0,0.0,0,0,0,0,0
Slim,260,101183,03befac750bf228da2efd27c55cc8a6cb60846b1,2015-07-30 17:39:46,2015-07-30 17:40:01,15,40,Slim/Middleware/ContentTypes.php,2,8,0.4,0,0,0,1,0
Slim,260,101183,03befac750bf228da2efd27c55cc8a6cb60846b1,2015-07-30 17:39:46,2015-07-30 17:40:01,15,40,Slim/Middleware/Flash.php,2,3,0.1,0,0,0,0,3
Slim,260,101183,03befac750bf228da2efd27c55cc8a6cb60846b1,2015-07-30 17:39:46,2015-07-30 17:40:01,15,40,Slim/Middleware/MethodOverride.php,2,14,1.9,0,0,0,1,0
Slim,260,101183,03befac750bf228da2efd27c55cc8a6cb60846b1,2015-07-30 17:39:46,2015-07-30 17:40:01,15,40,Slim/Middleware/PrettyExceptions.php,2,1,0.1,0,0,0,0,1
Slim,260,101183,03befac750bf228da2efd27c55cc8a6cb60846b1,2015-07-30 17:39:46,2015-07-30 17:40:01,15,40,Slim/Middleware/SessionCookie.php,2,17,0.6,0,0,1,1,0
Slim,260,101183,03befac750bf228da2efd27c55cc8a6cb60846b1,2015-07-30 17:39:46,2015-07-30 17:40:01,15,40,Slim/Route.php,2,70,1.1,0,0,4,2,0
Slim,260,101183,03befac750bf228da2efd27c55cc8a6cb60846b1,2015-07-30 17:39:46,2015-07-30 17:40:01,15,40,Slim/Router.php,2,40,1.2,0,0,2,0,0
Slim,260,101183,03befac750bf228da2efd27c55cc8a6cb60846b1,2015-07-30 17:39:46,2015-07-30 17:40:01,15,40,Slim/Slim.php,4,297,1.6,0,0,8,10,0
Slim,260,101183,03befac750bf228da2efd27c55cc8a6cb60846b1,2015-07-30 17:39:46,2015-07-30 17:40:01,15,40,Slim/View.php,2,20,0.7,0,0,1,0,0
Slim,260,101183,03befac750bf228da2efd27c55cc8a6cb60846b1,2015-07-30 17:39:46,2015-07-30 17:40:01,15,40,tests/EnvironmentTest.php,2,271,5.2,0,0,1,15,1
Slim,260,101183,03befac750bf228da2efd27c55cc8a6cb60846b1,2015-07-30 17:39:46,2015-07-30 17:40:01,15,40,tests/Helper/SetTest.php,2,0,0.0,0,0,0,0,0
Slim,260,101183,03befac750bf228da2efd27c55cc8a6cb60846b1,2015-07-30 17:39:46,2015-07-30 17:40:01,15,40,tests/Http/CookiesTest.php,2,44,2.5,0,0,0,5,0
Slim,260,101183,03befac750bf228da2efd27c55cc8a6cb60846b1,2015-07-30 17:39:46,2015-07-30 17:40:01,15,40,tests/Http/HeadersTest.php,2,8,1.0,0,0,0,1,0
Slim,260,101183,03befac750bf228da2efd27c55cc8a6cb60846b1,2015-07-30 17:39:46,2015-07-30 17:40:01,15,40,tests/Http/RequestTest.php,2,565,2.9,0,0,2,30,16
Slim,260,101183,03befac750bf228da2efd27c55cc8a6cb60846b1,2015-07-30 17:39:46,2015-07-30 17:40:01,15,40,tests/Http/ResponseTest.php,2,75,1.3,0,0,1,1,3
Slim,260,101183,03befac750bf228da2efd27c55cc8a6cb60846b1,2015-07-30 17:39:46,2015-07-30 17:40:01,15,40,tests/Http/UtilTest.php,2,277,2.9,0,0,6,14,0
Slim,260,101183,03befac750bf228da2efd27c55cc8a6cb60846b1,2015-07-30 17:39:46,2015-07-30 17:40:01,15,40,tests/LogTest.php,2,98,2.1,0,0,2,4,1
Slim,260,101183,03befac750bf228da2efd27c55cc8a6cb60846b1,2015-07-30 17:39:46,2015-07-30 17:40:01,15,40,tests/LogWriterTest.php,2,6,1.3,0,0,1,0,1
Slim,260,101183,03befac750bf228da2efd27c55cc8a6cb60846b1,2015-07-30 17:39:46,2015-07-30 17:40:01,15,40,tests/Middleware/ContentTypesTest.php,2,62,2.0,0,0,0,6,2
Slim,260,101183,03befac750bf228da2efd27c55cc8a6cb60846b1,2015-07-30 17:39:46,2015-07-30 17:40:01,15,40,tests/Middleware/FlashTest.php,2,20,0.9,0,0,0,1,0
Slim,260,101183,03befac750bf228da2efd27c55cc8a6cb60846b1,2015-07-30 17:39:46,2015-07-30 17:40:01,15,40,tests/Middleware/MethodOverrideTest.php,2,44,1.6,0,0,0,3,2
Slim,260,101183,03befac750bf228da2efd27c55cc8a6cb60846b1,2015-07-30 17:39:46,2015-07-30 17:40:01,15,40,tests/Middleware/PrettyExceptionsTest.php,2,112,3.8,0,0,5,5,1
Slim,260,101183,03befac750bf228da2efd27c55cc8a6cb60846b1,2015-07-30 17:39:46,2015-07-30 17:40:01,15,40,tests/Middleware/SessionCookieTest.php,2,158,1.4,0,0,7,9,0
Slim,260,101183,03befac750bf228da2efd27c55cc8a6cb60846b1,2015-07-30 17:39:46,2015-07-30 17:40:01,15,40,tests/MiddlewareTest.php,2,0,0.0,0,0,0,0,0
Slim,260,101183,03befac750bf228da2efd27c55cc8a6cb60846b1,2015-07-30 17:39:46,2015-07-30 17:40:01,15,40,tests/RouteTest.php,2,460,3.4,0,0,46,15,12
Slim,260,101183,03befac750bf228da2efd27c55cc8a6cb60846b1,2015-07-30 17:39:46,2015-07-30 17:40:01,15,40,tests/RouterTest.php,2,118,2.8,0,0,14,6,0
Slim,260,101183,03befac750bf228da2efd27c55cc8a6cb60846b1,2015-07-30 17:39:46,2015-07-30 17:40:01,15,40,tests/SlimTest.php,2,738,2.3,0,0,32,26,73
Slim,260,101183,03befac750bf228da2efd27c55cc8a6cb60846b1,2015-07-30 17:39:46,2015-07-30 17:40:01,15,40,tests/ViewTest.php,2,31,0.8,0,0,0,3,1
Slim,260,101059,09099cab41227a55f17c62b1d0720d2bddd57eca,2015-10-04 08:25:17,2015-10-23 07:16:34,1637477,3,Slim/Router.php,32,40,1.2,0,0,2,0,0
Slim,260,101059,09099cab41227a55f17c62b1d0720d2bddd57eca,2015-10-04 08:25:17,2015-10-23 07:16:34,1637477,3,tests/RouterTest.php,26,118,2.8,0,0,14,6,0
Slim,260,101004,4d342e44bf4c5a432940428cf1a24b056cb7d9aa,2015-11-07 00:15:31,2015-11-07 09:49:22,34431,2,Slim/Router.php,15,40,1.2,0,0,2,0,0
Slim,260,100959,84d934a4b253e9c212bd9cf80d26871453965ce6,2015-11-28 16:38:36,2015-11-28 17:10:09,1893,1,Slim/Http/Request.php,10,173,2.1,0,0,15,4,0
Slim,300,100922,2031ba55df0bcd4368daf1277138d2c8d3031df8,2015-12-08 10:15:26,2016-05-07 13:18:36,13057390,2,Slim/Http/Response.php,1,2,0.0,0,0,0,1,0
Slim,300,100922,2031ba55df0bcd4368daf1277138d2c8d3031df8,2015-12-08 10:15:26,2016-05-07 13:18:36,13057390,2,tests/Http/ResponseTest.php,2,116,1.8,0,0,2,3,1
Slim,300,100914,1b903533f6f8bed0fdf0d51f2ce9b751f2754cce,2015-12-10 09:29:30,2016-05-07 12:18:25,12883735,3,Slim/Routable.php,10,0,0.0,0,0,0,0,0
Slim,300,100914,1b903533f6f8bed0fdf0d51f2ce9b751f2754cce,2015-12-10 09:29:30,2016-05-07 12:18:25,12883735,3,tests/RouteTest.php,10,101,1.4,0,0,9,5,0
Slim,300,100914,1b903533f6f8bed0fdf0d51f2ce9b751f2754cce,2015-12-10 09:29:30,2016-05-07 12:18:25,12883735,3,tests/RouterTest.php,20,135,2.7,0,0,13,5,0
Slim,300,100904,73b98e16d9ae27316705912f55db7404b073c3d6,2015-12-16 02:11:35,2015-12-16 19:03:14,60699,1,Slim/Http/Uri.php,6,129,1.6,0,1,2,2,1
Slim,300,100894,f0980d2c20c29c15808db32e3a059a74824f16a0,2015-12-19 03:25:08,2016-05-08 09:08:38,12203010,3,Slim/App.php,20,71,0.9,0,0,1,7,0
Slim,300,100894,f0980d2c20c29c15808db32e3a059a74824f16a0,2015-12-19 03:25:08,2016-05-08 09:08:38,12203010,3,Slim/Container.php,1,20,0.6,0,0,0,2,0
Slim,300,100894,f0980d2c20c29c15808db32e3a059a74824f16a0,2015-12-19 03:25:08,2016-05-08 09:08:38,12203010,3,tests/AppTest.php,35,1221,3.2,0,0,81,24,2
Slim,310,100844,f90cc0f0db40b89fedd08b43f3ee8a9d0844a754,2016-01-23 05:46:12,2016-01-23 05:51:28,316,4,Slim/App.php,6,129,1.6,0,0,2,8,0
Slim,310,100844,f90cc0f0db40b89fedd08b43f3ee8a9d0844a754,2016-01-23 05:46:12,2016-01-23 05:51:28,316,4,Slim/Container.php,8,20,0.6,0,0,0,2,0
Slim,310,100841,5e38be178094602aeada8a64b87697ca1d8f1773,2016-01-26 13:54:21,2016-02-06 12:53:25,946744,2,Slim/Http/Request.php,4,149,1.2,0,0,3,1,1
Slim,320,100800,53a4dd576dd3add4efd113ca77c3c21fa559b33e,2016-02-28 23:05:30,2016-02-29 21:40:22,81292,6,Slim/App.php,4,129,1.5,0,0,2,8,0
Slim,320,100800,53a4dd576dd3add4efd113ca77c3c21fa559b33e,2016-02-28 23:05:30,2016-02-29 21:40:22,81292,6,Slim/Routable.php,2,0,0.0,0,0,0,0,0
Slim,320,100800,53a4dd576dd3add4efd113ca77c3c21fa559b33e,2016-02-28 23:05:30,2016-02-29 21:40:22,81292,6,Slim/Route.php,2,8,0.2,0,0,0,1,0
Slim,320,100800,53a4dd576dd3add4efd113ca77c3c21fa559b33e,2016-02-28 23:05:30,2016-02-29 21:40:22,81292,6,Slim/RouteGroup.php,1,0,0.0,0,0,0,0,0
Slim,320,100789,1d99b8846c784d885201b2b709bfedb63656ed30,2016-03-05 11:22:32,2016-03-05 19:36:40,29648,1,Slim/Http/UploadedFile.php,4,168,4.5,0,0,7,3,0
Slim,320,100785,939f2e85d57508de9cff241d10091cd972f221c3,2016-03-07 21:56:32,2016-03-10 21:38:35,258123,2,Slim/Http/Request.php,14,149,1.2,0,0,3,1,1
Slim,320,100782,60b792658c225a7d2eb00c2aadb56331a4581b7e,2016-03-08 18:34:12,2016-03-10 20:10:24,178572,2,Slim/Http/UploadedFile.php,18,168,4.5,0,0,7,3,0
Slim,320,100781,3e2460259b5516599825fcde924228064502840d,2016-03-09 12:09:50,2016-03-10 14:22:50,94380,2,Slim/Http/Request.php,3,149,1.2,0,0,3,1,1
Slim,330,100764,f0980d2c20c29c15808db32e3a059a74824f16a0,2016-03-26 16:50:16,2016-05-08 09:09:14,3687538,3,Slim/App.php,20,129,1.5,0,0,2,8,0
Slim,330,100764,f0980d2c20c29c15808db32e3a059a74824f16a0,2016-03-26 16:50:16,2016-05-08 09:09:14,3687538,3,Slim/Container.php,1,8,0.5,0,0,0,1,0
Slim,330,100758,a810d837adc0e5cf7fba72815a6213fe50e15cc8,2016-04-05 13:50:57,2016-04-13 08:33:43,672166,2,Slim/Router.php,15,42,0.9,0,0,2,1,0
Slim,330,100757,caee1a500022406e8bc68c4cddcfc3f7b7b7a8f1,2016-04-07 00:19:22,2016-04-13 08:27:33,547691,3,Slim/App.php,15,129,1.5,0,0,2,8,0
Slim,330,100755,30cfe3c07dac28ec1129c0577e64b90ba11a54c4,2016-04-08 11:11:40,2016-05-26 08:21:10,4136970,2,Slim/Http/Stream.php,63,126,2.5,0,0,8,1,0
Slim,340,100710,c097e03d8880fe20b56622a0db24686cb02c1aa6,2016-05-24 21:31:45,2016-05-25 08:24:06,39141,2,Slim/Handlers/AbstractHandler.php,2,0,0.0,0,0,0,0,0
#####
